[2024-10-01T09:08:19.158+0000] {local_task_job_runner.py:123} INFO - ::group::Pre task execution logs
[2024-10-01T09:08:19.172+0000] {taskinstance.py:2612} INFO - Dependencies all met for dep_context=non-requeueable deps ti=<TaskInstance: trigger_dag.remove_file manual__2024-10-01T09:07:54.214803+00:00 [queued]>
[2024-10-01T09:08:19.177+0000] {taskinstance.py:2612} INFO - Dependencies all met for dep_context=requeueable deps ti=<TaskInstance: trigger_dag.remove_file manual__2024-10-01T09:07:54.214803+00:00 [queued]>
[2024-10-01T09:08:19.177+0000] {taskinstance.py:2865} INFO - Starting attempt 1 of 1
[2024-10-01T09:08:19.184+0000] {taskinstance.py:2888} INFO - Executing <Task(BashOperator): remove_file> on 2024-10-01 09:07:54.214803+00:00
[2024-10-01T09:08:19.189+0000] {warnings.py:112} WARNING - /home/airflow/.local/lib/python3.12/site-packages/airflow/task/task_runner/standard_task_runner.py:70: DeprecationWarning: This process (pid=1924) is multi-threaded, use of fork() may lead to deadlocks in the child.
  pid = os.fork()

[2024-10-01T09:08:19.190+0000] {standard_task_runner.py:72} INFO - Started process 1928 to run task
[2024-10-01T09:08:19.194+0000] {standard_task_runner.py:104} INFO - Running: ['airflow', 'tasks', 'run', 'trigger_dag', 'remove_file', 'manual__2024-10-01T09:07:54.214803+00:00', '--job-id', '217', '--raw', '--subdir', 'DAGS_FOLDER/trigger_dag.py', '--cfg-path', '/tmp/tmpzmyxrdl2']
[2024-10-01T09:08:19.194+0000] {standard_task_runner.py:105} INFO - Job 217: Subtask remove_file
[2024-10-01T09:08:19.266+0000] {task_command.py:467} INFO - Running <TaskInstance: trigger_dag.remove_file manual__2024-10-01T09:07:54.214803+00:00 [running]> on host 7a112cbb4731
[2024-10-01T09:08:19.361+0000] {taskinstance.py:3131} INFO - Exporting env vars: AIRFLOW_CTX_DAG_OWNER='airflow' AIRFLOW_CTX_DAG_ID='trigger_dag' AIRFLOW_CTX_TASK_ID='remove_file' AIRFLOW_CTX_EXECUTION_DATE='2024-10-01T09:07:54.214803+00:00' AIRFLOW_CTX_TRY_NUMBER='1' AIRFLOW_CTX_DAG_RUN_ID='manual__2024-10-01T09:07:54.214803+00:00'
[2024-10-01T09:08:19.364+0000] {logging_mixin.py:190} INFO - Task instance is in running state
[2024-10-01T09:08:19.365+0000] {logging_mixin.py:190} INFO -  Previous state of the Task instance: queued
[2024-10-01T09:08:19.365+0000] {logging_mixin.py:190} INFO - Current task name:remove_file state:running start_date:2024-10-01 09:08:19.172413+00:00
[2024-10-01T09:08:19.365+0000] {logging_mixin.py:190} INFO - Dag name:trigger_dag and current dag run status:running
[2024-10-01T09:08:19.365+0000] {taskinstance.py:731} INFO - ::endgroup::
[2024-10-01T09:08:19.366+0000] {subprocess.py:63} INFO - Tmp dir root location: /tmp
[2024-10-01T09:08:19.366+0000] {subprocess.py:75} INFO - Running command: ['/usr/bin/bash', '-c', 'rm /opt/airflow/data/run']
[2024-10-01T09:08:19.372+0000] {subprocess.py:86} INFO - Output:
[2024-10-01T09:08:19.375+0000] {subprocess.py:97} INFO - Command exited with return code 0
[2024-10-01T09:08:19.401+0000] {taskinstance.py:340} INFO - ::group::Post task execution logs
[2024-10-01T09:08:19.402+0000] {taskinstance.py:352} INFO - Marking task as SUCCESS. dag_id=trigger_dag, task_id=remove_file, run_id=manual__2024-10-01T09:07:54.214803+00:00, execution_date=20241001T090754, start_date=20241001T090819, end_date=20241001T090819
[2024-10-01T09:08:19.419+0000] {logging_mixin.py:190} INFO - Task instance in success state
[2024-10-01T09:08:19.420+0000] {logging_mixin.py:190} INFO -  Previous state of the Task instance: running
[2024-10-01T09:08:19.420+0000] {logging_mixin.py:190} INFO - Dag name:trigger_dag queued_at:2024-10-01 09:07:54.223599+00:00
[2024-10-01T09:08:19.420+0000] {logging_mixin.py:190} INFO - Task hostname:7a112cbb4731 operator:BashOperator
[2024-10-01T09:08:19.456+0000] {local_task_job_runner.py:266} INFO - Task exited with return code 0
[2024-10-01T09:08:19.470+0000] {taskinstance.py:3900} INFO - 0 downstream tasks scheduled from follow-on schedule check
[2024-10-01T09:08:19.471+0000] {local_task_job_runner.py:245} INFO - ::endgroup::
