[2024-10-01T08:53:08.978+0000] {local_task_job_runner.py:123} INFO - ::group::Pre task execution logs
[2024-10-01T08:53:09.186+0000] {taskinstance.py:2612} INFO - Dependencies all met for dep_context=non-requeueable deps ti=<TaskInstance: dag_id_1.get_current_user manual__2024-10-01T08:52:41.149082+00:00 [queued]>
[2024-10-01T08:53:09.207+0000] {taskinstance.py:2612} INFO - Dependencies all met for dep_context=requeueable deps ti=<TaskInstance: dag_id_1.get_current_user manual__2024-10-01T08:52:41.149082+00:00 [queued]>
[2024-10-01T08:53:09.208+0000] {taskinstance.py:2865} INFO - Starting attempt 1 of 1
[2024-10-01T08:53:09.258+0000] {taskinstance.py:2888} INFO - Executing <Task(BashOperator): get_current_user> on 2024-10-01 08:52:41.149082+00:00
[2024-10-01T08:53:09.286+0000] {warnings.py:112} WARNING - /home/airflow/.local/lib/python3.12/site-packages/airflow/task/task_runner/standard_task_runner.py:70: DeprecationWarning: This process (pid=1349) is multi-threaded, use of fork() may lead to deadlocks in the child.
  pid = os.fork()

[2024-10-01T08:53:09.288+0000] {standard_task_runner.py:72} INFO - Started process 1514 to run task
[2024-10-01T08:53:09.291+0000] {standard_task_runner.py:104} INFO - Running: ['airflow', 'tasks', 'run', 'dag_id_1', 'get_current_user', 'manual__2024-10-01T08:52:41.149082+00:00', '--job-id', '160', '--raw', '--subdir', 'DAGS_FOLDER/dag_id_1.py', '--cfg-path', '/tmp/tmpfav9b1ko']
[2024-10-01T08:53:09.296+0000] {standard_task_runner.py:105} INFO - Job 160: Subtask get_current_user
[2024-10-01T08:53:10.425+0000] {task_command.py:467} INFO - Running <TaskInstance: dag_id_1.get_current_user manual__2024-10-01T08:52:41.149082+00:00 [running]> on host 7a112cbb4731
[2024-10-01T08:53:11.168+0000] {taskinstance.py:3131} INFO - Exporting env vars: AIRFLOW_CTX_DAG_OWNER='airflow' AIRFLOW_CTX_DAG_ID='dag_id_1' AIRFLOW_CTX_TASK_ID='get_current_user' AIRFLOW_CTX_EXECUTION_DATE='2024-10-01T08:52:41.149082+00:00' AIRFLOW_CTX_TRY_NUMBER='1' AIRFLOW_CTX_DAG_RUN_ID='manual__2024-10-01T08:52:41.149082+00:00'
[2024-10-01T08:53:11.176+0000] {logging_mixin.py:190} INFO - Task instance is in running state
[2024-10-01T08:53:11.177+0000] {logging_mixin.py:190} INFO -  Previous state of the Task instance: queued
[2024-10-01T08:53:11.178+0000] {logging_mixin.py:190} INFO - Current task name:get_current_user state:running start_date:2024-10-01 08:53:09.188924+00:00
[2024-10-01T08:53:11.180+0000] {logging_mixin.py:190} INFO - Dag name:dag_id_1 and current dag run status:running
[2024-10-01T08:53:11.183+0000] {taskinstance.py:731} INFO - ::endgroup::
[2024-10-01T08:53:11.191+0000] {subprocess.py:63} INFO - Tmp dir root location: /tmp
[2024-10-01T08:53:11.202+0000] {subprocess.py:75} INFO - Running command: ['/usr/bin/bash', '-c', 'whoami']
[2024-10-01T08:53:11.238+0000] {subprocess.py:86} INFO - Output:
[2024-10-01T08:53:11.266+0000] {subprocess.py:93} INFO - default
[2024-10-01T08:53:11.270+0000] {subprocess.py:97} INFO - Command exited with return code 0
[2024-10-01T08:53:11.496+0000] {taskinstance.py:340} INFO - ::group::Post task execution logs
[2024-10-01T08:53:11.499+0000] {taskinstance.py:352} INFO - Marking task as SUCCESS. dag_id=dag_id_1, task_id=get_current_user, run_id=manual__2024-10-01T08:52:41.149082+00:00, execution_date=20241001T085241, start_date=20241001T085309, end_date=20241001T085311
[2024-10-01T08:53:11.535+0000] {logging_mixin.py:190} INFO - Task instance in success state
[2024-10-01T08:53:11.540+0000] {logging_mixin.py:190} INFO -  Previous state of the Task instance: running
[2024-10-01T08:53:11.552+0000] {logging_mixin.py:190} INFO - Dag name:dag_id_1 queued_at:2024-10-01 08:52:41.359387+00:00
[2024-10-01T08:53:11.563+0000] {logging_mixin.py:190} INFO - Task hostname:7a112cbb4731 operator:BashOperator
[2024-10-01T08:53:11.634+0000] {local_task_job_runner.py:266} INFO - Task exited with return code 0
[2024-10-01T08:53:11.841+0000] {local_task_job_runner.py:245} INFO - ::endgroup::
