[2024-10-01T08:06:18.727+0000] {local_task_job_runner.py:123} INFO - ::group::Pre task execution logs
[2024-10-01T08:06:18.854+0000] {taskinstance.py:2612} INFO - Dependencies all met for dep_context=non-requeueable deps ti=<TaskInstance: dag_id_1.branch_condition scheduled__2024-09-05T00:00:00+00:00 [queued]>
[2024-10-01T08:06:18.879+0000] {taskinstance.py:2612} INFO - Dependencies all met for dep_context=requeueable deps ti=<TaskInstance: dag_id_1.branch_condition scheduled__2024-09-05T00:00:00+00:00 [queued]>
[2024-10-01T08:06:18.883+0000] {taskinstance.py:2865} INFO - Starting attempt 1 of 1
[2024-10-01T08:06:18.975+0000] {taskinstance.py:2888} INFO - Executing <Task(BranchPythonOperator): branch_condition> on 2024-09-05 00:00:00+00:00
[2024-10-01T08:06:19.007+0000] {warnings.py:112} WARNING - /home/airflow/.local/lib/python3.12/site-packages/airflow/task/task_runner/standard_task_runner.py:70: DeprecationWarning: This process (pid=339) is multi-threaded, use of fork() may lead to deadlocks in the child.
  pid = os.fork()

[2024-10-01T08:06:19.027+0000] {standard_task_runner.py:72} INFO - Started process 369 to run task
[2024-10-01T08:06:19.034+0000] {standard_task_runner.py:104} INFO - Running: ['airflow', 'tasks', 'run', 'dag_id_1', 'branch_condition', 'scheduled__2024-09-05T00:00:00+00:00', '--job-id', '35', '--raw', '--subdir', 'DAGS_FOLDER/dag_id_1.py', '--cfg-path', '/tmp/tmps2otd32v']
[2024-10-01T08:06:19.042+0000] {standard_task_runner.py:105} INFO - Job 35: Subtask branch_condition
[2024-10-01T08:06:19.463+0000] {task_command.py:467} INFO - Running <TaskInstance: dag_id_1.branch_condition scheduled__2024-09-05T00:00:00+00:00 [running]> on host 7a112cbb4731
[2024-10-01T08:06:19.756+0000] {taskinstance.py:3131} INFO - Exporting env vars: AIRFLOW_CTX_DAG_OWNER='airflow' AIRFLOW_CTX_DAG_ID='dag_id_1' AIRFLOW_CTX_TASK_ID='branch_condition' AIRFLOW_CTX_EXECUTION_DATE='2024-09-05T00:00:00+00:00' AIRFLOW_CTX_TRY_NUMBER='1' AIRFLOW_CTX_DAG_RUN_ID='scheduled__2024-09-05T00:00:00+00:00'
[2024-10-01T08:06:19.774+0000] {logging_mixin.py:190} INFO - Task instance is in running state
[2024-10-01T08:06:19.775+0000] {logging_mixin.py:190} INFO -  Previous state of the Task instance: queued
[2024-10-01T08:06:19.777+0000] {logging_mixin.py:190} INFO - Current task name:branch_condition state:running start_date:2024-10-01 08:06:18.857176+00:00
[2024-10-01T08:06:19.778+0000] {logging_mixin.py:190} INFO - Dag name:dag_id_1 and current dag run status:running
[2024-10-01T08:06:19.781+0000] {taskinstance.py:731} INFO - ::endgroup::
[2024-10-01T08:06:19.783+0000] {baseoperator.py:405} WARNING - BranchPythonOperator.execute cannot be called outside TaskInstance!
[2024-10-01T08:06:19.786+0000] {python.py:240} INFO - Done. Returned value was: create_table
[2024-10-01T08:06:19.795+0000] {branch.py:38} INFO - Branch into create_table
[2024-10-01T08:06:19.802+0000] {skipmixin.py:230} INFO - Following branch ('create_table',)
[2024-10-01T08:06:19.921+0000] {skipmixin.py:278} INFO - Skipping tasks [('insert_new_row', -1)]
[2024-10-01T08:06:20.083+0000] {taskinstance.py:340} INFO - ::group::Post task execution logs
[2024-10-01T08:06:20.084+0000] {taskinstance.py:352} INFO - Marking task as SUCCESS. dag_id=dag_id_1, task_id=branch_condition, run_id=scheduled__2024-09-05T00:00:00+00:00, execution_date=20240905T000000, start_date=20241001T080618, end_date=20241001T080620
[2024-10-01T08:06:20.101+0000] {logging_mixin.py:190} INFO - Task instance in success state
[2024-10-01T08:06:20.104+0000] {logging_mixin.py:190} INFO -  Previous state of the Task instance: running
[2024-10-01T08:06:20.108+0000] {logging_mixin.py:190} INFO - Dag name:dag_id_1 queued_at:2024-10-01 08:06:10.725361+00:00
[2024-10-01T08:06:20.111+0000] {logging_mixin.py:190} INFO - Task hostname:7a112cbb4731 operator:BranchPythonOperator
[2024-10-01T08:06:20.152+0000] {local_task_job_runner.py:266} INFO - Task exited with return code 0
[2024-10-01T08:06:20.194+0000] {local_task_job_runner.py:245} INFO - ::endgroup::
