[2024-10-01T08:06:14.906+0000] {local_task_job_runner.py:123} INFO - ::group::Pre task execution logs
[2024-10-01T08:06:14.949+0000] {taskinstance.py:2612} INFO - Dependencies all met for dep_context=non-requeueable deps ti=<TaskInstance: dag_id_1.log_database_connection scheduled__2024-09-09T00:00:00+00:00 [queued]>
[2024-10-01T08:06:14.979+0000] {taskinstance.py:2612} INFO - Dependencies all met for dep_context=requeueable deps ti=<TaskInstance: dag_id_1.log_database_connection scheduled__2024-09-09T00:00:00+00:00 [queued]>
[2024-10-01T08:06:14.986+0000] {taskinstance.py:2865} INFO - Starting attempt 1 of 1
[2024-10-01T08:06:15.030+0000] {taskinstance.py:2888} INFO - Executing <Task(PythonOperator): log_database_connection> on 2024-09-09 00:00:00+00:00
[2024-10-01T08:06:15.045+0000] {warnings.py:112} WARNING - /home/airflow/.local/lib/python3.12/site-packages/airflow/task/task_runner/standard_task_runner.py:70: DeprecationWarning: This process (pid=298) is multi-threaded, use of fork() may lead to deadlocks in the child.
  pid = os.fork()

[2024-10-01T08:06:15.050+0000] {standard_task_runner.py:104} INFO - Running: ['airflow', 'tasks', 'run', 'dag_id_1', 'log_database_connection', 'scheduled__2024-09-09T00:00:00+00:00', '--job-id', '21', '--raw', '--subdir', 'DAGS_FOLDER/dag_id_1.py', '--cfg-path', '/tmp/tmph2lud07o']
[2024-10-01T08:06:15.055+0000] {standard_task_runner.py:105} INFO - Job 21: Subtask log_database_connection
[2024-10-01T08:06:15.054+0000] {standard_task_runner.py:72} INFO - Started process 315 to run task
[2024-10-01T08:06:15.285+0000] {task_command.py:467} INFO - Running <TaskInstance: dag_id_1.log_database_connection scheduled__2024-09-09T00:00:00+00:00 [running]> on host 7a112cbb4731
[2024-10-01T08:06:15.593+0000] {taskinstance.py:3131} INFO - Exporting env vars: AIRFLOW_CTX_DAG_OWNER='airflow' AIRFLOW_CTX_DAG_ID='dag_id_1' AIRFLOW_CTX_TASK_ID='log_database_connection' AIRFLOW_CTX_EXECUTION_DATE='2024-09-09T00:00:00+00:00' AIRFLOW_CTX_TRY_NUMBER='1' AIRFLOW_CTX_DAG_RUN_ID='scheduled__2024-09-09T00:00:00+00:00'
[2024-10-01T08:06:15.600+0000] {logging_mixin.py:190} INFO - Task instance is in running state
[2024-10-01T08:06:15.602+0000] {logging_mixin.py:190} INFO -  Previous state of the Task instance: queued
[2024-10-01T08:06:15.603+0000] {logging_mixin.py:190} INFO - Current task name:log_database_connection state:running start_date:2024-10-01 08:06:14.950246+00:00
[2024-10-01T08:06:15.608+0000] {logging_mixin.py:190} INFO - Dag name:dag_id_1 and current dag run status:running
[2024-10-01T08:06:15.611+0000] {taskinstance.py:731} INFO - ::endgroup::
[2024-10-01T08:06:15.614+0000] {jobs_dag.py:28} INFO - dag_id_1 started processing tables in database: airflow
[2024-10-01T08:06:15.615+0000] {python.py:240} INFO - Done. Returned value was: None
[2024-10-01T08:06:15.656+0000] {taskinstance.py:340} INFO - ::group::Post task execution logs
[2024-10-01T08:06:15.656+0000] {taskinstance.py:352} INFO - Marking task as SUCCESS. dag_id=dag_id_1, task_id=log_database_connection, run_id=scheduled__2024-09-09T00:00:00+00:00, execution_date=20240909T000000, start_date=20241001T080614, end_date=20241001T080615
[2024-10-01T08:06:15.700+0000] {logging_mixin.py:190} INFO - Task instance in success state
[2024-10-01T08:06:15.701+0000] {logging_mixin.py:190} INFO -  Previous state of the Task instance: running
[2024-10-01T08:06:15.704+0000] {logging_mixin.py:190} INFO - Dag name:dag_id_1 queued_at:2024-10-01 08:06:11.895391+00:00
[2024-10-01T08:06:15.706+0000] {logging_mixin.py:190} INFO - Task hostname:7a112cbb4731 operator:PythonOperator
[2024-10-01T08:06:15.745+0000] {local_task_job_runner.py:266} INFO - Task exited with return code 0
[2024-10-01T08:06:15.775+0000] {local_task_job_runner.py:245} INFO - ::endgroup::
