[2024-10-04T09:46:54.234+0000] {processor.py:186} INFO - Started process (PID=46) to work on /opt/airflow/dags/dag_id_3.py
[2024-10-04T09:46:54.235+0000] {processor.py:914} INFO - Processing file /opt/airflow/dags/dag_id_3.py for tasks to queue
[2024-10-04T09:46:54.236+0000] {logging_mixin.py:190} INFO - [2024-10-04T09:46:54.236+0000] {dagbag.py:588} INFO - Filling up the DagBag from /opt/airflow/dags/dag_id_3.py
[2024-10-04T09:46:54.244+0000] {processor.py:925} INFO - DAG(s) 'dag_id_3' retrieved from /opt/airflow/dags/dag_id_3.py
[2024-10-04T09:46:54.275+0000] {logging_mixin.py:190} INFO - [2024-10-04T09:46:54.275+0000] {dag.py:3239} INFO - Sync 1 DAGs
[2024-10-04T09:46:54.297+0000] {logging_mixin.py:190} INFO - [2024-10-04T09:46:54.297+0000] {dag.py:4180} INFO - Setting next_dagrun for dag_id_3 to 2024-09-03 00:00:00+00:00, run_after=2024-09-04 00:00:00+00:00
[2024-10-04T09:46:54.312+0000] {processor.py:208} INFO - Processing /opt/airflow/dags/dag_id_3.py took 0.081 seconds
[2024-10-04T09:47:25.084+0000] {processor.py:186} INFO - Started process (PID=122) to work on /opt/airflow/dags/dag_id_3.py
[2024-10-04T09:47:25.085+0000] {processor.py:914} INFO - Processing file /opt/airflow/dags/dag_id_3.py for tasks to queue
[2024-10-04T09:47:25.089+0000] {logging_mixin.py:190} INFO - [2024-10-04T09:47:25.089+0000] {dagbag.py:588} INFO - Filling up the DagBag from /opt/airflow/dags/dag_id_3.py
[2024-10-04T09:47:25.095+0000] {processor.py:925} INFO - DAG(s) 'dag_id_3' retrieved from /opt/airflow/dags/dag_id_3.py
[2024-10-04T09:47:25.112+0000] {logging_mixin.py:190} INFO - [2024-10-04T09:47:25.112+0000] {dag.py:3239} INFO - Sync 1 DAGs
[2024-10-04T09:47:25.130+0000] {logging_mixin.py:190} INFO - [2024-10-04T09:47:25.130+0000] {dag.py:4180} INFO - Setting next_dagrun for dag_id_3 to 2024-09-03 00:00:00+00:00, run_after=2024-09-04 00:00:00+00:00
[2024-10-04T09:47:25.139+0000] {processor.py:208} INFO - Processing /opt/airflow/dags/dag_id_3.py took 0.058 seconds
[2024-10-04T09:47:55.858+0000] {processor.py:186} INFO - Started process (PID=189) to work on /opt/airflow/dags/dag_id_3.py
[2024-10-04T09:47:55.858+0000] {processor.py:914} INFO - Processing file /opt/airflow/dags/dag_id_3.py for tasks to queue
[2024-10-04T09:47:55.860+0000] {logging_mixin.py:190} INFO - [2024-10-04T09:47:55.860+0000] {dagbag.py:588} INFO - Filling up the DagBag from /opt/airflow/dags/dag_id_3.py
[2024-10-04T09:47:55.869+0000] {processor.py:925} INFO - DAG(s) 'dag_id_3' retrieved from /opt/airflow/dags/dag_id_3.py
[2024-10-04T09:47:55.886+0000] {logging_mixin.py:190} INFO - [2024-10-04T09:47:55.886+0000] {dag.py:3239} INFO - Sync 1 DAGs
[2024-10-04T09:47:55.906+0000] {logging_mixin.py:190} INFO - [2024-10-04T09:47:55.905+0000] {dag.py:4180} INFO - Setting next_dagrun for dag_id_3 to 2024-09-03 00:00:00+00:00, run_after=2024-09-04 00:00:00+00:00
[2024-10-04T09:47:55.918+0000] {processor.py:208} INFO - Processing /opt/airflow/dags/dag_id_3.py took 0.064 seconds
[2024-10-04T09:48:26.603+0000] {processor.py:186} INFO - Started process (PID=256) to work on /opt/airflow/dags/dag_id_3.py
[2024-10-04T09:48:26.603+0000] {processor.py:914} INFO - Processing file /opt/airflow/dags/dag_id_3.py for tasks to queue
[2024-10-04T09:48:26.605+0000] {logging_mixin.py:190} INFO - [2024-10-04T09:48:26.605+0000] {dagbag.py:588} INFO - Filling up the DagBag from /opt/airflow/dags/dag_id_3.py
[2024-10-04T09:48:26.610+0000] {processor.py:925} INFO - DAG(s) 'dag_id_3' retrieved from /opt/airflow/dags/dag_id_3.py
[2024-10-04T09:48:26.623+0000] {logging_mixin.py:190} INFO - [2024-10-04T09:48:26.623+0000] {dag.py:3239} INFO - Sync 1 DAGs
[2024-10-04T09:48:26.642+0000] {logging_mixin.py:190} INFO - [2024-10-04T09:48:26.642+0000] {dag.py:4180} INFO - Setting next_dagrun for dag_id_3 to 2024-09-03 00:00:00+00:00, run_after=2024-09-04 00:00:00+00:00
[2024-10-04T09:48:26.653+0000] {processor.py:208} INFO - Processing /opt/airflow/dags/dag_id_3.py took 0.053 seconds
[2024-10-04T09:48:57.109+0000] {processor.py:186} INFO - Started process (PID=323) to work on /opt/airflow/dags/dag_id_3.py
[2024-10-04T09:48:57.110+0000] {processor.py:914} INFO - Processing file /opt/airflow/dags/dag_id_3.py for tasks to queue
[2024-10-04T09:48:57.111+0000] {logging_mixin.py:190} INFO - [2024-10-04T09:48:57.111+0000] {dagbag.py:588} INFO - Filling up the DagBag from /opt/airflow/dags/dag_id_3.py
[2024-10-04T09:48:57.117+0000] {processor.py:925} INFO - DAG(s) 'dag_id_3' retrieved from /opt/airflow/dags/dag_id_3.py
[2024-10-04T09:48:57.131+0000] {logging_mixin.py:190} INFO - [2024-10-04T09:48:57.131+0000] {dag.py:3239} INFO - Sync 1 DAGs
[2024-10-04T09:48:57.150+0000] {logging_mixin.py:190} INFO - [2024-10-04T09:48:57.150+0000] {dag.py:4180} INFO - Setting next_dagrun for dag_id_3 to 2024-09-03 00:00:00+00:00, run_after=2024-09-04 00:00:00+00:00
[2024-10-04T09:48:57.161+0000] {processor.py:208} INFO - Processing /opt/airflow/dags/dag_id_3.py took 0.055 seconds
[2024-10-04T09:49:27.693+0000] {processor.py:186} INFO - Started process (PID=396) to work on /opt/airflow/dags/dag_id_3.py
[2024-10-04T09:49:27.696+0000] {processor.py:914} INFO - Processing file /opt/airflow/dags/dag_id_3.py for tasks to queue
[2024-10-04T09:49:27.698+0000] {logging_mixin.py:190} INFO - [2024-10-04T09:49:27.698+0000] {dagbag.py:588} INFO - Filling up the DagBag from /opt/airflow/dags/dag_id_3.py
[2024-10-04T09:49:27.703+0000] {processor.py:925} INFO - DAG(s) 'dag_id_3' retrieved from /opt/airflow/dags/dag_id_3.py
[2024-10-04T09:49:27.717+0000] {logging_mixin.py:190} INFO - [2024-10-04T09:49:27.717+0000] {dag.py:3239} INFO - Sync 1 DAGs
[2024-10-04T09:49:27.735+0000] {logging_mixin.py:190} INFO - [2024-10-04T09:49:27.735+0000] {dag.py:4180} INFO - Setting next_dagrun for dag_id_3 to 2024-09-03 00:00:00+00:00, run_after=2024-09-04 00:00:00+00:00
[2024-10-04T09:49:27.746+0000] {processor.py:208} INFO - Processing /opt/airflow/dags/dag_id_3.py took 0.056 seconds
[2024-10-04T09:49:58.117+0000] {processor.py:186} INFO - Started process (PID=463) to work on /opt/airflow/dags/dag_id_3.py
[2024-10-04T09:49:58.117+0000] {processor.py:914} INFO - Processing file /opt/airflow/dags/dag_id_3.py for tasks to queue
[2024-10-04T09:49:58.118+0000] {logging_mixin.py:190} INFO - [2024-10-04T09:49:58.118+0000] {dagbag.py:588} INFO - Filling up the DagBag from /opt/airflow/dags/dag_id_3.py
[2024-10-04T09:49:58.124+0000] {processor.py:925} INFO - DAG(s) 'dag_id_3' retrieved from /opt/airflow/dags/dag_id_3.py
[2024-10-04T09:49:58.138+0000] {logging_mixin.py:190} INFO - [2024-10-04T09:49:58.138+0000] {dag.py:3239} INFO - Sync 1 DAGs
[2024-10-04T09:49:58.153+0000] {logging_mixin.py:190} INFO - [2024-10-04T09:49:58.153+0000] {dag.py:4180} INFO - Setting next_dagrun for dag_id_3 to 2024-09-03 00:00:00+00:00, run_after=2024-09-04 00:00:00+00:00
[2024-10-04T09:49:58.163+0000] {processor.py:208} INFO - Processing /opt/airflow/dags/dag_id_3.py took 0.050 seconds
[2024-10-04T09:50:28.507+0000] {processor.py:186} INFO - Started process (PID=530) to work on /opt/airflow/dags/dag_id_3.py
[2024-10-04T09:50:28.508+0000] {processor.py:914} INFO - Processing file /opt/airflow/dags/dag_id_3.py for tasks to queue
[2024-10-04T09:50:28.509+0000] {logging_mixin.py:190} INFO - [2024-10-04T09:50:28.509+0000] {dagbag.py:588} INFO - Filling up the DagBag from /opt/airflow/dags/dag_id_3.py
[2024-10-04T09:50:28.516+0000] {processor.py:925} INFO - DAG(s) 'dag_id_3' retrieved from /opt/airflow/dags/dag_id_3.py
[2024-10-04T09:50:28.530+0000] {logging_mixin.py:190} INFO - [2024-10-04T09:50:28.530+0000] {dag.py:3239} INFO - Sync 1 DAGs
[2024-10-04T09:50:28.545+0000] {logging_mixin.py:190} INFO - [2024-10-04T09:50:28.544+0000] {dag.py:4180} INFO - Setting next_dagrun for dag_id_3 to 2024-09-03 00:00:00+00:00, run_after=2024-09-04 00:00:00+00:00
[2024-10-04T09:50:28.555+0000] {processor.py:208} INFO - Processing /opt/airflow/dags/dag_id_3.py took 0.051 seconds
[2024-10-04T09:50:58.981+0000] {processor.py:186} INFO - Started process (PID=597) to work on /opt/airflow/dags/dag_id_3.py
[2024-10-04T09:50:58.982+0000] {processor.py:914} INFO - Processing file /opt/airflow/dags/dag_id_3.py for tasks to queue
[2024-10-04T09:50:58.984+0000] {logging_mixin.py:190} INFO - [2024-10-04T09:50:58.983+0000] {dagbag.py:588} INFO - Filling up the DagBag from /opt/airflow/dags/dag_id_3.py
[2024-10-04T09:50:58.993+0000] {processor.py:925} INFO - DAG(s) 'dag_id_3' retrieved from /opt/airflow/dags/dag_id_3.py
[2024-10-04T09:50:59.006+0000] {logging_mixin.py:190} INFO - [2024-10-04T09:50:59.006+0000] {dag.py:3239} INFO - Sync 1 DAGs
[2024-10-04T09:50:59.023+0000] {logging_mixin.py:190} INFO - [2024-10-04T09:50:59.023+0000] {dag.py:4180} INFO - Setting next_dagrun for dag_id_3 to 2024-09-03 00:00:00+00:00, run_after=2024-09-04 00:00:00+00:00
[2024-10-04T09:50:59.038+0000] {processor.py:208} INFO - Processing /opt/airflow/dags/dag_id_3.py took 0.060 seconds
[2024-10-04T09:51:29.714+0000] {processor.py:186} INFO - Started process (PID=664) to work on /opt/airflow/dags/dag_id_3.py
[2024-10-04T09:51:29.715+0000] {processor.py:914} INFO - Processing file /opt/airflow/dags/dag_id_3.py for tasks to queue
[2024-10-04T09:51:29.716+0000] {logging_mixin.py:190} INFO - [2024-10-04T09:51:29.716+0000] {dagbag.py:588} INFO - Filling up the DagBag from /opt/airflow/dags/dag_id_3.py
[2024-10-04T09:51:29.728+0000] {processor.py:925} INFO - DAG(s) 'dag_id_3' retrieved from /opt/airflow/dags/dag_id_3.py
[2024-10-04T09:51:29.744+0000] {logging_mixin.py:190} INFO - [2024-10-04T09:51:29.744+0000] {dag.py:3239} INFO - Sync 1 DAGs
[2024-10-04T09:51:29.796+0000] {logging_mixin.py:190} INFO - [2024-10-04T09:51:29.796+0000] {dag.py:4180} INFO - Setting next_dagrun for dag_id_3 to 2024-09-03 00:00:00+00:00, run_after=2024-09-04 00:00:00+00:00
[2024-10-04T09:51:29.815+0000] {processor.py:208} INFO - Processing /opt/airflow/dags/dag_id_3.py took 0.104 seconds
[2024-10-04T09:52:00.159+0000] {processor.py:186} INFO - Started process (PID=731) to work on /opt/airflow/dags/dag_id_3.py
[2024-10-04T09:52:00.160+0000] {processor.py:914} INFO - Processing file /opt/airflow/dags/dag_id_3.py for tasks to queue
[2024-10-04T09:52:00.162+0000] {logging_mixin.py:190} INFO - [2024-10-04T09:52:00.162+0000] {dagbag.py:588} INFO - Filling up the DagBag from /opt/airflow/dags/dag_id_3.py
[2024-10-04T09:52:00.167+0000] {processor.py:925} INFO - DAG(s) 'dag_id_3' retrieved from /opt/airflow/dags/dag_id_3.py
[2024-10-04T09:52:00.183+0000] {logging_mixin.py:190} INFO - [2024-10-04T09:52:00.183+0000] {dag.py:3239} INFO - Sync 1 DAGs
[2024-10-04T09:52:00.201+0000] {logging_mixin.py:190} INFO - [2024-10-04T09:52:00.201+0000] {dag.py:4180} INFO - Setting next_dagrun for dag_id_3 to 2024-09-03 00:00:00+00:00, run_after=2024-09-04 00:00:00+00:00
[2024-10-04T09:52:00.211+0000] {processor.py:208} INFO - Processing /opt/airflow/dags/dag_id_3.py took 0.055 seconds
