[2024-10-04T09:46:56.789+0000] {processor.py:186} INFO - Started process (PID=88) to work on /home/airflow/.local/lib/python3.12/site-packages/airflow/example_dags/example_xcomargs.py
[2024-10-04T09:46:56.792+0000] {processor.py:914} INFO - Processing file /home/airflow/.local/lib/python3.12/site-packages/airflow/example_dags/example_xcomargs.py for tasks to queue
[2024-10-04T09:46:56.794+0000] {logging_mixin.py:190} INFO - [2024-10-04T09:46:56.793+0000] {dagbag.py:588} INFO - Filling up the DagBag from /home/airflow/.local/lib/python3.12/site-packages/airflow/example_dags/example_xcomargs.py
[2024-10-04T09:46:56.808+0000] {processor.py:925} INFO - DAG(s) 'example_xcom_args_with_operators', 'example_xcom_args' retrieved from /home/airflow/.local/lib/python3.12/site-packages/airflow/example_dags/example_xcomargs.py
[2024-10-04T09:46:56.856+0000] {logging_mixin.py:190} INFO - [2024-10-04T09:46:56.856+0000] {dag.py:3239} INFO - Sync 2 DAGs
[2024-10-04T09:46:56.873+0000] {logging_mixin.py:190} INFO - [2024-10-04T09:46:56.873+0000] {dag.py:4180} INFO - Setting next_dagrun for example_xcom_args to None, run_after=None
[2024-10-04T09:46:56.880+0000] {logging_mixin.py:190} INFO - [2024-10-04T09:46:56.880+0000] {dag.py:4180} INFO - Setting next_dagrun for example_xcom_args_with_operators to None, run_after=None
[2024-10-04T09:46:56.905+0000] {processor.py:208} INFO - Processing /home/airflow/.local/lib/python3.12/site-packages/airflow/example_dags/example_xcomargs.py took 0.122 seconds
[2024-10-04T09:47:26.928+0000] {processor.py:186} INFO - Started process (PID=164) to work on /home/airflow/.local/lib/python3.12/site-packages/airflow/example_dags/example_xcomargs.py
[2024-10-04T09:47:26.929+0000] {processor.py:914} INFO - Processing file /home/airflow/.local/lib/python3.12/site-packages/airflow/example_dags/example_xcomargs.py for tasks to queue
[2024-10-04T09:47:26.930+0000] {logging_mixin.py:190} INFO - [2024-10-04T09:47:26.930+0000] {dagbag.py:588} INFO - Filling up the DagBag from /home/airflow/.local/lib/python3.12/site-packages/airflow/example_dags/example_xcomargs.py
[2024-10-04T09:47:26.934+0000] {processor.py:925} INFO - DAG(s) 'example_xcom_args', 'example_xcom_args_with_operators' retrieved from /home/airflow/.local/lib/python3.12/site-packages/airflow/example_dags/example_xcomargs.py
[2024-10-04T09:47:26.948+0000] {logging_mixin.py:190} INFO - [2024-10-04T09:47:26.948+0000] {dag.py:3239} INFO - Sync 2 DAGs
[2024-10-04T09:47:26.957+0000] {logging_mixin.py:190} INFO - [2024-10-04T09:47:26.957+0000] {dag.py:4180} INFO - Setting next_dagrun for example_xcom_args to None, run_after=None
[2024-10-04T09:47:26.959+0000] {logging_mixin.py:190} INFO - [2024-10-04T09:47:26.959+0000] {dag.py:4180} INFO - Setting next_dagrun for example_xcom_args_with_operators to None, run_after=None
[2024-10-04T09:47:26.967+0000] {processor.py:208} INFO - Processing /home/airflow/.local/lib/python3.12/site-packages/airflow/example_dags/example_xcomargs.py took 0.042 seconds
[2024-10-04T09:47:57.643+0000] {processor.py:186} INFO - Started process (PID=237) to work on /home/airflow/.local/lib/python3.12/site-packages/airflow/example_dags/example_xcomargs.py
[2024-10-04T09:47:57.644+0000] {processor.py:914} INFO - Processing file /home/airflow/.local/lib/python3.12/site-packages/airflow/example_dags/example_xcomargs.py for tasks to queue
[2024-10-04T09:47:57.645+0000] {logging_mixin.py:190} INFO - [2024-10-04T09:47:57.645+0000] {dagbag.py:588} INFO - Filling up the DagBag from /home/airflow/.local/lib/python3.12/site-packages/airflow/example_dags/example_xcomargs.py
[2024-10-04T09:47:57.650+0000] {processor.py:925} INFO - DAG(s) 'example_xcom_args_with_operators', 'example_xcom_args' retrieved from /home/airflow/.local/lib/python3.12/site-packages/airflow/example_dags/example_xcomargs.py
[2024-10-04T09:47:57.668+0000] {logging_mixin.py:190} INFO - [2024-10-04T09:47:57.668+0000] {dag.py:3239} INFO - Sync 2 DAGs
[2024-10-04T09:47:57.681+0000] {logging_mixin.py:190} INFO - [2024-10-04T09:47:57.681+0000] {dag.py:4180} INFO - Setting next_dagrun for example_xcom_args to None, run_after=None
[2024-10-04T09:47:57.683+0000] {logging_mixin.py:190} INFO - [2024-10-04T09:47:57.683+0000] {dag.py:4180} INFO - Setting next_dagrun for example_xcom_args_with_operators to None, run_after=None
[2024-10-04T09:47:57.692+0000] {processor.py:208} INFO - Processing /home/airflow/.local/lib/python3.12/site-packages/airflow/example_dags/example_xcomargs.py took 0.052 seconds
[2024-10-04T09:48:28.272+0000] {processor.py:186} INFO - Started process (PID=304) to work on /home/airflow/.local/lib/python3.12/site-packages/airflow/example_dags/example_xcomargs.py
[2024-10-04T09:48:28.272+0000] {processor.py:914} INFO - Processing file /home/airflow/.local/lib/python3.12/site-packages/airflow/example_dags/example_xcomargs.py for tasks to queue
[2024-10-04T09:48:28.274+0000] {logging_mixin.py:190} INFO - [2024-10-04T09:48:28.274+0000] {dagbag.py:588} INFO - Filling up the DagBag from /home/airflow/.local/lib/python3.12/site-packages/airflow/example_dags/example_xcomargs.py
[2024-10-04T09:48:28.278+0000] {processor.py:925} INFO - DAG(s) 'example_xcom_args_with_operators', 'example_xcom_args' retrieved from /home/airflow/.local/lib/python3.12/site-packages/airflow/example_dags/example_xcomargs.py
[2024-10-04T09:48:28.292+0000] {logging_mixin.py:190} INFO - [2024-10-04T09:48:28.292+0000] {dag.py:3239} INFO - Sync 2 DAGs
[2024-10-04T09:48:28.301+0000] {logging_mixin.py:190} INFO - [2024-10-04T09:48:28.301+0000] {dag.py:4180} INFO - Setting next_dagrun for example_xcom_args to None, run_after=None
[2024-10-04T09:48:28.303+0000] {logging_mixin.py:190} INFO - [2024-10-04T09:48:28.303+0000] {dag.py:4180} INFO - Setting next_dagrun for example_xcom_args_with_operators to None, run_after=None
[2024-10-04T09:48:28.311+0000] {processor.py:208} INFO - Processing /home/airflow/.local/lib/python3.12/site-packages/airflow/example_dags/example_xcomargs.py took 0.042 seconds
[2024-10-04T09:48:58.774+0000] {processor.py:186} INFO - Started process (PID=371) to work on /home/airflow/.local/lib/python3.12/site-packages/airflow/example_dags/example_xcomargs.py
[2024-10-04T09:48:58.775+0000] {processor.py:914} INFO - Processing file /home/airflow/.local/lib/python3.12/site-packages/airflow/example_dags/example_xcomargs.py for tasks to queue
[2024-10-04T09:48:58.777+0000] {logging_mixin.py:190} INFO - [2024-10-04T09:48:58.776+0000] {dagbag.py:588} INFO - Filling up the DagBag from /home/airflow/.local/lib/python3.12/site-packages/airflow/example_dags/example_xcomargs.py
[2024-10-04T09:48:58.781+0000] {processor.py:925} INFO - DAG(s) 'example_xcom_args_with_operators', 'example_xcom_args' retrieved from /home/airflow/.local/lib/python3.12/site-packages/airflow/example_dags/example_xcomargs.py
[2024-10-04T09:48:58.798+0000] {logging_mixin.py:190} INFO - [2024-10-04T09:48:58.798+0000] {dag.py:3239} INFO - Sync 2 DAGs
[2024-10-04T09:48:58.809+0000] {logging_mixin.py:190} INFO - [2024-10-04T09:48:58.809+0000] {dag.py:4180} INFO - Setting next_dagrun for example_xcom_args to None, run_after=None
[2024-10-04T09:48:58.811+0000] {logging_mixin.py:190} INFO - [2024-10-04T09:48:58.811+0000] {dag.py:4180} INFO - Setting next_dagrun for example_xcom_args_with_operators to None, run_after=None
[2024-10-04T09:48:58.819+0000] {processor.py:208} INFO - Processing /home/airflow/.local/lib/python3.12/site-packages/airflow/example_dags/example_xcomargs.py took 0.048 seconds
[2024-10-04T09:49:29.251+0000] {processor.py:186} INFO - Started process (PID=438) to work on /home/airflow/.local/lib/python3.12/site-packages/airflow/example_dags/example_xcomargs.py
[2024-10-04T09:49:29.251+0000] {processor.py:914} INFO - Processing file /home/airflow/.local/lib/python3.12/site-packages/airflow/example_dags/example_xcomargs.py for tasks to queue
[2024-10-04T09:49:29.254+0000] {logging_mixin.py:190} INFO - [2024-10-04T09:49:29.253+0000] {dagbag.py:588} INFO - Filling up the DagBag from /home/airflow/.local/lib/python3.12/site-packages/airflow/example_dags/example_xcomargs.py
[2024-10-04T09:49:29.259+0000] {processor.py:925} INFO - DAG(s) 'example_xcom_args_with_operators', 'example_xcom_args' retrieved from /home/airflow/.local/lib/python3.12/site-packages/airflow/example_dags/example_xcomargs.py
[2024-10-04T09:49:29.277+0000] {logging_mixin.py:190} INFO - [2024-10-04T09:49:29.277+0000] {dag.py:3239} INFO - Sync 2 DAGs
[2024-10-04T09:49:29.287+0000] {logging_mixin.py:190} INFO - [2024-10-04T09:49:29.287+0000] {dag.py:4180} INFO - Setting next_dagrun for example_xcom_args to None, run_after=None
[2024-10-04T09:49:29.289+0000] {logging_mixin.py:190} INFO - [2024-10-04T09:49:29.289+0000] {dag.py:4180} INFO - Setting next_dagrun for example_xcom_args_with_operators to None, run_after=None
[2024-10-04T09:49:29.298+0000] {processor.py:208} INFO - Processing /home/airflow/.local/lib/python3.12/site-packages/airflow/example_dags/example_xcomargs.py took 0.050 seconds
[2024-10-04T09:49:59.670+0000] {processor.py:186} INFO - Started process (PID=505) to work on /home/airflow/.local/lib/python3.12/site-packages/airflow/example_dags/example_xcomargs.py
[2024-10-04T09:49:59.670+0000] {processor.py:914} INFO - Processing file /home/airflow/.local/lib/python3.12/site-packages/airflow/example_dags/example_xcomargs.py for tasks to queue
[2024-10-04T09:49:59.672+0000] {logging_mixin.py:190} INFO - [2024-10-04T09:49:59.671+0000] {dagbag.py:588} INFO - Filling up the DagBag from /home/airflow/.local/lib/python3.12/site-packages/airflow/example_dags/example_xcomargs.py
[2024-10-04T09:49:59.676+0000] {processor.py:925} INFO - DAG(s) 'example_xcom_args_with_operators', 'example_xcom_args' retrieved from /home/airflow/.local/lib/python3.12/site-packages/airflow/example_dags/example_xcomargs.py
[2024-10-04T09:49:59.690+0000] {logging_mixin.py:190} INFO - [2024-10-04T09:49:59.690+0000] {dag.py:3239} INFO - Sync 2 DAGs
[2024-10-04T09:49:59.699+0000] {logging_mixin.py:190} INFO - [2024-10-04T09:49:59.699+0000] {dag.py:4180} INFO - Setting next_dagrun for example_xcom_args to None, run_after=None
[2024-10-04T09:49:59.701+0000] {logging_mixin.py:190} INFO - [2024-10-04T09:49:59.701+0000] {dag.py:4180} INFO - Setting next_dagrun for example_xcom_args_with_operators to None, run_after=None
[2024-10-04T09:49:59.710+0000] {processor.py:208} INFO - Processing /home/airflow/.local/lib/python3.12/site-packages/airflow/example_dags/example_xcomargs.py took 0.043 seconds
[2024-10-04T09:50:30.108+0000] {processor.py:186} INFO - Started process (PID=572) to work on /home/airflow/.local/lib/python3.12/site-packages/airflow/example_dags/example_xcomargs.py
[2024-10-04T09:50:30.109+0000] {processor.py:914} INFO - Processing file /home/airflow/.local/lib/python3.12/site-packages/airflow/example_dags/example_xcomargs.py for tasks to queue
[2024-10-04T09:50:30.110+0000] {logging_mixin.py:190} INFO - [2024-10-04T09:50:30.110+0000] {dagbag.py:588} INFO - Filling up the DagBag from /home/airflow/.local/lib/python3.12/site-packages/airflow/example_dags/example_xcomargs.py
[2024-10-04T09:50:30.115+0000] {processor.py:925} INFO - DAG(s) 'example_xcom_args', 'example_xcom_args_with_operators' retrieved from /home/airflow/.local/lib/python3.12/site-packages/airflow/example_dags/example_xcomargs.py
[2024-10-04T09:50:30.130+0000] {logging_mixin.py:190} INFO - [2024-10-04T09:50:30.129+0000] {dag.py:3239} INFO - Sync 2 DAGs
[2024-10-04T09:50:30.138+0000] {logging_mixin.py:190} INFO - [2024-10-04T09:50:30.138+0000] {dag.py:4180} INFO - Setting next_dagrun for example_xcom_args to None, run_after=None
[2024-10-04T09:50:30.140+0000] {logging_mixin.py:190} INFO - [2024-10-04T09:50:30.140+0000] {dag.py:4180} INFO - Setting next_dagrun for example_xcom_args_with_operators to None, run_after=None
[2024-10-04T09:50:30.148+0000] {processor.py:208} INFO - Processing /home/airflow/.local/lib/python3.12/site-packages/airflow/example_dags/example_xcomargs.py took 0.043 seconds
[2024-10-04T09:51:00.761+0000] {processor.py:186} INFO - Started process (PID=639) to work on /home/airflow/.local/lib/python3.12/site-packages/airflow/example_dags/example_xcomargs.py
[2024-10-04T09:51:00.762+0000] {processor.py:914} INFO - Processing file /home/airflow/.local/lib/python3.12/site-packages/airflow/example_dags/example_xcomargs.py for tasks to queue
[2024-10-04T09:51:00.765+0000] {logging_mixin.py:190} INFO - [2024-10-04T09:51:00.764+0000] {dagbag.py:588} INFO - Filling up the DagBag from /home/airflow/.local/lib/python3.12/site-packages/airflow/example_dags/example_xcomargs.py
[2024-10-04T09:51:00.769+0000] {processor.py:925} INFO - DAG(s) 'example_xcom_args_with_operators', 'example_xcom_args' retrieved from /home/airflow/.local/lib/python3.12/site-packages/airflow/example_dags/example_xcomargs.py
[2024-10-04T09:51:00.784+0000] {logging_mixin.py:190} INFO - [2024-10-04T09:51:00.784+0000] {dag.py:3239} INFO - Sync 2 DAGs
[2024-10-04T09:51:00.793+0000] {logging_mixin.py:190} INFO - [2024-10-04T09:51:00.793+0000] {dag.py:4180} INFO - Setting next_dagrun for example_xcom_args to None, run_after=None
[2024-10-04T09:51:00.795+0000] {logging_mixin.py:190} INFO - [2024-10-04T09:51:00.795+0000] {dag.py:4180} INFO - Setting next_dagrun for example_xcom_args_with_operators to None, run_after=None
[2024-10-04T09:51:00.803+0000] {processor.py:208} INFO - Processing /home/airflow/.local/lib/python3.12/site-packages/airflow/example_dags/example_xcomargs.py took 0.046 seconds
[2024-10-04T09:51:31.225+0000] {processor.py:186} INFO - Started process (PID=706) to work on /home/airflow/.local/lib/python3.12/site-packages/airflow/example_dags/example_xcomargs.py
[2024-10-04T09:51:31.226+0000] {processor.py:914} INFO - Processing file /home/airflow/.local/lib/python3.12/site-packages/airflow/example_dags/example_xcomargs.py for tasks to queue
[2024-10-04T09:51:31.227+0000] {logging_mixin.py:190} INFO - [2024-10-04T09:51:31.227+0000] {dagbag.py:588} INFO - Filling up the DagBag from /home/airflow/.local/lib/python3.12/site-packages/airflow/example_dags/example_xcomargs.py
[2024-10-04T09:51:31.232+0000] {processor.py:925} INFO - DAG(s) 'example_xcom_args_with_operators', 'example_xcom_args' retrieved from /home/airflow/.local/lib/python3.12/site-packages/airflow/example_dags/example_xcomargs.py
[2024-10-04T09:51:31.245+0000] {logging_mixin.py:190} INFO - [2024-10-04T09:51:31.245+0000] {dag.py:3239} INFO - Sync 2 DAGs
[2024-10-04T09:51:31.254+0000] {logging_mixin.py:190} INFO - [2024-10-04T09:51:31.254+0000] {dag.py:4180} INFO - Setting next_dagrun for example_xcom_args to None, run_after=None
[2024-10-04T09:51:31.256+0000] {logging_mixin.py:190} INFO - [2024-10-04T09:51:31.256+0000] {dag.py:4180} INFO - Setting next_dagrun for example_xcom_args_with_operators to None, run_after=None
[2024-10-04T09:51:31.265+0000] {processor.py:208} INFO - Processing /home/airflow/.local/lib/python3.12/site-packages/airflow/example_dags/example_xcomargs.py took 0.043 seconds
[2024-10-04T09:52:01.785+0000] {processor.py:186} INFO - Started process (PID=773) to work on /home/airflow/.local/lib/python3.12/site-packages/airflow/example_dags/example_xcomargs.py
[2024-10-04T09:52:01.786+0000] {processor.py:914} INFO - Processing file /home/airflow/.local/lib/python3.12/site-packages/airflow/example_dags/example_xcomargs.py for tasks to queue
[2024-10-04T09:52:01.787+0000] {logging_mixin.py:190} INFO - [2024-10-04T09:52:01.787+0000] {dagbag.py:588} INFO - Filling up the DagBag from /home/airflow/.local/lib/python3.12/site-packages/airflow/example_dags/example_xcomargs.py
[2024-10-04T09:52:01.792+0000] {processor.py:925} INFO - DAG(s) 'example_xcom_args', 'example_xcom_args_with_operators' retrieved from /home/airflow/.local/lib/python3.12/site-packages/airflow/example_dags/example_xcomargs.py
[2024-10-04T09:52:01.806+0000] {logging_mixin.py:190} INFO - [2024-10-04T09:52:01.806+0000] {dag.py:3239} INFO - Sync 2 DAGs
[2024-10-04T09:52:01.815+0000] {logging_mixin.py:190} INFO - [2024-10-04T09:52:01.815+0000] {dag.py:4180} INFO - Setting next_dagrun for example_xcom_args to None, run_after=None
[2024-10-04T09:52:01.817+0000] {logging_mixin.py:190} INFO - [2024-10-04T09:52:01.817+0000] {dag.py:4180} INFO - Setting next_dagrun for example_xcom_args_with_operators to None, run_after=None
[2024-10-04T09:52:01.825+0000] {processor.py:208} INFO - Processing /home/airflow/.local/lib/python3.12/site-packages/airflow/example_dags/example_xcomargs.py took 0.044 seconds
