[2024-10-04T09:46:55.288+0000] {processor.py:186} INFO - Started process (PID=71) to work on /home/airflow/.local/lib/python3.12/site-packages/airflow/example_dags/example_skip_dag.py
[2024-10-04T09:46:55.289+0000] {processor.py:914} INFO - Processing file /home/airflow/.local/lib/python3.12/site-packages/airflow/example_dags/example_skip_dag.py for tasks to queue
[2024-10-04T09:46:55.290+0000] {logging_mixin.py:190} INFO - [2024-10-04T09:46:55.290+0000] {dagbag.py:588} INFO - Filling up the DagBag from /home/airflow/.local/lib/python3.12/site-packages/airflow/example_dags/example_skip_dag.py
[2024-10-04T09:46:55.294+0000] {processor.py:925} INFO - DAG(s) 'example_skip_dag' retrieved from /home/airflow/.local/lib/python3.12/site-packages/airflow/example_dags/example_skip_dag.py
[2024-10-04T09:46:55.316+0000] {logging_mixin.py:190} INFO - [2024-10-04T09:46:55.316+0000] {dag.py:3239} INFO - Sync 1 DAGs
[2024-10-04T09:46:55.343+0000] {logging_mixin.py:190} INFO - [2024-10-04T09:46:55.342+0000] {dag.py:4180} INFO - Setting next_dagrun for example_skip_dag to 2024-10-03 00:00:00+00:00, run_after=2024-10-04 00:00:00+00:00
[2024-10-04T09:46:55.368+0000] {processor.py:208} INFO - Processing /home/airflow/.local/lib/python3.12/site-packages/airflow/example_dags/example_skip_dag.py took 0.083 seconds
[2024-10-04T09:47:25.929+0000] {processor.py:186} INFO - Started process (PID=146) to work on /home/airflow/.local/lib/python3.12/site-packages/airflow/example_dags/example_skip_dag.py
[2024-10-04T09:47:25.929+0000] {processor.py:914} INFO - Processing file /home/airflow/.local/lib/python3.12/site-packages/airflow/example_dags/example_skip_dag.py for tasks to queue
[2024-10-04T09:47:25.931+0000] {logging_mixin.py:190} INFO - [2024-10-04T09:47:25.930+0000] {dagbag.py:588} INFO - Filling up the DagBag from /home/airflow/.local/lib/python3.12/site-packages/airflow/example_dags/example_skip_dag.py
[2024-10-04T09:47:25.934+0000] {processor.py:925} INFO - DAG(s) 'example_skip_dag' retrieved from /home/airflow/.local/lib/python3.12/site-packages/airflow/example_dags/example_skip_dag.py
[2024-10-04T09:47:25.950+0000] {logging_mixin.py:190} INFO - [2024-10-04T09:47:25.950+0000] {dag.py:3239} INFO - Sync 1 DAGs
[2024-10-04T09:47:25.967+0000] {logging_mixin.py:190} INFO - [2024-10-04T09:47:25.967+0000] {dag.py:4180} INFO - Setting next_dagrun for example_skip_dag to 2024-10-03 00:00:00+00:00, run_after=2024-10-04 00:00:00+00:00
[2024-10-04T09:47:25.983+0000] {processor.py:208} INFO - Processing /home/airflow/.local/lib/python3.12/site-packages/airflow/example_dags/example_skip_dag.py took 0.057 seconds
[2024-10-04T09:47:56.782+0000] {processor.py:186} INFO - Started process (PID=214) to work on /home/airflow/.local/lib/python3.12/site-packages/airflow/example_dags/example_skip_dag.py
[2024-10-04T09:47:56.783+0000] {processor.py:914} INFO - Processing file /home/airflow/.local/lib/python3.12/site-packages/airflow/example_dags/example_skip_dag.py for tasks to queue
[2024-10-04T09:47:56.785+0000] {logging_mixin.py:190} INFO - [2024-10-04T09:47:56.785+0000] {dagbag.py:588} INFO - Filling up the DagBag from /home/airflow/.local/lib/python3.12/site-packages/airflow/example_dags/example_skip_dag.py
[2024-10-04T09:47:56.789+0000] {processor.py:925} INFO - DAG(s) 'example_skip_dag' retrieved from /home/airflow/.local/lib/python3.12/site-packages/airflow/example_dags/example_skip_dag.py
[2024-10-04T09:47:56.801+0000] {logging_mixin.py:190} INFO - [2024-10-04T09:47:56.801+0000] {dag.py:3239} INFO - Sync 1 DAGs
[2024-10-04T09:47:56.815+0000] {logging_mixin.py:190} INFO - [2024-10-04T09:47:56.815+0000] {dag.py:4180} INFO - Setting next_dagrun for example_skip_dag to 2024-10-03 00:00:00+00:00, run_after=2024-10-04 00:00:00+00:00
[2024-10-04T09:47:56.824+0000] {processor.py:208} INFO - Processing /home/airflow/.local/lib/python3.12/site-packages/airflow/example_dags/example_skip_dag.py took 0.045 seconds
[2024-10-04T09:48:27.440+0000] {processor.py:186} INFO - Started process (PID=281) to work on /home/airflow/.local/lib/python3.12/site-packages/airflow/example_dags/example_skip_dag.py
[2024-10-04T09:48:27.441+0000] {processor.py:914} INFO - Processing file /home/airflow/.local/lib/python3.12/site-packages/airflow/example_dags/example_skip_dag.py for tasks to queue
[2024-10-04T09:48:27.442+0000] {logging_mixin.py:190} INFO - [2024-10-04T09:48:27.442+0000] {dagbag.py:588} INFO - Filling up the DagBag from /home/airflow/.local/lib/python3.12/site-packages/airflow/example_dags/example_skip_dag.py
[2024-10-04T09:48:27.445+0000] {processor.py:925} INFO - DAG(s) 'example_skip_dag' retrieved from /home/airflow/.local/lib/python3.12/site-packages/airflow/example_dags/example_skip_dag.py
[2024-10-04T09:48:27.461+0000] {logging_mixin.py:190} INFO - [2024-10-04T09:48:27.461+0000] {dag.py:3239} INFO - Sync 1 DAGs
[2024-10-04T09:48:27.481+0000] {logging_mixin.py:190} INFO - [2024-10-04T09:48:27.480+0000] {dag.py:4180} INFO - Setting next_dagrun for example_skip_dag to 2024-10-03 00:00:00+00:00, run_after=2024-10-04 00:00:00+00:00
[2024-10-04T09:48:27.494+0000] {processor.py:208} INFO - Processing /home/airflow/.local/lib/python3.12/site-packages/airflow/example_dags/example_skip_dag.py took 0.057 seconds
[2024-10-04T09:48:58.003+0000] {processor.py:186} INFO - Started process (PID=354) to work on /home/airflow/.local/lib/python3.12/site-packages/airflow/example_dags/example_skip_dag.py
[2024-10-04T09:48:58.004+0000] {processor.py:914} INFO - Processing file /home/airflow/.local/lib/python3.12/site-packages/airflow/example_dags/example_skip_dag.py for tasks to queue
[2024-10-04T09:48:58.005+0000] {logging_mixin.py:190} INFO - [2024-10-04T09:48:58.005+0000] {dagbag.py:588} INFO - Filling up the DagBag from /home/airflow/.local/lib/python3.12/site-packages/airflow/example_dags/example_skip_dag.py
[2024-10-04T09:48:58.008+0000] {processor.py:925} INFO - DAG(s) 'example_skip_dag' retrieved from /home/airflow/.local/lib/python3.12/site-packages/airflow/example_dags/example_skip_dag.py
[2024-10-04T09:48:58.022+0000] {logging_mixin.py:190} INFO - [2024-10-04T09:48:58.022+0000] {dag.py:3239} INFO - Sync 1 DAGs
[2024-10-04T09:48:58.036+0000] {logging_mixin.py:190} INFO - [2024-10-04T09:48:58.036+0000] {dag.py:4180} INFO - Setting next_dagrun for example_skip_dag to 2024-10-03 00:00:00+00:00, run_after=2024-10-04 00:00:00+00:00
[2024-10-04T09:48:58.048+0000] {processor.py:208} INFO - Processing /home/airflow/.local/lib/python3.12/site-packages/airflow/example_dags/example_skip_dag.py took 0.048 seconds
[2024-10-04T09:49:28.545+0000] {processor.py:186} INFO - Started process (PID=421) to work on /home/airflow/.local/lib/python3.12/site-packages/airflow/example_dags/example_skip_dag.py
[2024-10-04T09:49:28.545+0000] {processor.py:914} INFO - Processing file /home/airflow/.local/lib/python3.12/site-packages/airflow/example_dags/example_skip_dag.py for tasks to queue
[2024-10-04T09:49:28.547+0000] {logging_mixin.py:190} INFO - [2024-10-04T09:49:28.547+0000] {dagbag.py:588} INFO - Filling up the DagBag from /home/airflow/.local/lib/python3.12/site-packages/airflow/example_dags/example_skip_dag.py
[2024-10-04T09:49:28.550+0000] {processor.py:925} INFO - DAG(s) 'example_skip_dag' retrieved from /home/airflow/.local/lib/python3.12/site-packages/airflow/example_dags/example_skip_dag.py
[2024-10-04T09:49:28.564+0000] {logging_mixin.py:190} INFO - [2024-10-04T09:49:28.563+0000] {dag.py:3239} INFO - Sync 1 DAGs
[2024-10-04T09:49:28.579+0000] {logging_mixin.py:190} INFO - [2024-10-04T09:49:28.579+0000] {dag.py:4180} INFO - Setting next_dagrun for example_skip_dag to 2024-10-03 00:00:00+00:00, run_after=2024-10-04 00:00:00+00:00
[2024-10-04T09:49:28.590+0000] {processor.py:208} INFO - Processing /home/airflow/.local/lib/python3.12/site-packages/airflow/example_dags/example_skip_dag.py took 0.048 seconds
[2024-10-04T09:49:58.966+0000] {processor.py:186} INFO - Started process (PID=488) to work on /home/airflow/.local/lib/python3.12/site-packages/airflow/example_dags/example_skip_dag.py
[2024-10-04T09:49:58.966+0000] {processor.py:914} INFO - Processing file /home/airflow/.local/lib/python3.12/site-packages/airflow/example_dags/example_skip_dag.py for tasks to queue
[2024-10-04T09:49:58.968+0000] {logging_mixin.py:190} INFO - [2024-10-04T09:49:58.968+0000] {dagbag.py:588} INFO - Filling up the DagBag from /home/airflow/.local/lib/python3.12/site-packages/airflow/example_dags/example_skip_dag.py
[2024-10-04T09:49:58.971+0000] {processor.py:925} INFO - DAG(s) 'example_skip_dag' retrieved from /home/airflow/.local/lib/python3.12/site-packages/airflow/example_dags/example_skip_dag.py
[2024-10-04T09:49:58.985+0000] {logging_mixin.py:190} INFO - [2024-10-04T09:49:58.985+0000] {dag.py:3239} INFO - Sync 1 DAGs
[2024-10-04T09:49:59.001+0000] {logging_mixin.py:190} INFO - [2024-10-04T09:49:59.001+0000] {dag.py:4180} INFO - Setting next_dagrun for example_skip_dag to 2024-10-03 00:00:00+00:00, run_after=2024-10-04 00:00:00+00:00
[2024-10-04T09:49:59.011+0000] {processor.py:208} INFO - Processing /home/airflow/.local/lib/python3.12/site-packages/airflow/example_dags/example_skip_dag.py took 0.048 seconds
[2024-10-04T09:50:29.387+0000] {processor.py:186} INFO - Started process (PID=555) to work on /home/airflow/.local/lib/python3.12/site-packages/airflow/example_dags/example_skip_dag.py
[2024-10-04T09:50:29.388+0000] {processor.py:914} INFO - Processing file /home/airflow/.local/lib/python3.12/site-packages/airflow/example_dags/example_skip_dag.py for tasks to queue
[2024-10-04T09:50:29.389+0000] {logging_mixin.py:190} INFO - [2024-10-04T09:50:29.389+0000] {dagbag.py:588} INFO - Filling up the DagBag from /home/airflow/.local/lib/python3.12/site-packages/airflow/example_dags/example_skip_dag.py
[2024-10-04T09:50:29.393+0000] {processor.py:925} INFO - DAG(s) 'example_skip_dag' retrieved from /home/airflow/.local/lib/python3.12/site-packages/airflow/example_dags/example_skip_dag.py
[2024-10-04T09:50:29.407+0000] {logging_mixin.py:190} INFO - [2024-10-04T09:50:29.407+0000] {dag.py:3239} INFO - Sync 1 DAGs
[2024-10-04T09:50:29.421+0000] {logging_mixin.py:190} INFO - [2024-10-04T09:50:29.421+0000] {dag.py:4180} INFO - Setting next_dagrun for example_skip_dag to 2024-10-03 00:00:00+00:00, run_after=2024-10-04 00:00:00+00:00
[2024-10-04T09:50:29.432+0000] {processor.py:208} INFO - Processing /home/airflow/.local/lib/python3.12/site-packages/airflow/example_dags/example_skip_dag.py took 0.048 seconds
[2024-10-04T09:50:59.877+0000] {processor.py:186} INFO - Started process (PID=622) to work on /home/airflow/.local/lib/python3.12/site-packages/airflow/example_dags/example_skip_dag.py
[2024-10-04T09:50:59.879+0000] {processor.py:914} INFO - Processing file /home/airflow/.local/lib/python3.12/site-packages/airflow/example_dags/example_skip_dag.py for tasks to queue
[2024-10-04T09:50:59.881+0000] {logging_mixin.py:190} INFO - [2024-10-04T09:50:59.881+0000] {dagbag.py:588} INFO - Filling up the DagBag from /home/airflow/.local/lib/python3.12/site-packages/airflow/example_dags/example_skip_dag.py
[2024-10-04T09:50:59.885+0000] {processor.py:925} INFO - DAG(s) 'example_skip_dag' retrieved from /home/airflow/.local/lib/python3.12/site-packages/airflow/example_dags/example_skip_dag.py
[2024-10-04T09:50:59.902+0000] {logging_mixin.py:190} INFO - [2024-10-04T09:50:59.902+0000] {dag.py:3239} INFO - Sync 1 DAGs
[2024-10-04T09:50:59.918+0000] {logging_mixin.py:190} INFO - [2024-10-04T09:50:59.918+0000] {dag.py:4180} INFO - Setting next_dagrun for example_skip_dag to 2024-10-03 00:00:00+00:00, run_after=2024-10-04 00:00:00+00:00
[2024-10-04T09:50:59.932+0000] {processor.py:208} INFO - Processing /home/airflow/.local/lib/python3.12/site-packages/airflow/example_dags/example_skip_dag.py took 0.057 seconds
[2024-10-04T09:51:30.506+0000] {processor.py:186} INFO - Started process (PID=689) to work on /home/airflow/.local/lib/python3.12/site-packages/airflow/example_dags/example_skip_dag.py
[2024-10-04T09:51:30.507+0000] {processor.py:914} INFO - Processing file /home/airflow/.local/lib/python3.12/site-packages/airflow/example_dags/example_skip_dag.py for tasks to queue
[2024-10-04T09:51:30.508+0000] {logging_mixin.py:190} INFO - [2024-10-04T09:51:30.508+0000] {dagbag.py:588} INFO - Filling up the DagBag from /home/airflow/.local/lib/python3.12/site-packages/airflow/example_dags/example_skip_dag.py
[2024-10-04T09:51:30.512+0000] {processor.py:925} INFO - DAG(s) 'example_skip_dag' retrieved from /home/airflow/.local/lib/python3.12/site-packages/airflow/example_dags/example_skip_dag.py
[2024-10-04T09:51:30.527+0000] {logging_mixin.py:190} INFO - [2024-10-04T09:51:30.527+0000] {dag.py:3239} INFO - Sync 1 DAGs
[2024-10-04T09:51:30.541+0000] {logging_mixin.py:190} INFO - [2024-10-04T09:51:30.541+0000] {dag.py:4180} INFO - Setting next_dagrun for example_skip_dag to 2024-10-03 00:00:00+00:00, run_after=2024-10-04 00:00:00+00:00
[2024-10-04T09:51:30.552+0000] {processor.py:208} INFO - Processing /home/airflow/.local/lib/python3.12/site-packages/airflow/example_dags/example_skip_dag.py took 0.049 seconds
[2024-10-04T09:52:00.992+0000] {processor.py:186} INFO - Started process (PID=756) to work on /home/airflow/.local/lib/python3.12/site-packages/airflow/example_dags/example_skip_dag.py
[2024-10-04T09:52:00.992+0000] {processor.py:914} INFO - Processing file /home/airflow/.local/lib/python3.12/site-packages/airflow/example_dags/example_skip_dag.py for tasks to queue
[2024-10-04T09:52:00.994+0000] {logging_mixin.py:190} INFO - [2024-10-04T09:52:00.993+0000] {dagbag.py:588} INFO - Filling up the DagBag from /home/airflow/.local/lib/python3.12/site-packages/airflow/example_dags/example_skip_dag.py
[2024-10-04T09:52:00.997+0000] {processor.py:925} INFO - DAG(s) 'example_skip_dag' retrieved from /home/airflow/.local/lib/python3.12/site-packages/airflow/example_dags/example_skip_dag.py
[2024-10-04T09:52:01.011+0000] {logging_mixin.py:190} INFO - [2024-10-04T09:52:01.011+0000] {dag.py:3239} INFO - Sync 1 DAGs
[2024-10-04T09:52:01.027+0000] {logging_mixin.py:190} INFO - [2024-10-04T09:52:01.027+0000] {dag.py:4180} INFO - Setting next_dagrun for example_skip_dag to 2024-10-03 00:00:00+00:00, run_after=2024-10-04 00:00:00+00:00
[2024-10-04T09:52:01.037+0000] {processor.py:208} INFO - Processing /home/airflow/.local/lib/python3.12/site-packages/airflow/example_dags/example_skip_dag.py took 0.048 seconds
