[2024-10-04T09:46:56.350+0000] {processor.py:186} INFO - Started process (PID=81) to work on /home/airflow/.local/lib/python3.12/site-packages/airflow/example_dags/example_branch_operator.py
[2024-10-04T09:46:56.350+0000] {processor.py:914} INFO - Processing file /home/airflow/.local/lib/python3.12/site-packages/airflow/example_dags/example_branch_operator.py for tasks to queue
[2024-10-04T09:46:56.352+0000] {logging_mixin.py:190} INFO - [2024-10-04T09:46:56.352+0000] {dagbag.py:588} INFO - Filling up the DagBag from /home/airflow/.local/lib/python3.12/site-packages/airflow/example_dags/example_branch_operator.py
[2024-10-04T09:46:56.361+0000] {processor.py:925} INFO - DAG(s) 'example_branch_operator' retrieved from /home/airflow/.local/lib/python3.12/site-packages/airflow/example_dags/example_branch_operator.py
[2024-10-04T09:46:56.423+0000] {logging_mixin.py:190} INFO - [2024-10-04T09:46:56.423+0000] {dag.py:3239} INFO - Sync 1 DAGs
[2024-10-04T09:46:56.437+0000] {logging_mixin.py:190} INFO - [2024-10-04T09:46:56.436+0000] {dag.py:4180} INFO - Setting next_dagrun for example_branch_operator to 2024-10-03 00:00:00+00:00, run_after=2024-10-04 00:00:00+00:00
[2024-10-04T09:46:56.448+0000] {processor.py:208} INFO - Processing /home/airflow/.local/lib/python3.12/site-packages/airflow/example_dags/example_branch_operator.py took 0.102 seconds
[2024-10-04T09:47:26.496+0000] {processor.py:186} INFO - Started process (PID=157) to work on /home/airflow/.local/lib/python3.12/site-packages/airflow/example_dags/example_branch_operator.py
[2024-10-04T09:47:26.497+0000] {processor.py:914} INFO - Processing file /home/airflow/.local/lib/python3.12/site-packages/airflow/example_dags/example_branch_operator.py for tasks to queue
[2024-10-04T09:47:26.498+0000] {logging_mixin.py:190} INFO - [2024-10-04T09:47:26.498+0000] {dagbag.py:588} INFO - Filling up the DagBag from /home/airflow/.local/lib/python3.12/site-packages/airflow/example_dags/example_branch_operator.py
[2024-10-04T09:47:26.506+0000] {processor.py:925} INFO - DAG(s) 'example_branch_operator' retrieved from /home/airflow/.local/lib/python3.12/site-packages/airflow/example_dags/example_branch_operator.py
[2024-10-04T09:47:26.522+0000] {logging_mixin.py:190} INFO - [2024-10-04T09:47:26.522+0000] {dag.py:3239} INFO - Sync 1 DAGs
[2024-10-04T09:47:26.537+0000] {logging_mixin.py:190} INFO - [2024-10-04T09:47:26.537+0000] {dag.py:4180} INFO - Setting next_dagrun for example_branch_operator to 2024-10-03 00:00:00+00:00, run_after=2024-10-04 00:00:00+00:00
[2024-10-04T09:47:26.547+0000] {processor.py:208} INFO - Processing /home/airflow/.local/lib/python3.12/site-packages/airflow/example_dags/example_branch_operator.py took 0.054 seconds
[2024-10-04T09:47:57.360+0000] {processor.py:186} INFO - Started process (PID=224) to work on /home/airflow/.local/lib/python3.12/site-packages/airflow/example_dags/example_branch_operator.py
[2024-10-04T09:47:57.361+0000] {processor.py:914} INFO - Processing file /home/airflow/.local/lib/python3.12/site-packages/airflow/example_dags/example_branch_operator.py for tasks to queue
[2024-10-04T09:47:57.362+0000] {logging_mixin.py:190} INFO - [2024-10-04T09:47:57.362+0000] {dagbag.py:588} INFO - Filling up the DagBag from /home/airflow/.local/lib/python3.12/site-packages/airflow/example_dags/example_branch_operator.py
[2024-10-04T09:47:57.371+0000] {processor.py:925} INFO - DAG(s) 'example_branch_operator' retrieved from /home/airflow/.local/lib/python3.12/site-packages/airflow/example_dags/example_branch_operator.py
[2024-10-04T09:47:57.392+0000] {logging_mixin.py:190} INFO - [2024-10-04T09:47:57.392+0000] {dag.py:3239} INFO - Sync 1 DAGs
[2024-10-04T09:47:57.409+0000] {logging_mixin.py:190} INFO - [2024-10-04T09:47:57.408+0000] {dag.py:4180} INFO - Setting next_dagrun for example_branch_operator to 2024-10-03 00:00:00+00:00, run_after=2024-10-04 00:00:00+00:00
[2024-10-04T09:47:57.419+0000] {processor.py:208} INFO - Processing /home/airflow/.local/lib/python3.12/site-packages/airflow/example_dags/example_branch_operator.py took 0.062 seconds
[2024-10-04T09:48:27.892+0000] {processor.py:186} INFO - Started process (PID=297) to work on /home/airflow/.local/lib/python3.12/site-packages/airflow/example_dags/example_branch_operator.py
[2024-10-04T09:48:27.892+0000] {processor.py:914} INFO - Processing file /home/airflow/.local/lib/python3.12/site-packages/airflow/example_dags/example_branch_operator.py for tasks to queue
[2024-10-04T09:48:27.894+0000] {logging_mixin.py:190} INFO - [2024-10-04T09:48:27.894+0000] {dagbag.py:588} INFO - Filling up the DagBag from /home/airflow/.local/lib/python3.12/site-packages/airflow/example_dags/example_branch_operator.py
[2024-10-04T09:48:27.904+0000] {processor.py:925} INFO - DAG(s) 'example_branch_operator' retrieved from /home/airflow/.local/lib/python3.12/site-packages/airflow/example_dags/example_branch_operator.py
[2024-10-04T09:48:27.921+0000] {logging_mixin.py:190} INFO - [2024-10-04T09:48:27.921+0000] {dag.py:3239} INFO - Sync 1 DAGs
[2024-10-04T09:48:27.937+0000] {logging_mixin.py:190} INFO - [2024-10-04T09:48:27.937+0000] {dag.py:4180} INFO - Setting next_dagrun for example_branch_operator to 2024-10-03 00:00:00+00:00, run_after=2024-10-04 00:00:00+00:00
[2024-10-04T09:48:27.950+0000] {processor.py:208} INFO - Processing /home/airflow/.local/lib/python3.12/site-packages/airflow/example_dags/example_branch_operator.py took 0.061 seconds
[2024-10-04T09:48:58.399+0000] {processor.py:186} INFO - Started process (PID=364) to work on /home/airflow/.local/lib/python3.12/site-packages/airflow/example_dags/example_branch_operator.py
[2024-10-04T09:48:58.402+0000] {processor.py:914} INFO - Processing file /home/airflow/.local/lib/python3.12/site-packages/airflow/example_dags/example_branch_operator.py for tasks to queue
[2024-10-04T09:48:58.405+0000] {logging_mixin.py:190} INFO - [2024-10-04T09:48:58.405+0000] {dagbag.py:588} INFO - Filling up the DagBag from /home/airflow/.local/lib/python3.12/site-packages/airflow/example_dags/example_branch_operator.py
[2024-10-04T09:48:58.414+0000] {processor.py:925} INFO - DAG(s) 'example_branch_operator' retrieved from /home/airflow/.local/lib/python3.12/site-packages/airflow/example_dags/example_branch_operator.py
[2024-10-04T09:48:58.434+0000] {logging_mixin.py:190} INFO - [2024-10-04T09:48:58.434+0000] {dag.py:3239} INFO - Sync 1 DAGs
[2024-10-04T09:48:58.451+0000] {logging_mixin.py:190} INFO - [2024-10-04T09:48:58.451+0000] {dag.py:4180} INFO - Setting next_dagrun for example_branch_operator to 2024-10-03 00:00:00+00:00, run_after=2024-10-04 00:00:00+00:00
[2024-10-04T09:48:58.466+0000] {processor.py:208} INFO - Processing /home/airflow/.local/lib/python3.12/site-packages/airflow/example_dags/example_branch_operator.py took 0.070 seconds
[2024-10-04T09:49:28.968+0000] {processor.py:186} INFO - Started process (PID=431) to work on /home/airflow/.local/lib/python3.12/site-packages/airflow/example_dags/example_branch_operator.py
[2024-10-04T09:49:28.968+0000] {processor.py:914} INFO - Processing file /home/airflow/.local/lib/python3.12/site-packages/airflow/example_dags/example_branch_operator.py for tasks to queue
[2024-10-04T09:49:28.970+0000] {logging_mixin.py:190} INFO - [2024-10-04T09:49:28.969+0000] {dagbag.py:588} INFO - Filling up the DagBag from /home/airflow/.local/lib/python3.12/site-packages/airflow/example_dags/example_branch_operator.py
[2024-10-04T09:49:28.978+0000] {processor.py:925} INFO - DAG(s) 'example_branch_operator' retrieved from /home/airflow/.local/lib/python3.12/site-packages/airflow/example_dags/example_branch_operator.py
[2024-10-04T09:49:28.993+0000] {logging_mixin.py:190} INFO - [2024-10-04T09:49:28.993+0000] {dag.py:3239} INFO - Sync 1 DAGs
[2024-10-04T09:49:29.010+0000] {logging_mixin.py:190} INFO - [2024-10-04T09:49:29.010+0000] {dag.py:4180} INFO - Setting next_dagrun for example_branch_operator to 2024-10-03 00:00:00+00:00, run_after=2024-10-04 00:00:00+00:00
[2024-10-04T09:49:29.025+0000] {processor.py:208} INFO - Processing /home/airflow/.local/lib/python3.12/site-packages/airflow/example_dags/example_branch_operator.py took 0.060 seconds
[2024-10-04T09:49:59.366+0000] {processor.py:186} INFO - Started process (PID=498) to work on /home/airflow/.local/lib/python3.12/site-packages/airflow/example_dags/example_branch_operator.py
[2024-10-04T09:49:59.366+0000] {processor.py:914} INFO - Processing file /home/airflow/.local/lib/python3.12/site-packages/airflow/example_dags/example_branch_operator.py for tasks to queue
[2024-10-04T09:49:59.368+0000] {logging_mixin.py:190} INFO - [2024-10-04T09:49:59.368+0000] {dagbag.py:588} INFO - Filling up the DagBag from /home/airflow/.local/lib/python3.12/site-packages/airflow/example_dags/example_branch_operator.py
[2024-10-04T09:49:59.375+0000] {processor.py:925} INFO - DAG(s) 'example_branch_operator' retrieved from /home/airflow/.local/lib/python3.12/site-packages/airflow/example_dags/example_branch_operator.py
[2024-10-04T09:49:59.392+0000] {logging_mixin.py:190} INFO - [2024-10-04T09:49:59.392+0000] {dag.py:3239} INFO - Sync 1 DAGs
[2024-10-04T09:49:59.411+0000] {logging_mixin.py:190} INFO - [2024-10-04T09:49:59.411+0000] {dag.py:4180} INFO - Setting next_dagrun for example_branch_operator to 2024-10-03 00:00:00+00:00, run_after=2024-10-04 00:00:00+00:00
[2024-10-04T09:49:59.422+0000] {processor.py:208} INFO - Processing /home/airflow/.local/lib/python3.12/site-packages/airflow/example_dags/example_branch_operator.py took 0.059 seconds
[2024-10-04T09:50:29.785+0000] {processor.py:186} INFO - Started process (PID=565) to work on /home/airflow/.local/lib/python3.12/site-packages/airflow/example_dags/example_branch_operator.py
[2024-10-04T09:50:29.786+0000] {processor.py:914} INFO - Processing file /home/airflow/.local/lib/python3.12/site-packages/airflow/example_dags/example_branch_operator.py for tasks to queue
[2024-10-04T09:50:29.787+0000] {logging_mixin.py:190} INFO - [2024-10-04T09:50:29.787+0000] {dagbag.py:588} INFO - Filling up the DagBag from /home/airflow/.local/lib/python3.12/site-packages/airflow/example_dags/example_branch_operator.py
[2024-10-04T09:50:29.795+0000] {processor.py:925} INFO - DAG(s) 'example_branch_operator' retrieved from /home/airflow/.local/lib/python3.12/site-packages/airflow/example_dags/example_branch_operator.py
[2024-10-04T09:50:29.812+0000] {logging_mixin.py:190} INFO - [2024-10-04T09:50:29.811+0000] {dag.py:3239} INFO - Sync 1 DAGs
[2024-10-04T09:50:29.825+0000] {logging_mixin.py:190} INFO - [2024-10-04T09:50:29.825+0000] {dag.py:4180} INFO - Setting next_dagrun for example_branch_operator to 2024-10-03 00:00:00+00:00, run_after=2024-10-04 00:00:00+00:00
[2024-10-04T09:50:29.836+0000] {processor.py:208} INFO - Processing /home/airflow/.local/lib/python3.12/site-packages/airflow/example_dags/example_branch_operator.py took 0.054 seconds
[2024-10-04T09:51:00.386+0000] {processor.py:186} INFO - Started process (PID=632) to work on /home/airflow/.local/lib/python3.12/site-packages/airflow/example_dags/example_branch_operator.py
[2024-10-04T09:51:00.389+0000] {processor.py:914} INFO - Processing file /home/airflow/.local/lib/python3.12/site-packages/airflow/example_dags/example_branch_operator.py for tasks to queue
[2024-10-04T09:51:00.391+0000] {logging_mixin.py:190} INFO - [2024-10-04T09:51:00.391+0000] {dagbag.py:588} INFO - Filling up the DagBag from /home/airflow/.local/lib/python3.12/site-packages/airflow/example_dags/example_branch_operator.py
[2024-10-04T09:51:00.398+0000] {processor.py:925} INFO - DAG(s) 'example_branch_operator' retrieved from /home/airflow/.local/lib/python3.12/site-packages/airflow/example_dags/example_branch_operator.py
[2024-10-04T09:51:00.420+0000] {logging_mixin.py:190} INFO - [2024-10-04T09:51:00.420+0000] {dag.py:3239} INFO - Sync 1 DAGs
[2024-10-04T09:51:00.437+0000] {logging_mixin.py:190} INFO - [2024-10-04T09:51:00.437+0000] {dag.py:4180} INFO - Setting next_dagrun for example_branch_operator to 2024-10-03 00:00:00+00:00, run_after=2024-10-04 00:00:00+00:00
[2024-10-04T09:51:00.447+0000] {processor.py:208} INFO - Processing /home/airflow/.local/lib/python3.12/site-packages/airflow/example_dags/example_branch_operator.py took 0.065 seconds
[2024-10-04T09:51:30.908+0000] {processor.py:186} INFO - Started process (PID=699) to work on /home/airflow/.local/lib/python3.12/site-packages/airflow/example_dags/example_branch_operator.py
[2024-10-04T09:51:30.909+0000] {processor.py:914} INFO - Processing file /home/airflow/.local/lib/python3.12/site-packages/airflow/example_dags/example_branch_operator.py for tasks to queue
[2024-10-04T09:51:30.910+0000] {logging_mixin.py:190} INFO - [2024-10-04T09:51:30.910+0000] {dagbag.py:588} INFO - Filling up the DagBag from /home/airflow/.local/lib/python3.12/site-packages/airflow/example_dags/example_branch_operator.py
[2024-10-04T09:51:30.919+0000] {processor.py:925} INFO - DAG(s) 'example_branch_operator' retrieved from /home/airflow/.local/lib/python3.12/site-packages/airflow/example_dags/example_branch_operator.py
[2024-10-04T09:51:30.978+0000] {logging_mixin.py:190} INFO - [2024-10-04T09:51:30.978+0000] {dag.py:3239} INFO - Sync 1 DAGs
[2024-10-04T09:51:30.993+0000] {logging_mixin.py:190} INFO - [2024-10-04T09:51:30.993+0000] {dag.py:4180} INFO - Setting next_dagrun for example_branch_operator to 2024-10-03 00:00:00+00:00, run_after=2024-10-04 00:00:00+00:00
[2024-10-04T09:51:31.003+0000] {processor.py:208} INFO - Processing /home/airflow/.local/lib/python3.12/site-packages/airflow/example_dags/example_branch_operator.py took 0.100 seconds
[2024-10-04T09:52:01.414+0000] {processor.py:186} INFO - Started process (PID=766) to work on /home/airflow/.local/lib/python3.12/site-packages/airflow/example_dags/example_branch_operator.py
[2024-10-04T09:52:01.414+0000] {processor.py:914} INFO - Processing file /home/airflow/.local/lib/python3.12/site-packages/airflow/example_dags/example_branch_operator.py for tasks to queue
[2024-10-04T09:52:01.416+0000] {logging_mixin.py:190} INFO - [2024-10-04T09:52:01.415+0000] {dagbag.py:588} INFO - Filling up the DagBag from /home/airflow/.local/lib/python3.12/site-packages/airflow/example_dags/example_branch_operator.py
[2024-10-04T09:52:01.427+0000] {processor.py:925} INFO - DAG(s) 'example_branch_operator' retrieved from /home/airflow/.local/lib/python3.12/site-packages/airflow/example_dags/example_branch_operator.py
[2024-10-04T09:52:01.443+0000] {logging_mixin.py:190} INFO - [2024-10-04T09:52:01.443+0000] {dag.py:3239} INFO - Sync 1 DAGs
[2024-10-04T09:52:01.458+0000] {logging_mixin.py:190} INFO - [2024-10-04T09:52:01.458+0000] {dag.py:4180} INFO - Setting next_dagrun for example_branch_operator to 2024-10-03 00:00:00+00:00, run_after=2024-10-04 00:00:00+00:00
[2024-10-04T09:52:01.471+0000] {processor.py:208} INFO - Processing /home/airflow/.local/lib/python3.12/site-packages/airflow/example_dags/example_branch_operator.py took 0.060 seconds
