[2024-10-04T09:46:54.427+0000] {processor.py:186} INFO - Started process (PID=51) to work on /home/airflow/.local/lib/python3.12/site-packages/airflow/example_dags/example_sensors.py
[2024-10-04T09:46:54.428+0000] {processor.py:914} INFO - Processing file /home/airflow/.local/lib/python3.12/site-packages/airflow/example_dags/example_sensors.py for tasks to queue
[2024-10-04T09:46:54.429+0000] {logging_mixin.py:190} INFO - [2024-10-04T09:46:54.429+0000] {dagbag.py:588} INFO - Filling up the DagBag from /home/airflow/.local/lib/python3.12/site-packages/airflow/example_dags/example_sensors.py
[2024-10-04T09:46:54.434+0000] {processor.py:925} INFO - DAG(s) 'example_sensors' retrieved from /home/airflow/.local/lib/python3.12/site-packages/airflow/example_dags/example_sensors.py
[2024-10-04T09:46:54.459+0000] {logging_mixin.py:190} INFO - [2024-10-04T09:46:54.458+0000] {dag.py:3239} INFO - Sync 1 DAGs
[2024-10-04T09:46:54.468+0000] {logging_mixin.py:190} INFO - [2024-10-04T09:46:54.468+0000] {dag.py:4180} INFO - Setting next_dagrun for example_sensors to None, run_after=None
[2024-10-04T09:46:54.482+0000] {processor.py:208} INFO - Processing /home/airflow/.local/lib/python3.12/site-packages/airflow/example_dags/example_sensors.py took 0.058 seconds
[2024-10-04T09:47:25.270+0000] {processor.py:186} INFO - Started process (PID=127) to work on /home/airflow/.local/lib/python3.12/site-packages/airflow/example_dags/example_sensors.py
[2024-10-04T09:47:25.271+0000] {processor.py:914} INFO - Processing file /home/airflow/.local/lib/python3.12/site-packages/airflow/example_dags/example_sensors.py for tasks to queue
[2024-10-04T09:47:25.272+0000] {logging_mixin.py:190} INFO - [2024-10-04T09:47:25.272+0000] {dagbag.py:588} INFO - Filling up the DagBag from /home/airflow/.local/lib/python3.12/site-packages/airflow/example_dags/example_sensors.py
[2024-10-04T09:47:25.278+0000] {processor.py:925} INFO - DAG(s) 'example_sensors' retrieved from /home/airflow/.local/lib/python3.12/site-packages/airflow/example_dags/example_sensors.py
[2024-10-04T09:47:25.298+0000] {logging_mixin.py:190} INFO - [2024-10-04T09:47:25.297+0000] {dag.py:3239} INFO - Sync 1 DAGs
[2024-10-04T09:47:25.307+0000] {logging_mixin.py:190} INFO - [2024-10-04T09:47:25.307+0000] {dag.py:4180} INFO - Setting next_dagrun for example_sensors to None, run_after=None
[2024-10-04T09:47:25.322+0000] {processor.py:208} INFO - Processing /home/airflow/.local/lib/python3.12/site-packages/airflow/example_dags/example_sensors.py took 0.055 seconds
[2024-10-04T09:47:56.050+0000] {processor.py:186} INFO - Started process (PID=194) to work on /home/airflow/.local/lib/python3.12/site-packages/airflow/example_dags/example_sensors.py
[2024-10-04T09:47:56.051+0000] {processor.py:914} INFO - Processing file /home/airflow/.local/lib/python3.12/site-packages/airflow/example_dags/example_sensors.py for tasks to queue
[2024-10-04T09:47:56.052+0000] {logging_mixin.py:190} INFO - [2024-10-04T09:47:56.052+0000] {dagbag.py:588} INFO - Filling up the DagBag from /home/airflow/.local/lib/python3.12/site-packages/airflow/example_dags/example_sensors.py
[2024-10-04T09:47:56.056+0000] {processor.py:925} INFO - DAG(s) 'example_sensors' retrieved from /home/airflow/.local/lib/python3.12/site-packages/airflow/example_dags/example_sensors.py
[2024-10-04T09:47:56.071+0000] {logging_mixin.py:190} INFO - [2024-10-04T09:47:56.071+0000] {dag.py:3239} INFO - Sync 1 DAGs
[2024-10-04T09:47:56.078+0000] {logging_mixin.py:190} INFO - [2024-10-04T09:47:56.078+0000] {dag.py:4180} INFO - Setting next_dagrun for example_sensors to None, run_after=None
[2024-10-04T09:47:56.088+0000] {processor.py:208} INFO - Processing /home/airflow/.local/lib/python3.12/site-packages/airflow/example_dags/example_sensors.py took 0.041 seconds
[2024-10-04T09:48:26.781+0000] {processor.py:186} INFO - Started process (PID=261) to work on /home/airflow/.local/lib/python3.12/site-packages/airflow/example_dags/example_sensors.py
[2024-10-04T09:48:26.781+0000] {processor.py:914} INFO - Processing file /home/airflow/.local/lib/python3.12/site-packages/airflow/example_dags/example_sensors.py for tasks to queue
[2024-10-04T09:48:26.783+0000] {logging_mixin.py:190} INFO - [2024-10-04T09:48:26.783+0000] {dagbag.py:588} INFO - Filling up the DagBag from /home/airflow/.local/lib/python3.12/site-packages/airflow/example_dags/example_sensors.py
[2024-10-04T09:48:26.787+0000] {processor.py:925} INFO - DAG(s) 'example_sensors' retrieved from /home/airflow/.local/lib/python3.12/site-packages/airflow/example_dags/example_sensors.py
[2024-10-04T09:48:26.808+0000] {logging_mixin.py:190} INFO - [2024-10-04T09:48:26.808+0000] {dag.py:3239} INFO - Sync 1 DAGs
[2024-10-04T09:48:26.817+0000] {logging_mixin.py:190} INFO - [2024-10-04T09:48:26.817+0000] {dag.py:4180} INFO - Setting next_dagrun for example_sensors to None, run_after=None
[2024-10-04T09:48:26.829+0000] {processor.py:208} INFO - Processing /home/airflow/.local/lib/python3.12/site-packages/airflow/example_dags/example_sensors.py took 0.052 seconds
[2024-10-04T09:48:57.284+0000] {processor.py:186} INFO - Started process (PID=328) to work on /home/airflow/.local/lib/python3.12/site-packages/airflow/example_dags/example_sensors.py
[2024-10-04T09:48:57.284+0000] {processor.py:914} INFO - Processing file /home/airflow/.local/lib/python3.12/site-packages/airflow/example_dags/example_sensors.py for tasks to queue
[2024-10-04T09:48:57.285+0000] {logging_mixin.py:190} INFO - [2024-10-04T09:48:57.285+0000] {dagbag.py:588} INFO - Filling up the DagBag from /home/airflow/.local/lib/python3.12/site-packages/airflow/example_dags/example_sensors.py
[2024-10-04T09:48:57.290+0000] {processor.py:925} INFO - DAG(s) 'example_sensors' retrieved from /home/airflow/.local/lib/python3.12/site-packages/airflow/example_dags/example_sensors.py
[2024-10-04T09:48:57.309+0000] {logging_mixin.py:190} INFO - [2024-10-04T09:48:57.308+0000] {dag.py:3239} INFO - Sync 1 DAGs
[2024-10-04T09:48:57.318+0000] {logging_mixin.py:190} INFO - [2024-10-04T09:48:57.318+0000] {dag.py:4180} INFO - Setting next_dagrun for example_sensors to None, run_after=None
[2024-10-04T09:48:57.328+0000] {processor.py:208} INFO - Processing /home/airflow/.local/lib/python3.12/site-packages/airflow/example_dags/example_sensors.py took 0.048 seconds
[2024-10-04T09:49:27.866+0000] {processor.py:186} INFO - Started process (PID=401) to work on /home/airflow/.local/lib/python3.12/site-packages/airflow/example_dags/example_sensors.py
[2024-10-04T09:49:27.867+0000] {processor.py:914} INFO - Processing file /home/airflow/.local/lib/python3.12/site-packages/airflow/example_dags/example_sensors.py for tasks to queue
[2024-10-04T09:49:27.868+0000] {logging_mixin.py:190} INFO - [2024-10-04T09:49:27.868+0000] {dagbag.py:588} INFO - Filling up the DagBag from /home/airflow/.local/lib/python3.12/site-packages/airflow/example_dags/example_sensors.py
[2024-10-04T09:49:27.872+0000] {processor.py:925} INFO - DAG(s) 'example_sensors' retrieved from /home/airflow/.local/lib/python3.12/site-packages/airflow/example_dags/example_sensors.py
[2024-10-04T09:49:27.889+0000] {logging_mixin.py:190} INFO - [2024-10-04T09:49:27.889+0000] {dag.py:3239} INFO - Sync 1 DAGs
[2024-10-04T09:49:27.903+0000] {logging_mixin.py:190} INFO - [2024-10-04T09:49:27.903+0000] {dag.py:4180} INFO - Setting next_dagrun for example_sensors to None, run_after=None
[2024-10-04T09:49:27.917+0000] {processor.py:208} INFO - Processing /home/airflow/.local/lib/python3.12/site-packages/airflow/example_dags/example_sensors.py took 0.054 seconds
[2024-10-04T09:49:58.291+0000] {processor.py:186} INFO - Started process (PID=468) to work on /home/airflow/.local/lib/python3.12/site-packages/airflow/example_dags/example_sensors.py
[2024-10-04T09:49:58.291+0000] {processor.py:914} INFO - Processing file /home/airflow/.local/lib/python3.12/site-packages/airflow/example_dags/example_sensors.py for tasks to queue
[2024-10-04T09:49:58.293+0000] {logging_mixin.py:190} INFO - [2024-10-04T09:49:58.293+0000] {dagbag.py:588} INFO - Filling up the DagBag from /home/airflow/.local/lib/python3.12/site-packages/airflow/example_dags/example_sensors.py
[2024-10-04T09:49:58.297+0000] {processor.py:925} INFO - DAG(s) 'example_sensors' retrieved from /home/airflow/.local/lib/python3.12/site-packages/airflow/example_dags/example_sensors.py
[2024-10-04T09:49:58.312+0000] {logging_mixin.py:190} INFO - [2024-10-04T09:49:58.312+0000] {dag.py:3239} INFO - Sync 1 DAGs
[2024-10-04T09:49:58.320+0000] {logging_mixin.py:190} INFO - [2024-10-04T09:49:58.320+0000] {dag.py:4180} INFO - Setting next_dagrun for example_sensors to None, run_after=None
[2024-10-04T09:49:58.330+0000] {processor.py:208} INFO - Processing /home/airflow/.local/lib/python3.12/site-packages/airflow/example_dags/example_sensors.py took 0.042 seconds
[2024-10-04T09:50:28.685+0000] {processor.py:186} INFO - Started process (PID=535) to work on /home/airflow/.local/lib/python3.12/site-packages/airflow/example_dags/example_sensors.py
[2024-10-04T09:50:28.686+0000] {processor.py:914} INFO - Processing file /home/airflow/.local/lib/python3.12/site-packages/airflow/example_dags/example_sensors.py for tasks to queue
[2024-10-04T09:50:28.687+0000] {logging_mixin.py:190} INFO - [2024-10-04T09:50:28.687+0000] {dagbag.py:588} INFO - Filling up the DagBag from /home/airflow/.local/lib/python3.12/site-packages/airflow/example_dags/example_sensors.py
[2024-10-04T09:50:28.691+0000] {processor.py:925} INFO - DAG(s) 'example_sensors' retrieved from /home/airflow/.local/lib/python3.12/site-packages/airflow/example_dags/example_sensors.py
[2024-10-04T09:50:28.706+0000] {logging_mixin.py:190} INFO - [2024-10-04T09:50:28.706+0000] {dag.py:3239} INFO - Sync 1 DAGs
[2024-10-04T09:50:28.715+0000] {logging_mixin.py:190} INFO - [2024-10-04T09:50:28.715+0000] {dag.py:4180} INFO - Setting next_dagrun for example_sensors to None, run_after=None
[2024-10-04T09:50:28.724+0000] {processor.py:208} INFO - Processing /home/airflow/.local/lib/python3.12/site-packages/airflow/example_dags/example_sensors.py took 0.042 seconds
[2024-10-04T09:50:59.139+0000] {processor.py:186} INFO - Started process (PID=602) to work on /home/airflow/.local/lib/python3.12/site-packages/airflow/example_dags/example_sensors.py
[2024-10-04T09:50:59.140+0000] {processor.py:914} INFO - Processing file /home/airflow/.local/lib/python3.12/site-packages/airflow/example_dags/example_sensors.py for tasks to queue
[2024-10-04T09:50:59.141+0000] {logging_mixin.py:190} INFO - [2024-10-04T09:50:59.141+0000] {dagbag.py:588} INFO - Filling up the DagBag from /home/airflow/.local/lib/python3.12/site-packages/airflow/example_dags/example_sensors.py
[2024-10-04T09:50:59.146+0000] {processor.py:925} INFO - DAG(s) 'example_sensors' retrieved from /home/airflow/.local/lib/python3.12/site-packages/airflow/example_dags/example_sensors.py
[2024-10-04T09:50:59.164+0000] {logging_mixin.py:190} INFO - [2024-10-04T09:50:59.164+0000] {dag.py:3239} INFO - Sync 1 DAGs
[2024-10-04T09:50:59.175+0000] {logging_mixin.py:190} INFO - [2024-10-04T09:50:59.175+0000] {dag.py:4180} INFO - Setting next_dagrun for example_sensors to None, run_after=None
[2024-10-04T09:50:59.186+0000] {processor.py:208} INFO - Processing /home/airflow/.local/lib/python3.12/site-packages/airflow/example_dags/example_sensors.py took 0.050 seconds
[2024-10-04T09:51:29.890+0000] {processor.py:186} INFO - Started process (PID=669) to work on /home/airflow/.local/lib/python3.12/site-packages/airflow/example_dags/example_sensors.py
[2024-10-04T09:51:29.891+0000] {processor.py:914} INFO - Processing file /home/airflow/.local/lib/python3.12/site-packages/airflow/example_dags/example_sensors.py for tasks to queue
[2024-10-04T09:51:29.892+0000] {logging_mixin.py:190} INFO - [2024-10-04T09:51:29.892+0000] {dagbag.py:588} INFO - Filling up the DagBag from /home/airflow/.local/lib/python3.12/site-packages/airflow/example_dags/example_sensors.py
[2024-10-04T09:51:29.897+0000] {processor.py:925} INFO - DAG(s) 'example_sensors' retrieved from /home/airflow/.local/lib/python3.12/site-packages/airflow/example_dags/example_sensors.py
[2024-10-04T09:51:29.913+0000] {logging_mixin.py:190} INFO - [2024-10-04T09:51:29.912+0000] {dag.py:3239} INFO - Sync 1 DAGs
[2024-10-04T09:51:29.921+0000] {logging_mixin.py:190} INFO - [2024-10-04T09:51:29.921+0000] {dag.py:4180} INFO - Setting next_dagrun for example_sensors to None, run_after=None
[2024-10-04T09:51:29.932+0000] {processor.py:208} INFO - Processing /home/airflow/.local/lib/python3.12/site-packages/airflow/example_dags/example_sensors.py took 0.045 seconds
[2024-10-04T09:52:00.337+0000] {processor.py:186} INFO - Started process (PID=736) to work on /home/airflow/.local/lib/python3.12/site-packages/airflow/example_dags/example_sensors.py
[2024-10-04T09:52:00.337+0000] {processor.py:914} INFO - Processing file /home/airflow/.local/lib/python3.12/site-packages/airflow/example_dags/example_sensors.py for tasks to queue
[2024-10-04T09:52:00.338+0000] {logging_mixin.py:190} INFO - [2024-10-04T09:52:00.338+0000] {dagbag.py:588} INFO - Filling up the DagBag from /home/airflow/.local/lib/python3.12/site-packages/airflow/example_dags/example_sensors.py
[2024-10-04T09:52:00.343+0000] {processor.py:925} INFO - DAG(s) 'example_sensors' retrieved from /home/airflow/.local/lib/python3.12/site-packages/airflow/example_dags/example_sensors.py
[2024-10-04T09:52:00.359+0000] {logging_mixin.py:190} INFO - [2024-10-04T09:52:00.358+0000] {dag.py:3239} INFO - Sync 1 DAGs
[2024-10-04T09:52:00.367+0000] {logging_mixin.py:190} INFO - [2024-10-04T09:52:00.367+0000] {dag.py:4180} INFO - Setting next_dagrun for example_sensors to None, run_after=None
[2024-10-04T09:52:00.378+0000] {processor.py:208} INFO - Processing /home/airflow/.local/lib/python3.12/site-packages/airflow/example_dags/example_sensors.py took 0.045 seconds
