[2024-10-04T09:46:54.717+0000] {processor.py:186} INFO - Started process (PID=57) to work on /home/airflow/.local/lib/python3.12/site-packages/airflow/example_dags/example_setup_teardown.py
[2024-10-04T09:46:54.718+0000] {processor.py:914} INFO - Processing file /home/airflow/.local/lib/python3.12/site-packages/airflow/example_dags/example_setup_teardown.py for tasks to queue
[2024-10-04T09:46:54.719+0000] {logging_mixin.py:190} INFO - [2024-10-04T09:46:54.719+0000] {dagbag.py:588} INFO - Filling up the DagBag from /home/airflow/.local/lib/python3.12/site-packages/airflow/example_dags/example_setup_teardown.py
[2024-10-04T09:46:54.723+0000] {processor.py:925} INFO - DAG(s) 'example_setup_teardown' retrieved from /home/airflow/.local/lib/python3.12/site-packages/airflow/example_dags/example_setup_teardown.py
[2024-10-04T09:46:54.737+0000] {logging_mixin.py:190} INFO - [2024-10-04T09:46:54.736+0000] {dag.py:3239} INFO - Sync 1 DAGs
[2024-10-04T09:46:54.746+0000] {logging_mixin.py:190} INFO - [2024-10-04T09:46:54.746+0000] {dag.py:4180} INFO - Setting next_dagrun for example_setup_teardown to None, run_after=None
[2024-10-04T09:46:54.757+0000] {processor.py:208} INFO - Processing /home/airflow/.local/lib/python3.12/site-packages/airflow/example_dags/example_setup_teardown.py took 0.043 seconds
[2024-10-04T09:47:25.461+0000] {processor.py:186} INFO - Started process (PID=133) to work on /home/airflow/.local/lib/python3.12/site-packages/airflow/example_dags/example_setup_teardown.py
[2024-10-04T09:47:25.462+0000] {processor.py:914} INFO - Processing file /home/airflow/.local/lib/python3.12/site-packages/airflow/example_dags/example_setup_teardown.py for tasks to queue
[2024-10-04T09:47:25.463+0000] {logging_mixin.py:190} INFO - [2024-10-04T09:47:25.463+0000] {dagbag.py:588} INFO - Filling up the DagBag from /home/airflow/.local/lib/python3.12/site-packages/airflow/example_dags/example_setup_teardown.py
[2024-10-04T09:47:25.467+0000] {processor.py:925} INFO - DAG(s) 'example_setup_teardown' retrieved from /home/airflow/.local/lib/python3.12/site-packages/airflow/example_dags/example_setup_teardown.py
[2024-10-04T09:47:25.481+0000] {logging_mixin.py:190} INFO - [2024-10-04T09:47:25.480+0000] {dag.py:3239} INFO - Sync 1 DAGs
[2024-10-04T09:47:25.492+0000] {logging_mixin.py:190} INFO - [2024-10-04T09:47:25.492+0000] {dag.py:4180} INFO - Setting next_dagrun for example_setup_teardown to None, run_after=None
[2024-10-04T09:47:25.505+0000] {processor.py:208} INFO - Processing /home/airflow/.local/lib/python3.12/site-packages/airflow/example_dags/example_setup_teardown.py took 0.047 seconds
[2024-10-04T09:47:56.286+0000] {processor.py:186} INFO - Started process (PID=200) to work on /home/airflow/.local/lib/python3.12/site-packages/airflow/example_dags/example_setup_teardown.py
[2024-10-04T09:47:56.287+0000] {processor.py:914} INFO - Processing file /home/airflow/.local/lib/python3.12/site-packages/airflow/example_dags/example_setup_teardown.py for tasks to queue
[2024-10-04T09:47:56.288+0000] {logging_mixin.py:190} INFO - [2024-10-04T09:47:56.288+0000] {dagbag.py:588} INFO - Filling up the DagBag from /home/airflow/.local/lib/python3.12/site-packages/airflow/example_dags/example_setup_teardown.py
[2024-10-04T09:47:56.291+0000] {processor.py:925} INFO - DAG(s) 'example_setup_teardown' retrieved from /home/airflow/.local/lib/python3.12/site-packages/airflow/example_dags/example_setup_teardown.py
[2024-10-04T09:47:56.303+0000] {logging_mixin.py:190} INFO - [2024-10-04T09:47:56.302+0000] {dag.py:3239} INFO - Sync 1 DAGs
[2024-10-04T09:47:56.312+0000] {logging_mixin.py:190} INFO - [2024-10-04T09:47:56.312+0000] {dag.py:4180} INFO - Setting next_dagrun for example_setup_teardown to None, run_after=None
[2024-10-04T09:47:56.321+0000] {processor.py:208} INFO - Processing /home/airflow/.local/lib/python3.12/site-packages/airflow/example_dags/example_setup_teardown.py took 0.038 seconds
[2024-10-04T09:48:26.969+0000] {processor.py:186} INFO - Started process (PID=267) to work on /home/airflow/.local/lib/python3.12/site-packages/airflow/example_dags/example_setup_teardown.py
[2024-10-04T09:48:26.969+0000] {processor.py:914} INFO - Processing file /home/airflow/.local/lib/python3.12/site-packages/airflow/example_dags/example_setup_teardown.py for tasks to queue
[2024-10-04T09:48:26.971+0000] {logging_mixin.py:190} INFO - [2024-10-04T09:48:26.970+0000] {dagbag.py:588} INFO - Filling up the DagBag from /home/airflow/.local/lib/python3.12/site-packages/airflow/example_dags/example_setup_teardown.py
[2024-10-04T09:48:26.974+0000] {processor.py:925} INFO - DAG(s) 'example_setup_teardown' retrieved from /home/airflow/.local/lib/python3.12/site-packages/airflow/example_dags/example_setup_teardown.py
[2024-10-04T09:48:26.989+0000] {logging_mixin.py:190} INFO - [2024-10-04T09:48:26.989+0000] {dag.py:3239} INFO - Sync 1 DAGs
[2024-10-04T09:48:27.004+0000] {logging_mixin.py:190} INFO - [2024-10-04T09:48:27.004+0000] {dag.py:4180} INFO - Setting next_dagrun for example_setup_teardown to None, run_after=None
[2024-10-04T09:48:27.015+0000] {processor.py:208} INFO - Processing /home/airflow/.local/lib/python3.12/site-packages/airflow/example_dags/example_setup_teardown.py took 0.049 seconds
[2024-10-04T09:48:57.477+0000] {processor.py:186} INFO - Started process (PID=334) to work on /home/airflow/.local/lib/python3.12/site-packages/airflow/example_dags/example_setup_teardown.py
[2024-10-04T09:48:57.477+0000] {processor.py:914} INFO - Processing file /home/airflow/.local/lib/python3.12/site-packages/airflow/example_dags/example_setup_teardown.py for tasks to queue
[2024-10-04T09:48:57.481+0000] {logging_mixin.py:190} INFO - [2024-10-04T09:48:57.481+0000] {dagbag.py:588} INFO - Filling up the DagBag from /home/airflow/.local/lib/python3.12/site-packages/airflow/example_dags/example_setup_teardown.py
[2024-10-04T09:48:57.485+0000] {processor.py:925} INFO - DAG(s) 'example_setup_teardown' retrieved from /home/airflow/.local/lib/python3.12/site-packages/airflow/example_dags/example_setup_teardown.py
[2024-10-04T09:48:57.499+0000] {logging_mixin.py:190} INFO - [2024-10-04T09:48:57.499+0000] {dag.py:3239} INFO - Sync 1 DAGs
[2024-10-04T09:48:57.511+0000] {logging_mixin.py:190} INFO - [2024-10-04T09:48:57.511+0000] {dag.py:4180} INFO - Setting next_dagrun for example_setup_teardown to None, run_after=None
[2024-10-04T09:48:57.530+0000] {processor.py:208} INFO - Processing /home/airflow/.local/lib/python3.12/site-packages/airflow/example_dags/example_setup_teardown.py took 0.057 seconds
[2024-10-04T09:49:28.085+0000] {processor.py:186} INFO - Started process (PID=407) to work on /home/airflow/.local/lib/python3.12/site-packages/airflow/example_dags/example_setup_teardown.py
[2024-10-04T09:49:28.086+0000] {processor.py:914} INFO - Processing file /home/airflow/.local/lib/python3.12/site-packages/airflow/example_dags/example_setup_teardown.py for tasks to queue
[2024-10-04T09:49:28.087+0000] {logging_mixin.py:190} INFO - [2024-10-04T09:49:28.087+0000] {dagbag.py:588} INFO - Filling up the DagBag from /home/airflow/.local/lib/python3.12/site-packages/airflow/example_dags/example_setup_teardown.py
[2024-10-04T09:49:28.090+0000] {processor.py:925} INFO - DAG(s) 'example_setup_teardown' retrieved from /home/airflow/.local/lib/python3.12/site-packages/airflow/example_dags/example_setup_teardown.py
[2024-10-04T09:49:28.104+0000] {logging_mixin.py:190} INFO - [2024-10-04T09:49:28.104+0000] {dag.py:3239} INFO - Sync 1 DAGs
[2024-10-04T09:49:28.113+0000] {logging_mixin.py:190} INFO - [2024-10-04T09:49:28.113+0000] {dag.py:4180} INFO - Setting next_dagrun for example_setup_teardown to None, run_after=None
[2024-10-04T09:49:28.123+0000] {processor.py:208} INFO - Processing /home/airflow/.local/lib/python3.12/site-packages/airflow/example_dags/example_setup_teardown.py took 0.041 seconds
[2024-10-04T09:49:58.507+0000] {processor.py:186} INFO - Started process (PID=474) to work on /home/airflow/.local/lib/python3.12/site-packages/airflow/example_dags/example_setup_teardown.py
[2024-10-04T09:49:58.507+0000] {processor.py:914} INFO - Processing file /home/airflow/.local/lib/python3.12/site-packages/airflow/example_dags/example_setup_teardown.py for tasks to queue
[2024-10-04T09:49:58.509+0000] {logging_mixin.py:190} INFO - [2024-10-04T09:49:58.508+0000] {dagbag.py:588} INFO - Filling up the DagBag from /home/airflow/.local/lib/python3.12/site-packages/airflow/example_dags/example_setup_teardown.py
[2024-10-04T09:49:58.512+0000] {processor.py:925} INFO - DAG(s) 'example_setup_teardown' retrieved from /home/airflow/.local/lib/python3.12/site-packages/airflow/example_dags/example_setup_teardown.py
[2024-10-04T09:49:58.525+0000] {logging_mixin.py:190} INFO - [2024-10-04T09:49:58.525+0000] {dag.py:3239} INFO - Sync 1 DAGs
[2024-10-04T09:49:58.534+0000] {logging_mixin.py:190} INFO - [2024-10-04T09:49:58.534+0000] {dag.py:4180} INFO - Setting next_dagrun for example_setup_teardown to None, run_after=None
[2024-10-04T09:49:58.543+0000] {processor.py:208} INFO - Processing /home/airflow/.local/lib/python3.12/site-packages/airflow/example_dags/example_setup_teardown.py took 0.039 seconds
[2024-10-04T09:50:28.863+0000] {processor.py:186} INFO - Started process (PID=541) to work on /home/airflow/.local/lib/python3.12/site-packages/airflow/example_dags/example_setup_teardown.py
[2024-10-04T09:50:28.863+0000] {processor.py:914} INFO - Processing file /home/airflow/.local/lib/python3.12/site-packages/airflow/example_dags/example_setup_teardown.py for tasks to queue
[2024-10-04T09:50:28.864+0000] {logging_mixin.py:190} INFO - [2024-10-04T09:50:28.864+0000] {dagbag.py:588} INFO - Filling up the DagBag from /home/airflow/.local/lib/python3.12/site-packages/airflow/example_dags/example_setup_teardown.py
[2024-10-04T09:50:28.868+0000] {processor.py:925} INFO - DAG(s) 'example_setup_teardown' retrieved from /home/airflow/.local/lib/python3.12/site-packages/airflow/example_dags/example_setup_teardown.py
[2024-10-04T09:50:28.882+0000] {logging_mixin.py:190} INFO - [2024-10-04T09:50:28.882+0000] {dag.py:3239} INFO - Sync 1 DAGs
[2024-10-04T09:50:28.891+0000] {logging_mixin.py:190} INFO - [2024-10-04T09:50:28.891+0000] {dag.py:4180} INFO - Setting next_dagrun for example_setup_teardown to None, run_after=None
[2024-10-04T09:50:28.901+0000] {processor.py:208} INFO - Processing /home/airflow/.local/lib/python3.12/site-packages/airflow/example_dags/example_setup_teardown.py took 0.042 seconds
[2024-10-04T09:50:59.370+0000] {processor.py:186} INFO - Started process (PID=608) to work on /home/airflow/.local/lib/python3.12/site-packages/airflow/example_dags/example_setup_teardown.py
[2024-10-04T09:50:59.375+0000] {processor.py:914} INFO - Processing file /home/airflow/.local/lib/python3.12/site-packages/airflow/example_dags/example_setup_teardown.py for tasks to queue
[2024-10-04T09:50:59.377+0000] {logging_mixin.py:190} INFO - [2024-10-04T09:50:59.377+0000] {dagbag.py:588} INFO - Filling up the DagBag from /home/airflow/.local/lib/python3.12/site-packages/airflow/example_dags/example_setup_teardown.py
[2024-10-04T09:50:59.382+0000] {processor.py:925} INFO - DAG(s) 'example_setup_teardown' retrieved from /home/airflow/.local/lib/python3.12/site-packages/airflow/example_dags/example_setup_teardown.py
[2024-10-04T09:50:59.397+0000] {logging_mixin.py:190} INFO - [2024-10-04T09:50:59.397+0000] {dag.py:3239} INFO - Sync 1 DAGs
[2024-10-04T09:50:59.411+0000] {logging_mixin.py:190} INFO - [2024-10-04T09:50:59.411+0000] {dag.py:4180} INFO - Setting next_dagrun for example_setup_teardown to None, run_after=None
[2024-10-04T09:50:59.424+0000] {processor.py:208} INFO - Processing /home/airflow/.local/lib/python3.12/site-packages/airflow/example_dags/example_setup_teardown.py took 0.056 seconds
[2024-10-04T09:51:30.059+0000] {processor.py:186} INFO - Started process (PID=675) to work on /home/airflow/.local/lib/python3.12/site-packages/airflow/example_dags/example_setup_teardown.py
[2024-10-04T09:51:30.059+0000] {processor.py:914} INFO - Processing file /home/airflow/.local/lib/python3.12/site-packages/airflow/example_dags/example_setup_teardown.py for tasks to queue
[2024-10-04T09:51:30.061+0000] {logging_mixin.py:190} INFO - [2024-10-04T09:51:30.060+0000] {dagbag.py:588} INFO - Filling up the DagBag from /home/airflow/.local/lib/python3.12/site-packages/airflow/example_dags/example_setup_teardown.py
[2024-10-04T09:51:30.064+0000] {processor.py:925} INFO - DAG(s) 'example_setup_teardown' retrieved from /home/airflow/.local/lib/python3.12/site-packages/airflow/example_dags/example_setup_teardown.py
[2024-10-04T09:51:30.077+0000] {logging_mixin.py:190} INFO - [2024-10-04T09:51:30.077+0000] {dag.py:3239} INFO - Sync 1 DAGs
[2024-10-04T09:51:30.086+0000] {logging_mixin.py:190} INFO - [2024-10-04T09:51:30.086+0000] {dag.py:4180} INFO - Setting next_dagrun for example_setup_teardown to None, run_after=None
[2024-10-04T09:51:30.096+0000] {processor.py:208} INFO - Processing /home/airflow/.local/lib/python3.12/site-packages/airflow/example_dags/example_setup_teardown.py took 0.041 seconds
[2024-10-04T09:52:00.505+0000] {processor.py:186} INFO - Started process (PID=742) to work on /home/airflow/.local/lib/python3.12/site-packages/airflow/example_dags/example_setup_teardown.py
[2024-10-04T09:52:00.509+0000] {processor.py:914} INFO - Processing file /home/airflow/.local/lib/python3.12/site-packages/airflow/example_dags/example_setup_teardown.py for tasks to queue
[2024-10-04T09:52:00.511+0000] {logging_mixin.py:190} INFO - [2024-10-04T09:52:00.511+0000] {dagbag.py:588} INFO - Filling up the DagBag from /home/airflow/.local/lib/python3.12/site-packages/airflow/example_dags/example_setup_teardown.py
[2024-10-04T09:52:00.514+0000] {processor.py:925} INFO - DAG(s) 'example_setup_teardown' retrieved from /home/airflow/.local/lib/python3.12/site-packages/airflow/example_dags/example_setup_teardown.py
[2024-10-04T09:52:00.531+0000] {logging_mixin.py:190} INFO - [2024-10-04T09:52:00.531+0000] {dag.py:3239} INFO - Sync 1 DAGs
[2024-10-04T09:52:00.542+0000] {logging_mixin.py:190} INFO - [2024-10-04T09:52:00.542+0000] {dag.py:4180} INFO - Setting next_dagrun for example_setup_teardown to None, run_after=None
[2024-10-04T09:52:00.557+0000] {processor.py:208} INFO - Processing /home/airflow/.local/lib/python3.12/site-packages/airflow/example_dags/example_setup_teardown.py took 0.054 seconds
