[2024-10-04T09:46:56.813+0000] {processor.py:186} INFO - Started process (PID=89) to work on /home/airflow/.local/lib/python3.12/site-packages/airflow/example_dags/example_datasets.py
[2024-10-04T09:46:56.814+0000] {processor.py:914} INFO - Processing file /home/airflow/.local/lib/python3.12/site-packages/airflow/example_dags/example_datasets.py for tasks to queue
[2024-10-04T09:46:56.818+0000] {logging_mixin.py:190} INFO - [2024-10-04T09:46:56.817+0000] {dagbag.py:588} INFO - Filling up the DagBag from /home/airflow/.local/lib/python3.12/site-packages/airflow/example_dags/example_datasets.py
[2024-10-04T09:46:56.945+0000] {processor.py:925} INFO - DAG(s) 'dataset_consumes_1', 'dataset_produces_2', 'consume_1_or_2_with_dataset_expressions', 'dataset_consumes_1_never_scheduled', 'consume_1_and_2_with_dataset_expressions', 'dataset_produces_1', 'dataset_consumes_unknown_never_scheduled', 'consume_1_or_both_2_and_3_with_dataset_expressions', 'conditional_dataset_and_time_based_timetable', 'dataset_consumes_1_and_2' retrieved from /home/airflow/.local/lib/python3.12/site-packages/airflow/example_dags/example_datasets.py
[2024-10-04T09:46:56.996+0000] {logging_mixin.py:190} INFO - [2024-10-04T09:46:56.996+0000] {dag.py:3239} INFO - Sync 10 DAGs
[2024-10-04T09:46:57.038+0000] {logging_mixin.py:190} INFO - [2024-10-04T09:46:57.038+0000] {dag.py:4180} INFO - Setting next_dagrun for conditional_dataset_and_time_based_timetable to 2024-10-02 01:00:00+00:00, run_after=2024-10-02 01:00:00+00:00
[2024-10-04T09:46:57.043+0000] {logging_mixin.py:190} INFO - [2024-10-04T09:46:57.043+0000] {dag.py:4180} INFO - Setting next_dagrun for consume_1_and_2_with_dataset_expressions to None, run_after=None
[2024-10-04T09:46:57.047+0000] {logging_mixin.py:190} INFO - [2024-10-04T09:46:57.047+0000] {dag.py:4180} INFO - Setting next_dagrun for consume_1_or_2_with_dataset_expressions to None, run_after=None
[2024-10-04T09:46:57.049+0000] {logging_mixin.py:190} INFO - [2024-10-04T09:46:57.049+0000] {dag.py:4180} INFO - Setting next_dagrun for consume_1_or_both_2_and_3_with_dataset_expressions to None, run_after=None
[2024-10-04T09:46:57.051+0000] {logging_mixin.py:190} INFO - [2024-10-04T09:46:57.051+0000] {dag.py:4180} INFO - Setting next_dagrun for dataset_consumes_1 to None, run_after=None
[2024-10-04T09:46:57.054+0000] {logging_mixin.py:190} INFO - [2024-10-04T09:46:57.054+0000] {dag.py:4180} INFO - Setting next_dagrun for dataset_consumes_1_and_2 to None, run_after=None
[2024-10-04T09:46:57.057+0000] {logging_mixin.py:190} INFO - [2024-10-04T09:46:57.057+0000] {dag.py:4180} INFO - Setting next_dagrun for dataset_consumes_1_never_scheduled to None, run_after=None
[2024-10-04T09:46:57.058+0000] {logging_mixin.py:190} INFO - [2024-10-04T09:46:57.058+0000] {dag.py:4180} INFO - Setting next_dagrun for dataset_consumes_unknown_never_scheduled to None, run_after=None
[2024-10-04T09:46:57.060+0000] {logging_mixin.py:190} INFO - [2024-10-04T09:46:57.060+0000] {dag.py:4180} INFO - Setting next_dagrun for dataset_produces_1 to 2024-10-03 00:00:00+00:00, run_after=2024-10-04 00:00:00+00:00
[2024-10-04T09:46:57.061+0000] {logging_mixin.py:190} INFO - [2024-10-04T09:46:57.061+0000] {dag.py:4180} INFO - Setting next_dagrun for dataset_produces_2 to None, run_after=None
[2024-10-04T09:46:57.095+0000] {processor.py:208} INFO - Processing /home/airflow/.local/lib/python3.12/site-packages/airflow/example_dags/example_datasets.py took 0.293 seconds
[2024-10-04T09:47:27.948+0000] {processor.py:186} INFO - Started process (PID=171) to work on /home/airflow/.local/lib/python3.12/site-packages/airflow/example_dags/example_datasets.py
[2024-10-04T09:47:27.949+0000] {processor.py:914} INFO - Processing file /home/airflow/.local/lib/python3.12/site-packages/airflow/example_dags/example_datasets.py for tasks to queue
[2024-10-04T09:47:27.950+0000] {logging_mixin.py:190} INFO - [2024-10-04T09:47:27.950+0000] {dagbag.py:588} INFO - Filling up the DagBag from /home/airflow/.local/lib/python3.12/site-packages/airflow/example_dags/example_datasets.py
[2024-10-04T09:47:28.036+0000] {processor.py:925} INFO - DAG(s) 'dataset_produces_2', 'consume_1_and_2_with_dataset_expressions', 'dataset_consumes_1_and_2', 'conditional_dataset_and_time_based_timetable', 'dataset_consumes_unknown_never_scheduled', 'consume_1_or_2_with_dataset_expressions', 'dataset_consumes_1', 'dataset_consumes_1_never_scheduled', 'dataset_produces_1', 'consume_1_or_both_2_and_3_with_dataset_expressions' retrieved from /home/airflow/.local/lib/python3.12/site-packages/airflow/example_dags/example_datasets.py
[2024-10-04T09:47:28.064+0000] {logging_mixin.py:190} INFO - [2024-10-04T09:47:28.064+0000] {dag.py:3239} INFO - Sync 10 DAGs
[2024-10-04T09:47:28.085+0000] {logging_mixin.py:190} INFO - [2024-10-04T09:47:28.085+0000] {dag.py:4180} INFO - Setting next_dagrun for conditional_dataset_and_time_based_timetable to 2024-10-02 01:00:00+00:00, run_after=2024-10-02 01:00:00+00:00
[2024-10-04T09:47:28.088+0000] {logging_mixin.py:190} INFO - [2024-10-04T09:47:28.088+0000] {dag.py:4180} INFO - Setting next_dagrun for consume_1_and_2_with_dataset_expressions to None, run_after=None
[2024-10-04T09:47:28.092+0000] {logging_mixin.py:190} INFO - [2024-10-04T09:47:28.092+0000] {dag.py:4180} INFO - Setting next_dagrun for consume_1_or_2_with_dataset_expressions to None, run_after=None
[2024-10-04T09:47:28.094+0000] {logging_mixin.py:190} INFO - [2024-10-04T09:47:28.094+0000] {dag.py:4180} INFO - Setting next_dagrun for consume_1_or_both_2_and_3_with_dataset_expressions to None, run_after=None
[2024-10-04T09:47:28.095+0000] {logging_mixin.py:190} INFO - [2024-10-04T09:47:28.094+0000] {dag.py:4180} INFO - Setting next_dagrun for dataset_consumes_1 to None, run_after=None
[2024-10-04T09:47:28.096+0000] {logging_mixin.py:190} INFO - [2024-10-04T09:47:28.096+0000] {dag.py:4180} INFO - Setting next_dagrun for dataset_consumes_1_and_2 to None, run_after=None
[2024-10-04T09:47:28.097+0000] {logging_mixin.py:190} INFO - [2024-10-04T09:47:28.097+0000] {dag.py:4180} INFO - Setting next_dagrun for dataset_consumes_1_never_scheduled to None, run_after=None
[2024-10-04T09:47:28.098+0000] {logging_mixin.py:190} INFO - [2024-10-04T09:47:28.098+0000] {dag.py:4180} INFO - Setting next_dagrun for dataset_consumes_unknown_never_scheduled to None, run_after=None
[2024-10-04T09:47:28.100+0000] {logging_mixin.py:190} INFO - [2024-10-04T09:47:28.100+0000] {dag.py:4180} INFO - Setting next_dagrun for dataset_produces_1 to 2024-10-03 00:00:00+00:00, run_after=2024-10-04 00:00:00+00:00
[2024-10-04T09:47:28.100+0000] {logging_mixin.py:190} INFO - [2024-10-04T09:47:28.100+0000] {dag.py:4180} INFO - Setting next_dagrun for dataset_produces_2 to None, run_after=None
[2024-10-04T09:47:28.121+0000] {processor.py:208} INFO - Processing /home/airflow/.local/lib/python3.12/site-packages/airflow/example_dags/example_datasets.py took 0.178 seconds
[2024-10-04T09:47:58.695+0000] {processor.py:186} INFO - Started process (PID=238) to work on /home/airflow/.local/lib/python3.12/site-packages/airflow/example_dags/example_datasets.py
[2024-10-04T09:47:58.696+0000] {processor.py:914} INFO - Processing file /home/airflow/.local/lib/python3.12/site-packages/airflow/example_dags/example_datasets.py for tasks to queue
[2024-10-04T09:47:58.697+0000] {logging_mixin.py:190} INFO - [2024-10-04T09:47:58.697+0000] {dagbag.py:588} INFO - Filling up the DagBag from /home/airflow/.local/lib/python3.12/site-packages/airflow/example_dags/example_datasets.py
[2024-10-04T09:47:58.781+0000] {processor.py:925} INFO - DAG(s) 'consume_1_or_2_with_dataset_expressions', 'dataset_produces_2', 'consume_1_and_2_with_dataset_expressions', 'dataset_consumes_1_and_2', 'dataset_consumes_unknown_never_scheduled', 'dataset_consumes_1_never_scheduled', 'conditional_dataset_and_time_based_timetable', 'dataset_produces_1', 'consume_1_or_both_2_and_3_with_dataset_expressions', 'dataset_consumes_1' retrieved from /home/airflow/.local/lib/python3.12/site-packages/airflow/example_dags/example_datasets.py
[2024-10-04T09:47:58.803+0000] {logging_mixin.py:190} INFO - [2024-10-04T09:47:58.803+0000] {dag.py:3239} INFO - Sync 10 DAGs
[2024-10-04T09:47:58.827+0000] {logging_mixin.py:190} INFO - [2024-10-04T09:47:58.827+0000] {dag.py:4180} INFO - Setting next_dagrun for conditional_dataset_and_time_based_timetable to 2024-10-02 01:00:00+00:00, run_after=2024-10-02 01:00:00+00:00
[2024-10-04T09:47:58.829+0000] {logging_mixin.py:190} INFO - [2024-10-04T09:47:58.829+0000] {dag.py:4180} INFO - Setting next_dagrun for consume_1_and_2_with_dataset_expressions to None, run_after=None
[2024-10-04T09:47:58.830+0000] {logging_mixin.py:190} INFO - [2024-10-04T09:47:58.830+0000] {dag.py:4180} INFO - Setting next_dagrun for consume_1_or_2_with_dataset_expressions to None, run_after=None
[2024-10-04T09:47:58.831+0000] {logging_mixin.py:190} INFO - [2024-10-04T09:47:58.831+0000] {dag.py:4180} INFO - Setting next_dagrun for consume_1_or_both_2_and_3_with_dataset_expressions to None, run_after=None
[2024-10-04T09:47:58.832+0000] {logging_mixin.py:190} INFO - [2024-10-04T09:47:58.832+0000] {dag.py:4180} INFO - Setting next_dagrun for dataset_consumes_1 to None, run_after=None
[2024-10-04T09:47:58.833+0000] {logging_mixin.py:190} INFO - [2024-10-04T09:47:58.833+0000] {dag.py:4180} INFO - Setting next_dagrun for dataset_consumes_1_and_2 to None, run_after=None
[2024-10-04T09:47:58.834+0000] {logging_mixin.py:190} INFO - [2024-10-04T09:47:58.834+0000] {dag.py:4180} INFO - Setting next_dagrun for dataset_consumes_1_never_scheduled to None, run_after=None
[2024-10-04T09:47:58.834+0000] {logging_mixin.py:190} INFO - [2024-10-04T09:47:58.834+0000] {dag.py:4180} INFO - Setting next_dagrun for dataset_consumes_unknown_never_scheduled to None, run_after=None
[2024-10-04T09:47:58.836+0000] {logging_mixin.py:190} INFO - [2024-10-04T09:47:58.835+0000] {dag.py:4180} INFO - Setting next_dagrun for dataset_produces_1 to 2024-10-03 00:00:00+00:00, run_after=2024-10-04 00:00:00+00:00
[2024-10-04T09:47:58.836+0000] {logging_mixin.py:190} INFO - [2024-10-04T09:47:58.836+0000] {dag.py:4180} INFO - Setting next_dagrun for dataset_produces_2 to None, run_after=None
[2024-10-04T09:47:58.861+0000] {processor.py:208} INFO - Processing /home/airflow/.local/lib/python3.12/site-packages/airflow/example_dags/example_datasets.py took 0.169 seconds
[2024-10-04T09:48:29.290+0000] {processor.py:186} INFO - Started process (PID=305) to work on /home/airflow/.local/lib/python3.12/site-packages/airflow/example_dags/example_datasets.py
[2024-10-04T09:48:29.291+0000] {processor.py:914} INFO - Processing file /home/airflow/.local/lib/python3.12/site-packages/airflow/example_dags/example_datasets.py for tasks to queue
[2024-10-04T09:48:29.292+0000] {logging_mixin.py:190} INFO - [2024-10-04T09:48:29.292+0000] {dagbag.py:588} INFO - Filling up the DagBag from /home/airflow/.local/lib/python3.12/site-packages/airflow/example_dags/example_datasets.py
[2024-10-04T09:48:29.378+0000] {processor.py:925} INFO - DAG(s) 'dataset_consumes_1', 'dataset_consumes_1_never_scheduled', 'consume_1_or_both_2_and_3_with_dataset_expressions', 'consume_1_or_2_with_dataset_expressions', 'dataset_consumes_1_and_2', 'conditional_dataset_and_time_based_timetable', 'dataset_produces_2', 'consume_1_and_2_with_dataset_expressions', 'dataset_consumes_unknown_never_scheduled', 'dataset_produces_1' retrieved from /home/airflow/.local/lib/python3.12/site-packages/airflow/example_dags/example_datasets.py
[2024-10-04T09:48:29.401+0000] {logging_mixin.py:190} INFO - [2024-10-04T09:48:29.401+0000] {dag.py:3239} INFO - Sync 10 DAGs
[2024-10-04T09:48:29.423+0000] {logging_mixin.py:190} INFO - [2024-10-04T09:48:29.423+0000] {dag.py:4180} INFO - Setting next_dagrun for conditional_dataset_and_time_based_timetable to 2024-10-02 01:00:00+00:00, run_after=2024-10-02 01:00:00+00:00
[2024-10-04T09:48:29.430+0000] {logging_mixin.py:190} INFO - [2024-10-04T09:48:29.429+0000] {dag.py:4180} INFO - Setting next_dagrun for consume_1_and_2_with_dataset_expressions to None, run_after=None
[2024-10-04T09:48:29.431+0000] {logging_mixin.py:190} INFO - [2024-10-04T09:48:29.431+0000] {dag.py:4180} INFO - Setting next_dagrun for consume_1_or_2_with_dataset_expressions to None, run_after=None
[2024-10-04T09:48:29.433+0000] {logging_mixin.py:190} INFO - [2024-10-04T09:48:29.432+0000] {dag.py:4180} INFO - Setting next_dagrun for consume_1_or_both_2_and_3_with_dataset_expressions to None, run_after=None
[2024-10-04T09:48:29.434+0000] {logging_mixin.py:190} INFO - [2024-10-04T09:48:29.433+0000] {dag.py:4180} INFO - Setting next_dagrun for dataset_consumes_1 to None, run_after=None
[2024-10-04T09:48:29.435+0000] {logging_mixin.py:190} INFO - [2024-10-04T09:48:29.435+0000] {dag.py:4180} INFO - Setting next_dagrun for dataset_consumes_1_and_2 to None, run_after=None
[2024-10-04T09:48:29.436+0000] {logging_mixin.py:190} INFO - [2024-10-04T09:48:29.435+0000] {dag.py:4180} INFO - Setting next_dagrun for dataset_consumes_1_never_scheduled to None, run_after=None
[2024-10-04T09:48:29.436+0000] {logging_mixin.py:190} INFO - [2024-10-04T09:48:29.436+0000] {dag.py:4180} INFO - Setting next_dagrun for dataset_consumes_unknown_never_scheduled to None, run_after=None
[2024-10-04T09:48:29.438+0000] {logging_mixin.py:190} INFO - [2024-10-04T09:48:29.437+0000] {dag.py:4180} INFO - Setting next_dagrun for dataset_produces_1 to 2024-10-03 00:00:00+00:00, run_after=2024-10-04 00:00:00+00:00
[2024-10-04T09:48:29.438+0000] {logging_mixin.py:190} INFO - [2024-10-04T09:48:29.438+0000] {dag.py:4180} INFO - Setting next_dagrun for dataset_produces_2 to None, run_after=None
[2024-10-04T09:48:29.497+0000] {processor.py:208} INFO - Processing /home/airflow/.local/lib/python3.12/site-packages/airflow/example_dags/example_datasets.py took 0.212 seconds
[2024-10-04T09:48:59.824+0000] {processor.py:186} INFO - Started process (PID=372) to work on /home/airflow/.local/lib/python3.12/site-packages/airflow/example_dags/example_datasets.py
[2024-10-04T09:48:59.825+0000] {processor.py:914} INFO - Processing file /home/airflow/.local/lib/python3.12/site-packages/airflow/example_dags/example_datasets.py for tasks to queue
[2024-10-04T09:48:59.827+0000] {logging_mixin.py:190} INFO - [2024-10-04T09:48:59.827+0000] {dagbag.py:588} INFO - Filling up the DagBag from /home/airflow/.local/lib/python3.12/site-packages/airflow/example_dags/example_datasets.py
[2024-10-04T09:48:59.921+0000] {processor.py:925} INFO - DAG(s) 'dataset_produces_2', 'dataset_consumes_1_never_scheduled', 'dataset_consumes_1_and_2', 'dataset_consumes_unknown_never_scheduled', 'consume_1_and_2_with_dataset_expressions', 'consume_1_or_2_with_dataset_expressions', 'dataset_consumes_1', 'consume_1_or_both_2_and_3_with_dataset_expressions', 'dataset_produces_1', 'conditional_dataset_and_time_based_timetable' retrieved from /home/airflow/.local/lib/python3.12/site-packages/airflow/example_dags/example_datasets.py
[2024-10-04T09:48:59.946+0000] {logging_mixin.py:190} INFO - [2024-10-04T09:48:59.945+0000] {dag.py:3239} INFO - Sync 10 DAGs
[2024-10-04T09:48:59.968+0000] {logging_mixin.py:190} INFO - [2024-10-04T09:48:59.968+0000] {dag.py:4180} INFO - Setting next_dagrun for conditional_dataset_and_time_based_timetable to 2024-10-02 01:00:00+00:00, run_after=2024-10-02 01:00:00+00:00
[2024-10-04T09:48:59.973+0000] {logging_mixin.py:190} INFO - [2024-10-04T09:48:59.972+0000] {dag.py:4180} INFO - Setting next_dagrun for consume_1_and_2_with_dataset_expressions to None, run_after=None
[2024-10-04T09:48:59.974+0000] {logging_mixin.py:190} INFO - [2024-10-04T09:48:59.973+0000] {dag.py:4180} INFO - Setting next_dagrun for consume_1_or_2_with_dataset_expressions to None, run_after=None
[2024-10-04T09:48:59.974+0000] {logging_mixin.py:190} INFO - [2024-10-04T09:48:59.974+0000] {dag.py:4180} INFO - Setting next_dagrun for consume_1_or_both_2_and_3_with_dataset_expressions to None, run_after=None
[2024-10-04T09:48:59.975+0000] {logging_mixin.py:190} INFO - [2024-10-04T09:48:59.975+0000] {dag.py:4180} INFO - Setting next_dagrun for dataset_consumes_1 to None, run_after=None
[2024-10-04T09:48:59.976+0000] {logging_mixin.py:190} INFO - [2024-10-04T09:48:59.976+0000] {dag.py:4180} INFO - Setting next_dagrun for dataset_consumes_1_and_2 to None, run_after=None
[2024-10-04T09:48:59.977+0000] {logging_mixin.py:190} INFO - [2024-10-04T09:48:59.977+0000] {dag.py:4180} INFO - Setting next_dagrun for dataset_consumes_1_never_scheduled to None, run_after=None
[2024-10-04T09:48:59.978+0000] {logging_mixin.py:190} INFO - [2024-10-04T09:48:59.977+0000] {dag.py:4180} INFO - Setting next_dagrun for dataset_consumes_unknown_never_scheduled to None, run_after=None
[2024-10-04T09:48:59.979+0000] {logging_mixin.py:190} INFO - [2024-10-04T09:48:59.979+0000] {dag.py:4180} INFO - Setting next_dagrun for dataset_produces_1 to 2024-10-03 00:00:00+00:00, run_after=2024-10-04 00:00:00+00:00
[2024-10-04T09:48:59.979+0000] {logging_mixin.py:190} INFO - [2024-10-04T09:48:59.979+0000] {dag.py:4180} INFO - Setting next_dagrun for dataset_produces_2 to None, run_after=None
[2024-10-04T09:49:00.001+0000] {processor.py:208} INFO - Processing /home/airflow/.local/lib/python3.12/site-packages/airflow/example_dags/example_datasets.py took 0.181 seconds
[2024-10-04T09:49:30.302+0000] {processor.py:186} INFO - Started process (PID=439) to work on /home/airflow/.local/lib/python3.12/site-packages/airflow/example_dags/example_datasets.py
[2024-10-04T09:49:30.303+0000] {processor.py:914} INFO - Processing file /home/airflow/.local/lib/python3.12/site-packages/airflow/example_dags/example_datasets.py for tasks to queue
[2024-10-04T09:49:30.305+0000] {logging_mixin.py:190} INFO - [2024-10-04T09:49:30.305+0000] {dagbag.py:588} INFO - Filling up the DagBag from /home/airflow/.local/lib/python3.12/site-packages/airflow/example_dags/example_datasets.py
[2024-10-04T09:49:30.386+0000] {processor.py:925} INFO - DAG(s) 'dataset_consumes_1', 'conditional_dataset_and_time_based_timetable', 'dataset_produces_2', 'dataset_consumes_1_never_scheduled', 'consume_1_and_2_with_dataset_expressions', 'consume_1_or_both_2_and_3_with_dataset_expressions', 'consume_1_or_2_with_dataset_expressions', 'dataset_consumes_1_and_2', 'dataset_consumes_unknown_never_scheduled', 'dataset_produces_1' retrieved from /home/airflow/.local/lib/python3.12/site-packages/airflow/example_dags/example_datasets.py
[2024-10-04T09:49:30.410+0000] {logging_mixin.py:190} INFO - [2024-10-04T09:49:30.410+0000] {dag.py:3239} INFO - Sync 10 DAGs
[2024-10-04T09:49:30.430+0000] {logging_mixin.py:190} INFO - [2024-10-04T09:49:30.430+0000] {dag.py:4180} INFO - Setting next_dagrun for conditional_dataset_and_time_based_timetable to 2024-10-02 01:00:00+00:00, run_after=2024-10-02 01:00:00+00:00
[2024-10-04T09:49:30.433+0000] {logging_mixin.py:190} INFO - [2024-10-04T09:49:30.433+0000] {dag.py:4180} INFO - Setting next_dagrun for consume_1_and_2_with_dataset_expressions to None, run_after=None
[2024-10-04T09:49:30.434+0000] {logging_mixin.py:190} INFO - [2024-10-04T09:49:30.434+0000] {dag.py:4180} INFO - Setting next_dagrun for consume_1_or_2_with_dataset_expressions to None, run_after=None
[2024-10-04T09:49:30.434+0000] {logging_mixin.py:190} INFO - [2024-10-04T09:49:30.434+0000] {dag.py:4180} INFO - Setting next_dagrun for consume_1_or_both_2_and_3_with_dataset_expressions to None, run_after=None
[2024-10-04T09:49:30.435+0000] {logging_mixin.py:190} INFO - [2024-10-04T09:49:30.435+0000] {dag.py:4180} INFO - Setting next_dagrun for dataset_consumes_1 to None, run_after=None
[2024-10-04T09:49:30.436+0000] {logging_mixin.py:190} INFO - [2024-10-04T09:49:30.436+0000] {dag.py:4180} INFO - Setting next_dagrun for dataset_consumes_1_and_2 to None, run_after=None
[2024-10-04T09:49:30.436+0000] {logging_mixin.py:190} INFO - [2024-10-04T09:49:30.436+0000] {dag.py:4180} INFO - Setting next_dagrun for dataset_consumes_1_never_scheduled to None, run_after=None
[2024-10-04T09:49:30.437+0000] {logging_mixin.py:190} INFO - [2024-10-04T09:49:30.437+0000] {dag.py:4180} INFO - Setting next_dagrun for dataset_consumes_unknown_never_scheduled to None, run_after=None
[2024-10-04T09:49:30.438+0000] {logging_mixin.py:190} INFO - [2024-10-04T09:49:30.438+0000] {dag.py:4180} INFO - Setting next_dagrun for dataset_produces_1 to 2024-10-03 00:00:00+00:00, run_after=2024-10-04 00:00:00+00:00
[2024-10-04T09:49:30.438+0000] {logging_mixin.py:190} INFO - [2024-10-04T09:49:30.438+0000] {dag.py:4180} INFO - Setting next_dagrun for dataset_produces_2 to None, run_after=None
[2024-10-04T09:49:30.456+0000] {processor.py:208} INFO - Processing /home/airflow/.local/lib/python3.12/site-packages/airflow/example_dags/example_datasets.py took 0.161 seconds
[2024-10-04T09:50:00.704+0000] {processor.py:186} INFO - Started process (PID=506) to work on /home/airflow/.local/lib/python3.12/site-packages/airflow/example_dags/example_datasets.py
[2024-10-04T09:50:00.705+0000] {processor.py:914} INFO - Processing file /home/airflow/.local/lib/python3.12/site-packages/airflow/example_dags/example_datasets.py for tasks to queue
[2024-10-04T09:50:00.708+0000] {logging_mixin.py:190} INFO - [2024-10-04T09:50:00.707+0000] {dagbag.py:588} INFO - Filling up the DagBag from /home/airflow/.local/lib/python3.12/site-packages/airflow/example_dags/example_datasets.py
[2024-10-04T09:50:00.790+0000] {processor.py:925} INFO - DAG(s) 'consume_1_and_2_with_dataset_expressions', 'dataset_consumes_1_and_2', 'dataset_consumes_unknown_never_scheduled', 'dataset_consumes_1', 'consume_1_or_2_with_dataset_expressions', 'dataset_produces_1', 'dataset_consumes_1_never_scheduled', 'conditional_dataset_and_time_based_timetable', 'consume_1_or_both_2_and_3_with_dataset_expressions', 'dataset_produces_2' retrieved from /home/airflow/.local/lib/python3.12/site-packages/airflow/example_dags/example_datasets.py
[2024-10-04T09:50:00.814+0000] {logging_mixin.py:190} INFO - [2024-10-04T09:50:00.814+0000] {dag.py:3239} INFO - Sync 10 DAGs
[2024-10-04T09:50:00.831+0000] {logging_mixin.py:190} INFO - [2024-10-04T09:50:00.831+0000] {dag.py:4180} INFO - Setting next_dagrun for conditional_dataset_and_time_based_timetable to 2024-10-02 01:00:00+00:00, run_after=2024-10-02 01:00:00+00:00
[2024-10-04T09:50:00.833+0000] {logging_mixin.py:190} INFO - [2024-10-04T09:50:00.833+0000] {dag.py:4180} INFO - Setting next_dagrun for consume_1_and_2_with_dataset_expressions to None, run_after=None
[2024-10-04T09:50:00.834+0000] {logging_mixin.py:190} INFO - [2024-10-04T09:50:00.834+0000] {dag.py:4180} INFO - Setting next_dagrun for consume_1_or_2_with_dataset_expressions to None, run_after=None
[2024-10-04T09:50:00.834+0000] {logging_mixin.py:190} INFO - [2024-10-04T09:50:00.834+0000] {dag.py:4180} INFO - Setting next_dagrun for consume_1_or_both_2_and_3_with_dataset_expressions to None, run_after=None
[2024-10-04T09:50:00.835+0000] {logging_mixin.py:190} INFO - [2024-10-04T09:50:00.835+0000] {dag.py:4180} INFO - Setting next_dagrun for dataset_consumes_1 to None, run_after=None
[2024-10-04T09:50:00.836+0000] {logging_mixin.py:190} INFO - [2024-10-04T09:50:00.836+0000] {dag.py:4180} INFO - Setting next_dagrun for dataset_consumes_1_and_2 to None, run_after=None
[2024-10-04T09:50:00.837+0000] {logging_mixin.py:190} INFO - [2024-10-04T09:50:00.837+0000] {dag.py:4180} INFO - Setting next_dagrun for dataset_consumes_1_never_scheduled to None, run_after=None
[2024-10-04T09:50:00.838+0000] {logging_mixin.py:190} INFO - [2024-10-04T09:50:00.838+0000] {dag.py:4180} INFO - Setting next_dagrun for dataset_consumes_unknown_never_scheduled to None, run_after=None
[2024-10-04T09:50:00.839+0000] {logging_mixin.py:190} INFO - [2024-10-04T09:50:00.839+0000] {dag.py:4180} INFO - Setting next_dagrun for dataset_produces_1 to 2024-10-03 00:00:00+00:00, run_after=2024-10-04 00:00:00+00:00
[2024-10-04T09:50:00.840+0000] {logging_mixin.py:190} INFO - [2024-10-04T09:50:00.840+0000] {dag.py:4180} INFO - Setting next_dagrun for dataset_produces_2 to None, run_after=None
[2024-10-04T09:50:00.857+0000] {processor.py:208} INFO - Processing /home/airflow/.local/lib/python3.12/site-packages/airflow/example_dags/example_datasets.py took 0.160 seconds
[2024-10-04T09:50:31.167+0000] {processor.py:186} INFO - Started process (PID=573) to work on /home/airflow/.local/lib/python3.12/site-packages/airflow/example_dags/example_datasets.py
[2024-10-04T09:50:31.168+0000] {processor.py:914} INFO - Processing file /home/airflow/.local/lib/python3.12/site-packages/airflow/example_dags/example_datasets.py for tasks to queue
[2024-10-04T09:50:31.170+0000] {logging_mixin.py:190} INFO - [2024-10-04T09:50:31.170+0000] {dagbag.py:588} INFO - Filling up the DagBag from /home/airflow/.local/lib/python3.12/site-packages/airflow/example_dags/example_datasets.py
[2024-10-04T09:50:31.254+0000] {processor.py:925} INFO - DAG(s) 'consume_1_or_2_with_dataset_expressions', 'consume_1_and_2_with_dataset_expressions', 'consume_1_or_both_2_and_3_with_dataset_expressions', 'dataset_produces_2', 'dataset_consumes_1_never_scheduled', 'dataset_consumes_unknown_never_scheduled', 'dataset_consumes_1_and_2', 'conditional_dataset_and_time_based_timetable', 'dataset_produces_1', 'dataset_consumes_1' retrieved from /home/airflow/.local/lib/python3.12/site-packages/airflow/example_dags/example_datasets.py
[2024-10-04T09:50:31.276+0000] {logging_mixin.py:190} INFO - [2024-10-04T09:50:31.276+0000] {dag.py:3239} INFO - Sync 10 DAGs
[2024-10-04T09:50:31.293+0000] {logging_mixin.py:190} INFO - [2024-10-04T09:50:31.293+0000] {dag.py:4180} INFO - Setting next_dagrun for conditional_dataset_and_time_based_timetable to 2024-10-02 01:00:00+00:00, run_after=2024-10-02 01:00:00+00:00
[2024-10-04T09:50:31.295+0000] {logging_mixin.py:190} INFO - [2024-10-04T09:50:31.295+0000] {dag.py:4180} INFO - Setting next_dagrun for consume_1_and_2_with_dataset_expressions to None, run_after=None
[2024-10-04T09:50:31.296+0000] {logging_mixin.py:190} INFO - [2024-10-04T09:50:31.296+0000] {dag.py:4180} INFO - Setting next_dagrun for consume_1_or_2_with_dataset_expressions to None, run_after=None
[2024-10-04T09:50:31.297+0000] {logging_mixin.py:190} INFO - [2024-10-04T09:50:31.297+0000] {dag.py:4180} INFO - Setting next_dagrun for consume_1_or_both_2_and_3_with_dataset_expressions to None, run_after=None
[2024-10-04T09:50:31.298+0000] {logging_mixin.py:190} INFO - [2024-10-04T09:50:31.298+0000] {dag.py:4180} INFO - Setting next_dagrun for dataset_consumes_1 to None, run_after=None
[2024-10-04T09:50:31.299+0000] {logging_mixin.py:190} INFO - [2024-10-04T09:50:31.299+0000] {dag.py:4180} INFO - Setting next_dagrun for dataset_consumes_1_and_2 to None, run_after=None
[2024-10-04T09:50:31.299+0000] {logging_mixin.py:190} INFO - [2024-10-04T09:50:31.299+0000] {dag.py:4180} INFO - Setting next_dagrun for dataset_consumes_1_never_scheduled to None, run_after=None
[2024-10-04T09:50:31.300+0000] {logging_mixin.py:190} INFO - [2024-10-04T09:50:31.300+0000] {dag.py:4180} INFO - Setting next_dagrun for dataset_consumes_unknown_never_scheduled to None, run_after=None
[2024-10-04T09:50:31.301+0000] {logging_mixin.py:190} INFO - [2024-10-04T09:50:31.301+0000] {dag.py:4180} INFO - Setting next_dagrun for dataset_produces_1 to 2024-10-03 00:00:00+00:00, run_after=2024-10-04 00:00:00+00:00
[2024-10-04T09:50:31.302+0000] {logging_mixin.py:190} INFO - [2024-10-04T09:50:31.302+0000] {dag.py:4180} INFO - Setting next_dagrun for dataset_produces_2 to None, run_after=None
[2024-10-04T09:50:31.321+0000] {processor.py:208} INFO - Processing /home/airflow/.local/lib/python3.12/site-packages/airflow/example_dags/example_datasets.py took 0.160 seconds
[2024-10-04T09:51:01.815+0000] {processor.py:186} INFO - Started process (PID=640) to work on /home/airflow/.local/lib/python3.12/site-packages/airflow/example_dags/example_datasets.py
[2024-10-04T09:51:01.816+0000] {processor.py:914} INFO - Processing file /home/airflow/.local/lib/python3.12/site-packages/airflow/example_dags/example_datasets.py for tasks to queue
[2024-10-04T09:51:01.820+0000] {logging_mixin.py:190} INFO - [2024-10-04T09:51:01.819+0000] {dagbag.py:588} INFO - Filling up the DagBag from /home/airflow/.local/lib/python3.12/site-packages/airflow/example_dags/example_datasets.py
[2024-10-04T09:51:01.913+0000] {processor.py:925} INFO - DAG(s) 'dataset_consumes_1_and_2', 'dataset_consumes_1', 'consume_1_or_2_with_dataset_expressions', 'consume_1_or_both_2_and_3_with_dataset_expressions', 'dataset_produces_1', 'dataset_consumes_1_never_scheduled', 'consume_1_and_2_with_dataset_expressions', 'dataset_consumes_unknown_never_scheduled', 'dataset_produces_2', 'conditional_dataset_and_time_based_timetable' retrieved from /home/airflow/.local/lib/python3.12/site-packages/airflow/example_dags/example_datasets.py
[2024-10-04T09:51:01.937+0000] {logging_mixin.py:190} INFO - [2024-10-04T09:51:01.936+0000] {dag.py:3239} INFO - Sync 10 DAGs
[2024-10-04T09:51:01.961+0000] {logging_mixin.py:190} INFO - [2024-10-04T09:51:01.961+0000] {dag.py:4180} INFO - Setting next_dagrun for conditional_dataset_and_time_based_timetable to 2024-10-02 01:00:00+00:00, run_after=2024-10-02 01:00:00+00:00
[2024-10-04T09:51:01.964+0000] {logging_mixin.py:190} INFO - [2024-10-04T09:51:01.964+0000] {dag.py:4180} INFO - Setting next_dagrun for consume_1_and_2_with_dataset_expressions to None, run_after=None
[2024-10-04T09:51:01.965+0000] {logging_mixin.py:190} INFO - [2024-10-04T09:51:01.965+0000] {dag.py:4180} INFO - Setting next_dagrun for consume_1_or_2_with_dataset_expressions to None, run_after=None
[2024-10-04T09:51:01.965+0000] {logging_mixin.py:190} INFO - [2024-10-04T09:51:01.965+0000] {dag.py:4180} INFO - Setting next_dagrun for consume_1_or_both_2_and_3_with_dataset_expressions to None, run_after=None
[2024-10-04T09:51:01.966+0000] {logging_mixin.py:190} INFO - [2024-10-04T09:51:01.966+0000] {dag.py:4180} INFO - Setting next_dagrun for dataset_consumes_1 to None, run_after=None
[2024-10-04T09:51:01.967+0000] {logging_mixin.py:190} INFO - [2024-10-04T09:51:01.966+0000] {dag.py:4180} INFO - Setting next_dagrun for dataset_consumes_1_and_2 to None, run_after=None
[2024-10-04T09:51:01.967+0000] {logging_mixin.py:190} INFO - [2024-10-04T09:51:01.967+0000] {dag.py:4180} INFO - Setting next_dagrun for dataset_consumes_1_never_scheduled to None, run_after=None
[2024-10-04T09:51:01.968+0000] {logging_mixin.py:190} INFO - [2024-10-04T09:51:01.968+0000] {dag.py:4180} INFO - Setting next_dagrun for dataset_consumes_unknown_never_scheduled to None, run_after=None
[2024-10-04T09:51:01.969+0000] {logging_mixin.py:190} INFO - [2024-10-04T09:51:01.969+0000] {dag.py:4180} INFO - Setting next_dagrun for dataset_produces_1 to 2024-10-03 00:00:00+00:00, run_after=2024-10-04 00:00:00+00:00
[2024-10-04T09:51:01.970+0000] {logging_mixin.py:190} INFO - [2024-10-04T09:51:01.970+0000] {dag.py:4180} INFO - Setting next_dagrun for dataset_produces_2 to None, run_after=None
[2024-10-04T09:51:01.990+0000] {processor.py:208} INFO - Processing /home/airflow/.local/lib/python3.12/site-packages/airflow/example_dags/example_datasets.py took 0.181 seconds
[2024-10-04T09:51:32.272+0000] {processor.py:186} INFO - Started process (PID=707) to work on /home/airflow/.local/lib/python3.12/site-packages/airflow/example_dags/example_datasets.py
[2024-10-04T09:51:32.274+0000] {processor.py:914} INFO - Processing file /home/airflow/.local/lib/python3.12/site-packages/airflow/example_dags/example_datasets.py for tasks to queue
[2024-10-04T09:51:32.276+0000] {logging_mixin.py:190} INFO - [2024-10-04T09:51:32.276+0000] {dagbag.py:588} INFO - Filling up the DagBag from /home/airflow/.local/lib/python3.12/site-packages/airflow/example_dags/example_datasets.py
[2024-10-04T09:51:32.360+0000] {processor.py:925} INFO - DAG(s) 'conditional_dataset_and_time_based_timetable', 'dataset_consumes_1_never_scheduled', 'dataset_consumes_unknown_never_scheduled', 'consume_1_and_2_with_dataset_expressions', 'consume_1_or_both_2_and_3_with_dataset_expressions', 'dataset_consumes_1_and_2', 'dataset_consumes_1', 'dataset_produces_1', 'dataset_produces_2', 'consume_1_or_2_with_dataset_expressions' retrieved from /home/airflow/.local/lib/python3.12/site-packages/airflow/example_dags/example_datasets.py
[2024-10-04T09:51:32.384+0000] {logging_mixin.py:190} INFO - [2024-10-04T09:51:32.384+0000] {dag.py:3239} INFO - Sync 10 DAGs
[2024-10-04T09:51:32.402+0000] {logging_mixin.py:190} INFO - [2024-10-04T09:51:32.401+0000] {dag.py:4180} INFO - Setting next_dagrun for conditional_dataset_and_time_based_timetable to 2024-10-02 01:00:00+00:00, run_after=2024-10-02 01:00:00+00:00
[2024-10-04T09:51:32.404+0000] {logging_mixin.py:190} INFO - [2024-10-04T09:51:32.404+0000] {dag.py:4180} INFO - Setting next_dagrun for consume_1_and_2_with_dataset_expressions to None, run_after=None
[2024-10-04T09:51:32.405+0000] {logging_mixin.py:190} INFO - [2024-10-04T09:51:32.405+0000] {dag.py:4180} INFO - Setting next_dagrun for consume_1_or_2_with_dataset_expressions to None, run_after=None
[2024-10-04T09:51:32.406+0000] {logging_mixin.py:190} INFO - [2024-10-04T09:51:32.406+0000] {dag.py:4180} INFO - Setting next_dagrun for consume_1_or_both_2_and_3_with_dataset_expressions to None, run_after=None
[2024-10-04T09:51:32.406+0000] {logging_mixin.py:190} INFO - [2024-10-04T09:51:32.406+0000] {dag.py:4180} INFO - Setting next_dagrun for dataset_consumes_1 to None, run_after=None
[2024-10-04T09:51:32.407+0000] {logging_mixin.py:190} INFO - [2024-10-04T09:51:32.407+0000] {dag.py:4180} INFO - Setting next_dagrun for dataset_consumes_1_and_2 to None, run_after=None
[2024-10-04T09:51:32.407+0000] {logging_mixin.py:190} INFO - [2024-10-04T09:51:32.407+0000] {dag.py:4180} INFO - Setting next_dagrun for dataset_consumes_1_never_scheduled to None, run_after=None
[2024-10-04T09:51:32.408+0000] {logging_mixin.py:190} INFO - [2024-10-04T09:51:32.408+0000] {dag.py:4180} INFO - Setting next_dagrun for dataset_consumes_unknown_never_scheduled to None, run_after=None
[2024-10-04T09:51:32.409+0000] {logging_mixin.py:190} INFO - [2024-10-04T09:51:32.409+0000] {dag.py:4180} INFO - Setting next_dagrun for dataset_produces_1 to 2024-10-03 00:00:00+00:00, run_after=2024-10-04 00:00:00+00:00
[2024-10-04T09:51:32.410+0000] {logging_mixin.py:190} INFO - [2024-10-04T09:51:32.410+0000] {dag.py:4180} INFO - Setting next_dagrun for dataset_produces_2 to None, run_after=None
[2024-10-04T09:51:32.429+0000] {processor.py:208} INFO - Processing /home/airflow/.local/lib/python3.12/site-packages/airflow/example_dags/example_datasets.py took 0.164 seconds
[2024-10-04T09:52:02.835+0000] {processor.py:186} INFO - Started process (PID=774) to work on /home/airflow/.local/lib/python3.12/site-packages/airflow/example_dags/example_datasets.py
[2024-10-04T09:52:02.836+0000] {processor.py:914} INFO - Processing file /home/airflow/.local/lib/python3.12/site-packages/airflow/example_dags/example_datasets.py for tasks to queue
[2024-10-04T09:52:02.839+0000] {logging_mixin.py:190} INFO - [2024-10-04T09:52:02.838+0000] {dagbag.py:588} INFO - Filling up the DagBag from /home/airflow/.local/lib/python3.12/site-packages/airflow/example_dags/example_datasets.py
[2024-10-04T09:52:02.928+0000] {processor.py:925} INFO - DAG(s) 'conditional_dataset_and_time_based_timetable', 'dataset_produces_1', 'consume_1_and_2_with_dataset_expressions', 'dataset_consumes_1_never_scheduled', 'dataset_consumes_1', 'dataset_consumes_unknown_never_scheduled', 'dataset_consumes_1_and_2', 'dataset_produces_2', 'consume_1_or_2_with_dataset_expressions', 'consume_1_or_both_2_and_3_with_dataset_expressions' retrieved from /home/airflow/.local/lib/python3.12/site-packages/airflow/example_dags/example_datasets.py
[2024-10-04T09:52:02.953+0000] {logging_mixin.py:190} INFO - [2024-10-04T09:52:02.952+0000] {dag.py:3239} INFO - Sync 10 DAGs
[2024-10-04T09:52:02.970+0000] {logging_mixin.py:190} INFO - [2024-10-04T09:52:02.970+0000] {dag.py:4180} INFO - Setting next_dagrun for conditional_dataset_and_time_based_timetable to 2024-10-02 01:00:00+00:00, run_after=2024-10-02 01:00:00+00:00
[2024-10-04T09:52:02.976+0000] {logging_mixin.py:190} INFO - [2024-10-04T09:52:02.975+0000] {dag.py:4180} INFO - Setting next_dagrun for consume_1_and_2_with_dataset_expressions to None, run_after=None
[2024-10-04T09:52:02.977+0000] {logging_mixin.py:190} INFO - [2024-10-04T09:52:02.976+0000] {dag.py:4180} INFO - Setting next_dagrun for consume_1_or_2_with_dataset_expressions to None, run_after=None
[2024-10-04T09:52:02.977+0000] {logging_mixin.py:190} INFO - [2024-10-04T09:52:02.977+0000] {dag.py:4180} INFO - Setting next_dagrun for consume_1_or_both_2_and_3_with_dataset_expressions to None, run_after=None
[2024-10-04T09:52:02.978+0000] {logging_mixin.py:190} INFO - [2024-10-04T09:52:02.978+0000] {dag.py:4180} INFO - Setting next_dagrun for dataset_consumes_1 to None, run_after=None
[2024-10-04T09:52:02.979+0000] {logging_mixin.py:190} INFO - [2024-10-04T09:52:02.979+0000] {dag.py:4180} INFO - Setting next_dagrun for dataset_consumes_1_and_2 to None, run_after=None
[2024-10-04T09:52:02.980+0000] {logging_mixin.py:190} INFO - [2024-10-04T09:52:02.980+0000] {dag.py:4180} INFO - Setting next_dagrun for dataset_consumes_1_never_scheduled to None, run_after=None
[2024-10-04T09:52:02.980+0000] {logging_mixin.py:190} INFO - [2024-10-04T09:52:02.980+0000] {dag.py:4180} INFO - Setting next_dagrun for dataset_consumes_unknown_never_scheduled to None, run_after=None
[2024-10-04T09:52:02.982+0000] {logging_mixin.py:190} INFO - [2024-10-04T09:52:02.981+0000] {dag.py:4180} INFO - Setting next_dagrun for dataset_produces_1 to 2024-10-03 00:00:00+00:00, run_after=2024-10-04 00:00:00+00:00
[2024-10-04T09:52:02.982+0000] {logging_mixin.py:190} INFO - [2024-10-04T09:52:02.982+0000] {dag.py:4180} INFO - Setting next_dagrun for dataset_produces_2 to None, run_after=None
[2024-10-04T09:52:02.999+0000] {processor.py:208} INFO - Processing /home/airflow/.local/lib/python3.12/site-packages/airflow/example_dags/example_datasets.py took 0.171 seconds
