[2024-10-04T09:46:56.469+0000] {processor.py:186} INFO - Started process (PID=83) to work on /home/airflow/.local/lib/python3.12/site-packages/airflow/example_dags/example_subdag_operator.py
[2024-10-04T09:46:56.472+0000] {processor.py:914} INFO - Processing file /home/airflow/.local/lib/python3.12/site-packages/airflow/example_dags/example_subdag_operator.py for tasks to queue
[2024-10-04T09:46:56.474+0000] {logging_mixin.py:190} INFO - [2024-10-04T09:46:56.473+0000] {dagbag.py:588} INFO - Filling up the DagBag from /home/airflow/.local/lib/python3.12/site-packages/airflow/example_dags/example_subdag_operator.py
[2024-10-04T09:46:56.492+0000] {processor.py:925} INFO - DAG(s) 'example_subdag_operator.section-1', 'example_subdag_operator.section-2', 'example_subdag_operator' retrieved from /home/airflow/.local/lib/python3.12/site-packages/airflow/example_dags/example_subdag_operator.py
[2024-10-04T09:46:56.500+0000] {logging_mixin.py:190} INFO - [2024-10-04T09:46:56.500+0000] {dag.py:3239} INFO - Sync 3 DAGs
[2024-10-04T09:46:56.518+0000] {logging_mixin.py:190} INFO - [2024-10-04T09:46:56.518+0000] {dag.py:4180} INFO - Setting next_dagrun for example_subdag_operator to 2022-01-01 00:00:00+00:00, run_after=2022-01-01 00:00:00+00:00
[2024-10-04T09:46:56.523+0000] {logging_mixin.py:190} INFO - [2024-10-04T09:46:56.523+0000] {dag.py:4180} INFO - Setting next_dagrun for example_subdag_operator.section-1 to None, run_after=None
[2024-10-04T09:46:56.524+0000] {logging_mixin.py:190} INFO - [2024-10-04T09:46:56.524+0000] {dag.py:4180} INFO - Setting next_dagrun for example_subdag_operator.section-2 to None, run_after=None
[2024-10-04T09:46:56.528+0000] {logging_mixin.py:190} INFO - [2024-10-04T09:46:56.528+0000] {dag.py:3239} INFO - Sync 2 DAGs
[2024-10-04T09:46:56.531+0000] {logging_mixin.py:190} INFO - [2024-10-04T09:46:56.531+0000] {dag.py:4180} INFO - Setting next_dagrun for example_subdag_operator.section-1 to None, run_after=None
[2024-10-04T09:46:56.532+0000] {logging_mixin.py:190} INFO - [2024-10-04T09:46:56.532+0000] {dag.py:4180} INFO - Setting next_dagrun for example_subdag_operator.section-2 to None, run_after=None
[2024-10-04T09:46:56.539+0000] {processor.py:208} INFO - Processing /home/airflow/.local/lib/python3.12/site-packages/airflow/example_dags/example_subdag_operator.py took 0.073 seconds
[2024-10-04T09:47:26.561+0000] {processor.py:186} INFO - Started process (PID=158) to work on /home/airflow/.local/lib/python3.12/site-packages/airflow/example_dags/example_subdag_operator.py
[2024-10-04T09:47:26.562+0000] {processor.py:914} INFO - Processing file /home/airflow/.local/lib/python3.12/site-packages/airflow/example_dags/example_subdag_operator.py for tasks to queue
[2024-10-04T09:47:26.563+0000] {logging_mixin.py:190} INFO - [2024-10-04T09:47:26.563+0000] {dagbag.py:588} INFO - Filling up the DagBag from /home/airflow/.local/lib/python3.12/site-packages/airflow/example_dags/example_subdag_operator.py
[2024-10-04T09:47:26.577+0000] {processor.py:925} INFO - DAG(s) 'example_subdag_operator.section-1', 'example_subdag_operator.section-2', 'example_subdag_operator' retrieved from /home/airflow/.local/lib/python3.12/site-packages/airflow/example_dags/example_subdag_operator.py
[2024-10-04T09:47:26.585+0000] {logging_mixin.py:190} INFO - [2024-10-04T09:47:26.585+0000] {dag.py:3239} INFO - Sync 3 DAGs
[2024-10-04T09:47:26.598+0000] {logging_mixin.py:190} INFO - [2024-10-04T09:47:26.598+0000] {dag.py:4180} INFO - Setting next_dagrun for example_subdag_operator to 2022-01-01 00:00:00+00:00, run_after=2022-01-01 00:00:00+00:00
[2024-10-04T09:47:26.600+0000] {logging_mixin.py:190} INFO - [2024-10-04T09:47:26.600+0000] {dag.py:4180} INFO - Setting next_dagrun for example_subdag_operator.section-1 to None, run_after=None
[2024-10-04T09:47:26.601+0000] {logging_mixin.py:190} INFO - [2024-10-04T09:47:26.601+0000] {dag.py:4180} INFO - Setting next_dagrun for example_subdag_operator.section-2 to None, run_after=None
[2024-10-04T09:47:26.605+0000] {logging_mixin.py:190} INFO - [2024-10-04T09:47:26.604+0000] {dag.py:3239} INFO - Sync 2 DAGs
[2024-10-04T09:47:26.608+0000] {logging_mixin.py:190} INFO - [2024-10-04T09:47:26.608+0000] {dag.py:4180} INFO - Setting next_dagrun for example_subdag_operator.section-1 to None, run_after=None
[2024-10-04T09:47:26.608+0000] {logging_mixin.py:190} INFO - [2024-10-04T09:47:26.608+0000] {dag.py:4180} INFO - Setting next_dagrun for example_subdag_operator.section-2 to None, run_after=None
[2024-10-04T09:47:26.613+0000] {processor.py:208} INFO - Processing /home/airflow/.local/lib/python3.12/site-packages/airflow/example_dags/example_subdag_operator.py took 0.055 seconds
[2024-10-04T09:47:57.435+0000] {processor.py:186} INFO - Started process (PID=226) to work on /home/airflow/.local/lib/python3.12/site-packages/airflow/example_dags/example_subdag_operator.py
[2024-10-04T09:47:57.436+0000] {processor.py:914} INFO - Processing file /home/airflow/.local/lib/python3.12/site-packages/airflow/example_dags/example_subdag_operator.py for tasks to queue
[2024-10-04T09:47:57.437+0000] {logging_mixin.py:190} INFO - [2024-10-04T09:47:57.437+0000] {dagbag.py:588} INFO - Filling up the DagBag from /home/airflow/.local/lib/python3.12/site-packages/airflow/example_dags/example_subdag_operator.py
[2024-10-04T09:47:57.452+0000] {processor.py:925} INFO - DAG(s) 'example_subdag_operator.section-1', 'example_subdag_operator.section-2', 'example_subdag_operator' retrieved from /home/airflow/.local/lib/python3.12/site-packages/airflow/example_dags/example_subdag_operator.py
[2024-10-04T09:47:57.460+0000] {logging_mixin.py:190} INFO - [2024-10-04T09:47:57.460+0000] {dag.py:3239} INFO - Sync 3 DAGs
[2024-10-04T09:47:57.484+0000] {logging_mixin.py:190} INFO - [2024-10-04T09:47:57.484+0000] {dag.py:4180} INFO - Setting next_dagrun for example_subdag_operator to 2022-01-01 00:00:00+00:00, run_after=2022-01-01 00:00:00+00:00
[2024-10-04T09:47:57.486+0000] {logging_mixin.py:190} INFO - [2024-10-04T09:47:57.486+0000] {dag.py:4180} INFO - Setting next_dagrun for example_subdag_operator.section-1 to None, run_after=None
[2024-10-04T09:47:57.487+0000] {logging_mixin.py:190} INFO - [2024-10-04T09:47:57.487+0000] {dag.py:4180} INFO - Setting next_dagrun for example_subdag_operator.section-2 to None, run_after=None
[2024-10-04T09:47:57.491+0000] {logging_mixin.py:190} INFO - [2024-10-04T09:47:57.491+0000] {dag.py:3239} INFO - Sync 2 DAGs
[2024-10-04T09:47:57.494+0000] {logging_mixin.py:190} INFO - [2024-10-04T09:47:57.494+0000] {dag.py:4180} INFO - Setting next_dagrun for example_subdag_operator.section-1 to None, run_after=None
[2024-10-04T09:47:57.495+0000] {logging_mixin.py:190} INFO - [2024-10-04T09:47:57.495+0000] {dag.py:4180} INFO - Setting next_dagrun for example_subdag_operator.section-2 to None, run_after=None
[2024-10-04T09:47:57.506+0000] {processor.py:208} INFO - Processing /home/airflow/.local/lib/python3.12/site-packages/airflow/example_dags/example_subdag_operator.py took 0.074 seconds
[2024-10-04T09:48:28.091+0000] {processor.py:186} INFO - Started process (PID=299) to work on /home/airflow/.local/lib/python3.12/site-packages/airflow/example_dags/example_subdag_operator.py
[2024-10-04T09:48:28.091+0000] {processor.py:914} INFO - Processing file /home/airflow/.local/lib/python3.12/site-packages/airflow/example_dags/example_subdag_operator.py for tasks to queue
[2024-10-04T09:48:28.093+0000] {logging_mixin.py:190} INFO - [2024-10-04T09:48:28.093+0000] {dagbag.py:588} INFO - Filling up the DagBag from /home/airflow/.local/lib/python3.12/site-packages/airflow/example_dags/example_subdag_operator.py
[2024-10-04T09:48:28.109+0000] {processor.py:925} INFO - DAG(s) 'example_subdag_operator.section-1', 'example_subdag_operator.section-2', 'example_subdag_operator' retrieved from /home/airflow/.local/lib/python3.12/site-packages/airflow/example_dags/example_subdag_operator.py
[2024-10-04T09:48:28.117+0000] {logging_mixin.py:190} INFO - [2024-10-04T09:48:28.117+0000] {dag.py:3239} INFO - Sync 3 DAGs
[2024-10-04T09:48:28.131+0000] {logging_mixin.py:190} INFO - [2024-10-04T09:48:28.131+0000] {dag.py:4180} INFO - Setting next_dagrun for example_subdag_operator to 2022-01-01 00:00:00+00:00, run_after=2022-01-01 00:00:00+00:00
[2024-10-04T09:48:28.133+0000] {logging_mixin.py:190} INFO - [2024-10-04T09:48:28.133+0000] {dag.py:4180} INFO - Setting next_dagrun for example_subdag_operator.section-1 to None, run_after=None
[2024-10-04T09:48:28.134+0000] {logging_mixin.py:190} INFO - [2024-10-04T09:48:28.134+0000] {dag.py:4180} INFO - Setting next_dagrun for example_subdag_operator.section-2 to None, run_after=None
[2024-10-04T09:48:28.138+0000] {logging_mixin.py:190} INFO - [2024-10-04T09:48:28.138+0000] {dag.py:3239} INFO - Sync 2 DAGs
[2024-10-04T09:48:28.141+0000] {logging_mixin.py:190} INFO - [2024-10-04T09:48:28.141+0000] {dag.py:4180} INFO - Setting next_dagrun for example_subdag_operator.section-1 to None, run_after=None
[2024-10-04T09:48:28.141+0000] {logging_mixin.py:190} INFO - [2024-10-04T09:48:28.141+0000] {dag.py:4180} INFO - Setting next_dagrun for example_subdag_operator.section-2 to None, run_after=None
[2024-10-04T09:48:28.147+0000] {processor.py:208} INFO - Processing /home/airflow/.local/lib/python3.12/site-packages/airflow/example_dags/example_subdag_operator.py took 0.060 seconds
[2024-10-04T09:48:58.556+0000] {processor.py:186} INFO - Started process (PID=366) to work on /home/airflow/.local/lib/python3.12/site-packages/airflow/example_dags/example_subdag_operator.py
[2024-10-04T09:48:58.557+0000] {processor.py:914} INFO - Processing file /home/airflow/.local/lib/python3.12/site-packages/airflow/example_dags/example_subdag_operator.py for tasks to queue
[2024-10-04T09:48:58.560+0000] {logging_mixin.py:190} INFO - [2024-10-04T09:48:58.559+0000] {dagbag.py:588} INFO - Filling up the DagBag from /home/airflow/.local/lib/python3.12/site-packages/airflow/example_dags/example_subdag_operator.py
[2024-10-04T09:48:58.579+0000] {processor.py:925} INFO - DAG(s) 'example_subdag_operator.section-1', 'example_subdag_operator.section-2', 'example_subdag_operator' retrieved from /home/airflow/.local/lib/python3.12/site-packages/airflow/example_dags/example_subdag_operator.py
[2024-10-04T09:48:58.587+0000] {logging_mixin.py:190} INFO - [2024-10-04T09:48:58.587+0000] {dag.py:3239} INFO - Sync 3 DAGs
[2024-10-04T09:48:58.604+0000] {logging_mixin.py:190} INFO - [2024-10-04T09:48:58.604+0000] {dag.py:4180} INFO - Setting next_dagrun for example_subdag_operator to 2022-01-01 00:00:00+00:00, run_after=2022-01-01 00:00:00+00:00
[2024-10-04T09:48:58.606+0000] {logging_mixin.py:190} INFO - [2024-10-04T09:48:58.606+0000] {dag.py:4180} INFO - Setting next_dagrun for example_subdag_operator.section-1 to None, run_after=None
[2024-10-04T09:48:58.606+0000] {logging_mixin.py:190} INFO - [2024-10-04T09:48:58.606+0000] {dag.py:4180} INFO - Setting next_dagrun for example_subdag_operator.section-2 to None, run_after=None
[2024-10-04T09:48:58.610+0000] {logging_mixin.py:190} INFO - [2024-10-04T09:48:58.610+0000] {dag.py:3239} INFO - Sync 2 DAGs
[2024-10-04T09:48:58.614+0000] {logging_mixin.py:190} INFO - [2024-10-04T09:48:58.614+0000] {dag.py:4180} INFO - Setting next_dagrun for example_subdag_operator.section-1 to None, run_after=None
[2024-10-04T09:48:58.615+0000] {logging_mixin.py:190} INFO - [2024-10-04T09:48:58.615+0000] {dag.py:4180} INFO - Setting next_dagrun for example_subdag_operator.section-2 to None, run_after=None
[2024-10-04T09:48:58.625+0000] {processor.py:208} INFO - Processing /home/airflow/.local/lib/python3.12/site-packages/airflow/example_dags/example_subdag_operator.py took 0.072 seconds
[2024-10-04T09:49:29.042+0000] {processor.py:186} INFO - Started process (PID=433) to work on /home/airflow/.local/lib/python3.12/site-packages/airflow/example_dags/example_subdag_operator.py
[2024-10-04T09:49:29.043+0000] {processor.py:914} INFO - Processing file /home/airflow/.local/lib/python3.12/site-packages/airflow/example_dags/example_subdag_operator.py for tasks to queue
[2024-10-04T09:49:29.044+0000] {logging_mixin.py:190} INFO - [2024-10-04T09:49:29.044+0000] {dagbag.py:588} INFO - Filling up the DagBag from /home/airflow/.local/lib/python3.12/site-packages/airflow/example_dags/example_subdag_operator.py
[2024-10-04T09:49:29.063+0000] {processor.py:925} INFO - DAG(s) 'example_subdag_operator.section-1', 'example_subdag_operator.section-2', 'example_subdag_operator' retrieved from /home/airflow/.local/lib/python3.12/site-packages/airflow/example_dags/example_subdag_operator.py
[2024-10-04T09:49:29.073+0000] {logging_mixin.py:190} INFO - [2024-10-04T09:49:29.072+0000] {dag.py:3239} INFO - Sync 3 DAGs
[2024-10-04T09:49:29.089+0000] {logging_mixin.py:190} INFO - [2024-10-04T09:49:29.089+0000] {dag.py:4180} INFO - Setting next_dagrun for example_subdag_operator to 2022-01-01 00:00:00+00:00, run_after=2022-01-01 00:00:00+00:00
[2024-10-04T09:49:29.091+0000] {logging_mixin.py:190} INFO - [2024-10-04T09:49:29.091+0000] {dag.py:4180} INFO - Setting next_dagrun for example_subdag_operator.section-1 to None, run_after=None
[2024-10-04T09:49:29.092+0000] {logging_mixin.py:190} INFO - [2024-10-04T09:49:29.092+0000] {dag.py:4180} INFO - Setting next_dagrun for example_subdag_operator.section-2 to None, run_after=None
[2024-10-04T09:49:29.096+0000] {logging_mixin.py:190} INFO - [2024-10-04T09:49:29.096+0000] {dag.py:3239} INFO - Sync 2 DAGs
[2024-10-04T09:49:29.099+0000] {logging_mixin.py:190} INFO - [2024-10-04T09:49:29.099+0000] {dag.py:4180} INFO - Setting next_dagrun for example_subdag_operator.section-1 to None, run_after=None
[2024-10-04T09:49:29.100+0000] {logging_mixin.py:190} INFO - [2024-10-04T09:49:29.100+0000] {dag.py:4180} INFO - Setting next_dagrun for example_subdag_operator.section-2 to None, run_after=None
[2024-10-04T09:49:29.106+0000] {processor.py:208} INFO - Processing /home/airflow/.local/lib/python3.12/site-packages/airflow/example_dags/example_subdag_operator.py took 0.067 seconds
[2024-10-04T09:49:59.441+0000] {processor.py:186} INFO - Started process (PID=500) to work on /home/airflow/.local/lib/python3.12/site-packages/airflow/example_dags/example_subdag_operator.py
[2024-10-04T09:49:59.441+0000] {processor.py:914} INFO - Processing file /home/airflow/.local/lib/python3.12/site-packages/airflow/example_dags/example_subdag_operator.py for tasks to queue
[2024-10-04T09:49:59.443+0000] {logging_mixin.py:190} INFO - [2024-10-04T09:49:59.443+0000] {dagbag.py:588} INFO - Filling up the DagBag from /home/airflow/.local/lib/python3.12/site-packages/airflow/example_dags/example_subdag_operator.py
[2024-10-04T09:49:59.458+0000] {processor.py:925} INFO - DAG(s) 'example_subdag_operator.section-1', 'example_subdag_operator.section-2', 'example_subdag_operator' retrieved from /home/airflow/.local/lib/python3.12/site-packages/airflow/example_dags/example_subdag_operator.py
[2024-10-04T09:49:59.466+0000] {logging_mixin.py:190} INFO - [2024-10-04T09:49:59.466+0000] {dag.py:3239} INFO - Sync 3 DAGs
[2024-10-04T09:49:59.481+0000] {logging_mixin.py:190} INFO - [2024-10-04T09:49:59.481+0000] {dag.py:4180} INFO - Setting next_dagrun for example_subdag_operator to 2022-01-01 00:00:00+00:00, run_after=2022-01-01 00:00:00+00:00
[2024-10-04T09:49:59.484+0000] {logging_mixin.py:190} INFO - [2024-10-04T09:49:59.484+0000] {dag.py:4180} INFO - Setting next_dagrun for example_subdag_operator.section-1 to None, run_after=None
[2024-10-04T09:49:59.484+0000] {logging_mixin.py:190} INFO - [2024-10-04T09:49:59.484+0000] {dag.py:4180} INFO - Setting next_dagrun for example_subdag_operator.section-2 to None, run_after=None
[2024-10-04T09:49:59.488+0000] {logging_mixin.py:190} INFO - [2024-10-04T09:49:59.488+0000] {dag.py:3239} INFO - Sync 2 DAGs
[2024-10-04T09:49:59.491+0000] {logging_mixin.py:190} INFO - [2024-10-04T09:49:59.491+0000] {dag.py:4180} INFO - Setting next_dagrun for example_subdag_operator.section-1 to None, run_after=None
[2024-10-04T09:49:59.491+0000] {logging_mixin.py:190} INFO - [2024-10-04T09:49:59.491+0000] {dag.py:4180} INFO - Setting next_dagrun for example_subdag_operator.section-2 to None, run_after=None
[2024-10-04T09:49:59.497+0000] {processor.py:208} INFO - Processing /home/airflow/.local/lib/python3.12/site-packages/airflow/example_dags/example_subdag_operator.py took 0.059 seconds
[2024-10-04T09:50:29.980+0000] {processor.py:186} INFO - Started process (PID=567) to work on /home/airflow/.local/lib/python3.12/site-packages/airflow/example_dags/example_subdag_operator.py
[2024-10-04T09:50:29.981+0000] {processor.py:914} INFO - Processing file /home/airflow/.local/lib/python3.12/site-packages/airflow/example_dags/example_subdag_operator.py for tasks to queue
[2024-10-04T09:50:29.982+0000] {logging_mixin.py:190} INFO - [2024-10-04T09:50:29.982+0000] {dagbag.py:588} INFO - Filling up the DagBag from /home/airflow/.local/lib/python3.12/site-packages/airflow/example_dags/example_subdag_operator.py
[2024-10-04T09:50:29.998+0000] {processor.py:925} INFO - DAG(s) 'example_subdag_operator.section-1', 'example_subdag_operator.section-2', 'example_subdag_operator' retrieved from /home/airflow/.local/lib/python3.12/site-packages/airflow/example_dags/example_subdag_operator.py
[2024-10-04T09:50:30.005+0000] {logging_mixin.py:190} INFO - [2024-10-04T09:50:30.005+0000] {dag.py:3239} INFO - Sync 3 DAGs
[2024-10-04T09:50:30.019+0000] {logging_mixin.py:190} INFO - [2024-10-04T09:50:30.019+0000] {dag.py:4180} INFO - Setting next_dagrun for example_subdag_operator to 2022-01-01 00:00:00+00:00, run_after=2022-01-01 00:00:00+00:00
[2024-10-04T09:50:30.021+0000] {logging_mixin.py:190} INFO - [2024-10-04T09:50:30.021+0000] {dag.py:4180} INFO - Setting next_dagrun for example_subdag_operator.section-1 to None, run_after=None
[2024-10-04T09:50:30.022+0000] {logging_mixin.py:190} INFO - [2024-10-04T09:50:30.022+0000] {dag.py:4180} INFO - Setting next_dagrun for example_subdag_operator.section-2 to None, run_after=None
[2024-10-04T09:50:30.026+0000] {logging_mixin.py:190} INFO - [2024-10-04T09:50:30.025+0000] {dag.py:3239} INFO - Sync 2 DAGs
[2024-10-04T09:50:30.029+0000] {logging_mixin.py:190} INFO - [2024-10-04T09:50:30.028+0000] {dag.py:4180} INFO - Setting next_dagrun for example_subdag_operator.section-1 to None, run_after=None
[2024-10-04T09:50:30.029+0000] {logging_mixin.py:190} INFO - [2024-10-04T09:50:30.029+0000] {dag.py:4180} INFO - Setting next_dagrun for example_subdag_operator.section-2 to None, run_after=None
[2024-10-04T09:50:30.034+0000] {processor.py:208} INFO - Processing /home/airflow/.local/lib/python3.12/site-packages/airflow/example_dags/example_subdag_operator.py took 0.058 seconds
[2024-10-04T09:51:00.542+0000] {processor.py:186} INFO - Started process (PID=634) to work on /home/airflow/.local/lib/python3.12/site-packages/airflow/example_dags/example_subdag_operator.py
[2024-10-04T09:51:00.543+0000] {processor.py:914} INFO - Processing file /home/airflow/.local/lib/python3.12/site-packages/airflow/example_dags/example_subdag_operator.py for tasks to queue
[2024-10-04T09:51:00.544+0000] {logging_mixin.py:190} INFO - [2024-10-04T09:51:00.544+0000] {dagbag.py:588} INFO - Filling up the DagBag from /home/airflow/.local/lib/python3.12/site-packages/airflow/example_dags/example_subdag_operator.py
[2024-10-04T09:51:00.570+0000] {processor.py:925} INFO - DAG(s) 'example_subdag_operator.section-1', 'example_subdag_operator.section-2', 'example_subdag_operator' retrieved from /home/airflow/.local/lib/python3.12/site-packages/airflow/example_dags/example_subdag_operator.py
[2024-10-04T09:51:00.578+0000] {logging_mixin.py:190} INFO - [2024-10-04T09:51:00.577+0000] {dag.py:3239} INFO - Sync 3 DAGs
[2024-10-04T09:51:00.595+0000] {logging_mixin.py:190} INFO - [2024-10-04T09:51:00.595+0000] {dag.py:4180} INFO - Setting next_dagrun for example_subdag_operator to 2022-01-01 00:00:00+00:00, run_after=2022-01-01 00:00:00+00:00
[2024-10-04T09:51:00.597+0000] {logging_mixin.py:190} INFO - [2024-10-04T09:51:00.597+0000] {dag.py:4180} INFO - Setting next_dagrun for example_subdag_operator.section-1 to None, run_after=None
[2024-10-04T09:51:00.598+0000] {logging_mixin.py:190} INFO - [2024-10-04T09:51:00.598+0000] {dag.py:4180} INFO - Setting next_dagrun for example_subdag_operator.section-2 to None, run_after=None
[2024-10-04T09:51:00.603+0000] {logging_mixin.py:190} INFO - [2024-10-04T09:51:00.603+0000] {dag.py:3239} INFO - Sync 2 DAGs
[2024-10-04T09:51:00.608+0000] {logging_mixin.py:190} INFO - [2024-10-04T09:51:00.608+0000] {dag.py:4180} INFO - Setting next_dagrun for example_subdag_operator.section-1 to None, run_after=None
[2024-10-04T09:51:00.609+0000] {logging_mixin.py:190} INFO - [2024-10-04T09:51:00.609+0000] {dag.py:4180} INFO - Setting next_dagrun for example_subdag_operator.section-2 to None, run_after=None
[2024-10-04T09:51:00.615+0000] {processor.py:208} INFO - Processing /home/airflow/.local/lib/python3.12/site-packages/airflow/example_dags/example_subdag_operator.py took 0.076 seconds
[2024-10-04T09:51:31.017+0000] {processor.py:186} INFO - Started process (PID=701) to work on /home/airflow/.local/lib/python3.12/site-packages/airflow/example_dags/example_subdag_operator.py
[2024-10-04T09:51:31.018+0000] {processor.py:914} INFO - Processing file /home/airflow/.local/lib/python3.12/site-packages/airflow/example_dags/example_subdag_operator.py for tasks to queue
[2024-10-04T09:51:31.019+0000] {logging_mixin.py:190} INFO - [2024-10-04T09:51:31.019+0000] {dagbag.py:588} INFO - Filling up the DagBag from /home/airflow/.local/lib/python3.12/site-packages/airflow/example_dags/example_subdag_operator.py
[2024-10-04T09:51:31.035+0000] {processor.py:925} INFO - DAG(s) 'example_subdag_operator.section-1', 'example_subdag_operator.section-2', 'example_subdag_operator' retrieved from /home/airflow/.local/lib/python3.12/site-packages/airflow/example_dags/example_subdag_operator.py
[2024-10-04T09:51:31.043+0000] {logging_mixin.py:190} INFO - [2024-10-04T09:51:31.042+0000] {dag.py:3239} INFO - Sync 3 DAGs
[2024-10-04T09:51:31.057+0000] {logging_mixin.py:190} INFO - [2024-10-04T09:51:31.057+0000] {dag.py:4180} INFO - Setting next_dagrun for example_subdag_operator to 2022-01-01 00:00:00+00:00, run_after=2022-01-01 00:00:00+00:00
[2024-10-04T09:51:31.060+0000] {logging_mixin.py:190} INFO - [2024-10-04T09:51:31.059+0000] {dag.py:4180} INFO - Setting next_dagrun for example_subdag_operator.section-1 to None, run_after=None
[2024-10-04T09:51:31.060+0000] {logging_mixin.py:190} INFO - [2024-10-04T09:51:31.060+0000] {dag.py:4180} INFO - Setting next_dagrun for example_subdag_operator.section-2 to None, run_after=None
[2024-10-04T09:51:31.064+0000] {logging_mixin.py:190} INFO - [2024-10-04T09:51:31.064+0000] {dag.py:3239} INFO - Sync 2 DAGs
[2024-10-04T09:51:31.067+0000] {logging_mixin.py:190} INFO - [2024-10-04T09:51:31.067+0000] {dag.py:4180} INFO - Setting next_dagrun for example_subdag_operator.section-1 to None, run_after=None
[2024-10-04T09:51:31.068+0000] {logging_mixin.py:190} INFO - [2024-10-04T09:51:31.067+0000] {dag.py:4180} INFO - Setting next_dagrun for example_subdag_operator.section-2 to None, run_after=None
[2024-10-04T09:51:31.073+0000] {processor.py:208} INFO - Processing /home/airflow/.local/lib/python3.12/site-packages/airflow/example_dags/example_subdag_operator.py took 0.059 seconds
[2024-10-04T09:52:01.610+0000] {processor.py:186} INFO - Started process (PID=768) to work on /home/airflow/.local/lib/python3.12/site-packages/airflow/example_dags/example_subdag_operator.py
[2024-10-04T09:52:01.611+0000] {processor.py:914} INFO - Processing file /home/airflow/.local/lib/python3.12/site-packages/airflow/example_dags/example_subdag_operator.py for tasks to queue
[2024-10-04T09:52:01.612+0000] {logging_mixin.py:190} INFO - [2024-10-04T09:52:01.612+0000] {dagbag.py:588} INFO - Filling up the DagBag from /home/airflow/.local/lib/python3.12/site-packages/airflow/example_dags/example_subdag_operator.py
[2024-10-04T09:52:01.628+0000] {processor.py:925} INFO - DAG(s) 'example_subdag_operator.section-1', 'example_subdag_operator.section-2', 'example_subdag_operator' retrieved from /home/airflow/.local/lib/python3.12/site-packages/airflow/example_dags/example_subdag_operator.py
[2024-10-04T09:52:01.636+0000] {logging_mixin.py:190} INFO - [2024-10-04T09:52:01.636+0000] {dag.py:3239} INFO - Sync 3 DAGs
[2024-10-04T09:52:01.649+0000] {logging_mixin.py:190} INFO - [2024-10-04T09:52:01.649+0000] {dag.py:4180} INFO - Setting next_dagrun for example_subdag_operator to 2022-01-01 00:00:00+00:00, run_after=2022-01-01 00:00:00+00:00
[2024-10-04T09:52:01.651+0000] {logging_mixin.py:190} INFO - [2024-10-04T09:52:01.651+0000] {dag.py:4180} INFO - Setting next_dagrun for example_subdag_operator.section-1 to None, run_after=None
[2024-10-04T09:52:01.652+0000] {logging_mixin.py:190} INFO - [2024-10-04T09:52:01.652+0000] {dag.py:4180} INFO - Setting next_dagrun for example_subdag_operator.section-2 to None, run_after=None
[2024-10-04T09:52:01.656+0000] {logging_mixin.py:190} INFO - [2024-10-04T09:52:01.656+0000] {dag.py:3239} INFO - Sync 2 DAGs
[2024-10-04T09:52:01.658+0000] {logging_mixin.py:190} INFO - [2024-10-04T09:52:01.658+0000] {dag.py:4180} INFO - Setting next_dagrun for example_subdag_operator.section-1 to None, run_after=None
[2024-10-04T09:52:01.658+0000] {logging_mixin.py:190} INFO - [2024-10-04T09:52:01.658+0000] {dag.py:4180} INFO - Setting next_dagrun for example_subdag_operator.section-2 to None, run_after=None
[2024-10-04T09:52:01.665+0000] {processor.py:208} INFO - Processing /home/airflow/.local/lib/python3.12/site-packages/airflow/example_dags/example_subdag_operator.py took 0.058 seconds
