[2024-10-04T09:46:56.177+0000] {processor.py:186} INFO - Started process (PID=79) to work on /home/airflow/.local/lib/python3.12/site-packages/airflow/example_dags/example_dataset_alias.py
[2024-10-04T09:46:56.178+0000] {processor.py:914} INFO - Processing file /home/airflow/.local/lib/python3.12/site-packages/airflow/example_dags/example_dataset_alias.py for tasks to queue
[2024-10-04T09:46:56.180+0000] {logging_mixin.py:190} INFO - [2024-10-04T09:46:56.179+0000] {dagbag.py:588} INFO - Filling up the DagBag from /home/airflow/.local/lib/python3.12/site-packages/airflow/example_dags/example_dataset_alias.py
[2024-10-04T09:46:56.276+0000] {processor.py:925} INFO - DAG(s) 'dataset_s3_bucket_consumer', 'dataset_alias_example_alias_producer', 'dataset_alias_example_alias_consumer', 'dataset_s3_bucket_producer' retrieved from /home/airflow/.local/lib/python3.12/site-packages/airflow/example_dags/example_dataset_alias.py
[2024-10-04T09:46:56.289+0000] {logging_mixin.py:190} INFO - [2024-10-04T09:46:56.289+0000] {dag.py:3239} INFO - Sync 4 DAGs
[2024-10-04T09:46:56.311+0000] {logging_mixin.py:190} INFO - [2024-10-04T09:46:56.311+0000] {dag.py:4180} INFO - Setting next_dagrun for dataset_alias_example_alias_consumer to None, run_after=None
[2024-10-04T09:46:56.315+0000] {logging_mixin.py:190} INFO - [2024-10-04T09:46:56.315+0000] {dag.py:4180} INFO - Setting next_dagrun for dataset_alias_example_alias_producer to None, run_after=None
[2024-10-04T09:46:56.316+0000] {logging_mixin.py:190} INFO - [2024-10-04T09:46:56.316+0000] {dag.py:4180} INFO - Setting next_dagrun for dataset_s3_bucket_consumer to None, run_after=None
[2024-10-04T09:46:56.318+0000] {logging_mixin.py:190} INFO - [2024-10-04T09:46:56.317+0000] {dag.py:4180} INFO - Setting next_dagrun for dataset_s3_bucket_producer to None, run_after=None
[2024-10-04T09:46:56.337+0000] {processor.py:208} INFO - Processing /home/airflow/.local/lib/python3.12/site-packages/airflow/example_dags/example_dataset_alias.py took 0.163 seconds
[2024-10-04T09:47:26.354+0000] {processor.py:186} INFO - Started process (PID=155) to work on /home/airflow/.local/lib/python3.12/site-packages/airflow/example_dags/example_dataset_alias.py
[2024-10-04T09:47:26.355+0000] {processor.py:914} INFO - Processing file /home/airflow/.local/lib/python3.12/site-packages/airflow/example_dags/example_dataset_alias.py for tasks to queue
[2024-10-04T09:47:26.356+0000] {logging_mixin.py:190} INFO - [2024-10-04T09:47:26.356+0000] {dagbag.py:588} INFO - Filling up the DagBag from /home/airflow/.local/lib/python3.12/site-packages/airflow/example_dags/example_dataset_alias.py
[2024-10-04T09:47:26.447+0000] {processor.py:925} INFO - DAG(s) 'dataset_alias_example_alias_consumer', 'dataset_s3_bucket_producer', 'dataset_s3_bucket_consumer', 'dataset_alias_example_alias_producer' retrieved from /home/airflow/.local/lib/python3.12/site-packages/airflow/example_dags/example_dataset_alias.py
[2024-10-04T09:47:26.456+0000] {logging_mixin.py:190} INFO - [2024-10-04T09:47:26.456+0000] {dag.py:3239} INFO - Sync 4 DAGs
[2024-10-04T09:47:26.469+0000] {logging_mixin.py:190} INFO - [2024-10-04T09:47:26.469+0000] {dag.py:4180} INFO - Setting next_dagrun for dataset_alias_example_alias_consumer to None, run_after=None
[2024-10-04T09:47:26.471+0000] {logging_mixin.py:190} INFO - [2024-10-04T09:47:26.471+0000] {dag.py:4180} INFO - Setting next_dagrun for dataset_alias_example_alias_producer to None, run_after=None
[2024-10-04T09:47:26.471+0000] {logging_mixin.py:190} INFO - [2024-10-04T09:47:26.471+0000] {dag.py:4180} INFO - Setting next_dagrun for dataset_s3_bucket_consumer to None, run_after=None
[2024-10-04T09:47:26.472+0000] {logging_mixin.py:190} INFO - [2024-10-04T09:47:26.472+0000] {dag.py:4180} INFO - Setting next_dagrun for dataset_s3_bucket_producer to None, run_after=None
[2024-10-04T09:47:26.483+0000] {processor.py:208} INFO - Processing /home/airflow/.local/lib/python3.12/site-packages/airflow/example_dags/example_dataset_alias.py took 0.131 seconds
[2024-10-04T09:47:57.230+0000] {processor.py:186} INFO - Started process (PID=223) to work on /home/airflow/.local/lib/python3.12/site-packages/airflow/example_dags/example_dataset_alias.py
[2024-10-04T09:47:57.231+0000] {processor.py:914} INFO - Processing file /home/airflow/.local/lib/python3.12/site-packages/airflow/example_dags/example_dataset_alias.py for tasks to queue
[2024-10-04T09:47:57.232+0000] {logging_mixin.py:190} INFO - [2024-10-04T09:47:57.232+0000] {dagbag.py:588} INFO - Filling up the DagBag from /home/airflow/.local/lib/python3.12/site-packages/airflow/example_dags/example_dataset_alias.py
[2024-10-04T09:47:57.312+0000] {processor.py:925} INFO - DAG(s) 'dataset_s3_bucket_consumer', 'dataset_alias_example_alias_consumer', 'dataset_alias_example_alias_producer', 'dataset_s3_bucket_producer' retrieved from /home/airflow/.local/lib/python3.12/site-packages/airflow/example_dags/example_dataset_alias.py
[2024-10-04T09:47:57.321+0000] {logging_mixin.py:190} INFO - [2024-10-04T09:47:57.321+0000] {dag.py:3239} INFO - Sync 4 DAGs
[2024-10-04T09:47:57.334+0000] {logging_mixin.py:190} INFO - [2024-10-04T09:47:57.333+0000] {dag.py:4180} INFO - Setting next_dagrun for dataset_alias_example_alias_consumer to None, run_after=None
[2024-10-04T09:47:57.335+0000] {logging_mixin.py:190} INFO - [2024-10-04T09:47:57.335+0000] {dag.py:4180} INFO - Setting next_dagrun for dataset_alias_example_alias_producer to None, run_after=None
[2024-10-04T09:47:57.335+0000] {logging_mixin.py:190} INFO - [2024-10-04T09:47:57.335+0000] {dag.py:4180} INFO - Setting next_dagrun for dataset_s3_bucket_consumer to None, run_after=None
[2024-10-04T09:47:57.336+0000] {logging_mixin.py:190} INFO - [2024-10-04T09:47:57.336+0000] {dag.py:4180} INFO - Setting next_dagrun for dataset_s3_bucket_producer to None, run_after=None
[2024-10-04T09:47:57.345+0000] {processor.py:208} INFO - Processing /home/airflow/.local/lib/python3.12/site-packages/airflow/example_dags/example_dataset_alias.py took 0.118 seconds
[2024-10-04T09:48:27.816+0000] {processor.py:186} INFO - Started process (PID=295) to work on /home/airflow/.local/lib/python3.12/site-packages/airflow/example_dags/example_dataset_alias.py
[2024-10-04T09:48:27.817+0000] {processor.py:914} INFO - Processing file /home/airflow/.local/lib/python3.12/site-packages/airflow/example_dags/example_dataset_alias.py for tasks to queue
[2024-10-04T09:48:27.819+0000] {logging_mixin.py:190} INFO - [2024-10-04T09:48:27.818+0000] {dagbag.py:588} INFO - Filling up the DagBag from /home/airflow/.local/lib/python3.12/site-packages/airflow/example_dags/example_dataset_alias.py
[2024-10-04T09:48:27.911+0000] {processor.py:925} INFO - DAG(s) 'dataset_alias_example_alias_consumer', 'dataset_alias_example_alias_producer', 'dataset_s3_bucket_producer', 'dataset_s3_bucket_consumer' retrieved from /home/airflow/.local/lib/python3.12/site-packages/airflow/example_dags/example_dataset_alias.py
[2024-10-04T09:48:27.922+0000] {logging_mixin.py:190} INFO - [2024-10-04T09:48:27.922+0000] {dag.py:3239} INFO - Sync 4 DAGs
[2024-10-04T09:48:27.937+0000] {logging_mixin.py:190} INFO - [2024-10-04T09:48:27.937+0000] {dag.py:4180} INFO - Setting next_dagrun for dataset_alias_example_alias_consumer to None, run_after=None
[2024-10-04T09:48:27.938+0000] {logging_mixin.py:190} INFO - [2024-10-04T09:48:27.938+0000] {dag.py:4180} INFO - Setting next_dagrun for dataset_alias_example_alias_producer to None, run_after=None
[2024-10-04T09:48:27.939+0000] {logging_mixin.py:190} INFO - [2024-10-04T09:48:27.939+0000] {dag.py:4180} INFO - Setting next_dagrun for dataset_s3_bucket_consumer to None, run_after=None
[2024-10-04T09:48:27.940+0000] {logging_mixin.py:190} INFO - [2024-10-04T09:48:27.940+0000] {dag.py:4180} INFO - Setting next_dagrun for dataset_s3_bucket_producer to None, run_after=None
[2024-10-04T09:48:27.950+0000] {processor.py:208} INFO - Processing /home/airflow/.local/lib/python3.12/site-packages/airflow/example_dags/example_dataset_alias.py took 0.137 seconds
[2024-10-04T09:48:58.397+0000] {processor.py:186} INFO - Started process (PID=363) to work on /home/airflow/.local/lib/python3.12/site-packages/airflow/example_dags/example_dataset_alias.py
[2024-10-04T09:48:58.397+0000] {processor.py:914} INFO - Processing file /home/airflow/.local/lib/python3.12/site-packages/airflow/example_dags/example_dataset_alias.py for tasks to queue
[2024-10-04T09:48:58.399+0000] {logging_mixin.py:190} INFO - [2024-10-04T09:48:58.398+0000] {dagbag.py:588} INFO - Filling up the DagBag from /home/airflow/.local/lib/python3.12/site-packages/airflow/example_dags/example_dataset_alias.py
[2024-10-04T09:48:58.489+0000] {processor.py:925} INFO - DAG(s) 'dataset_alias_example_alias_producer', 'dataset_s3_bucket_producer', 'dataset_alias_example_alias_consumer', 'dataset_s3_bucket_consumer' retrieved from /home/airflow/.local/lib/python3.12/site-packages/airflow/example_dags/example_dataset_alias.py
[2024-10-04T09:48:58.499+0000] {logging_mixin.py:190} INFO - [2024-10-04T09:48:58.499+0000] {dag.py:3239} INFO - Sync 4 DAGs
[2024-10-04T09:48:58.516+0000] {logging_mixin.py:190} INFO - [2024-10-04T09:48:58.516+0000] {dag.py:4180} INFO - Setting next_dagrun for dataset_alias_example_alias_consumer to None, run_after=None
[2024-10-04T09:48:58.519+0000] {logging_mixin.py:190} INFO - [2024-10-04T09:48:58.519+0000] {dag.py:4180} INFO - Setting next_dagrun for dataset_alias_example_alias_producer to None, run_after=None
[2024-10-04T09:48:58.522+0000] {logging_mixin.py:190} INFO - [2024-10-04T09:48:58.522+0000] {dag.py:4180} INFO - Setting next_dagrun for dataset_s3_bucket_consumer to None, run_after=None
[2024-10-04T09:48:58.523+0000] {logging_mixin.py:190} INFO - [2024-10-04T09:48:58.523+0000] {dag.py:4180} INFO - Setting next_dagrun for dataset_s3_bucket_producer to None, run_after=None
[2024-10-04T09:48:58.538+0000] {processor.py:208} INFO - Processing /home/airflow/.local/lib/python3.12/site-packages/airflow/example_dags/example_dataset_alias.py took 0.144 seconds
[2024-10-04T09:49:28.885+0000] {processor.py:186} INFO - Started process (PID=429) to work on /home/airflow/.local/lib/python3.12/site-packages/airflow/example_dags/example_dataset_alias.py
[2024-10-04T09:49:28.885+0000] {processor.py:914} INFO - Processing file /home/airflow/.local/lib/python3.12/site-packages/airflow/example_dags/example_dataset_alias.py for tasks to queue
[2024-10-04T09:49:28.888+0000] {logging_mixin.py:190} INFO - [2024-10-04T09:49:28.888+0000] {dagbag.py:588} INFO - Filling up the DagBag from /home/airflow/.local/lib/python3.12/site-packages/airflow/example_dags/example_dataset_alias.py
[2024-10-04T09:49:28.978+0000] {processor.py:925} INFO - DAG(s) 'dataset_alias_example_alias_producer', 'dataset_s3_bucket_consumer', 'dataset_alias_example_alias_consumer', 'dataset_s3_bucket_producer' retrieved from /home/airflow/.local/lib/python3.12/site-packages/airflow/example_dags/example_dataset_alias.py
[2024-10-04T09:49:28.989+0000] {logging_mixin.py:190} INFO - [2024-10-04T09:49:28.989+0000] {dag.py:3239} INFO - Sync 4 DAGs
[2024-10-04T09:49:29.003+0000] {logging_mixin.py:190} INFO - [2024-10-04T09:49:29.003+0000] {dag.py:4180} INFO - Setting next_dagrun for dataset_alias_example_alias_consumer to None, run_after=None
[2024-10-04T09:49:29.005+0000] {logging_mixin.py:190} INFO - [2024-10-04T09:49:29.005+0000] {dag.py:4180} INFO - Setting next_dagrun for dataset_alias_example_alias_producer to None, run_after=None
[2024-10-04T09:49:29.006+0000] {logging_mixin.py:190} INFO - [2024-10-04T09:49:29.006+0000] {dag.py:4180} INFO - Setting next_dagrun for dataset_s3_bucket_consumer to None, run_after=None
[2024-10-04T09:49:29.007+0000] {logging_mixin.py:190} INFO - [2024-10-04T09:49:29.006+0000] {dag.py:4180} INFO - Setting next_dagrun for dataset_s3_bucket_producer to None, run_after=None
[2024-10-04T09:49:29.019+0000] {processor.py:208} INFO - Processing /home/airflow/.local/lib/python3.12/site-packages/airflow/example_dags/example_dataset_alias.py took 0.137 seconds
[2024-10-04T09:49:59.303+0000] {processor.py:186} INFO - Started process (PID=496) to work on /home/airflow/.local/lib/python3.12/site-packages/airflow/example_dags/example_dataset_alias.py
[2024-10-04T09:49:59.304+0000] {processor.py:914} INFO - Processing file /home/airflow/.local/lib/python3.12/site-packages/airflow/example_dags/example_dataset_alias.py for tasks to queue
[2024-10-04T09:49:59.306+0000] {logging_mixin.py:190} INFO - [2024-10-04T09:49:59.305+0000] {dagbag.py:588} INFO - Filling up the DagBag from /home/airflow/.local/lib/python3.12/site-packages/airflow/example_dags/example_dataset_alias.py
[2024-10-04T09:49:59.388+0000] {processor.py:925} INFO - DAG(s) 'dataset_s3_bucket_consumer', 'dataset_alias_example_alias_consumer', 'dataset_alias_example_alias_producer', 'dataset_s3_bucket_producer' retrieved from /home/airflow/.local/lib/python3.12/site-packages/airflow/example_dags/example_dataset_alias.py
[2024-10-04T09:49:59.398+0000] {logging_mixin.py:190} INFO - [2024-10-04T09:49:59.398+0000] {dag.py:3239} INFO - Sync 4 DAGs
[2024-10-04T09:49:59.412+0000] {logging_mixin.py:190} INFO - [2024-10-04T09:49:59.411+0000] {dag.py:4180} INFO - Setting next_dagrun for dataset_alias_example_alias_consumer to None, run_after=None
[2024-10-04T09:49:59.413+0000] {logging_mixin.py:190} INFO - [2024-10-04T09:49:59.413+0000] {dag.py:4180} INFO - Setting next_dagrun for dataset_alias_example_alias_producer to None, run_after=None
[2024-10-04T09:49:59.414+0000] {logging_mixin.py:190} INFO - [2024-10-04T09:49:59.414+0000] {dag.py:4180} INFO - Setting next_dagrun for dataset_s3_bucket_consumer to None, run_after=None
[2024-10-04T09:49:59.415+0000] {logging_mixin.py:190} INFO - [2024-10-04T09:49:59.415+0000] {dag.py:4180} INFO - Setting next_dagrun for dataset_s3_bucket_producer to None, run_after=None
[2024-10-04T09:49:59.427+0000] {processor.py:208} INFO - Processing /home/airflow/.local/lib/python3.12/site-packages/airflow/example_dags/example_dataset_alias.py took 0.127 seconds
[2024-10-04T09:50:29.713+0000] {processor.py:186} INFO - Started process (PID=563) to work on /home/airflow/.local/lib/python3.12/site-packages/airflow/example_dags/example_dataset_alias.py
[2024-10-04T09:50:29.713+0000] {processor.py:914} INFO - Processing file /home/airflow/.local/lib/python3.12/site-packages/airflow/example_dags/example_dataset_alias.py for tasks to queue
[2024-10-04T09:50:29.715+0000] {logging_mixin.py:190} INFO - [2024-10-04T09:50:29.715+0000] {dagbag.py:588} INFO - Filling up the DagBag from /home/airflow/.local/lib/python3.12/site-packages/airflow/example_dags/example_dataset_alias.py
[2024-10-04T09:50:29.798+0000] {processor.py:925} INFO - DAG(s) 'dataset_s3_bucket_consumer', 'dataset_s3_bucket_producer', 'dataset_alias_example_alias_consumer', 'dataset_alias_example_alias_producer' retrieved from /home/airflow/.local/lib/python3.12/site-packages/airflow/example_dags/example_dataset_alias.py
[2024-10-04T09:50:29.808+0000] {logging_mixin.py:190} INFO - [2024-10-04T09:50:29.808+0000] {dag.py:3239} INFO - Sync 4 DAGs
[2024-10-04T09:50:29.822+0000] {logging_mixin.py:190} INFO - [2024-10-04T09:50:29.822+0000] {dag.py:4180} INFO - Setting next_dagrun for dataset_alias_example_alias_consumer to None, run_after=None
[2024-10-04T09:50:29.824+0000] {logging_mixin.py:190} INFO - [2024-10-04T09:50:29.824+0000] {dag.py:4180} INFO - Setting next_dagrun for dataset_alias_example_alias_producer to None, run_after=None
[2024-10-04T09:50:29.825+0000] {logging_mixin.py:190} INFO - [2024-10-04T09:50:29.825+0000] {dag.py:4180} INFO - Setting next_dagrun for dataset_s3_bucket_consumer to None, run_after=None
[2024-10-04T09:50:29.825+0000] {logging_mixin.py:190} INFO - [2024-10-04T09:50:29.825+0000] {dag.py:4180} INFO - Setting next_dagrun for dataset_s3_bucket_producer to None, run_after=None
[2024-10-04T09:50:29.836+0000] {processor.py:208} INFO - Processing /home/airflow/.local/lib/python3.12/site-packages/airflow/example_dags/example_dataset_alias.py took 0.126 seconds
[2024-10-04T09:51:00.383+0000] {processor.py:186} INFO - Started process (PID=631) to work on /home/airflow/.local/lib/python3.12/site-packages/airflow/example_dags/example_dataset_alias.py
[2024-10-04T09:51:00.383+0000] {processor.py:914} INFO - Processing file /home/airflow/.local/lib/python3.12/site-packages/airflow/example_dags/example_dataset_alias.py for tasks to queue
[2024-10-04T09:51:00.385+0000] {logging_mixin.py:190} INFO - [2024-10-04T09:51:00.385+0000] {dagbag.py:588} INFO - Filling up the DagBag from /home/airflow/.local/lib/python3.12/site-packages/airflow/example_dags/example_dataset_alias.py
[2024-10-04T09:51:00.484+0000] {processor.py:925} INFO - DAG(s) 'dataset_alias_example_alias_producer', 'dataset_s3_bucket_consumer', 'dataset_alias_example_alias_consumer', 'dataset_s3_bucket_producer' retrieved from /home/airflow/.local/lib/python3.12/site-packages/airflow/example_dags/example_dataset_alias.py
[2024-10-04T09:51:00.499+0000] {logging_mixin.py:190} INFO - [2024-10-04T09:51:00.499+0000] {dag.py:3239} INFO - Sync 4 DAGs
[2024-10-04T09:51:00.513+0000] {logging_mixin.py:190} INFO - [2024-10-04T09:51:00.513+0000] {dag.py:4180} INFO - Setting next_dagrun for dataset_alias_example_alias_consumer to None, run_after=None
[2024-10-04T09:51:00.515+0000] {logging_mixin.py:190} INFO - [2024-10-04T09:51:00.515+0000] {dag.py:4180} INFO - Setting next_dagrun for dataset_alias_example_alias_producer to None, run_after=None
[2024-10-04T09:51:00.515+0000] {logging_mixin.py:190} INFO - [2024-10-04T09:51:00.515+0000] {dag.py:4180} INFO - Setting next_dagrun for dataset_s3_bucket_consumer to None, run_after=None
[2024-10-04T09:51:00.516+0000] {logging_mixin.py:190} INFO - [2024-10-04T09:51:00.516+0000] {dag.py:4180} INFO - Setting next_dagrun for dataset_s3_bucket_producer to None, run_after=None
[2024-10-04T09:51:00.527+0000] {processor.py:208} INFO - Processing /home/airflow/.local/lib/python3.12/site-packages/airflow/example_dags/example_dataset_alias.py took 0.148 seconds
[2024-10-04T09:51:30.790+0000] {processor.py:186} INFO - Started process (PID=697) to work on /home/airflow/.local/lib/python3.12/site-packages/airflow/example_dags/example_dataset_alias.py
[2024-10-04T09:51:30.791+0000] {processor.py:914} INFO - Processing file /home/airflow/.local/lib/python3.12/site-packages/airflow/example_dags/example_dataset_alias.py for tasks to queue
[2024-10-04T09:51:30.792+0000] {logging_mixin.py:190} INFO - [2024-10-04T09:51:30.792+0000] {dagbag.py:588} INFO - Filling up the DagBag from /home/airflow/.local/lib/python3.12/site-packages/airflow/example_dags/example_dataset_alias.py
[2024-10-04T09:51:30.877+0000] {processor.py:925} INFO - DAG(s) 'dataset_s3_bucket_consumer', 'dataset_alias_example_alias_consumer', 'dataset_alias_example_alias_producer', 'dataset_s3_bucket_producer' retrieved from /home/airflow/.local/lib/python3.12/site-packages/airflow/example_dags/example_dataset_alias.py
[2024-10-04T09:51:30.888+0000] {logging_mixin.py:190} INFO - [2024-10-04T09:51:30.888+0000] {dag.py:3239} INFO - Sync 4 DAGs
[2024-10-04T09:51:30.907+0000] {logging_mixin.py:190} INFO - [2024-10-04T09:51:30.907+0000] {dag.py:4180} INFO - Setting next_dagrun for dataset_alias_example_alias_consumer to None, run_after=None
[2024-10-04T09:51:30.909+0000] {logging_mixin.py:190} INFO - [2024-10-04T09:51:30.909+0000] {dag.py:4180} INFO - Setting next_dagrun for dataset_alias_example_alias_producer to None, run_after=None
[2024-10-04T09:51:30.910+0000] {logging_mixin.py:190} INFO - [2024-10-04T09:51:30.910+0000] {dag.py:4180} INFO - Setting next_dagrun for dataset_s3_bucket_consumer to None, run_after=None
[2024-10-04T09:51:30.911+0000] {logging_mixin.py:190} INFO - [2024-10-04T09:51:30.911+0000] {dag.py:4180} INFO - Setting next_dagrun for dataset_s3_bucket_producer to None, run_after=None
[2024-10-04T09:51:30.960+0000] {processor.py:208} INFO - Processing /home/airflow/.local/lib/python3.12/site-packages/airflow/example_dags/example_dataset_alias.py took 0.172 seconds
[2024-10-04T09:52:01.339+0000] {processor.py:186} INFO - Started process (PID=764) to work on /home/airflow/.local/lib/python3.12/site-packages/airflow/example_dags/example_dataset_alias.py
[2024-10-04T09:52:01.341+0000] {processor.py:914} INFO - Processing file /home/airflow/.local/lib/python3.12/site-packages/airflow/example_dags/example_dataset_alias.py for tasks to queue
[2024-10-04T09:52:01.342+0000] {logging_mixin.py:190} INFO - [2024-10-04T09:52:01.342+0000] {dagbag.py:588} INFO - Filling up the DagBag from /home/airflow/.local/lib/python3.12/site-packages/airflow/example_dags/example_dataset_alias.py
[2024-10-04T09:52:01.434+0000] {processor.py:925} INFO - DAG(s) 'dataset_alias_example_alias_consumer', 'dataset_s3_bucket_producer', 'dataset_alias_example_alias_producer', 'dataset_s3_bucket_consumer' retrieved from /home/airflow/.local/lib/python3.12/site-packages/airflow/example_dags/example_dataset_alias.py
[2024-10-04T09:52:01.444+0000] {logging_mixin.py:190} INFO - [2024-10-04T09:52:01.444+0000] {dag.py:3239} INFO - Sync 4 DAGs
[2024-10-04T09:52:01.458+0000] {logging_mixin.py:190} INFO - [2024-10-04T09:52:01.458+0000] {dag.py:4180} INFO - Setting next_dagrun for dataset_alias_example_alias_consumer to None, run_after=None
[2024-10-04T09:52:01.459+0000] {logging_mixin.py:190} INFO - [2024-10-04T09:52:01.459+0000] {dag.py:4180} INFO - Setting next_dagrun for dataset_alias_example_alias_producer to None, run_after=None
[2024-10-04T09:52:01.460+0000] {logging_mixin.py:190} INFO - [2024-10-04T09:52:01.460+0000] {dag.py:4180} INFO - Setting next_dagrun for dataset_s3_bucket_consumer to None, run_after=None
[2024-10-04T09:52:01.460+0000] {logging_mixin.py:190} INFO - [2024-10-04T09:52:01.460+0000] {dag.py:4180} INFO - Setting next_dagrun for dataset_s3_bucket_producer to None, run_after=None
[2024-10-04T09:52:01.471+0000] {processor.py:208} INFO - Processing /home/airflow/.local/lib/python3.12/site-packages/airflow/example_dags/example_dataset_alias.py took 0.135 seconds
