[2024-10-04T09:46:56.690+0000] {processor.py:186} INFO - Started process (PID=86) to work on /home/airflow/.local/lib/python3.12/site-packages/airflow/example_dags/example_branch_python_dop_operator_3.py
[2024-10-04T09:46:56.691+0000] {processor.py:914} INFO - Processing file /home/airflow/.local/lib/python3.12/site-packages/airflow/example_dags/example_branch_python_dop_operator_3.py for tasks to queue
[2024-10-04T09:46:56.694+0000] {logging_mixin.py:190} INFO - [2024-10-04T09:46:56.694+0000] {dagbag.py:588} INFO - Filling up the DagBag from /home/airflow/.local/lib/python3.12/site-packages/airflow/example_dags/example_branch_python_dop_operator_3.py
[2024-10-04T09:46:56.700+0000] {processor.py:925} INFO - DAG(s) 'example_branch_dop_operator_v3' retrieved from /home/airflow/.local/lib/python3.12/site-packages/airflow/example_dags/example_branch_python_dop_operator_3.py
[2024-10-04T09:46:56.719+0000] {logging_mixin.py:190} INFO - [2024-10-04T09:46:56.719+0000] {dag.py:3239} INFO - Sync 1 DAGs
[2024-10-04T09:46:56.740+0000] {logging_mixin.py:190} INFO - [2024-10-04T09:46:56.740+0000] {dag.py:4180} INFO - Setting next_dagrun for example_branch_dop_operator_v3 to 2024-10-04 09:45:00+00:00, run_after=2024-10-04 09:46:00+00:00
[2024-10-04T09:46:56.760+0000] {processor.py:208} INFO - Processing /home/airflow/.local/lib/python3.12/site-packages/airflow/example_dags/example_branch_python_dop_operator_3.py took 0.074 seconds
[2024-10-04T09:47:26.821+0000] {processor.py:186} INFO - Started process (PID=162) to work on /home/airflow/.local/lib/python3.12/site-packages/airflow/example_dags/example_branch_python_dop_operator_3.py
[2024-10-04T09:47:26.822+0000] {processor.py:914} INFO - Processing file /home/airflow/.local/lib/python3.12/site-packages/airflow/example_dags/example_branch_python_dop_operator_3.py for tasks to queue
[2024-10-04T09:47:26.823+0000] {logging_mixin.py:190} INFO - [2024-10-04T09:47:26.823+0000] {dagbag.py:588} INFO - Filling up the DagBag from /home/airflow/.local/lib/python3.12/site-packages/airflow/example_dags/example_branch_python_dop_operator_3.py
[2024-10-04T09:47:26.827+0000] {processor.py:925} INFO - DAG(s) 'example_branch_dop_operator_v3' retrieved from /home/airflow/.local/lib/python3.12/site-packages/airflow/example_dags/example_branch_python_dop_operator_3.py
[2024-10-04T09:47:26.839+0000] {logging_mixin.py:190} INFO - [2024-10-04T09:47:26.839+0000] {dag.py:3239} INFO - Sync 1 DAGs
[2024-10-04T09:47:26.854+0000] {logging_mixin.py:190} INFO - [2024-10-04T09:47:26.854+0000] {dag.py:4180} INFO - Setting next_dagrun for example_branch_dop_operator_v3 to 2024-10-04 09:46:00+00:00, run_after=2024-10-04 09:47:00+00:00
[2024-10-04T09:47:26.864+0000] {processor.py:208} INFO - Processing /home/airflow/.local/lib/python3.12/site-packages/airflow/example_dags/example_branch_python_dop_operator_3.py took 0.046 seconds
[2024-10-04T09:47:57.568+0000] {processor.py:186} INFO - Started process (PID=235) to work on /home/airflow/.local/lib/python3.12/site-packages/airflow/example_dags/example_branch_python_dop_operator_3.py
[2024-10-04T09:47:57.573+0000] {processor.py:914} INFO - Processing file /home/airflow/.local/lib/python3.12/site-packages/airflow/example_dags/example_branch_python_dop_operator_3.py for tasks to queue
[2024-10-04T09:47:57.575+0000] {logging_mixin.py:190} INFO - [2024-10-04T09:47:57.575+0000] {dagbag.py:588} INFO - Filling up the DagBag from /home/airflow/.local/lib/python3.12/site-packages/airflow/example_dags/example_branch_python_dop_operator_3.py
[2024-10-04T09:47:57.582+0000] {processor.py:925} INFO - DAG(s) 'example_branch_dop_operator_v3' retrieved from /home/airflow/.local/lib/python3.12/site-packages/airflow/example_dags/example_branch_python_dop_operator_3.py
[2024-10-04T09:47:57.595+0000] {logging_mixin.py:190} INFO - [2024-10-04T09:47:57.595+0000] {dag.py:3239} INFO - Sync 1 DAGs
[2024-10-04T09:47:57.614+0000] {logging_mixin.py:190} INFO - [2024-10-04T09:47:57.614+0000] {dag.py:4180} INFO - Setting next_dagrun for example_branch_dop_operator_v3 to 2024-10-04 09:46:00+00:00, run_after=2024-10-04 09:47:00+00:00
[2024-10-04T09:47:57.625+0000] {processor.py:208} INFO - Processing /home/airflow/.local/lib/python3.12/site-packages/airflow/example_dags/example_branch_python_dop_operator_3.py took 0.060 seconds
[2024-10-04T09:48:28.199+0000] {processor.py:186} INFO - Started process (PID=302) to work on /home/airflow/.local/lib/python3.12/site-packages/airflow/example_dags/example_branch_python_dop_operator_3.py
[2024-10-04T09:48:28.201+0000] {processor.py:914} INFO - Processing file /home/airflow/.local/lib/python3.12/site-packages/airflow/example_dags/example_branch_python_dop_operator_3.py for tasks to queue
[2024-10-04T09:48:28.202+0000] {logging_mixin.py:190} INFO - [2024-10-04T09:48:28.202+0000] {dagbag.py:588} INFO - Filling up the DagBag from /home/airflow/.local/lib/python3.12/site-packages/airflow/example_dags/example_branch_python_dop_operator_3.py
[2024-10-04T09:48:28.206+0000] {processor.py:925} INFO - DAG(s) 'example_branch_dop_operator_v3' retrieved from /home/airflow/.local/lib/python3.12/site-packages/airflow/example_dags/example_branch_python_dop_operator_3.py
[2024-10-04T09:48:28.220+0000] {logging_mixin.py:190} INFO - [2024-10-04T09:48:28.220+0000] {dag.py:3239} INFO - Sync 1 DAGs
[2024-10-04T09:48:28.241+0000] {logging_mixin.py:190} INFO - [2024-10-04T09:48:28.241+0000] {dag.py:4180} INFO - Setting next_dagrun for example_branch_dop_operator_v3 to 2024-10-04 09:47:00+00:00, run_after=2024-10-04 09:48:00+00:00
[2024-10-04T09:48:28.259+0000] {processor.py:208} INFO - Processing /home/airflow/.local/lib/python3.12/site-packages/airflow/example_dags/example_branch_python_dop_operator_3.py took 0.063 seconds
[2024-10-04T09:48:58.707+0000] {processor.py:186} INFO - Started process (PID=369) to work on /home/airflow/.local/lib/python3.12/site-packages/airflow/example_dags/example_branch_python_dop_operator_3.py
[2024-10-04T09:48:58.708+0000] {processor.py:914} INFO - Processing file /home/airflow/.local/lib/python3.12/site-packages/airflow/example_dags/example_branch_python_dop_operator_3.py for tasks to queue
[2024-10-04T09:48:58.710+0000] {logging_mixin.py:190} INFO - [2024-10-04T09:48:58.710+0000] {dagbag.py:588} INFO - Filling up the DagBag from /home/airflow/.local/lib/python3.12/site-packages/airflow/example_dags/example_branch_python_dop_operator_3.py
[2024-10-04T09:48:58.715+0000] {processor.py:925} INFO - DAG(s) 'example_branch_dop_operator_v3' retrieved from /home/airflow/.local/lib/python3.12/site-packages/airflow/example_dags/example_branch_python_dop_operator_3.py
[2024-10-04T09:48:58.729+0000] {logging_mixin.py:190} INFO - [2024-10-04T09:48:58.729+0000] {dag.py:3239} INFO - Sync 1 DAGs
[2024-10-04T09:48:58.747+0000] {logging_mixin.py:190} INFO - [2024-10-04T09:48:58.746+0000] {dag.py:4180} INFO - Setting next_dagrun for example_branch_dop_operator_v3 to 2024-10-04 09:47:00+00:00, run_after=2024-10-04 09:48:00+00:00
[2024-10-04T09:48:58.757+0000] {processor.py:208} INFO - Processing /home/airflow/.local/lib/python3.12/site-packages/airflow/example_dags/example_branch_python_dop_operator_3.py took 0.054 seconds
[2024-10-04T09:49:29.182+0000] {processor.py:186} INFO - Started process (PID=436) to work on /home/airflow/.local/lib/python3.12/site-packages/airflow/example_dags/example_branch_python_dop_operator_3.py
[2024-10-04T09:49:29.182+0000] {processor.py:914} INFO - Processing file /home/airflow/.local/lib/python3.12/site-packages/airflow/example_dags/example_branch_python_dop_operator_3.py for tasks to queue
[2024-10-04T09:49:29.184+0000] {logging_mixin.py:190} INFO - [2024-10-04T09:49:29.183+0000] {dagbag.py:588} INFO - Filling up the DagBag from /home/airflow/.local/lib/python3.12/site-packages/airflow/example_dags/example_branch_python_dop_operator_3.py
[2024-10-04T09:49:29.188+0000] {processor.py:925} INFO - DAG(s) 'example_branch_dop_operator_v3' retrieved from /home/airflow/.local/lib/python3.12/site-packages/airflow/example_dags/example_branch_python_dop_operator_3.py
[2024-10-04T09:49:29.200+0000] {logging_mixin.py:190} INFO - [2024-10-04T09:49:29.200+0000] {dag.py:3239} INFO - Sync 1 DAGs
[2024-10-04T09:49:29.219+0000] {logging_mixin.py:190} INFO - [2024-10-04T09:49:29.219+0000] {dag.py:4180} INFO - Setting next_dagrun for example_branch_dop_operator_v3 to 2024-10-04 09:48:00+00:00, run_after=2024-10-04 09:49:00+00:00
[2024-10-04T09:49:29.234+0000] {processor.py:208} INFO - Processing /home/airflow/.local/lib/python3.12/site-packages/airflow/example_dags/example_branch_python_dop_operator_3.py took 0.055 seconds
[2024-10-04T09:49:59.617+0000] {processor.py:186} INFO - Started process (PID=503) to work on /home/airflow/.local/lib/python3.12/site-packages/airflow/example_dags/example_branch_python_dop_operator_3.py
[2024-10-04T09:49:59.618+0000] {processor.py:914} INFO - Processing file /home/airflow/.local/lib/python3.12/site-packages/airflow/example_dags/example_branch_python_dop_operator_3.py for tasks to queue
[2024-10-04T09:49:59.619+0000] {logging_mixin.py:190} INFO - [2024-10-04T09:49:59.619+0000] {dagbag.py:588} INFO - Filling up the DagBag from /home/airflow/.local/lib/python3.12/site-packages/airflow/example_dags/example_branch_python_dop_operator_3.py
[2024-10-04T09:49:59.624+0000] {processor.py:925} INFO - DAG(s) 'example_branch_dop_operator_v3' retrieved from /home/airflow/.local/lib/python3.12/site-packages/airflow/example_dags/example_branch_python_dop_operator_3.py
[2024-10-04T09:49:59.638+0000] {logging_mixin.py:190} INFO - [2024-10-04T09:49:59.638+0000] {dag.py:3239} INFO - Sync 1 DAGs
[2024-10-04T09:49:59.654+0000] {logging_mixin.py:190} INFO - [2024-10-04T09:49:59.653+0000] {dag.py:4180} INFO - Setting next_dagrun for example_branch_dop_operator_v3 to 2024-10-04 09:48:00+00:00, run_after=2024-10-04 09:49:00+00:00
[2024-10-04T09:49:59.664+0000] {processor.py:208} INFO - Processing /home/airflow/.local/lib/python3.12/site-packages/airflow/example_dags/example_branch_python_dop_operator_3.py took 0.050 seconds
[2024-10-04T09:50:30.049+0000] {processor.py:186} INFO - Started process (PID=570) to work on /home/airflow/.local/lib/python3.12/site-packages/airflow/example_dags/example_branch_python_dop_operator_3.py
[2024-10-04T09:50:30.049+0000] {processor.py:914} INFO - Processing file /home/airflow/.local/lib/python3.12/site-packages/airflow/example_dags/example_branch_python_dop_operator_3.py for tasks to queue
[2024-10-04T09:50:30.051+0000] {logging_mixin.py:190} INFO - [2024-10-04T09:50:30.050+0000] {dagbag.py:588} INFO - Filling up the DagBag from /home/airflow/.local/lib/python3.12/site-packages/airflow/example_dags/example_branch_python_dop_operator_3.py
[2024-10-04T09:50:30.055+0000] {processor.py:925} INFO - DAG(s) 'example_branch_dop_operator_v3' retrieved from /home/airflow/.local/lib/python3.12/site-packages/airflow/example_dags/example_branch_python_dop_operator_3.py
[2024-10-04T09:50:30.068+0000] {logging_mixin.py:190} INFO - [2024-10-04T09:50:30.068+0000] {dag.py:3239} INFO - Sync 1 DAGs
[2024-10-04T09:50:30.084+0000] {logging_mixin.py:190} INFO - [2024-10-04T09:50:30.084+0000] {dag.py:4180} INFO - Setting next_dagrun for example_branch_dop_operator_v3 to 2024-10-04 09:49:00+00:00, run_after=2024-10-04 09:50:00+00:00
[2024-10-04T09:50:30.095+0000] {processor.py:208} INFO - Processing /home/airflow/.local/lib/python3.12/site-packages/airflow/example_dags/example_branch_python_dop_operator_3.py took 0.049 seconds
[2024-10-04T09:51:00.683+0000] {processor.py:186} INFO - Started process (PID=637) to work on /home/airflow/.local/lib/python3.12/site-packages/airflow/example_dags/example_branch_python_dop_operator_3.py
[2024-10-04T09:51:00.684+0000] {processor.py:914} INFO - Processing file /home/airflow/.local/lib/python3.12/site-packages/airflow/example_dags/example_branch_python_dop_operator_3.py for tasks to queue
[2024-10-04T09:51:00.685+0000] {logging_mixin.py:190} INFO - [2024-10-04T09:51:00.685+0000] {dagbag.py:588} INFO - Filling up the DagBag from /home/airflow/.local/lib/python3.12/site-packages/airflow/example_dags/example_branch_python_dop_operator_3.py
[2024-10-04T09:51:00.690+0000] {processor.py:925} INFO - DAG(s) 'example_branch_dop_operator_v3' retrieved from /home/airflow/.local/lib/python3.12/site-packages/airflow/example_dags/example_branch_python_dop_operator_3.py
[2024-10-04T09:51:00.705+0000] {logging_mixin.py:190} INFO - [2024-10-04T09:51:00.705+0000] {dag.py:3239} INFO - Sync 1 DAGs
[2024-10-04T09:51:00.726+0000] {logging_mixin.py:190} INFO - [2024-10-04T09:51:00.726+0000] {dag.py:4180} INFO - Setting next_dagrun for example_branch_dop_operator_v3 to 2024-10-04 09:50:00+00:00, run_after=2024-10-04 09:51:00+00:00
[2024-10-04T09:51:00.743+0000] {processor.py:208} INFO - Processing /home/airflow/.local/lib/python3.12/site-packages/airflow/example_dags/example_branch_python_dop_operator_3.py took 0.063 seconds
[2024-10-04T09:51:31.167+0000] {processor.py:186} INFO - Started process (PID=704) to work on /home/airflow/.local/lib/python3.12/site-packages/airflow/example_dags/example_branch_python_dop_operator_3.py
[2024-10-04T09:51:31.167+0000] {processor.py:914} INFO - Processing file /home/airflow/.local/lib/python3.12/site-packages/airflow/example_dags/example_branch_python_dop_operator_3.py for tasks to queue
[2024-10-04T09:51:31.168+0000] {logging_mixin.py:190} INFO - [2024-10-04T09:51:31.168+0000] {dagbag.py:588} INFO - Filling up the DagBag from /home/airflow/.local/lib/python3.12/site-packages/airflow/example_dags/example_branch_python_dop_operator_3.py
[2024-10-04T09:51:31.173+0000] {processor.py:925} INFO - DAG(s) 'example_branch_dop_operator_v3' retrieved from /home/airflow/.local/lib/python3.12/site-packages/airflow/example_dags/example_branch_python_dop_operator_3.py
[2024-10-04T09:51:31.186+0000] {logging_mixin.py:190} INFO - [2024-10-04T09:51:31.186+0000] {dag.py:3239} INFO - Sync 1 DAGs
[2024-10-04T09:51:31.202+0000] {logging_mixin.py:190} INFO - [2024-10-04T09:51:31.202+0000] {dag.py:4180} INFO - Setting next_dagrun for example_branch_dop_operator_v3 to 2024-10-04 09:50:00+00:00, run_after=2024-10-04 09:51:00+00:00
[2024-10-04T09:51:31.212+0000] {processor.py:208} INFO - Processing /home/airflow/.local/lib/python3.12/site-packages/airflow/example_dags/example_branch_python_dop_operator_3.py took 0.049 seconds
[2024-10-04T09:52:01.719+0000] {processor.py:186} INFO - Started process (PID=771) to work on /home/airflow/.local/lib/python3.12/site-packages/airflow/example_dags/example_branch_python_dop_operator_3.py
[2024-10-04T09:52:01.720+0000] {processor.py:914} INFO - Processing file /home/airflow/.local/lib/python3.12/site-packages/airflow/example_dags/example_branch_python_dop_operator_3.py for tasks to queue
[2024-10-04T09:52:01.721+0000] {logging_mixin.py:190} INFO - [2024-10-04T09:52:01.721+0000] {dagbag.py:588} INFO - Filling up the DagBag from /home/airflow/.local/lib/python3.12/site-packages/airflow/example_dags/example_branch_python_dop_operator_3.py
[2024-10-04T09:52:01.725+0000] {processor.py:925} INFO - DAG(s) 'example_branch_dop_operator_v3' retrieved from /home/airflow/.local/lib/python3.12/site-packages/airflow/example_dags/example_branch_python_dop_operator_3.py
[2024-10-04T09:52:01.738+0000] {logging_mixin.py:190} INFO - [2024-10-04T09:52:01.738+0000] {dag.py:3239} INFO - Sync 1 DAGs
[2024-10-04T09:52:01.760+0000] {logging_mixin.py:190} INFO - [2024-10-04T09:52:01.760+0000] {dag.py:4180} INFO - Setting next_dagrun for example_branch_dop_operator_v3 to 2024-10-04 09:51:00+00:00, run_after=2024-10-04 09:52:00+00:00
[2024-10-04T09:52:01.770+0000] {processor.py:208} INFO - Processing /home/airflow/.local/lib/python3.12/site-packages/airflow/example_dags/example_branch_python_dop_operator_3.py took 0.054 seconds
