[2024-10-04T09:46:55.568+0000] {processor.py:186} INFO - Started process (PID=73) to work on /home/airflow/.local/lib/python3.12/site-packages/airflow/example_dags/example_inlet_event_extra.py
[2024-10-04T09:46:55.569+0000] {processor.py:914} INFO - Processing file /home/airflow/.local/lib/python3.12/site-packages/airflow/example_dags/example_inlet_event_extra.py for tasks to queue
[2024-10-04T09:46:55.572+0000] {logging_mixin.py:190} INFO - [2024-10-04T09:46:55.572+0000] {dagbag.py:588} INFO - Filling up the DagBag from /home/airflow/.local/lib/python3.12/site-packages/airflow/example_dags/example_inlet_event_extra.py
[2024-10-04T09:46:55.723+0000] {processor.py:925} INFO - DAG(s) 'read_dataset_event', 'read_dataset_event_from_classic' retrieved from /home/airflow/.local/lib/python3.12/site-packages/airflow/example_dags/example_inlet_event_extra.py
[2024-10-04T09:46:55.757+0000] {logging_mixin.py:190} INFO - [2024-10-04T09:46:55.757+0000] {dag.py:3239} INFO - Sync 2 DAGs
[2024-10-04T09:46:55.793+0000] {logging_mixin.py:190} INFO - [2024-10-04T09:46:55.793+0000] {dag.py:4180} INFO - Setting next_dagrun for read_dataset_event to 2024-10-03 00:00:00+00:00, run_after=2024-10-04 00:00:00+00:00
[2024-10-04T09:46:55.804+0000] {logging_mixin.py:190} INFO - [2024-10-04T09:46:55.803+0000] {dag.py:4180} INFO - Setting next_dagrun for read_dataset_event_from_classic to 2024-10-03 00:00:00+00:00, run_after=2024-10-04 00:00:00+00:00
[2024-10-04T09:46:55.829+0000] {processor.py:208} INFO - Processing /home/airflow/.local/lib/python3.12/site-packages/airflow/example_dags/example_inlet_event_extra.py took 0.266 seconds
[2024-10-04T09:47:26.051+0000] {processor.py:186} INFO - Started process (PID=149) to work on /home/airflow/.local/lib/python3.12/site-packages/airflow/example_dags/example_inlet_event_extra.py
[2024-10-04T09:47:26.052+0000] {processor.py:914} INFO - Processing file /home/airflow/.local/lib/python3.12/site-packages/airflow/example_dags/example_inlet_event_extra.py for tasks to queue
[2024-10-04T09:47:26.056+0000] {logging_mixin.py:190} INFO - [2024-10-04T09:47:26.055+0000] {dagbag.py:588} INFO - Filling up the DagBag from /home/airflow/.local/lib/python3.12/site-packages/airflow/example_dags/example_inlet_event_extra.py
[2024-10-04T09:47:26.131+0000] {processor.py:925} INFO - DAG(s) 'read_dataset_event', 'read_dataset_event_from_classic' retrieved from /home/airflow/.local/lib/python3.12/site-packages/airflow/example_dags/example_inlet_event_extra.py
[2024-10-04T09:47:26.147+0000] {logging_mixin.py:190} INFO - [2024-10-04T09:47:26.147+0000] {dag.py:3239} INFO - Sync 2 DAGs
[2024-10-04T09:47:26.175+0000] {logging_mixin.py:190} INFO - [2024-10-04T09:47:26.175+0000] {dag.py:4180} INFO - Setting next_dagrun for read_dataset_event to 2024-10-03 00:00:00+00:00, run_after=2024-10-04 00:00:00+00:00
[2024-10-04T09:47:26.178+0000] {logging_mixin.py:190} INFO - [2024-10-04T09:47:26.178+0000] {dag.py:4180} INFO - Setting next_dagrun for read_dataset_event_from_classic to 2024-10-03 00:00:00+00:00, run_after=2024-10-04 00:00:00+00:00
[2024-10-04T09:47:26.187+0000] {processor.py:208} INFO - Processing /home/airflow/.local/lib/python3.12/site-packages/airflow/example_dags/example_inlet_event_extra.py took 0.140 seconds
[2024-10-04T09:47:56.904+0000] {processor.py:186} INFO - Started process (PID=216) to work on /home/airflow/.local/lib/python3.12/site-packages/airflow/example_dags/example_inlet_event_extra.py
[2024-10-04T09:47:56.904+0000] {processor.py:914} INFO - Processing file /home/airflow/.local/lib/python3.12/site-packages/airflow/example_dags/example_inlet_event_extra.py for tasks to queue
[2024-10-04T09:47:56.906+0000] {logging_mixin.py:190} INFO - [2024-10-04T09:47:56.906+0000] {dagbag.py:588} INFO - Filling up the DagBag from /home/airflow/.local/lib/python3.12/site-packages/airflow/example_dags/example_inlet_event_extra.py
[2024-10-04T09:47:56.976+0000] {processor.py:925} INFO - DAG(s) 'read_dataset_event', 'read_dataset_event_from_classic' retrieved from /home/airflow/.local/lib/python3.12/site-packages/airflow/example_dags/example_inlet_event_extra.py
[2024-10-04T09:47:56.988+0000] {logging_mixin.py:190} INFO - [2024-10-04T09:47:56.988+0000] {dag.py:3239} INFO - Sync 2 DAGs
[2024-10-04T09:47:57.003+0000] {logging_mixin.py:190} INFO - [2024-10-04T09:47:57.003+0000] {dag.py:4180} INFO - Setting next_dagrun for read_dataset_event to 2024-10-03 00:00:00+00:00, run_after=2024-10-04 00:00:00+00:00
[2024-10-04T09:47:57.005+0000] {logging_mixin.py:190} INFO - [2024-10-04T09:47:57.005+0000] {dag.py:4180} INFO - Setting next_dagrun for read_dataset_event_from_classic to 2024-10-03 00:00:00+00:00, run_after=2024-10-04 00:00:00+00:00
[2024-10-04T09:47:57.012+0000] {processor.py:208} INFO - Processing /home/airflow/.local/lib/python3.12/site-packages/airflow/example_dags/example_inlet_event_extra.py took 0.111 seconds
[2024-10-04T09:48:27.565+0000] {processor.py:186} INFO - Started process (PID=289) to work on /home/airflow/.local/lib/python3.12/site-packages/airflow/example_dags/example_inlet_event_extra.py
[2024-10-04T09:48:27.566+0000] {processor.py:914} INFO - Processing file /home/airflow/.local/lib/python3.12/site-packages/airflow/example_dags/example_inlet_event_extra.py for tasks to queue
[2024-10-04T09:48:27.568+0000] {logging_mixin.py:190} INFO - [2024-10-04T09:48:27.568+0000] {dagbag.py:588} INFO - Filling up the DagBag from /home/airflow/.local/lib/python3.12/site-packages/airflow/example_dags/example_inlet_event_extra.py
[2024-10-04T09:48:27.644+0000] {processor.py:925} INFO - DAG(s) 'read_dataset_event', 'read_dataset_event_from_classic' retrieved from /home/airflow/.local/lib/python3.12/site-packages/airflow/example_dags/example_inlet_event_extra.py
[2024-10-04T09:48:27.663+0000] {logging_mixin.py:190} INFO - [2024-10-04T09:48:27.663+0000] {dag.py:3239} INFO - Sync 2 DAGs
[2024-10-04T09:48:27.681+0000] {logging_mixin.py:190} INFO - [2024-10-04T09:48:27.681+0000] {dag.py:4180} INFO - Setting next_dagrun for read_dataset_event to 2024-10-03 00:00:00+00:00, run_after=2024-10-04 00:00:00+00:00
[2024-10-04T09:48:27.684+0000] {logging_mixin.py:190} INFO - [2024-10-04T09:48:27.683+0000] {dag.py:4180} INFO - Setting next_dagrun for read_dataset_event_from_classic to 2024-10-03 00:00:00+00:00, run_after=2024-10-04 00:00:00+00:00
[2024-10-04T09:48:27.692+0000] {processor.py:208} INFO - Processing /home/airflow/.local/lib/python3.12/site-packages/airflow/example_dags/example_inlet_event_extra.py took 0.130 seconds
[2024-10-04T09:48:58.125+0000] {processor.py:186} INFO - Started process (PID=356) to work on /home/airflow/.local/lib/python3.12/site-packages/airflow/example_dags/example_inlet_event_extra.py
[2024-10-04T09:48:58.126+0000] {processor.py:914} INFO - Processing file /home/airflow/.local/lib/python3.12/site-packages/airflow/example_dags/example_inlet_event_extra.py for tasks to queue
[2024-10-04T09:48:58.127+0000] {logging_mixin.py:190} INFO - [2024-10-04T09:48:58.127+0000] {dagbag.py:588} INFO - Filling up the DagBag from /home/airflow/.local/lib/python3.12/site-packages/airflow/example_dags/example_inlet_event_extra.py
[2024-10-04T09:48:58.201+0000] {processor.py:925} INFO - DAG(s) 'read_dataset_event_from_classic', 'read_dataset_event' retrieved from /home/airflow/.local/lib/python3.12/site-packages/airflow/example_dags/example_inlet_event_extra.py
[2024-10-04T09:48:58.217+0000] {logging_mixin.py:190} INFO - [2024-10-04T09:48:58.217+0000] {dag.py:3239} INFO - Sync 2 DAGs
[2024-10-04T09:48:58.234+0000] {logging_mixin.py:190} INFO - [2024-10-04T09:48:58.234+0000] {dag.py:4180} INFO - Setting next_dagrun for read_dataset_event to 2024-10-03 00:00:00+00:00, run_after=2024-10-04 00:00:00+00:00
[2024-10-04T09:48:58.239+0000] {logging_mixin.py:190} INFO - [2024-10-04T09:48:58.239+0000] {dag.py:4180} INFO - Setting next_dagrun for read_dataset_event_from_classic to 2024-10-03 00:00:00+00:00, run_after=2024-10-04 00:00:00+00:00
[2024-10-04T09:48:58.249+0000] {processor.py:208} INFO - Processing /home/airflow/.local/lib/python3.12/site-packages/airflow/example_dags/example_inlet_event_extra.py took 0.127 seconds
[2024-10-04T09:49:28.640+0000] {processor.py:186} INFO - Started process (PID=423) to work on /home/airflow/.local/lib/python3.12/site-packages/airflow/example_dags/example_inlet_event_extra.py
[2024-10-04T09:49:28.641+0000] {processor.py:914} INFO - Processing file /home/airflow/.local/lib/python3.12/site-packages/airflow/example_dags/example_inlet_event_extra.py for tasks to queue
[2024-10-04T09:49:28.643+0000] {logging_mixin.py:190} INFO - [2024-10-04T09:49:28.643+0000] {dagbag.py:588} INFO - Filling up the DagBag from /home/airflow/.local/lib/python3.12/site-packages/airflow/example_dags/example_inlet_event_extra.py
[2024-10-04T09:49:28.720+0000] {processor.py:925} INFO - DAG(s) 'read_dataset_event_from_classic', 'read_dataset_event' retrieved from /home/airflow/.local/lib/python3.12/site-packages/airflow/example_dags/example_inlet_event_extra.py
[2024-10-04T09:49:28.738+0000] {logging_mixin.py:190} INFO - [2024-10-04T09:49:28.738+0000] {dag.py:3239} INFO - Sync 2 DAGs
[2024-10-04T09:49:28.753+0000] {logging_mixin.py:190} INFO - [2024-10-04T09:49:28.753+0000] {dag.py:4180} INFO - Setting next_dagrun for read_dataset_event to 2024-10-03 00:00:00+00:00, run_after=2024-10-04 00:00:00+00:00
[2024-10-04T09:49:28.756+0000] {logging_mixin.py:190} INFO - [2024-10-04T09:49:28.755+0000] {dag.py:4180} INFO - Setting next_dagrun for read_dataset_event_from_classic to 2024-10-03 00:00:00+00:00, run_after=2024-10-04 00:00:00+00:00
[2024-10-04T09:49:28.764+0000] {processor.py:208} INFO - Processing /home/airflow/.local/lib/python3.12/site-packages/airflow/example_dags/example_inlet_event_extra.py took 0.127 seconds
[2024-10-04T09:49:59.052+0000] {processor.py:186} INFO - Started process (PID=490) to work on /home/airflow/.local/lib/python3.12/site-packages/airflow/example_dags/example_inlet_event_extra.py
[2024-10-04T09:49:59.053+0000] {processor.py:914} INFO - Processing file /home/airflow/.local/lib/python3.12/site-packages/airflow/example_dags/example_inlet_event_extra.py for tasks to queue
[2024-10-04T09:49:59.054+0000] {logging_mixin.py:190} INFO - [2024-10-04T09:49:59.054+0000] {dagbag.py:588} INFO - Filling up the DagBag from /home/airflow/.local/lib/python3.12/site-packages/airflow/example_dags/example_inlet_event_extra.py
[2024-10-04T09:49:59.128+0000] {processor.py:925} INFO - DAG(s) 'read_dataset_event_from_classic', 'read_dataset_event' retrieved from /home/airflow/.local/lib/python3.12/site-packages/airflow/example_dags/example_inlet_event_extra.py
[2024-10-04T09:49:59.143+0000] {logging_mixin.py:190} INFO - [2024-10-04T09:49:59.143+0000] {dag.py:3239} INFO - Sync 2 DAGs
[2024-10-04T09:49:59.160+0000] {logging_mixin.py:190} INFO - [2024-10-04T09:49:59.159+0000] {dag.py:4180} INFO - Setting next_dagrun for read_dataset_event to 2024-10-03 00:00:00+00:00, run_after=2024-10-04 00:00:00+00:00
[2024-10-04T09:49:59.162+0000] {logging_mixin.py:190} INFO - [2024-10-04T09:49:59.162+0000] {dag.py:4180} INFO - Setting next_dagrun for read_dataset_event_from_classic to 2024-10-03 00:00:00+00:00, run_after=2024-10-04 00:00:00+00:00
[2024-10-04T09:49:59.171+0000] {processor.py:208} INFO - Processing /home/airflow/.local/lib/python3.12/site-packages/airflow/example_dags/example_inlet_event_extra.py took 0.122 seconds
[2024-10-04T09:50:29.476+0000] {processor.py:186} INFO - Started process (PID=557) to work on /home/airflow/.local/lib/python3.12/site-packages/airflow/example_dags/example_inlet_event_extra.py
[2024-10-04T09:50:29.476+0000] {processor.py:914} INFO - Processing file /home/airflow/.local/lib/python3.12/site-packages/airflow/example_dags/example_inlet_event_extra.py for tasks to queue
[2024-10-04T09:50:29.478+0000] {logging_mixin.py:190} INFO - [2024-10-04T09:50:29.478+0000] {dagbag.py:588} INFO - Filling up the DagBag from /home/airflow/.local/lib/python3.12/site-packages/airflow/example_dags/example_inlet_event_extra.py
[2024-10-04T09:50:29.550+0000] {processor.py:925} INFO - DAG(s) 'read_dataset_event_from_classic', 'read_dataset_event' retrieved from /home/airflow/.local/lib/python3.12/site-packages/airflow/example_dags/example_inlet_event_extra.py
[2024-10-04T09:50:29.565+0000] {logging_mixin.py:190} INFO - [2024-10-04T09:50:29.564+0000] {dag.py:3239} INFO - Sync 2 DAGs
[2024-10-04T09:50:29.581+0000] {logging_mixin.py:190} INFO - [2024-10-04T09:50:29.581+0000] {dag.py:4180} INFO - Setting next_dagrun for read_dataset_event to 2024-10-03 00:00:00+00:00, run_after=2024-10-04 00:00:00+00:00
[2024-10-04T09:50:29.584+0000] {logging_mixin.py:190} INFO - [2024-10-04T09:50:29.584+0000] {dag.py:4180} INFO - Setting next_dagrun for read_dataset_event_from_classic to 2024-10-03 00:00:00+00:00, run_after=2024-10-04 00:00:00+00:00
[2024-10-04T09:50:29.592+0000] {processor.py:208} INFO - Processing /home/airflow/.local/lib/python3.12/site-packages/airflow/example_dags/example_inlet_event_extra.py took 0.120 seconds
[2024-10-04T09:51:00.014+0000] {processor.py:186} INFO - Started process (PID=624) to work on /home/airflow/.local/lib/python3.12/site-packages/airflow/example_dags/example_inlet_event_extra.py
[2024-10-04T09:51:00.015+0000] {processor.py:914} INFO - Processing file /home/airflow/.local/lib/python3.12/site-packages/airflow/example_dags/example_inlet_event_extra.py for tasks to queue
[2024-10-04T09:51:00.016+0000] {logging_mixin.py:190} INFO - [2024-10-04T09:51:00.016+0000] {dagbag.py:588} INFO - Filling up the DagBag from /home/airflow/.local/lib/python3.12/site-packages/airflow/example_dags/example_inlet_event_extra.py
[2024-10-04T09:51:00.085+0000] {processor.py:925} INFO - DAG(s) 'read_dataset_event_from_classic', 'read_dataset_event' retrieved from /home/airflow/.local/lib/python3.12/site-packages/airflow/example_dags/example_inlet_event_extra.py
[2024-10-04T09:51:00.097+0000] {logging_mixin.py:190} INFO - [2024-10-04T09:51:00.097+0000] {dag.py:3239} INFO - Sync 2 DAGs
[2024-10-04T09:51:00.111+0000] {logging_mixin.py:190} INFO - [2024-10-04T09:51:00.111+0000] {dag.py:4180} INFO - Setting next_dagrun for read_dataset_event to 2024-10-03 00:00:00+00:00, run_after=2024-10-04 00:00:00+00:00
[2024-10-04T09:51:00.113+0000] {logging_mixin.py:190} INFO - [2024-10-04T09:51:00.113+0000] {dag.py:4180} INFO - Setting next_dagrun for read_dataset_event_from_classic to 2024-10-03 00:00:00+00:00, run_after=2024-10-04 00:00:00+00:00
[2024-10-04T09:51:00.121+0000] {processor.py:208} INFO - Processing /home/airflow/.local/lib/python3.12/site-packages/airflow/example_dags/example_inlet_event_extra.py took 0.110 seconds
[2024-10-04T09:51:30.608+0000] {processor.py:186} INFO - Started process (PID=691) to work on /home/airflow/.local/lib/python3.12/site-packages/airflow/example_dags/example_inlet_event_extra.py
[2024-10-04T09:51:30.609+0000] {processor.py:914} INFO - Processing file /home/airflow/.local/lib/python3.12/site-packages/airflow/example_dags/example_inlet_event_extra.py for tasks to queue
[2024-10-04T09:51:30.610+0000] {logging_mixin.py:190} INFO - [2024-10-04T09:51:30.610+0000] {dagbag.py:588} INFO - Filling up the DagBag from /home/airflow/.local/lib/python3.12/site-packages/airflow/example_dags/example_inlet_event_extra.py
[2024-10-04T09:51:30.682+0000] {processor.py:925} INFO - DAG(s) 'read_dataset_event_from_classic', 'read_dataset_event' retrieved from /home/airflow/.local/lib/python3.12/site-packages/airflow/example_dags/example_inlet_event_extra.py
[2024-10-04T09:51:30.695+0000] {logging_mixin.py:190} INFO - [2024-10-04T09:51:30.695+0000] {dag.py:3239} INFO - Sync 2 DAGs
[2024-10-04T09:51:30.710+0000] {logging_mixin.py:190} INFO - [2024-10-04T09:51:30.710+0000] {dag.py:4180} INFO - Setting next_dagrun for read_dataset_event to 2024-10-03 00:00:00+00:00, run_after=2024-10-04 00:00:00+00:00
[2024-10-04T09:51:30.713+0000] {logging_mixin.py:190} INFO - [2024-10-04T09:51:30.713+0000] {dag.py:4180} INFO - Setting next_dagrun for read_dataset_event_from_classic to 2024-10-03 00:00:00+00:00, run_after=2024-10-04 00:00:00+00:00
[2024-10-04T09:51:30.722+0000] {processor.py:208} INFO - Processing /home/airflow/.local/lib/python3.12/site-packages/airflow/example_dags/example_inlet_event_extra.py took 0.117 seconds
[2024-10-04T09:52:01.093+0000] {processor.py:186} INFO - Started process (PID=758) to work on /home/airflow/.local/lib/python3.12/site-packages/airflow/example_dags/example_inlet_event_extra.py
[2024-10-04T09:52:01.094+0000] {processor.py:914} INFO - Processing file /home/airflow/.local/lib/python3.12/site-packages/airflow/example_dags/example_inlet_event_extra.py for tasks to queue
[2024-10-04T09:52:01.095+0000] {logging_mixin.py:190} INFO - [2024-10-04T09:52:01.095+0000] {dagbag.py:588} INFO - Filling up the DagBag from /home/airflow/.local/lib/python3.12/site-packages/airflow/example_dags/example_inlet_event_extra.py
[2024-10-04T09:52:01.172+0000] {processor.py:925} INFO - DAG(s) 'read_dataset_event', 'read_dataset_event_from_classic' retrieved from /home/airflow/.local/lib/python3.12/site-packages/airflow/example_dags/example_inlet_event_extra.py
[2024-10-04T09:52:01.186+0000] {logging_mixin.py:190} INFO - [2024-10-04T09:52:01.186+0000] {dag.py:3239} INFO - Sync 2 DAGs
[2024-10-04T09:52:01.202+0000] {logging_mixin.py:190} INFO - [2024-10-04T09:52:01.202+0000] {dag.py:4180} INFO - Setting next_dagrun for read_dataset_event to 2024-10-03 00:00:00+00:00, run_after=2024-10-04 00:00:00+00:00
[2024-10-04T09:52:01.204+0000] {logging_mixin.py:190} INFO - [2024-10-04T09:52:01.204+0000] {dag.py:4180} INFO - Setting next_dagrun for read_dataset_event_from_classic to 2024-10-03 00:00:00+00:00, run_after=2024-10-04 00:00:00+00:00
[2024-10-04T09:52:01.213+0000] {processor.py:208} INFO - Processing /home/airflow/.local/lib/python3.12/site-packages/airflow/example_dags/example_inlet_event_extra.py took 0.124 seconds
