[2024-10-04T09:46:56.265+0000] {processor.py:186} INFO - Started process (PID=80) to work on /home/airflow/.local/lib/python3.12/site-packages/airflow/example_dags/example_complex.py
[2024-10-04T09:46:56.266+0000] {processor.py:914} INFO - Processing file /home/airflow/.local/lib/python3.12/site-packages/airflow/example_dags/example_complex.py for tasks to queue
[2024-10-04T09:46:56.268+0000] {logging_mixin.py:190} INFO - [2024-10-04T09:46:56.268+0000] {dagbag.py:588} INFO - Filling up the DagBag from /home/airflow/.local/lib/python3.12/site-packages/airflow/example_dags/example_complex.py
[2024-10-04T09:46:56.275+0000] {processor.py:925} INFO - DAG(s) 'example_complex' retrieved from /home/airflow/.local/lib/python3.12/site-packages/airflow/example_dags/example_complex.py
[2024-10-04T09:46:56.296+0000] {logging_mixin.py:190} INFO - [2024-10-04T09:46:56.296+0000] {dag.py:3239} INFO - Sync 1 DAGs
[2024-10-04T09:46:56.313+0000] {logging_mixin.py:190} INFO - [2024-10-04T09:46:56.313+0000] {dag.py:4180} INFO - Setting next_dagrun for example_complex to None, run_after=None
[2024-10-04T09:46:56.332+0000] {processor.py:208} INFO - Processing /home/airflow/.local/lib/python3.12/site-packages/airflow/example_dags/example_complex.py took 0.070 seconds
[2024-10-04T09:47:26.357+0000] {processor.py:186} INFO - Started process (PID=156) to work on /home/airflow/.local/lib/python3.12/site-packages/airflow/example_dags/example_complex.py
[2024-10-04T09:47:26.360+0000] {processor.py:914} INFO - Processing file /home/airflow/.local/lib/python3.12/site-packages/airflow/example_dags/example_complex.py for tasks to queue
[2024-10-04T09:47:26.362+0000] {logging_mixin.py:190} INFO - [2024-10-04T09:47:26.361+0000] {dagbag.py:588} INFO - Filling up the DagBag from /home/airflow/.local/lib/python3.12/site-packages/airflow/example_dags/example_complex.py
[2024-10-04T09:47:26.367+0000] {processor.py:925} INFO - DAG(s) 'example_complex' retrieved from /home/airflow/.local/lib/python3.12/site-packages/airflow/example_dags/example_complex.py
[2024-10-04T09:47:26.389+0000] {logging_mixin.py:190} INFO - [2024-10-04T09:47:26.388+0000] {dag.py:3239} INFO - Sync 1 DAGs
[2024-10-04T09:47:26.401+0000] {logging_mixin.py:190} INFO - [2024-10-04T09:47:26.401+0000] {dag.py:4180} INFO - Setting next_dagrun for example_complex to None, run_after=None
[2024-10-04T09:47:26.414+0000] {processor.py:208} INFO - Processing /home/airflow/.local/lib/python3.12/site-packages/airflow/example_dags/example_complex.py took 0.060 seconds
[2024-10-04T09:47:57.166+0000] {processor.py:186} INFO - Started process (PID=222) to work on /home/airflow/.local/lib/python3.12/site-packages/airflow/example_dags/example_complex.py
[2024-10-04T09:47:57.167+0000] {processor.py:914} INFO - Processing file /home/airflow/.local/lib/python3.12/site-packages/airflow/example_dags/example_complex.py for tasks to queue
[2024-10-04T09:47:57.169+0000] {logging_mixin.py:190} INFO - [2024-10-04T09:47:57.169+0000] {dagbag.py:588} INFO - Filling up the DagBag from /home/airflow/.local/lib/python3.12/site-packages/airflow/example_dags/example_complex.py
[2024-10-04T09:47:57.174+0000] {processor.py:925} INFO - DAG(s) 'example_complex' retrieved from /home/airflow/.local/lib/python3.12/site-packages/airflow/example_dags/example_complex.py
[2024-10-04T09:47:57.192+0000] {logging_mixin.py:190} INFO - [2024-10-04T09:47:57.192+0000] {dag.py:3239} INFO - Sync 1 DAGs
[2024-10-04T09:47:57.200+0000] {logging_mixin.py:190} INFO - [2024-10-04T09:47:57.200+0000] {dag.py:4180} INFO - Setting next_dagrun for example_complex to None, run_after=None
[2024-10-04T09:47:57.215+0000] {processor.py:208} INFO - Processing /home/airflow/.local/lib/python3.12/site-packages/airflow/example_dags/example_complex.py took 0.052 seconds
[2024-10-04T09:48:27.833+0000] {processor.py:186} INFO - Started process (PID=296) to work on /home/airflow/.local/lib/python3.12/site-packages/airflow/example_dags/example_complex.py
[2024-10-04T09:48:27.833+0000] {processor.py:914} INFO - Processing file /home/airflow/.local/lib/python3.12/site-packages/airflow/example_dags/example_complex.py for tasks to queue
[2024-10-04T09:48:27.835+0000] {logging_mixin.py:190} INFO - [2024-10-04T09:48:27.834+0000] {dagbag.py:588} INFO - Filling up the DagBag from /home/airflow/.local/lib/python3.12/site-packages/airflow/example_dags/example_complex.py
[2024-10-04T09:48:27.839+0000] {processor.py:925} INFO - DAG(s) 'example_complex' retrieved from /home/airflow/.local/lib/python3.12/site-packages/airflow/example_dags/example_complex.py
[2024-10-04T09:48:27.859+0000] {logging_mixin.py:190} INFO - [2024-10-04T09:48:27.859+0000] {dag.py:3239} INFO - Sync 1 DAGs
[2024-10-04T09:48:27.867+0000] {logging_mixin.py:190} INFO - [2024-10-04T09:48:27.867+0000] {dag.py:4180} INFO - Setting next_dagrun for example_complex to None, run_after=None
[2024-10-04T09:48:27.879+0000] {processor.py:208} INFO - Processing /home/airflow/.local/lib/python3.12/site-packages/airflow/example_dags/example_complex.py took 0.049 seconds
[2024-10-04T09:48:58.333+0000] {processor.py:186} INFO - Started process (PID=362) to work on /home/airflow/.local/lib/python3.12/site-packages/airflow/example_dags/example_complex.py
[2024-10-04T09:48:58.333+0000] {processor.py:914} INFO - Processing file /home/airflow/.local/lib/python3.12/site-packages/airflow/example_dags/example_complex.py for tasks to queue
[2024-10-04T09:48:58.335+0000] {logging_mixin.py:190} INFO - [2024-10-04T09:48:58.335+0000] {dagbag.py:588} INFO - Filling up the DagBag from /home/airflow/.local/lib/python3.12/site-packages/airflow/example_dags/example_complex.py
[2024-10-04T09:48:58.340+0000] {processor.py:925} INFO - DAG(s) 'example_complex' retrieved from /home/airflow/.local/lib/python3.12/site-packages/airflow/example_dags/example_complex.py
[2024-10-04T09:48:58.358+0000] {logging_mixin.py:190} INFO - [2024-10-04T09:48:58.357+0000] {dag.py:3239} INFO - Sync 1 DAGs
[2024-10-04T09:48:58.366+0000] {logging_mixin.py:190} INFO - [2024-10-04T09:48:58.366+0000] {dag.py:4180} INFO - Setting next_dagrun for example_complex to None, run_after=None
[2024-10-04T09:48:58.381+0000] {processor.py:208} INFO - Processing /home/airflow/.local/lib/python3.12/site-packages/airflow/example_dags/example_complex.py took 0.052 seconds
[2024-10-04T09:49:28.903+0000] {processor.py:186} INFO - Started process (PID=430) to work on /home/airflow/.local/lib/python3.12/site-packages/airflow/example_dags/example_complex.py
[2024-10-04T09:49:28.903+0000] {processor.py:914} INFO - Processing file /home/airflow/.local/lib/python3.12/site-packages/airflow/example_dags/example_complex.py for tasks to queue
[2024-10-04T09:49:28.905+0000] {logging_mixin.py:190} INFO - [2024-10-04T09:49:28.904+0000] {dagbag.py:588} INFO - Filling up the DagBag from /home/airflow/.local/lib/python3.12/site-packages/airflow/example_dags/example_complex.py
[2024-10-04T09:49:28.909+0000] {processor.py:925} INFO - DAG(s) 'example_complex' retrieved from /home/airflow/.local/lib/python3.12/site-packages/airflow/example_dags/example_complex.py
[2024-10-04T09:49:28.929+0000] {logging_mixin.py:190} INFO - [2024-10-04T09:49:28.929+0000] {dag.py:3239} INFO - Sync 1 DAGs
[2024-10-04T09:49:28.940+0000] {logging_mixin.py:190} INFO - [2024-10-04T09:49:28.940+0000] {dag.py:4180} INFO - Setting next_dagrun for example_complex to None, run_after=None
[2024-10-04T09:49:28.954+0000] {processor.py:208} INFO - Processing /home/airflow/.local/lib/python3.12/site-packages/airflow/example_dags/example_complex.py took 0.055 seconds
[2024-10-04T09:49:59.306+0000] {processor.py:186} INFO - Started process (PID=497) to work on /home/airflow/.local/lib/python3.12/site-packages/airflow/example_dags/example_complex.py
[2024-10-04T09:49:59.307+0000] {processor.py:914} INFO - Processing file /home/airflow/.local/lib/python3.12/site-packages/airflow/example_dags/example_complex.py for tasks to queue
[2024-10-04T09:49:59.308+0000] {logging_mixin.py:190} INFO - [2024-10-04T09:49:59.308+0000] {dagbag.py:588} INFO - Filling up the DagBag from /home/airflow/.local/lib/python3.12/site-packages/airflow/example_dags/example_complex.py
[2024-10-04T09:49:59.313+0000] {processor.py:925} INFO - DAG(s) 'example_complex' retrieved from /home/airflow/.local/lib/python3.12/site-packages/airflow/example_dags/example_complex.py
[2024-10-04T09:49:59.332+0000] {logging_mixin.py:190} INFO - [2024-10-04T09:49:59.331+0000] {dag.py:3239} INFO - Sync 1 DAGs
[2024-10-04T09:49:59.341+0000] {logging_mixin.py:190} INFO - [2024-10-04T09:49:59.341+0000] {dag.py:4180} INFO - Setting next_dagrun for example_complex to None, run_after=None
[2024-10-04T09:49:59.352+0000] {processor.py:208} INFO - Processing /home/airflow/.local/lib/python3.12/site-packages/airflow/example_dags/example_complex.py took 0.049 seconds
[2024-10-04T09:50:29.725+0000] {processor.py:186} INFO - Started process (PID=564) to work on /home/airflow/.local/lib/python3.12/site-packages/airflow/example_dags/example_complex.py
[2024-10-04T09:50:29.725+0000] {processor.py:914} INFO - Processing file /home/airflow/.local/lib/python3.12/site-packages/airflow/example_dags/example_complex.py for tasks to queue
[2024-10-04T09:50:29.727+0000] {logging_mixin.py:190} INFO - [2024-10-04T09:50:29.727+0000] {dagbag.py:588} INFO - Filling up the DagBag from /home/airflow/.local/lib/python3.12/site-packages/airflow/example_dags/example_complex.py
[2024-10-04T09:50:29.732+0000] {processor.py:925} INFO - DAG(s) 'example_complex' retrieved from /home/airflow/.local/lib/python3.12/site-packages/airflow/example_dags/example_complex.py
[2024-10-04T09:50:29.750+0000] {logging_mixin.py:190} INFO - [2024-10-04T09:50:29.750+0000] {dag.py:3239} INFO - Sync 1 DAGs
[2024-10-04T09:50:29.759+0000] {logging_mixin.py:190} INFO - [2024-10-04T09:50:29.759+0000] {dag.py:4180} INFO - Setting next_dagrun for example_complex to None, run_after=None
[2024-10-04T09:50:29.771+0000] {processor.py:208} INFO - Processing /home/airflow/.local/lib/python3.12/site-packages/airflow/example_dags/example_complex.py took 0.049 seconds
[2024-10-04T09:51:00.327+0000] {processor.py:186} INFO - Started process (PID=630) to work on /home/airflow/.local/lib/python3.12/site-packages/airflow/example_dags/example_complex.py
[2024-10-04T09:51:00.328+0000] {processor.py:914} INFO - Processing file /home/airflow/.local/lib/python3.12/site-packages/airflow/example_dags/example_complex.py for tasks to queue
[2024-10-04T09:51:00.329+0000] {logging_mixin.py:190} INFO - [2024-10-04T09:51:00.329+0000] {dagbag.py:588} INFO - Filling up the DagBag from /home/airflow/.local/lib/python3.12/site-packages/airflow/example_dags/example_complex.py
[2024-10-04T09:51:00.334+0000] {processor.py:925} INFO - DAG(s) 'example_complex' retrieved from /home/airflow/.local/lib/python3.12/site-packages/airflow/example_dags/example_complex.py
[2024-10-04T09:51:00.351+0000] {logging_mixin.py:190} INFO - [2024-10-04T09:51:00.351+0000] {dag.py:3239} INFO - Sync 1 DAGs
[2024-10-04T09:51:00.359+0000] {logging_mixin.py:190} INFO - [2024-10-04T09:51:00.359+0000] {dag.py:4180} INFO - Setting next_dagrun for example_complex to None, run_after=None
[2024-10-04T09:51:00.368+0000] {processor.py:208} INFO - Processing /home/airflow/.local/lib/python3.12/site-packages/airflow/example_dags/example_complex.py took 0.044 seconds
[2024-10-04T09:51:30.844+0000] {processor.py:186} INFO - Started process (PID=698) to work on /home/airflow/.local/lib/python3.12/site-packages/airflow/example_dags/example_complex.py
[2024-10-04T09:51:30.844+0000] {processor.py:914} INFO - Processing file /home/airflow/.local/lib/python3.12/site-packages/airflow/example_dags/example_complex.py for tasks to queue
[2024-10-04T09:51:30.845+0000] {logging_mixin.py:190} INFO - [2024-10-04T09:51:30.845+0000] {dagbag.py:588} INFO - Filling up the DagBag from /home/airflow/.local/lib/python3.12/site-packages/airflow/example_dags/example_complex.py
[2024-10-04T09:51:30.851+0000] {processor.py:925} INFO - DAG(s) 'example_complex' retrieved from /home/airflow/.local/lib/python3.12/site-packages/airflow/example_dags/example_complex.py
[2024-10-04T09:51:30.869+0000] {logging_mixin.py:190} INFO - [2024-10-04T09:51:30.869+0000] {dag.py:3239} INFO - Sync 1 DAGs
[2024-10-04T09:51:30.879+0000] {logging_mixin.py:190} INFO - [2024-10-04T09:51:30.879+0000] {dag.py:4180} INFO - Setting next_dagrun for example_complex to None, run_after=None
[2024-10-04T09:51:30.891+0000] {processor.py:208} INFO - Processing /home/airflow/.local/lib/python3.12/site-packages/airflow/example_dags/example_complex.py took 0.051 seconds
[2024-10-04T09:52:01.357+0000] {processor.py:186} INFO - Started process (PID=765) to work on /home/airflow/.local/lib/python3.12/site-packages/airflow/example_dags/example_complex.py
[2024-10-04T09:52:01.357+0000] {processor.py:914} INFO - Processing file /home/airflow/.local/lib/python3.12/site-packages/airflow/example_dags/example_complex.py for tasks to queue
[2024-10-04T09:52:01.358+0000] {logging_mixin.py:190} INFO - [2024-10-04T09:52:01.358+0000] {dagbag.py:588} INFO - Filling up the DagBag from /home/airflow/.local/lib/python3.12/site-packages/airflow/example_dags/example_complex.py
[2024-10-04T09:52:01.363+0000] {processor.py:925} INFO - DAG(s) 'example_complex' retrieved from /home/airflow/.local/lib/python3.12/site-packages/airflow/example_dags/example_complex.py
[2024-10-04T09:52:01.381+0000] {logging_mixin.py:190} INFO - [2024-10-04T09:52:01.381+0000] {dag.py:3239} INFO - Sync 1 DAGs
[2024-10-04T09:52:01.390+0000] {logging_mixin.py:190} INFO - [2024-10-04T09:52:01.390+0000] {dag.py:4180} INFO - Setting next_dagrun for example_complex to None, run_after=None
[2024-10-04T09:52:01.400+0000] {processor.py:208} INFO - Processing /home/airflow/.local/lib/python3.12/site-packages/airflow/example_dags/example_complex.py took 0.047 seconds
