[2024-10-04T09:46:54.905+0000] {processor.py:186} INFO - Started process (PID=61) to work on /home/airflow/.local/lib/python3.12/site-packages/airflow/example_dags/example_task_group.py
[2024-10-04T09:46:54.905+0000] {processor.py:914} INFO - Processing file /home/airflow/.local/lib/python3.12/site-packages/airflow/example_dags/example_task_group.py for tasks to queue
[2024-10-04T09:46:54.907+0000] {logging_mixin.py:190} INFO - [2024-10-04T09:46:54.907+0000] {dagbag.py:588} INFO - Filling up the DagBag from /home/airflow/.local/lib/python3.12/site-packages/airflow/example_dags/example_task_group.py
[2024-10-04T09:46:54.911+0000] {processor.py:925} INFO - DAG(s) 'example_task_group' retrieved from /home/airflow/.local/lib/python3.12/site-packages/airflow/example_dags/example_task_group.py
[2024-10-04T09:46:54.925+0000] {logging_mixin.py:190} INFO - [2024-10-04T09:46:54.925+0000] {dag.py:3239} INFO - Sync 1 DAGs
[2024-10-04T09:46:54.936+0000] {logging_mixin.py:190} INFO - [2024-10-04T09:46:54.935+0000] {dag.py:4180} INFO - Setting next_dagrun for example_task_group to None, run_after=None
[2024-10-04T09:46:54.947+0000] {processor.py:208} INFO - Processing /home/airflow/.local/lib/python3.12/site-packages/airflow/example_dags/example_task_group.py took 0.046 seconds
[2024-10-04T09:47:25.640+0000] {processor.py:186} INFO - Started process (PID=137) to work on /home/airflow/.local/lib/python3.12/site-packages/airflow/example_dags/example_task_group.py
[2024-10-04T09:47:25.640+0000] {processor.py:914} INFO - Processing file /home/airflow/.local/lib/python3.12/site-packages/airflow/example_dags/example_task_group.py for tasks to queue
[2024-10-04T09:47:25.642+0000] {logging_mixin.py:190} INFO - [2024-10-04T09:47:25.642+0000] {dagbag.py:588} INFO - Filling up the DagBag from /home/airflow/.local/lib/python3.12/site-packages/airflow/example_dags/example_task_group.py
[2024-10-04T09:47:25.645+0000] {processor.py:925} INFO - DAG(s) 'example_task_group' retrieved from /home/airflow/.local/lib/python3.12/site-packages/airflow/example_dags/example_task_group.py
[2024-10-04T09:47:25.665+0000] {logging_mixin.py:190} INFO - [2024-10-04T09:47:25.665+0000] {dag.py:3239} INFO - Sync 1 DAGs
[2024-10-04T09:47:25.677+0000] {logging_mixin.py:190} INFO - [2024-10-04T09:47:25.677+0000] {dag.py:4180} INFO - Setting next_dagrun for example_task_group to None, run_after=None
[2024-10-04T09:47:25.689+0000] {processor.py:208} INFO - Processing /home/airflow/.local/lib/python3.12/site-packages/airflow/example_dags/example_task_group.py took 0.052 seconds
[2024-10-04T09:47:56.418+0000] {processor.py:186} INFO - Started process (PID=204) to work on /home/airflow/.local/lib/python3.12/site-packages/airflow/example_dags/example_task_group.py
[2024-10-04T09:47:56.419+0000] {processor.py:914} INFO - Processing file /home/airflow/.local/lib/python3.12/site-packages/airflow/example_dags/example_task_group.py for tasks to queue
[2024-10-04T09:47:56.421+0000] {logging_mixin.py:190} INFO - [2024-10-04T09:47:56.420+0000] {dagbag.py:588} INFO - Filling up the DagBag from /home/airflow/.local/lib/python3.12/site-packages/airflow/example_dags/example_task_group.py
[2024-10-04T09:47:56.424+0000] {processor.py:925} INFO - DAG(s) 'example_task_group' retrieved from /home/airflow/.local/lib/python3.12/site-packages/airflow/example_dags/example_task_group.py
[2024-10-04T09:47:56.440+0000] {logging_mixin.py:190} INFO - [2024-10-04T09:47:56.439+0000] {dag.py:3239} INFO - Sync 1 DAGs
[2024-10-04T09:47:56.450+0000] {logging_mixin.py:190} INFO - [2024-10-04T09:47:56.450+0000] {dag.py:4180} INFO - Setting next_dagrun for example_task_group to None, run_after=None
[2024-10-04T09:47:56.463+0000] {processor.py:208} INFO - Processing /home/airflow/.local/lib/python3.12/site-packages/airflow/example_dags/example_task_group.py took 0.048 seconds
[2024-10-04T09:48:27.094+0000] {processor.py:186} INFO - Started process (PID=271) to work on /home/airflow/.local/lib/python3.12/site-packages/airflow/example_dags/example_task_group.py
[2024-10-04T09:48:27.095+0000] {processor.py:914} INFO - Processing file /home/airflow/.local/lib/python3.12/site-packages/airflow/example_dags/example_task_group.py for tasks to queue
[2024-10-04T09:48:27.096+0000] {logging_mixin.py:190} INFO - [2024-10-04T09:48:27.096+0000] {dagbag.py:588} INFO - Filling up the DagBag from /home/airflow/.local/lib/python3.12/site-packages/airflow/example_dags/example_task_group.py
[2024-10-04T09:48:27.100+0000] {processor.py:925} INFO - DAG(s) 'example_task_group' retrieved from /home/airflow/.local/lib/python3.12/site-packages/airflow/example_dags/example_task_group.py
[2024-10-04T09:48:27.114+0000] {logging_mixin.py:190} INFO - [2024-10-04T09:48:27.113+0000] {dag.py:3239} INFO - Sync 1 DAGs
[2024-10-04T09:48:27.126+0000] {logging_mixin.py:190} INFO - [2024-10-04T09:48:27.126+0000] {dag.py:4180} INFO - Setting next_dagrun for example_task_group to None, run_after=None
[2024-10-04T09:48:27.137+0000] {processor.py:208} INFO - Processing /home/airflow/.local/lib/python3.12/site-packages/airflow/example_dags/example_task_group.py took 0.046 seconds
[2024-10-04T09:48:57.605+0000] {processor.py:186} INFO - Started process (PID=344) to work on /home/airflow/.local/lib/python3.12/site-packages/airflow/example_dags/example_task_group.py
[2024-10-04T09:48:57.608+0000] {processor.py:914} INFO - Processing file /home/airflow/.local/lib/python3.12/site-packages/airflow/example_dags/example_task_group.py for tasks to queue
[2024-10-04T09:48:57.609+0000] {logging_mixin.py:190} INFO - [2024-10-04T09:48:57.609+0000] {dagbag.py:588} INFO - Filling up the DagBag from /home/airflow/.local/lib/python3.12/site-packages/airflow/example_dags/example_task_group.py
[2024-10-04T09:48:57.612+0000] {processor.py:925} INFO - DAG(s) 'example_task_group' retrieved from /home/airflow/.local/lib/python3.12/site-packages/airflow/example_dags/example_task_group.py
[2024-10-04T09:48:57.633+0000] {logging_mixin.py:190} INFO - [2024-10-04T09:48:57.633+0000] {dag.py:3239} INFO - Sync 1 DAGs
[2024-10-04T09:48:57.642+0000] {logging_mixin.py:190} INFO - [2024-10-04T09:48:57.642+0000] {dag.py:4180} INFO - Setting next_dagrun for example_task_group to None, run_after=None
[2024-10-04T09:48:57.654+0000] {processor.py:208} INFO - Processing /home/airflow/.local/lib/python3.12/site-packages/airflow/example_dags/example_task_group.py took 0.052 seconds
[2024-10-04T09:49:28.194+0000] {processor.py:186} INFO - Started process (PID=411) to work on /home/airflow/.local/lib/python3.12/site-packages/airflow/example_dags/example_task_group.py
[2024-10-04T09:49:28.196+0000] {processor.py:914} INFO - Processing file /home/airflow/.local/lib/python3.12/site-packages/airflow/example_dags/example_task_group.py for tasks to queue
[2024-10-04T09:49:28.198+0000] {logging_mixin.py:190} INFO - [2024-10-04T09:49:28.198+0000] {dagbag.py:588} INFO - Filling up the DagBag from /home/airflow/.local/lib/python3.12/site-packages/airflow/example_dags/example_task_group.py
[2024-10-04T09:49:28.201+0000] {processor.py:925} INFO - DAG(s) 'example_task_group' retrieved from /home/airflow/.local/lib/python3.12/site-packages/airflow/example_dags/example_task_group.py
[2024-10-04T09:49:28.215+0000] {logging_mixin.py:190} INFO - [2024-10-04T09:49:28.215+0000] {dag.py:3239} INFO - Sync 1 DAGs
[2024-10-04T09:49:28.228+0000] {logging_mixin.py:190} INFO - [2024-10-04T09:49:28.228+0000] {dag.py:4180} INFO - Setting next_dagrun for example_task_group to None, run_after=None
[2024-10-04T09:49:28.238+0000] {processor.py:208} INFO - Processing /home/airflow/.local/lib/python3.12/site-packages/airflow/example_dags/example_task_group.py took 0.047 seconds
[2024-10-04T09:49:58.628+0000] {processor.py:186} INFO - Started process (PID=478) to work on /home/airflow/.local/lib/python3.12/site-packages/airflow/example_dags/example_task_group.py
[2024-10-04T09:49:58.629+0000] {processor.py:914} INFO - Processing file /home/airflow/.local/lib/python3.12/site-packages/airflow/example_dags/example_task_group.py for tasks to queue
[2024-10-04T09:49:58.630+0000] {logging_mixin.py:190} INFO - [2024-10-04T09:49:58.630+0000] {dagbag.py:588} INFO - Filling up the DagBag from /home/airflow/.local/lib/python3.12/site-packages/airflow/example_dags/example_task_group.py
[2024-10-04T09:49:58.634+0000] {processor.py:925} INFO - DAG(s) 'example_task_group' retrieved from /home/airflow/.local/lib/python3.12/site-packages/airflow/example_dags/example_task_group.py
[2024-10-04T09:49:58.649+0000] {logging_mixin.py:190} INFO - [2024-10-04T09:49:58.649+0000] {dag.py:3239} INFO - Sync 1 DAGs
[2024-10-04T09:49:58.658+0000] {logging_mixin.py:190} INFO - [2024-10-04T09:49:58.658+0000] {dag.py:4180} INFO - Setting next_dagrun for example_task_group to None, run_after=None
[2024-10-04T09:49:58.670+0000] {processor.py:208} INFO - Processing /home/airflow/.local/lib/python3.12/site-packages/airflow/example_dags/example_task_group.py took 0.045 seconds
[2024-10-04T09:50:28.982+0000] {processor.py:186} INFO - Started process (PID=545) to work on /home/airflow/.local/lib/python3.12/site-packages/airflow/example_dags/example_task_group.py
[2024-10-04T09:50:28.983+0000] {processor.py:914} INFO - Processing file /home/airflow/.local/lib/python3.12/site-packages/airflow/example_dags/example_task_group.py for tasks to queue
[2024-10-04T09:50:28.985+0000] {logging_mixin.py:190} INFO - [2024-10-04T09:50:28.984+0000] {dagbag.py:588} INFO - Filling up the DagBag from /home/airflow/.local/lib/python3.12/site-packages/airflow/example_dags/example_task_group.py
[2024-10-04T09:50:28.988+0000] {processor.py:925} INFO - DAG(s) 'example_task_group' retrieved from /home/airflow/.local/lib/python3.12/site-packages/airflow/example_dags/example_task_group.py
[2024-10-04T09:50:29.002+0000] {logging_mixin.py:190} INFO - [2024-10-04T09:50:29.002+0000] {dag.py:3239} INFO - Sync 1 DAGs
[2024-10-04T09:50:29.011+0000] {logging_mixin.py:190} INFO - [2024-10-04T09:50:29.011+0000] {dag.py:4180} INFO - Setting next_dagrun for example_task_group to None, run_after=None
[2024-10-04T09:50:29.022+0000] {processor.py:208} INFO - Processing /home/airflow/.local/lib/python3.12/site-packages/airflow/example_dags/example_task_group.py took 0.043 seconds
[2024-10-04T09:50:59.563+0000] {processor.py:186} INFO - Started process (PID=612) to work on /home/airflow/.local/lib/python3.12/site-packages/airflow/example_dags/example_task_group.py
[2024-10-04T09:50:59.564+0000] {processor.py:914} INFO - Processing file /home/airflow/.local/lib/python3.12/site-packages/airflow/example_dags/example_task_group.py for tasks to queue
[2024-10-04T09:50:59.565+0000] {logging_mixin.py:190} INFO - [2024-10-04T09:50:59.565+0000] {dagbag.py:588} INFO - Filling up the DagBag from /home/airflow/.local/lib/python3.12/site-packages/airflow/example_dags/example_task_group.py
[2024-10-04T09:50:59.569+0000] {processor.py:925} INFO - DAG(s) 'example_task_group' retrieved from /home/airflow/.local/lib/python3.12/site-packages/airflow/example_dags/example_task_group.py
[2024-10-04T09:50:59.587+0000] {logging_mixin.py:190} INFO - [2024-10-04T09:50:59.587+0000] {dag.py:3239} INFO - Sync 1 DAGs
[2024-10-04T09:50:59.599+0000] {logging_mixin.py:190} INFO - [2024-10-04T09:50:59.599+0000] {dag.py:4180} INFO - Setting next_dagrun for example_task_group to None, run_after=None
[2024-10-04T09:50:59.615+0000] {processor.py:208} INFO - Processing /home/airflow/.local/lib/python3.12/site-packages/airflow/example_dags/example_task_group.py took 0.055 seconds
[2024-10-04T09:51:30.176+0000] {processor.py:186} INFO - Started process (PID=679) to work on /home/airflow/.local/lib/python3.12/site-packages/airflow/example_dags/example_task_group.py
[2024-10-04T09:51:30.177+0000] {processor.py:914} INFO - Processing file /home/airflow/.local/lib/python3.12/site-packages/airflow/example_dags/example_task_group.py for tasks to queue
[2024-10-04T09:51:30.178+0000] {logging_mixin.py:190} INFO - [2024-10-04T09:51:30.178+0000] {dagbag.py:588} INFO - Filling up the DagBag from /home/airflow/.local/lib/python3.12/site-packages/airflow/example_dags/example_task_group.py
[2024-10-04T09:51:30.181+0000] {processor.py:925} INFO - DAG(s) 'example_task_group' retrieved from /home/airflow/.local/lib/python3.12/site-packages/airflow/example_dags/example_task_group.py
[2024-10-04T09:51:30.196+0000] {logging_mixin.py:190} INFO - [2024-10-04T09:51:30.196+0000] {dag.py:3239} INFO - Sync 1 DAGs
[2024-10-04T09:51:30.204+0000] {logging_mixin.py:190} INFO - [2024-10-04T09:51:30.204+0000] {dag.py:4180} INFO - Setting next_dagrun for example_task_group to None, run_after=None
[2024-10-04T09:51:30.215+0000] {processor.py:208} INFO - Processing /home/airflow/.local/lib/python3.12/site-packages/airflow/example_dags/example_task_group.py took 0.042 seconds
[2024-10-04T09:52:00.623+0000] {processor.py:186} INFO - Started process (PID=746) to work on /home/airflow/.local/lib/python3.12/site-packages/airflow/example_dags/example_task_group.py
[2024-10-04T09:52:00.627+0000] {processor.py:914} INFO - Processing file /home/airflow/.local/lib/python3.12/site-packages/airflow/example_dags/example_task_group.py for tasks to queue
[2024-10-04T09:52:00.629+0000] {logging_mixin.py:190} INFO - [2024-10-04T09:52:00.628+0000] {dagbag.py:588} INFO - Filling up the DagBag from /home/airflow/.local/lib/python3.12/site-packages/airflow/example_dags/example_task_group.py
[2024-10-04T09:52:00.633+0000] {processor.py:925} INFO - DAG(s) 'example_task_group' retrieved from /home/airflow/.local/lib/python3.12/site-packages/airflow/example_dags/example_task_group.py
[2024-10-04T09:52:00.647+0000] {logging_mixin.py:190} INFO - [2024-10-04T09:52:00.646+0000] {dag.py:3239} INFO - Sync 1 DAGs
[2024-10-04T09:52:00.661+0000] {logging_mixin.py:190} INFO - [2024-10-04T09:52:00.661+0000] {dag.py:4180} INFO - Setting next_dagrun for example_task_group to None, run_after=None
[2024-10-04T09:52:00.676+0000] {processor.py:208} INFO - Processing /home/airflow/.local/lib/python3.12/site-packages/airflow/example_dags/example_task_group.py took 0.055 seconds
