[2024-10-04T09:46:57.490+0000] {processor.py:186} INFO - Started process (PID=103) to work on /home/airflow/.local/lib/python3.12/site-packages/airflow/example_dags/example_latest_only.py
[2024-10-04T09:46:57.491+0000] {processor.py:914} INFO - Processing file /home/airflow/.local/lib/python3.12/site-packages/airflow/example_dags/example_latest_only.py for tasks to queue
[2024-10-04T09:46:57.492+0000] {logging_mixin.py:190} INFO - [2024-10-04T09:46:57.492+0000] {dagbag.py:588} INFO - Filling up the DagBag from /home/airflow/.local/lib/python3.12/site-packages/airflow/example_dags/example_latest_only.py
[2024-10-04T09:46:57.496+0000] {processor.py:925} INFO - DAG(s) 'latest_only' retrieved from /home/airflow/.local/lib/python3.12/site-packages/airflow/example_dags/example_latest_only.py
[2024-10-04T09:46:57.519+0000] {logging_mixin.py:190} INFO - [2024-10-04T09:46:57.518+0000] {dag.py:3239} INFO - Sync 1 DAGs
[2024-10-04T09:46:57.539+0000] {logging_mixin.py:190} INFO - [2024-10-04T09:46:57.539+0000] {dag.py:4180} INFO - Setting next_dagrun for latest_only to 2024-10-04 04:00:00+00:00, run_after=2024-10-04 08:00:00+00:00
[2024-10-04T09:46:57.558+0000] {processor.py:208} INFO - Processing /home/airflow/.local/lib/python3.12/site-packages/airflow/example_dags/example_latest_only.py took 0.071 seconds
[2024-10-04T09:47:28.295+0000] {processor.py:186} INFO - Started process (PID=180) to work on /home/airflow/.local/lib/python3.12/site-packages/airflow/example_dags/example_latest_only.py
[2024-10-04T09:47:28.296+0000] {processor.py:914} INFO - Processing file /home/airflow/.local/lib/python3.12/site-packages/airflow/example_dags/example_latest_only.py for tasks to queue
[2024-10-04T09:47:28.298+0000] {logging_mixin.py:190} INFO - [2024-10-04T09:47:28.297+0000] {dagbag.py:588} INFO - Filling up the DagBag from /home/airflow/.local/lib/python3.12/site-packages/airflow/example_dags/example_latest_only.py
[2024-10-04T09:47:28.301+0000] {processor.py:925} INFO - DAG(s) 'latest_only' retrieved from /home/airflow/.local/lib/python3.12/site-packages/airflow/example_dags/example_latest_only.py
[2024-10-04T09:47:28.318+0000] {logging_mixin.py:190} INFO - [2024-10-04T09:47:28.318+0000] {dag.py:3239} INFO - Sync 1 DAGs
[2024-10-04T09:47:28.336+0000] {logging_mixin.py:190} INFO - [2024-10-04T09:47:28.336+0000] {dag.py:4180} INFO - Setting next_dagrun for latest_only to 2024-10-04 04:00:00+00:00, run_after=2024-10-04 08:00:00+00:00
[2024-10-04T09:47:28.345+0000] {processor.py:208} INFO - Processing /home/airflow/.local/lib/python3.12/site-packages/airflow/example_dags/example_latest_only.py took 0.054 seconds
[2024-10-04T09:47:59.059+0000] {processor.py:186} INFO - Started process (PID=247) to work on /home/airflow/.local/lib/python3.12/site-packages/airflow/example_dags/example_latest_only.py
[2024-10-04T09:47:59.059+0000] {processor.py:914} INFO - Processing file /home/airflow/.local/lib/python3.12/site-packages/airflow/example_dags/example_latest_only.py for tasks to queue
[2024-10-04T09:47:59.061+0000] {logging_mixin.py:190} INFO - [2024-10-04T09:47:59.061+0000] {dagbag.py:588} INFO - Filling up the DagBag from /home/airflow/.local/lib/python3.12/site-packages/airflow/example_dags/example_latest_only.py
[2024-10-04T09:47:59.063+0000] {processor.py:925} INFO - DAG(s) 'latest_only' retrieved from /home/airflow/.local/lib/python3.12/site-packages/airflow/example_dags/example_latest_only.py
[2024-10-04T09:47:59.081+0000] {logging_mixin.py:190} INFO - [2024-10-04T09:47:59.081+0000] {dag.py:3239} INFO - Sync 1 DAGs
[2024-10-04T09:47:59.103+0000] {logging_mixin.py:190} INFO - [2024-10-04T09:47:59.103+0000] {dag.py:4180} INFO - Setting next_dagrun for latest_only to 2024-10-04 04:00:00+00:00, run_after=2024-10-04 08:00:00+00:00
[2024-10-04T09:47:59.118+0000] {processor.py:208} INFO - Processing /home/airflow/.local/lib/python3.12/site-packages/airflow/example_dags/example_latest_only.py took 0.064 seconds
[2024-10-04T09:48:29.665+0000] {processor.py:186} INFO - Started process (PID=314) to work on /home/airflow/.local/lib/python3.12/site-packages/airflow/example_dags/example_latest_only.py
[2024-10-04T09:48:29.666+0000] {processor.py:914} INFO - Processing file /home/airflow/.local/lib/python3.12/site-packages/airflow/example_dags/example_latest_only.py for tasks to queue
[2024-10-04T09:48:29.667+0000] {logging_mixin.py:190} INFO - [2024-10-04T09:48:29.667+0000] {dagbag.py:588} INFO - Filling up the DagBag from /home/airflow/.local/lib/python3.12/site-packages/airflow/example_dags/example_latest_only.py
[2024-10-04T09:48:29.670+0000] {processor.py:925} INFO - DAG(s) 'latest_only' retrieved from /home/airflow/.local/lib/python3.12/site-packages/airflow/example_dags/example_latest_only.py
[2024-10-04T09:48:29.684+0000] {logging_mixin.py:190} INFO - [2024-10-04T09:48:29.684+0000] {dag.py:3239} INFO - Sync 1 DAGs
[2024-10-04T09:48:29.704+0000] {logging_mixin.py:190} INFO - [2024-10-04T09:48:29.704+0000] {dag.py:4180} INFO - Setting next_dagrun for latest_only to 2024-10-04 04:00:00+00:00, run_after=2024-10-04 08:00:00+00:00
[2024-10-04T09:48:29.717+0000] {processor.py:208} INFO - Processing /home/airflow/.local/lib/python3.12/site-packages/airflow/example_dags/example_latest_only.py took 0.055 seconds
[2024-10-04T09:49:00.191+0000] {processor.py:186} INFO - Started process (PID=381) to work on /home/airflow/.local/lib/python3.12/site-packages/airflow/example_dags/example_latest_only.py
[2024-10-04T09:49:00.192+0000] {processor.py:914} INFO - Processing file /home/airflow/.local/lib/python3.12/site-packages/airflow/example_dags/example_latest_only.py for tasks to queue
[2024-10-04T09:49:00.193+0000] {logging_mixin.py:190} INFO - [2024-10-04T09:49:00.193+0000] {dagbag.py:588} INFO - Filling up the DagBag from /home/airflow/.local/lib/python3.12/site-packages/airflow/example_dags/example_latest_only.py
[2024-10-04T09:49:00.196+0000] {processor.py:925} INFO - DAG(s) 'latest_only' retrieved from /home/airflow/.local/lib/python3.12/site-packages/airflow/example_dags/example_latest_only.py
[2024-10-04T09:49:00.208+0000] {logging_mixin.py:190} INFO - [2024-10-04T09:49:00.208+0000] {dag.py:3239} INFO - Sync 1 DAGs
[2024-10-04T09:49:00.226+0000] {logging_mixin.py:190} INFO - [2024-10-04T09:49:00.226+0000] {dag.py:4180} INFO - Setting next_dagrun for latest_only to 2024-10-04 04:00:00+00:00, run_after=2024-10-04 08:00:00+00:00
[2024-10-04T09:49:00.236+0000] {processor.py:208} INFO - Processing /home/airflow/.local/lib/python3.12/site-packages/airflow/example_dags/example_latest_only.py took 0.048 seconds
[2024-10-04T09:49:30.609+0000] {processor.py:186} INFO - Started process (PID=448) to work on /home/airflow/.local/lib/python3.12/site-packages/airflow/example_dags/example_latest_only.py
[2024-10-04T09:49:30.610+0000] {processor.py:914} INFO - Processing file /home/airflow/.local/lib/python3.12/site-packages/airflow/example_dags/example_latest_only.py for tasks to queue
[2024-10-04T09:49:30.611+0000] {logging_mixin.py:190} INFO - [2024-10-04T09:49:30.611+0000] {dagbag.py:588} INFO - Filling up the DagBag from /home/airflow/.local/lib/python3.12/site-packages/airflow/example_dags/example_latest_only.py
[2024-10-04T09:49:30.614+0000] {processor.py:925} INFO - DAG(s) 'latest_only' retrieved from /home/airflow/.local/lib/python3.12/site-packages/airflow/example_dags/example_latest_only.py
[2024-10-04T09:49:30.627+0000] {logging_mixin.py:190} INFO - [2024-10-04T09:49:30.627+0000] {dag.py:3239} INFO - Sync 1 DAGs
[2024-10-04T09:49:30.645+0000] {logging_mixin.py:190} INFO - [2024-10-04T09:49:30.645+0000] {dag.py:4180} INFO - Setting next_dagrun for latest_only to 2024-10-04 04:00:00+00:00, run_after=2024-10-04 08:00:00+00:00
[2024-10-04T09:49:30.658+0000] {processor.py:208} INFO - Processing /home/airflow/.local/lib/python3.12/site-packages/airflow/example_dags/example_latest_only.py took 0.052 seconds
[2024-10-04T09:50:01.007+0000] {processor.py:186} INFO - Started process (PID=515) to work on /home/airflow/.local/lib/python3.12/site-packages/airflow/example_dags/example_latest_only.py
[2024-10-04T09:50:01.008+0000] {processor.py:914} INFO - Processing file /home/airflow/.local/lib/python3.12/site-packages/airflow/example_dags/example_latest_only.py for tasks to queue
[2024-10-04T09:50:01.009+0000] {logging_mixin.py:190} INFO - [2024-10-04T09:50:01.009+0000] {dagbag.py:588} INFO - Filling up the DagBag from /home/airflow/.local/lib/python3.12/site-packages/airflow/example_dags/example_latest_only.py
[2024-10-04T09:50:01.012+0000] {processor.py:925} INFO - DAG(s) 'latest_only' retrieved from /home/airflow/.local/lib/python3.12/site-packages/airflow/example_dags/example_latest_only.py
[2024-10-04T09:50:01.026+0000] {logging_mixin.py:190} INFO - [2024-10-04T09:50:01.025+0000] {dag.py:3239} INFO - Sync 1 DAGs
[2024-10-04T09:50:01.040+0000] {logging_mixin.py:190} INFO - [2024-10-04T09:50:01.040+0000] {dag.py:4180} INFO - Setting next_dagrun for latest_only to 2024-10-04 04:00:00+00:00, run_after=2024-10-04 08:00:00+00:00
[2024-10-04T09:50:01.051+0000] {processor.py:208} INFO - Processing /home/airflow/.local/lib/python3.12/site-packages/airflow/example_dags/example_latest_only.py took 0.047 seconds
[2024-10-04T09:50:31.470+0000] {processor.py:186} INFO - Started process (PID=582) to work on /home/airflow/.local/lib/python3.12/site-packages/airflow/example_dags/example_latest_only.py
[2024-10-04T09:50:31.470+0000] {processor.py:914} INFO - Processing file /home/airflow/.local/lib/python3.12/site-packages/airflow/example_dags/example_latest_only.py for tasks to queue
[2024-10-04T09:50:31.472+0000] {logging_mixin.py:190} INFO - [2024-10-04T09:50:31.471+0000] {dagbag.py:588} INFO - Filling up the DagBag from /home/airflow/.local/lib/python3.12/site-packages/airflow/example_dags/example_latest_only.py
[2024-10-04T09:50:31.474+0000] {processor.py:925} INFO - DAG(s) 'latest_only' retrieved from /home/airflow/.local/lib/python3.12/site-packages/airflow/example_dags/example_latest_only.py
[2024-10-04T09:50:31.488+0000] {logging_mixin.py:190} INFO - [2024-10-04T09:50:31.488+0000] {dag.py:3239} INFO - Sync 1 DAGs
[2024-10-04T09:50:31.502+0000] {logging_mixin.py:190} INFO - [2024-10-04T09:50:31.502+0000] {dag.py:4180} INFO - Setting next_dagrun for latest_only to 2024-10-04 04:00:00+00:00, run_after=2024-10-04 08:00:00+00:00
[2024-10-04T09:50:31.513+0000] {processor.py:208} INFO - Processing /home/airflow/.local/lib/python3.12/site-packages/airflow/example_dags/example_latest_only.py took 0.046 seconds
[2024-10-04T09:51:02.187+0000] {processor.py:186} INFO - Started process (PID=649) to work on /home/airflow/.local/lib/python3.12/site-packages/airflow/example_dags/example_latest_only.py
[2024-10-04T09:51:02.188+0000] {processor.py:914} INFO - Processing file /home/airflow/.local/lib/python3.12/site-packages/airflow/example_dags/example_latest_only.py for tasks to queue
[2024-10-04T09:51:02.189+0000] {logging_mixin.py:190} INFO - [2024-10-04T09:51:02.189+0000] {dagbag.py:588} INFO - Filling up the DagBag from /home/airflow/.local/lib/python3.12/site-packages/airflow/example_dags/example_latest_only.py
[2024-10-04T09:51:02.192+0000] {processor.py:925} INFO - DAG(s) 'latest_only' retrieved from /home/airflow/.local/lib/python3.12/site-packages/airflow/example_dags/example_latest_only.py
[2024-10-04T09:51:02.210+0000] {logging_mixin.py:190} INFO - [2024-10-04T09:51:02.209+0000] {dag.py:3239} INFO - Sync 1 DAGs
[2024-10-04T09:51:02.229+0000] {logging_mixin.py:190} INFO - [2024-10-04T09:51:02.229+0000] {dag.py:4180} INFO - Setting next_dagrun for latest_only to 2024-10-04 04:00:00+00:00, run_after=2024-10-04 08:00:00+00:00
[2024-10-04T09:51:02.240+0000] {processor.py:208} INFO - Processing /home/airflow/.local/lib/python3.12/site-packages/airflow/example_dags/example_latest_only.py took 0.057 seconds
[2024-10-04T09:51:32.590+0000] {processor.py:186} INFO - Started process (PID=716) to work on /home/airflow/.local/lib/python3.12/site-packages/airflow/example_dags/example_latest_only.py
[2024-10-04T09:51:32.591+0000] {processor.py:914} INFO - Processing file /home/airflow/.local/lib/python3.12/site-packages/airflow/example_dags/example_latest_only.py for tasks to queue
[2024-10-04T09:51:32.592+0000] {logging_mixin.py:190} INFO - [2024-10-04T09:51:32.592+0000] {dagbag.py:588} INFO - Filling up the DagBag from /home/airflow/.local/lib/python3.12/site-packages/airflow/example_dags/example_latest_only.py
[2024-10-04T09:51:32.595+0000] {processor.py:925} INFO - DAG(s) 'latest_only' retrieved from /home/airflow/.local/lib/python3.12/site-packages/airflow/example_dags/example_latest_only.py
[2024-10-04T09:51:32.608+0000] {logging_mixin.py:190} INFO - [2024-10-04T09:51:32.608+0000] {dag.py:3239} INFO - Sync 1 DAGs
[2024-10-04T09:51:32.623+0000] {logging_mixin.py:190} INFO - [2024-10-04T09:51:32.622+0000] {dag.py:4180} INFO - Setting next_dagrun for latest_only to 2024-10-04 04:00:00+00:00, run_after=2024-10-04 08:00:00+00:00
[2024-10-04T09:51:32.633+0000] {processor.py:208} INFO - Processing /home/airflow/.local/lib/python3.12/site-packages/airflow/example_dags/example_latest_only.py took 0.046 seconds
[2024-10-04T09:52:03.163+0000] {processor.py:186} INFO - Started process (PID=783) to work on /home/airflow/.local/lib/python3.12/site-packages/airflow/example_dags/example_latest_only.py
[2024-10-04T09:52:03.163+0000] {processor.py:914} INFO - Processing file /home/airflow/.local/lib/python3.12/site-packages/airflow/example_dags/example_latest_only.py for tasks to queue
[2024-10-04T09:52:03.165+0000] {logging_mixin.py:190} INFO - [2024-10-04T09:52:03.164+0000] {dagbag.py:588} INFO - Filling up the DagBag from /home/airflow/.local/lib/python3.12/site-packages/airflow/example_dags/example_latest_only.py
[2024-10-04T09:52:03.168+0000] {processor.py:925} INFO - DAG(s) 'latest_only' retrieved from /home/airflow/.local/lib/python3.12/site-packages/airflow/example_dags/example_latest_only.py
[2024-10-04T09:52:03.182+0000] {logging_mixin.py:190} INFO - [2024-10-04T09:52:03.182+0000] {dag.py:3239} INFO - Sync 1 DAGs
[2024-10-04T09:52:03.199+0000] {logging_mixin.py:190} INFO - [2024-10-04T09:52:03.199+0000] {dag.py:4180} INFO - Setting next_dagrun for latest_only to 2024-10-04 04:00:00+00:00, run_after=2024-10-04 08:00:00+00:00
[2024-10-04T09:52:03.212+0000] {processor.py:208} INFO - Processing /home/airflow/.local/lib/python3.12/site-packages/airflow/example_dags/example_latest_only.py took 0.053 seconds
