[2024-10-01T08:52:45.791+0000] {local_task_job_runner.py:123} INFO - ::group::Pre task execution logs
[2024-10-01T08:52:45.852+0000] {taskinstance.py:2612} INFO - Dependencies all met for dep_context=non-requeueable deps ti=<TaskInstance: trigger_dag.trigger_dag scheduled__2024-09-07T00:00:00+00:00 [queued]>
[2024-10-01T08:52:45.865+0000] {taskinstance.py:2612} INFO - Dependencies all met for dep_context=requeueable deps ti=<TaskInstance: trigger_dag.trigger_dag scheduled__2024-09-07T00:00:00+00:00 [queued]>
[2024-10-01T08:52:45.866+0000] {taskinstance.py:2865} INFO - Starting attempt 1 of 1
[2024-10-01T08:52:45.904+0000] {taskinstance.py:2888} INFO - Executing <Task(TriggerDagRunOperator): trigger_dag> on 2024-09-07 00:00:00+00:00
[2024-10-01T08:52:45.929+0000] {warnings.py:112} WARNING - /home/airflow/.local/lib/python3.12/site-packages/airflow/task/task_runner/standard_task_runner.py:70: DeprecationWarning: This process (pid=1253) is multi-threaded, use of fork() may lead to deadlocks in the child.
  pid = os.fork()

[2024-10-01T08:52:45.955+0000] {standard_task_runner.py:72} INFO - Started process 1315 to run task
[2024-10-01T08:52:45.956+0000] {standard_task_runner.py:104} INFO - Running: ['airflow', 'tasks', 'run', 'trigger_dag', 'trigger_dag', 'scheduled__2024-09-07T00:00:00+00:00', '--job-id', '115', '--raw', '--subdir', 'DAGS_FOLDER/trigger_dag.py', '--cfg-path', '/tmp/tmpddeb6l39']
[2024-10-01T08:52:45.964+0000] {standard_task_runner.py:105} INFO - Job 115: Subtask trigger_dag
[2024-10-01T08:52:46.148+0000] {task_command.py:467} INFO - Running <TaskInstance: trigger_dag.trigger_dag scheduled__2024-09-07T00:00:00+00:00 [running]> on host 7a112cbb4731
[2024-10-01T08:52:46.398+0000] {taskinstance.py:3131} INFO - Exporting env vars: AIRFLOW_CTX_DAG_OWNER='airflow' AIRFLOW_CTX_DAG_ID='trigger_dag' AIRFLOW_CTX_TASK_ID='trigger_dag' AIRFLOW_CTX_EXECUTION_DATE='2024-09-07T00:00:00+00:00' AIRFLOW_CTX_TRY_NUMBER='1' AIRFLOW_CTX_DAG_RUN_ID='scheduled__2024-09-07T00:00:00+00:00'
[2024-10-01T08:52:46.400+0000] {logging_mixin.py:190} INFO - Task instance is in running state
[2024-10-01T08:52:46.402+0000] {logging_mixin.py:190} INFO -  Previous state of the Task instance: queued
[2024-10-01T08:52:46.404+0000] {logging_mixin.py:190} INFO - Current task name:trigger_dag state:running start_date:2024-10-01 08:52:45.853088+00:00
[2024-10-01T08:52:46.407+0000] {logging_mixin.py:190} INFO - Dag name:trigger_dag and current dag run status:running
[2024-10-01T08:52:46.409+0000] {taskinstance.py:731} INFO - ::endgroup::
[2024-10-01T08:52:46.821+0000] {taskinstance.py:340} INFO - ::group::Post task execution logs
[2024-10-01T08:52:46.823+0000] {taskinstance.py:352} INFO - Marking task as SUCCESS. dag_id=trigger_dag, task_id=trigger_dag, run_id=scheduled__2024-09-07T00:00:00+00:00, execution_date=20240907T000000, start_date=20241001T085245, end_date=20241001T085246
[2024-10-01T08:52:46.870+0000] {logging_mixin.py:190} INFO - Task instance in success state
[2024-10-01T08:52:46.872+0000] {logging_mixin.py:190} INFO -  Previous state of the Task instance: running
[2024-10-01T08:52:46.875+0000] {logging_mixin.py:190} INFO - Dag name:trigger_dag queued_at:2024-10-01 08:52:37.893451+00:00
[2024-10-01T08:52:46.877+0000] {logging_mixin.py:190} INFO - Task hostname:7a112cbb4731 operator:TriggerDagRunOperator
[2024-10-01T08:52:46.937+0000] {local_task_job_runner.py:266} INFO - Task exited with return code 0
[2024-10-01T08:52:47.015+0000] {local_task_job_runner.py:245} INFO - ::endgroup::
