[2024-10-01T08:06:35.320+0000] {local_task_job_runner.py:123} INFO - ::group::Pre task execution logs
[2024-10-01T08:06:35.337+0000] {taskinstance.py:2612} INFO - Dependencies all met for dep_context=non-requeueable deps ti=<TaskInstance: dag_id_1.branch_condition scheduled__2024-09-30T00:00:00+00:00 [queued]>
[2024-10-01T08:06:35.344+0000] {taskinstance.py:2612} INFO - Dependencies all met for dep_context=requeueable deps ti=<TaskInstance: dag_id_1.branch_condition scheduled__2024-09-30T00:00:00+00:00 [queued]>
[2024-10-01T08:06:35.344+0000] {taskinstance.py:2865} INFO - Starting attempt 1 of 1
[2024-10-01T08:06:35.353+0000] {taskinstance.py:2888} INFO - Executing <Task(BranchPythonOperator): branch_condition> on 2024-09-30 00:00:00+00:00
[2024-10-01T08:06:35.358+0000] {warnings.py:112} WARNING - /home/airflow/.local/lib/python3.12/site-packages/airflow/task/task_runner/standard_task_runner.py:70: DeprecationWarning: This process (pid=518) is multi-threaded, use of fork() may lead to deadlocks in the child.
  pid = os.fork()

[2024-10-01T08:06:35.360+0000] {standard_task_runner.py:72} INFO - Started process 524 to run task
[2024-10-01T08:06:35.360+0000] {standard_task_runner.py:104} INFO - Running: ['airflow', 'tasks', 'run', 'dag_id_1', 'branch_condition', 'scheduled__2024-09-30T00:00:00+00:00', '--job-id', '77', '--raw', '--subdir', 'DAGS_FOLDER/dag_id_1.py', '--cfg-path', '/tmp/tmpc4kun6j2']
[2024-10-01T08:06:35.369+0000] {standard_task_runner.py:105} INFO - Job 77: Subtask branch_condition
[2024-10-01T08:06:35.421+0000] {task_command.py:467} INFO - Running <TaskInstance: dag_id_1.branch_condition scheduled__2024-09-30T00:00:00+00:00 [running]> on host 7a112cbb4731
[2024-10-01T08:06:35.490+0000] {taskinstance.py:3131} INFO - Exporting env vars: AIRFLOW_CTX_DAG_OWNER='airflow' AIRFLOW_CTX_DAG_ID='dag_id_1' AIRFLOW_CTX_TASK_ID='branch_condition' AIRFLOW_CTX_EXECUTION_DATE='2024-09-30T00:00:00+00:00' AIRFLOW_CTX_TRY_NUMBER='1' AIRFLOW_CTX_DAG_RUN_ID='scheduled__2024-09-30T00:00:00+00:00'
[2024-10-01T08:06:35.492+0000] {logging_mixin.py:190} INFO - Task instance is in running state
[2024-10-01T08:06:35.492+0000] {logging_mixin.py:190} INFO -  Previous state of the Task instance: queued
[2024-10-01T08:06:35.493+0000] {logging_mixin.py:190} INFO - Current task name:branch_condition state:running start_date:2024-10-01 08:06:35.338019+00:00
[2024-10-01T08:06:35.493+0000] {logging_mixin.py:190} INFO - Dag name:dag_id_1 and current dag run status:running
[2024-10-01T08:06:35.494+0000] {taskinstance.py:731} INFO - ::endgroup::
[2024-10-01T08:06:35.494+0000] {baseoperator.py:405} WARNING - BranchPythonOperator.execute cannot be called outside TaskInstance!
[2024-10-01T08:06:35.495+0000] {python.py:240} INFO - Done. Returned value was: insert_new_row
[2024-10-01T08:06:35.495+0000] {branch.py:38} INFO - Branch into insert_new_row
[2024-10-01T08:06:35.495+0000] {skipmixin.py:230} INFO - Following branch ('insert_new_row',)
[2024-10-01T08:06:35.509+0000] {skipmixin.py:278} INFO - Skipping tasks [('create_table', -1)]
[2024-10-01T08:06:35.539+0000] {taskinstance.py:340} INFO - ::group::Post task execution logs
[2024-10-01T08:06:35.540+0000] {taskinstance.py:352} INFO - Marking task as SUCCESS. dag_id=dag_id_1, task_id=branch_condition, run_id=scheduled__2024-09-30T00:00:00+00:00, execution_date=20240930T000000, start_date=20241001T080635, end_date=20241001T080635
[2024-10-01T08:06:35.547+0000] {logging_mixin.py:190} INFO - Task instance in success state
[2024-10-01T08:06:35.547+0000] {logging_mixin.py:190} INFO -  Previous state of the Task instance: running
[2024-10-01T08:06:35.548+0000] {logging_mixin.py:190} INFO - Dag name:dag_id_1 queued_at:2024-10-01 08:06:30.321976+00:00
[2024-10-01T08:06:35.548+0000] {logging_mixin.py:190} INFO - Task hostname:7a112cbb4731 operator:BranchPythonOperator
[2024-10-01T08:06:35.590+0000] {local_task_job_runner.py:266} INFO - Task exited with return code 0
[2024-10-01T08:06:35.620+0000] {taskinstance.py:3900} INFO - 0 downstream tasks scheduled from follow-on schedule check
[2024-10-01T08:06:35.621+0000] {local_task_job_runner.py:245} INFO - ::endgroup::
