[2024-10-04T09:46:54.159+0000] {processor.py:186} INFO - Started process (PID=45) to work on /opt/airflow/dags/dag_id_2.py
[2024-10-04T09:46:54.160+0000] {processor.py:914} INFO - Processing file /opt/airflow/dags/dag_id_2.py for tasks to queue
[2024-10-04T09:46:54.163+0000] {logging_mixin.py:190} INFO - [2024-10-04T09:46:54.162+0000] {dagbag.py:588} INFO - Filling up the DagBag from /opt/airflow/dags/dag_id_2.py
[2024-10-04T09:46:54.176+0000] {processor.py:925} INFO - DAG(s) 'dag_id_2' retrieved from /opt/airflow/dags/dag_id_2.py
[2024-10-04T09:46:54.202+0000] {logging_mixin.py:190} INFO - [2024-10-04T09:46:54.202+0000] {dag.py:3239} INFO - Sync 1 DAGs
[2024-10-04T09:46:54.230+0000] {logging_mixin.py:190} INFO - [2024-10-04T09:46:54.230+0000] {dag.py:4180} INFO - Setting next_dagrun for dag_id_2 to 2024-09-02 00:00:00+00:00, run_after=2024-09-02 01:00:00+00:00
[2024-10-04T09:46:54.243+0000] {processor.py:208} INFO - Processing /opt/airflow/dags/dag_id_2.py took 0.090 seconds
[2024-10-04T09:47:25.049+0000] {processor.py:186} INFO - Started process (PID=121) to work on /opt/airflow/dags/dag_id_2.py
[2024-10-04T09:47:25.051+0000] {processor.py:914} INFO - Processing file /opt/airflow/dags/dag_id_2.py for tasks to queue
[2024-10-04T09:47:25.052+0000] {logging_mixin.py:190} INFO - [2024-10-04T09:47:25.052+0000] {dagbag.py:588} INFO - Filling up the DagBag from /opt/airflow/dags/dag_id_2.py
[2024-10-04T09:47:25.061+0000] {processor.py:925} INFO - DAG(s) 'dag_id_2' retrieved from /opt/airflow/dags/dag_id_2.py
[2024-10-04T09:47:25.076+0000] {logging_mixin.py:190} INFO - [2024-10-04T09:47:25.076+0000] {dag.py:3239} INFO - Sync 1 DAGs
[2024-10-04T09:47:25.093+0000] {logging_mixin.py:190} INFO - [2024-10-04T09:47:25.093+0000] {dag.py:4180} INFO - Setting next_dagrun for dag_id_2 to 2024-09-02 00:00:00+00:00, run_after=2024-09-02 01:00:00+00:00
[2024-10-04T09:47:25.106+0000] {processor.py:208} INFO - Processing /opt/airflow/dags/dag_id_2.py took 0.060 seconds
[2024-10-04T09:47:55.831+0000] {processor.py:186} INFO - Started process (PID=188) to work on /opt/airflow/dags/dag_id_2.py
[2024-10-04T09:47:55.832+0000] {processor.py:914} INFO - Processing file /opt/airflow/dags/dag_id_2.py for tasks to queue
[2024-10-04T09:47:55.834+0000] {logging_mixin.py:190} INFO - [2024-10-04T09:47:55.834+0000] {dagbag.py:588} INFO - Filling up the DagBag from /opt/airflow/dags/dag_id_2.py
[2024-10-04T09:47:55.839+0000] {processor.py:925} INFO - DAG(s) 'dag_id_2' retrieved from /opt/airflow/dags/dag_id_2.py
[2024-10-04T09:47:55.858+0000] {logging_mixin.py:190} INFO - [2024-10-04T09:47:55.858+0000] {dag.py:3239} INFO - Sync 1 DAGs
[2024-10-04T09:47:55.879+0000] {logging_mixin.py:190} INFO - [2024-10-04T09:47:55.879+0000] {dag.py:4180} INFO - Setting next_dagrun for dag_id_2 to 2024-09-02 00:00:00+00:00, run_after=2024-09-02 01:00:00+00:00
[2024-10-04T09:47:55.890+0000] {processor.py:208} INFO - Processing /opt/airflow/dags/dag_id_2.py took 0.062 seconds
[2024-10-04T09:48:26.568+0000] {processor.py:186} INFO - Started process (PID=255) to work on /opt/airflow/dags/dag_id_2.py
[2024-10-04T09:48:26.569+0000] {processor.py:914} INFO - Processing file /opt/airflow/dags/dag_id_2.py for tasks to queue
[2024-10-04T09:48:26.570+0000] {logging_mixin.py:190} INFO - [2024-10-04T09:48:26.570+0000] {dagbag.py:588} INFO - Filling up the DagBag from /opt/airflow/dags/dag_id_2.py
[2024-10-04T09:48:26.576+0000] {processor.py:925} INFO - DAG(s) 'dag_id_2' retrieved from /opt/airflow/dags/dag_id_2.py
[2024-10-04T09:48:26.590+0000] {logging_mixin.py:190} INFO - [2024-10-04T09:48:26.589+0000] {dag.py:3239} INFO - Sync 1 DAGs
[2024-10-04T09:48:26.609+0000] {logging_mixin.py:190} INFO - [2024-10-04T09:48:26.609+0000] {dag.py:4180} INFO - Setting next_dagrun for dag_id_2 to 2024-09-02 00:00:00+00:00, run_after=2024-09-02 01:00:00+00:00
[2024-10-04T09:48:26.620+0000] {processor.py:208} INFO - Processing /opt/airflow/dags/dag_id_2.py took 0.056 seconds
[2024-10-04T09:48:57.075+0000] {processor.py:186} INFO - Started process (PID=322) to work on /opt/airflow/dags/dag_id_2.py
[2024-10-04T09:48:57.075+0000] {processor.py:914} INFO - Processing file /opt/airflow/dags/dag_id_2.py for tasks to queue
[2024-10-04T09:48:57.077+0000] {logging_mixin.py:190} INFO - [2024-10-04T09:48:57.077+0000] {dagbag.py:588} INFO - Filling up the DagBag from /opt/airflow/dags/dag_id_2.py
[2024-10-04T09:48:57.083+0000] {processor.py:925} INFO - DAG(s) 'dag_id_2' retrieved from /opt/airflow/dags/dag_id_2.py
[2024-10-04T09:48:57.098+0000] {logging_mixin.py:190} INFO - [2024-10-04T09:48:57.097+0000] {dag.py:3239} INFO - Sync 1 DAGs
[2024-10-04T09:48:57.114+0000] {logging_mixin.py:190} INFO - [2024-10-04T09:48:57.114+0000] {dag.py:4180} INFO - Setting next_dagrun for dag_id_2 to 2024-09-02 00:00:00+00:00, run_after=2024-09-02 01:00:00+00:00
[2024-10-04T09:48:57.128+0000] {processor.py:208} INFO - Processing /opt/airflow/dags/dag_id_2.py took 0.056 seconds
[2024-10-04T09:49:27.660+0000] {processor.py:186} INFO - Started process (PID=395) to work on /opt/airflow/dags/dag_id_2.py
[2024-10-04T09:49:27.661+0000] {processor.py:914} INFO - Processing file /opt/airflow/dags/dag_id_2.py for tasks to queue
[2024-10-04T09:49:27.662+0000] {logging_mixin.py:190} INFO - [2024-10-04T09:49:27.662+0000] {dagbag.py:588} INFO - Filling up the DagBag from /opt/airflow/dags/dag_id_2.py
[2024-10-04T09:49:27.667+0000] {processor.py:925} INFO - DAG(s) 'dag_id_2' retrieved from /opt/airflow/dags/dag_id_2.py
[2024-10-04T09:49:27.683+0000] {logging_mixin.py:190} INFO - [2024-10-04T09:49:27.682+0000] {dag.py:3239} INFO - Sync 1 DAGs
[2024-10-04T09:49:27.701+0000] {logging_mixin.py:190} INFO - [2024-10-04T09:49:27.701+0000] {dag.py:4180} INFO - Setting next_dagrun for dag_id_2 to 2024-09-02 00:00:00+00:00, run_after=2024-09-02 01:00:00+00:00
[2024-10-04T09:49:27.713+0000] {processor.py:208} INFO - Processing /opt/airflow/dags/dag_id_2.py took 0.056 seconds
[2024-10-04T09:49:58.090+0000] {processor.py:186} INFO - Started process (PID=462) to work on /opt/airflow/dags/dag_id_2.py
[2024-10-04T09:49:58.091+0000] {processor.py:914} INFO - Processing file /opt/airflow/dags/dag_id_2.py for tasks to queue
[2024-10-04T09:49:58.092+0000] {logging_mixin.py:190} INFO - [2024-10-04T09:49:58.092+0000] {dagbag.py:588} INFO - Filling up the DagBag from /opt/airflow/dags/dag_id_2.py
[2024-10-04T09:49:58.098+0000] {processor.py:925} INFO - DAG(s) 'dag_id_2' retrieved from /opt/airflow/dags/dag_id_2.py
[2024-10-04T09:49:58.113+0000] {logging_mixin.py:190} INFO - [2024-10-04T09:49:58.113+0000] {dag.py:3239} INFO - Sync 1 DAGs
[2024-10-04T09:49:58.128+0000] {logging_mixin.py:190} INFO - [2024-10-04T09:49:58.128+0000] {dag.py:4180} INFO - Setting next_dagrun for dag_id_2 to 2024-09-02 00:00:00+00:00, run_after=2024-09-02 01:00:00+00:00
[2024-10-04T09:49:58.138+0000] {processor.py:208} INFO - Processing /opt/airflow/dags/dag_id_2.py took 0.051 seconds
[2024-10-04T09:50:28.481+0000] {processor.py:186} INFO - Started process (PID=529) to work on /opt/airflow/dags/dag_id_2.py
[2024-10-04T09:50:28.482+0000] {processor.py:914} INFO - Processing file /opt/airflow/dags/dag_id_2.py for tasks to queue
[2024-10-04T09:50:28.483+0000] {logging_mixin.py:190} INFO - [2024-10-04T09:50:28.483+0000] {dagbag.py:588} INFO - Filling up the DagBag from /opt/airflow/dags/dag_id_2.py
[2024-10-04T09:50:28.489+0000] {processor.py:925} INFO - DAG(s) 'dag_id_2' retrieved from /opt/airflow/dags/dag_id_2.py
[2024-10-04T09:50:28.503+0000] {logging_mixin.py:190} INFO - [2024-10-04T09:50:28.503+0000] {dag.py:3239} INFO - Sync 1 DAGs
[2024-10-04T09:50:28.519+0000] {logging_mixin.py:190} INFO - [2024-10-04T09:50:28.518+0000] {dag.py:4180} INFO - Setting next_dagrun for dag_id_2 to 2024-09-02 00:00:00+00:00, run_after=2024-09-02 01:00:00+00:00
[2024-10-04T09:50:28.529+0000] {processor.py:208} INFO - Processing /opt/airflow/dags/dag_id_2.py took 0.052 seconds
[2024-10-04T09:50:58.955+0000] {processor.py:186} INFO - Started process (PID=596) to work on /opt/airflow/dags/dag_id_2.py
[2024-10-04T09:50:58.956+0000] {processor.py:914} INFO - Processing file /opt/airflow/dags/dag_id_2.py for tasks to queue
[2024-10-04T09:50:58.958+0000] {logging_mixin.py:190} INFO - [2024-10-04T09:50:58.958+0000] {dagbag.py:588} INFO - Filling up the DagBag from /opt/airflow/dags/dag_id_2.py
[2024-10-04T09:50:58.964+0000] {processor.py:925} INFO - DAG(s) 'dag_id_2' retrieved from /opt/airflow/dags/dag_id_2.py
[2024-10-04T09:50:58.984+0000] {logging_mixin.py:190} INFO - [2024-10-04T09:50:58.984+0000] {dag.py:3239} INFO - Sync 1 DAGs
[2024-10-04T09:50:59.009+0000] {logging_mixin.py:190} INFO - [2024-10-04T09:50:59.009+0000] {dag.py:4180} INFO - Setting next_dagrun for dag_id_2 to 2024-09-02 00:00:00+00:00, run_after=2024-09-02 01:00:00+00:00
[2024-10-04T09:50:59.022+0000] {processor.py:208} INFO - Processing /opt/airflow/dags/dag_id_2.py took 0.070 seconds
[2024-10-04T09:51:29.682+0000] {processor.py:186} INFO - Started process (PID=663) to work on /opt/airflow/dags/dag_id_2.py
[2024-10-04T09:51:29.682+0000] {processor.py:914} INFO - Processing file /opt/airflow/dags/dag_id_2.py for tasks to queue
[2024-10-04T09:51:29.684+0000] {logging_mixin.py:190} INFO - [2024-10-04T09:51:29.684+0000] {dagbag.py:588} INFO - Filling up the DagBag from /opt/airflow/dags/dag_id_2.py
[2024-10-04T09:51:29.690+0000] {processor.py:925} INFO - DAG(s) 'dag_id_2' retrieved from /opt/airflow/dags/dag_id_2.py
[2024-10-04T09:51:29.703+0000] {logging_mixin.py:190} INFO - [2024-10-04T09:51:29.703+0000] {dag.py:3239} INFO - Sync 1 DAGs
[2024-10-04T09:51:29.718+0000] {logging_mixin.py:190} INFO - [2024-10-04T09:51:29.718+0000] {dag.py:4180} INFO - Setting next_dagrun for dag_id_2 to 2024-09-02 00:00:00+00:00, run_after=2024-09-02 01:00:00+00:00
[2024-10-04T09:51:29.729+0000] {processor.py:208} INFO - Processing /opt/airflow/dags/dag_id_2.py took 0.050 seconds
[2024-10-04T09:52:00.126+0000] {processor.py:186} INFO - Started process (PID=730) to work on /opt/airflow/dags/dag_id_2.py
[2024-10-04T09:52:00.126+0000] {processor.py:914} INFO - Processing file /opt/airflow/dags/dag_id_2.py for tasks to queue
[2024-10-04T09:52:00.128+0000] {logging_mixin.py:190} INFO - [2024-10-04T09:52:00.127+0000] {dagbag.py:588} INFO - Filling up the DagBag from /opt/airflow/dags/dag_id_2.py
[2024-10-04T09:52:00.133+0000] {processor.py:925} INFO - DAG(s) 'dag_id_2' retrieved from /opt/airflow/dags/dag_id_2.py
[2024-10-04T09:52:00.147+0000] {logging_mixin.py:190} INFO - [2024-10-04T09:52:00.147+0000] {dag.py:3239} INFO - Sync 1 DAGs
[2024-10-04T09:52:00.167+0000] {logging_mixin.py:190} INFO - [2024-10-04T09:52:00.166+0000] {dag.py:4180} INFO - Setting next_dagrun for dag_id_2 to 2024-09-02 00:00:00+00:00, run_after=2024-09-02 01:00:00+00:00
[2024-10-04T09:52:00.179+0000] {processor.py:208} INFO - Processing /opt/airflow/dags/dag_id_2.py took 0.056 seconds
[2024-10-04T09:56:11.860+0000] {processor.py:186} INFO - Started process (PID=44) to work on /opt/airflow/dags/dag_id_2.py
[2024-10-04T09:56:11.861+0000] {processor.py:914} INFO - Processing file /opt/airflow/dags/dag_id_2.py for tasks to queue
[2024-10-04T09:56:11.862+0000] {logging_mixin.py:190} INFO - [2024-10-04T09:56:11.862+0000] {dagbag.py:588} INFO - Filling up the DagBag from /opt/airflow/dags/dag_id_2.py
[2024-10-04T09:56:11.873+0000] {processor.py:925} INFO - DAG(s) 'dag_id_2' retrieved from /opt/airflow/dags/dag_id_2.py
[2024-10-04T09:56:11.899+0000] {logging_mixin.py:190} INFO - [2024-10-04T09:56:11.899+0000] {dag.py:3239} INFO - Sync 1 DAGs
[2024-10-04T09:56:11.919+0000] {logging_mixin.py:190} INFO - [2024-10-04T09:56:11.918+0000] {dag.py:4180} INFO - Setting next_dagrun for dag_id_2 to 2024-09-02 00:00:00+00:00, run_after=2024-09-02 01:00:00+00:00
[2024-10-04T09:56:11.937+0000] {processor.py:208} INFO - Processing /opt/airflow/dags/dag_id_2.py took 0.080 seconds
[2024-10-04T09:56:42.147+0000] {processor.py:186} INFO - Started process (PID=111) to work on /opt/airflow/dags/dag_id_2.py
[2024-10-04T09:56:42.148+0000] {processor.py:914} INFO - Processing file /opt/airflow/dags/dag_id_2.py for tasks to queue
[2024-10-04T09:56:42.149+0000] {logging_mixin.py:190} INFO - [2024-10-04T09:56:42.149+0000] {dagbag.py:588} INFO - Filling up the DagBag from /opt/airflow/dags/dag_id_2.py
[2024-10-04T09:56:42.157+0000] {processor.py:925} INFO - DAG(s) 'dag_id_2' retrieved from /opt/airflow/dags/dag_id_2.py
[2024-10-04T09:56:42.171+0000] {logging_mixin.py:190} INFO - [2024-10-04T09:56:42.171+0000] {dag.py:3239} INFO - Sync 1 DAGs
[2024-10-04T09:56:42.185+0000] {logging_mixin.py:190} INFO - [2024-10-04T09:56:42.185+0000] {dag.py:4180} INFO - Setting next_dagrun for dag_id_2 to 2024-09-02 00:00:00+00:00, run_after=2024-09-02 01:00:00+00:00
[2024-10-04T09:56:42.194+0000] {processor.py:208} INFO - Processing /opt/airflow/dags/dag_id_2.py took 0.050 seconds
[2024-10-04T09:57:12.835+0000] {processor.py:186} INFO - Started process (PID=178) to work on /opt/airflow/dags/dag_id_2.py
[2024-10-04T09:57:12.836+0000] {processor.py:914} INFO - Processing file /opt/airflow/dags/dag_id_2.py for tasks to queue
[2024-10-04T09:57:12.836+0000] {logging_mixin.py:190} INFO - [2024-10-04T09:57:12.836+0000] {dagbag.py:588} INFO - Filling up the DagBag from /opt/airflow/dags/dag_id_2.py
[2024-10-04T09:57:12.843+0000] {processor.py:925} INFO - DAG(s) 'dag_id_2' retrieved from /opt/airflow/dags/dag_id_2.py
[2024-10-04T09:57:12.857+0000] {logging_mixin.py:190} INFO - [2024-10-04T09:57:12.856+0000] {dag.py:3239} INFO - Sync 1 DAGs
[2024-10-04T09:57:12.870+0000] {logging_mixin.py:190} INFO - [2024-10-04T09:57:12.870+0000] {dag.py:4180} INFO - Setting next_dagrun for dag_id_2 to 2024-09-02 00:00:00+00:00, run_after=2024-09-02 01:00:00+00:00
[2024-10-04T09:57:12.878+0000] {processor.py:208} INFO - Processing /opt/airflow/dags/dag_id_2.py took 0.045 seconds
[2024-10-04T09:57:43.196+0000] {processor.py:186} INFO - Started process (PID=245) to work on /opt/airflow/dags/dag_id_2.py
[2024-10-04T09:57:43.196+0000] {processor.py:914} INFO - Processing file /opt/airflow/dags/dag_id_2.py for tasks to queue
[2024-10-04T09:57:43.197+0000] {logging_mixin.py:190} INFO - [2024-10-04T09:57:43.197+0000] {dagbag.py:588} INFO - Filling up the DagBag from /opt/airflow/dags/dag_id_2.py
[2024-10-04T09:57:43.203+0000] {processor.py:925} INFO - DAG(s) 'dag_id_2' retrieved from /opt/airflow/dags/dag_id_2.py
[2024-10-04T09:57:43.216+0000] {logging_mixin.py:190} INFO - [2024-10-04T09:57:43.216+0000] {dag.py:3239} INFO - Sync 1 DAGs
[2024-10-04T09:57:43.234+0000] {logging_mixin.py:190} INFO - [2024-10-04T09:57:43.234+0000] {dag.py:4180} INFO - Setting next_dagrun for dag_id_2 to 2024-09-02 00:00:00+00:00, run_after=2024-09-02 01:00:00+00:00
[2024-10-04T09:57:43.251+0000] {processor.py:208} INFO - Processing /opt/airflow/dags/dag_id_2.py took 0.058 seconds
[2024-10-04T09:58:13.795+0000] {processor.py:186} INFO - Started process (PID=312) to work on /opt/airflow/dags/dag_id_2.py
[2024-10-04T09:58:13.795+0000] {processor.py:914} INFO - Processing file /opt/airflow/dags/dag_id_2.py for tasks to queue
[2024-10-04T09:58:13.796+0000] {logging_mixin.py:190} INFO - [2024-10-04T09:58:13.796+0000] {dagbag.py:588} INFO - Filling up the DagBag from /opt/airflow/dags/dag_id_2.py
[2024-10-04T09:58:13.802+0000] {processor.py:925} INFO - DAG(s) 'dag_id_2' retrieved from /opt/airflow/dags/dag_id_2.py
[2024-10-04T09:58:13.816+0000] {logging_mixin.py:190} INFO - [2024-10-04T09:58:13.815+0000] {dag.py:3239} INFO - Sync 1 DAGs
[2024-10-04T09:58:13.831+0000] {logging_mixin.py:190} INFO - [2024-10-04T09:58:13.830+0000] {dag.py:4180} INFO - Setting next_dagrun for dag_id_2 to 2024-09-02 00:00:00+00:00, run_after=2024-09-02 01:00:00+00:00
[2024-10-04T09:58:13.840+0000] {processor.py:208} INFO - Processing /opt/airflow/dags/dag_id_2.py took 0.048 seconds
