[2024-10-04T09:46:54.273+0000] {processor.py:186} INFO - Started process (PID=47) to work on /opt/airflow/dags/jobs_dag.py
[2024-10-04T09:46:54.274+0000] {processor.py:914} INFO - Processing file /opt/airflow/dags/jobs_dag.py for tasks to queue
[2024-10-04T09:46:54.276+0000] {logging_mixin.py:190} INFO - [2024-10-04T09:46:54.276+0000] {dagbag.py:588} INFO - Filling up the DagBag from /opt/airflow/dags/jobs_dag.py
[2024-10-04T09:46:54.284+0000] {processor.py:927} WARNING - No viable dags retrieved from /opt/airflow/dags/jobs_dag.py
[2024-10-04T09:46:54.298+0000] {processor.py:208} INFO - Processing /opt/airflow/dags/jobs_dag.py took 0.028 seconds
[2024-10-04T09:47:25.123+0000] {processor.py:186} INFO - Started process (PID=123) to work on /opt/airflow/dags/jobs_dag.py
[2024-10-04T09:47:25.125+0000] {processor.py:914} INFO - Processing file /opt/airflow/dags/jobs_dag.py for tasks to queue
[2024-10-04T09:47:25.126+0000] {logging_mixin.py:190} INFO - [2024-10-04T09:47:25.126+0000] {dagbag.py:588} INFO - Filling up the DagBag from /opt/airflow/dags/jobs_dag.py
[2024-10-04T09:47:25.128+0000] {processor.py:927} WARNING - No viable dags retrieved from /opt/airflow/dags/jobs_dag.py
[2024-10-04T09:47:25.141+0000] {processor.py:208} INFO - Processing /opt/airflow/dags/jobs_dag.py took 0.020 seconds
[2024-10-04T09:47:55.907+0000] {processor.py:186} INFO - Started process (PID=190) to work on /opt/airflow/dags/jobs_dag.py
[2024-10-04T09:47:55.908+0000] {processor.py:914} INFO - Processing file /opt/airflow/dags/jobs_dag.py for tasks to queue
[2024-10-04T09:47:55.909+0000] {logging_mixin.py:190} INFO - [2024-10-04T09:47:55.909+0000] {dagbag.py:588} INFO - Filling up the DagBag from /opt/airflow/dags/jobs_dag.py
[2024-10-04T09:47:55.911+0000] {processor.py:927} WARNING - No viable dags retrieved from /opt/airflow/dags/jobs_dag.py
[2024-10-04T09:47:55.924+0000] {processor.py:208} INFO - Processing /opt/airflow/dags/jobs_dag.py took 0.020 seconds
[2024-10-04T09:48:26.636+0000] {processor.py:186} INFO - Started process (PID=257) to work on /opt/airflow/dags/jobs_dag.py
[2024-10-04T09:48:26.637+0000] {processor.py:914} INFO - Processing file /opt/airflow/dags/jobs_dag.py for tasks to queue
[2024-10-04T09:48:26.638+0000] {logging_mixin.py:190} INFO - [2024-10-04T09:48:26.638+0000] {dagbag.py:588} INFO - Filling up the DagBag from /opt/airflow/dags/jobs_dag.py
[2024-10-04T09:48:26.640+0000] {processor.py:927} WARNING - No viable dags retrieved from /opt/airflow/dags/jobs_dag.py
[2024-10-04T09:48:26.651+0000] {processor.py:208} INFO - Processing /opt/airflow/dags/jobs_dag.py took 0.018 seconds
[2024-10-04T09:48:57.144+0000] {processor.py:186} INFO - Started process (PID=324) to work on /opt/airflow/dags/jobs_dag.py
[2024-10-04T09:48:57.145+0000] {processor.py:914} INFO - Processing file /opt/airflow/dags/jobs_dag.py for tasks to queue
[2024-10-04T09:48:57.146+0000] {logging_mixin.py:190} INFO - [2024-10-04T09:48:57.146+0000] {dagbag.py:588} INFO - Filling up the DagBag from /opt/airflow/dags/jobs_dag.py
[2024-10-04T09:48:57.148+0000] {processor.py:927} WARNING - No viable dags retrieved from /opt/airflow/dags/jobs_dag.py
[2024-10-04T09:48:57.159+0000] {processor.py:208} INFO - Processing /opt/airflow/dags/jobs_dag.py took 0.018 seconds
[2024-10-04T09:49:27.729+0000] {processor.py:186} INFO - Started process (PID=397) to work on /opt/airflow/dags/jobs_dag.py
[2024-10-04T09:49:27.730+0000] {processor.py:914} INFO - Processing file /opt/airflow/dags/jobs_dag.py for tasks to queue
[2024-10-04T09:49:27.731+0000] {logging_mixin.py:190} INFO - [2024-10-04T09:49:27.731+0000] {dagbag.py:588} INFO - Filling up the DagBag from /opt/airflow/dags/jobs_dag.py
[2024-10-04T09:49:27.733+0000] {processor.py:927} WARNING - No viable dags retrieved from /opt/airflow/dags/jobs_dag.py
[2024-10-04T09:49:27.746+0000] {processor.py:208} INFO - Processing /opt/airflow/dags/jobs_dag.py took 0.020 seconds
[2024-10-04T09:49:58.152+0000] {processor.py:186} INFO - Started process (PID=464) to work on /opt/airflow/dags/jobs_dag.py
[2024-10-04T09:49:58.152+0000] {processor.py:914} INFO - Processing file /opt/airflow/dags/jobs_dag.py for tasks to queue
[2024-10-04T09:49:58.154+0000] {logging_mixin.py:190} INFO - [2024-10-04T09:49:58.154+0000] {dagbag.py:588} INFO - Filling up the DagBag from /opt/airflow/dags/jobs_dag.py
[2024-10-04T09:49:58.156+0000] {processor.py:927} WARNING - No viable dags retrieved from /opt/airflow/dags/jobs_dag.py
[2024-10-04T09:49:58.165+0000] {processor.py:208} INFO - Processing /opt/airflow/dags/jobs_dag.py took 0.017 seconds
[2024-10-04T09:50:28.543+0000] {processor.py:186} INFO - Started process (PID=531) to work on /opt/airflow/dags/jobs_dag.py
[2024-10-04T09:50:28.543+0000] {processor.py:914} INFO - Processing file /opt/airflow/dags/jobs_dag.py for tasks to queue
[2024-10-04T09:50:28.545+0000] {logging_mixin.py:190} INFO - [2024-10-04T09:50:28.545+0000] {dagbag.py:588} INFO - Filling up the DagBag from /opt/airflow/dags/jobs_dag.py
[2024-10-04T09:50:28.547+0000] {processor.py:927} WARNING - No viable dags retrieved from /opt/airflow/dags/jobs_dag.py
[2024-10-04T09:50:28.557+0000] {processor.py:208} INFO - Processing /opt/airflow/dags/jobs_dag.py took 0.018 seconds
[2024-10-04T09:50:59.037+0000] {processor.py:186} INFO - Started process (PID=598) to work on /opt/airflow/dags/jobs_dag.py
[2024-10-04T09:50:59.038+0000] {processor.py:914} INFO - Processing file /opt/airflow/dags/jobs_dag.py for tasks to queue
[2024-10-04T09:50:59.043+0000] {logging_mixin.py:190} INFO - [2024-10-04T09:50:59.042+0000] {dagbag.py:588} INFO - Filling up the DagBag from /opt/airflow/dags/jobs_dag.py
[2024-10-04T09:50:59.045+0000] {processor.py:927} WARNING - No viable dags retrieved from /opt/airflow/dags/jobs_dag.py
[2024-10-04T09:50:59.055+0000] {processor.py:208} INFO - Processing /opt/airflow/dags/jobs_dag.py took 0.021 seconds
[2024-10-04T09:51:29.743+0000] {processor.py:186} INFO - Started process (PID=665) to work on /opt/airflow/dags/jobs_dag.py
[2024-10-04T09:51:29.744+0000] {processor.py:914} INFO - Processing file /opt/airflow/dags/jobs_dag.py for tasks to queue
[2024-10-04T09:51:29.745+0000] {logging_mixin.py:190} INFO - [2024-10-04T09:51:29.745+0000] {dagbag.py:588} INFO - Filling up the DagBag from /opt/airflow/dags/jobs_dag.py
[2024-10-04T09:51:29.747+0000] {processor.py:927} WARNING - No viable dags retrieved from /opt/airflow/dags/jobs_dag.py
[2024-10-04T09:51:29.794+0000] {processor.py:208} INFO - Processing /opt/airflow/dags/jobs_dag.py took 0.054 seconds
[2024-10-04T09:52:00.195+0000] {processor.py:186} INFO - Started process (PID=732) to work on /opt/airflow/dags/jobs_dag.py
[2024-10-04T09:52:00.195+0000] {processor.py:914} INFO - Processing file /opt/airflow/dags/jobs_dag.py for tasks to queue
[2024-10-04T09:52:00.197+0000] {logging_mixin.py:190} INFO - [2024-10-04T09:52:00.197+0000] {dagbag.py:588} INFO - Filling up the DagBag from /opt/airflow/dags/jobs_dag.py
[2024-10-04T09:52:00.199+0000] {processor.py:927} WARNING - No viable dags retrieved from /opt/airflow/dags/jobs_dag.py
[2024-10-04T09:52:00.210+0000] {processor.py:208} INFO - Processing /opt/airflow/dags/jobs_dag.py took 0.019 seconds
[2024-10-04T09:56:11.970+0000] {processor.py:186} INFO - Started process (PID=45) to work on /opt/airflow/dags/jobs_dag.py
[2024-10-04T09:56:11.970+0000] {processor.py:914} INFO - Processing file /opt/airflow/dags/jobs_dag.py for tasks to queue
[2024-10-04T09:56:11.971+0000] {logging_mixin.py:190} INFO - [2024-10-04T09:56:11.971+0000] {dagbag.py:588} INFO - Filling up the DagBag from /opt/airflow/dags/jobs_dag.py
[2024-10-04T09:56:11.973+0000] {processor.py:927} WARNING - No viable dags retrieved from /opt/airflow/dags/jobs_dag.py
[2024-10-04T09:56:11.994+0000] {processor.py:208} INFO - Processing /opt/airflow/dags/jobs_dag.py took 0.027 seconds
[2024-10-04T09:56:42.207+0000] {processor.py:186} INFO - Started process (PID=112) to work on /opt/airflow/dags/jobs_dag.py
[2024-10-04T09:56:42.207+0000] {processor.py:914} INFO - Processing file /opt/airflow/dags/jobs_dag.py for tasks to queue
[2024-10-04T09:56:42.208+0000] {logging_mixin.py:190} INFO - [2024-10-04T09:56:42.208+0000] {dagbag.py:588} INFO - Filling up the DagBag from /opt/airflow/dags/jobs_dag.py
[2024-10-04T09:56:42.211+0000] {processor.py:927} WARNING - No viable dags retrieved from /opt/airflow/dags/jobs_dag.py
[2024-10-04T09:56:42.220+0000] {processor.py:208} INFO - Processing /opt/airflow/dags/jobs_dag.py took 0.016 seconds
[2024-10-04T09:57:12.892+0000] {processor.py:186} INFO - Started process (PID=179) to work on /opt/airflow/dags/jobs_dag.py
[2024-10-04T09:57:12.892+0000] {processor.py:914} INFO - Processing file /opt/airflow/dags/jobs_dag.py for tasks to queue
[2024-10-04T09:57:12.893+0000] {logging_mixin.py:190} INFO - [2024-10-04T09:57:12.893+0000] {dagbag.py:588} INFO - Filling up the DagBag from /opt/airflow/dags/jobs_dag.py
[2024-10-04T09:57:12.895+0000] {processor.py:927} WARNING - No viable dags retrieved from /opt/airflow/dags/jobs_dag.py
[2024-10-04T09:57:12.905+0000] {processor.py:208} INFO - Processing /opt/airflow/dags/jobs_dag.py took 0.016 seconds
[2024-10-04T09:57:43.265+0000] {processor.py:186} INFO - Started process (PID=246) to work on /opt/airflow/dags/jobs_dag.py
[2024-10-04T09:57:43.265+0000] {processor.py:914} INFO - Processing file /opt/airflow/dags/jobs_dag.py for tasks to queue
[2024-10-04T09:57:43.266+0000] {logging_mixin.py:190} INFO - [2024-10-04T09:57:43.266+0000] {dagbag.py:588} INFO - Filling up the DagBag from /opt/airflow/dags/jobs_dag.py
[2024-10-04T09:57:43.268+0000] {processor.py:927} WARNING - No viable dags retrieved from /opt/airflow/dags/jobs_dag.py
[2024-10-04T09:57:43.278+0000] {processor.py:208} INFO - Processing /opt/airflow/dags/jobs_dag.py took 0.017 seconds
[2024-10-04T09:58:13.854+0000] {processor.py:186} INFO - Started process (PID=313) to work on /opt/airflow/dags/jobs_dag.py
[2024-10-04T09:58:13.854+0000] {processor.py:914} INFO - Processing file /opt/airflow/dags/jobs_dag.py for tasks to queue
[2024-10-04T09:58:13.855+0000] {logging_mixin.py:190} INFO - [2024-10-04T09:58:13.855+0000] {dagbag.py:588} INFO - Filling up the DagBag from /opt/airflow/dags/jobs_dag.py
[2024-10-04T09:58:13.857+0000] {processor.py:927} WARNING - No viable dags retrieved from /opt/airflow/dags/jobs_dag.py
[2024-10-04T09:58:13.867+0000] {processor.py:208} INFO - Processing /opt/airflow/dags/jobs_dag.py took 0.016 seconds
