[2024-10-01T09:02:03.374+0000] {local_task_job_runner.py:123} INFO - ::group::Pre task execution logs
[2024-10-01T09:02:03.387+0000] {taskinstance.py:2612} INFO - Dependencies all met for dep_context=non-requeueable deps ti=<TaskInstance: trigger_dag.file_sensor manual__2024-10-01T09:02:01.591617+00:00 [queued]>
[2024-10-01T09:02:03.393+0000] {taskinstance.py:2612} INFO - Dependencies all met for dep_context=requeueable deps ti=<TaskInstance: trigger_dag.file_sensor manual__2024-10-01T09:02:01.591617+00:00 [queued]>
[2024-10-01T09:02:03.393+0000] {taskinstance.py:2865} INFO - Starting attempt 1 of 1
[2024-10-01T09:02:03.400+0000] {taskinstance.py:2888} INFO - Executing <Task(FileSensor): file_sensor> on 2024-10-01 09:02:01.591617+00:00
[2024-10-01T09:02:03.404+0000] {warnings.py:112} WARNING - /home/airflow/.local/lib/python3.12/site-packages/airflow/task/task_runner/standard_task_runner.py:70: DeprecationWarning: This process (pid=1806) is multi-threaded, use of fork() may lead to deadlocks in the child.
  pid = os.fork()

[2024-10-01T09:02:03.405+0000] {standard_task_runner.py:72} INFO - Started process 1808 to run task
[2024-10-01T09:02:03.407+0000] {standard_task_runner.py:104} INFO - Running: ['airflow', 'tasks', 'run', 'trigger_dag', 'file_sensor', 'manual__2024-10-01T09:02:01.591617+00:00', '--job-id', '209', '--raw', '--subdir', 'DAGS_FOLDER/trigger_dag.py', '--cfg-path', '/tmp/tmp22davf5m']
[2024-10-01T09:02:03.408+0000] {standard_task_runner.py:105} INFO - Job 209: Subtask file_sensor
[2024-10-01T09:02:03.468+0000] {task_command.py:467} INFO - Running <TaskInstance: trigger_dag.file_sensor manual__2024-10-01T09:02:01.591617+00:00 [running]> on host 7a112cbb4731
[2024-10-01T09:02:03.526+0000] {taskinstance.py:3131} INFO - Exporting env vars: AIRFLOW_CTX_DAG_OWNER='airflow' AIRFLOW_CTX_DAG_ID='trigger_dag' AIRFLOW_CTX_TASK_ID='file_sensor' AIRFLOW_CTX_EXECUTION_DATE='2024-10-01T09:02:01.591617+00:00' AIRFLOW_CTX_TRY_NUMBER='1' AIRFLOW_CTX_DAG_RUN_ID='manual__2024-10-01T09:02:01.591617+00:00'
[2024-10-01T09:02:03.528+0000] {logging_mixin.py:190} INFO - Task instance is in running state
[2024-10-01T09:02:03.528+0000] {logging_mixin.py:190} INFO -  Previous state of the Task instance: queued
[2024-10-01T09:02:03.529+0000] {logging_mixin.py:190} INFO - Current task name:file_sensor state:running start_date:2024-10-01 09:02:03.387873+00:00
[2024-10-01T09:02:03.529+0000] {logging_mixin.py:190} INFO - Dag name:trigger_dag and current dag run status:running
[2024-10-01T09:02:03.529+0000] {taskinstance.py:731} INFO - ::endgroup::
[2024-10-01T09:02:03.529+0000] {baseoperator.py:405} WARNING - FileSensor.execute cannot be called outside TaskInstance!
[2024-10-01T09:02:03.536+0000] {base.py:84} INFO - Retrieving connection 'fs_default'
[2024-10-01T09:02:03.537+0000] {filesystem.py:109} INFO - Poking for file /opt/airflow/data/run
[2024-10-01T09:02:03.537+0000] {filesystem.py:113} INFO - Found File /opt/airflow/data/run last modified: 20241001085747
[2024-10-01T09:02:03.537+0000] {base.py:336} INFO - Success criteria met. Exiting.
[2024-10-01T09:02:03.538+0000] {filesystem.py:109} INFO - Poking for file /opt/airflow/data/run
[2024-10-01T09:02:03.538+0000] {filesystem.py:113} INFO - Found File /opt/airflow/data/run last modified: 20241001085747
[2024-10-01T09:02:03.546+0000] {taskinstance.py:340} INFO - ::group::Post task execution logs
[2024-10-01T09:02:03.546+0000] {taskinstance.py:352} INFO - Marking task as SUCCESS. dag_id=trigger_dag, task_id=file_sensor, run_id=manual__2024-10-01T09:02:01.591617+00:00, execution_date=20241001T090201, start_date=20241001T090203, end_date=20241001T090203
[2024-10-01T09:02:03.552+0000] {logging_mixin.py:190} INFO - Task instance in success state
[2024-10-01T09:02:03.552+0000] {logging_mixin.py:190} INFO -  Previous state of the Task instance: running
[2024-10-01T09:02:03.552+0000] {logging_mixin.py:190} INFO - Dag name:trigger_dag queued_at:2024-10-01 09:02:01.610238+00:00
[2024-10-01T09:02:03.553+0000] {logging_mixin.py:190} INFO - Task hostname:7a112cbb4731 operator:FileSensor
[2024-10-01T09:02:03.588+0000] {local_task_job_runner.py:266} INFO - Task exited with return code 0
[2024-10-01T09:02:03.608+0000] {taskinstance.py:3900} INFO - 0 downstream tasks scheduled from follow-on schedule check
[2024-10-01T09:02:03.610+0000] {local_task_job_runner.py:245} INFO - ::endgroup::
