[2024-10-01T08:53:15.911+0000] {local_task_job_runner.py:123} INFO - ::group::Pre task execution logs
[2024-10-01T08:53:15.962+0000] {taskinstance.py:2612} INFO - Dependencies all met for dep_context=non-requeueable deps ti=<TaskInstance: dag_id_1.branch_condition manual__2024-10-01T08:52:51.294449+00:00 [queued]>
[2024-10-01T08:53:15.983+0000] {taskinstance.py:2612} INFO - Dependencies all met for dep_context=requeueable deps ti=<TaskInstance: dag_id_1.branch_condition manual__2024-10-01T08:52:51.294449+00:00 [queued]>
[2024-10-01T08:53:15.985+0000] {taskinstance.py:2865} INFO - Starting attempt 1 of 1
[2024-10-01T08:53:16.006+0000] {taskinstance.py:2888} INFO - Executing <Task(BranchPythonOperator): branch_condition> on 2024-10-01 08:52:51.294449+00:00
[2024-10-01T08:53:16.022+0000] {warnings.py:112} WARNING - /home/airflow/.local/lib/python3.12/site-packages/airflow/task/task_runner/standard_task_runner.py:70: DeprecationWarning: This process (pid=1550) is multi-threaded, use of fork() may lead to deadlocks in the child.
  pid = os.fork()

[2024-10-01T08:53:16.024+0000] {standard_task_runner.py:72} INFO - Started process 1571 to run task
[2024-10-01T08:53:16.027+0000] {standard_task_runner.py:104} INFO - Running: ['airflow', 'tasks', 'run', 'dag_id_1', 'branch_condition', 'manual__2024-10-01T08:52:51.294449+00:00', '--job-id', '175', '--raw', '--subdir', 'DAGS_FOLDER/dag_id_1.py', '--cfg-path', '/tmp/tmpu_hstp0a']
[2024-10-01T08:53:16.031+0000] {standard_task_runner.py:105} INFO - Job 175: Subtask branch_condition
[2024-10-01T08:53:16.148+0000] {task_command.py:467} INFO - Running <TaskInstance: dag_id_1.branch_condition manual__2024-10-01T08:52:51.294449+00:00 [running]> on host 7a112cbb4731
[2024-10-01T08:53:16.257+0000] {taskinstance.py:3131} INFO - Exporting env vars: AIRFLOW_CTX_DAG_OWNER='airflow' AIRFLOW_CTX_DAG_ID='dag_id_1' AIRFLOW_CTX_TASK_ID='branch_condition' AIRFLOW_CTX_EXECUTION_DATE='2024-10-01T08:52:51.294449+00:00' AIRFLOW_CTX_TRY_NUMBER='1' AIRFLOW_CTX_DAG_RUN_ID='manual__2024-10-01T08:52:51.294449+00:00'
[2024-10-01T08:53:16.259+0000] {logging_mixin.py:190} INFO - Task instance is in running state
[2024-10-01T08:53:16.259+0000] {logging_mixin.py:190} INFO -  Previous state of the Task instance: queued
[2024-10-01T08:53:16.261+0000] {logging_mixin.py:190} INFO - Current task name:branch_condition state:running start_date:2024-10-01 08:53:15.964710+00:00
[2024-10-01T08:53:16.261+0000] {logging_mixin.py:190} INFO - Dag name:dag_id_1 and current dag run status:running
[2024-10-01T08:53:16.261+0000] {taskinstance.py:731} INFO - ::endgroup::
[2024-10-01T08:53:16.262+0000] {baseoperator.py:405} WARNING - BranchPythonOperator.execute cannot be called outside TaskInstance!
[2024-10-01T08:53:16.262+0000] {python.py:240} INFO - Done. Returned value was: insert_new_row
[2024-10-01T08:53:16.263+0000] {branch.py:38} INFO - Branch into insert_new_row
[2024-10-01T08:53:16.263+0000] {skipmixin.py:230} INFO - Following branch ('insert_new_row',)
[2024-10-01T08:53:16.283+0000] {skipmixin.py:278} INFO - Skipping tasks [('create_table', -1)]
[2024-10-01T08:53:16.327+0000] {taskinstance.py:340} INFO - ::group::Post task execution logs
[2024-10-01T08:53:16.329+0000] {taskinstance.py:352} INFO - Marking task as SUCCESS. dag_id=dag_id_1, task_id=branch_condition, run_id=manual__2024-10-01T08:52:51.294449+00:00, execution_date=20241001T085251, start_date=20241001T085315, end_date=20241001T085316
[2024-10-01T08:53:16.340+0000] {logging_mixin.py:190} INFO - Task instance in success state
[2024-10-01T08:53:16.342+0000] {logging_mixin.py:190} INFO -  Previous state of the Task instance: running
[2024-10-01T08:53:16.343+0000] {logging_mixin.py:190} INFO - Dag name:dag_id_1 queued_at:2024-10-01 08:52:51.575706+00:00
[2024-10-01T08:53:16.344+0000] {logging_mixin.py:190} INFO - Task hostname:7a112cbb4731 operator:BranchPythonOperator
[2024-10-01T08:53:16.377+0000] {local_task_job_runner.py:266} INFO - Task exited with return code 0
[2024-10-01T08:53:16.420+0000] {taskinstance.py:3900} INFO - 0 downstream tasks scheduled from follow-on schedule check
[2024-10-01T08:53:16.422+0000] {local_task_job_runner.py:245} INFO - ::endgroup::
