[2024-10-01T08:53:05.969+0000] {local_task_job_runner.py:123} INFO - ::group::Pre task execution logs
[2024-10-01T08:53:06.067+0000] {taskinstance.py:2612} INFO - Dependencies all met for dep_context=non-requeueable deps ti=<TaskInstance: dag_id_1.log_database_connection manual__2024-10-01T08:52:58.828719+00:00 [queued]>
[2024-10-01T08:53:06.107+0000] {taskinstance.py:2612} INFO - Dependencies all met for dep_context=requeueable deps ti=<TaskInstance: dag_id_1.log_database_connection manual__2024-10-01T08:52:58.828719+00:00 [queued]>
[2024-10-01T08:53:06.112+0000] {taskinstance.py:2865} INFO - Starting attempt 1 of 1
[2024-10-01T08:53:06.137+0000] {taskinstance.py:2888} INFO - Executing <Task(PythonOperator): log_database_connection> on 2024-10-01 08:52:58.828719+00:00
[2024-10-01T08:53:06.143+0000] {warnings.py:112} WARNING - /home/airflow/.local/lib/python3.12/site-packages/airflow/task/task_runner/standard_task_runner.py:70: DeprecationWarning: This process (pid=1458) is multi-threaded, use of fork() may lead to deadlocks in the child.
  pid = os.fork()

[2024-10-01T08:53:06.165+0000] {standard_task_runner.py:72} INFO - Started process 1486 to run task
[2024-10-01T08:53:06.147+0000] {standard_task_runner.py:104} INFO - Running: ['airflow', 'tasks', 'run', 'dag_id_1', 'log_database_connection', 'manual__2024-10-01T08:52:58.828719+00:00', '--job-id', '155', '--raw', '--subdir', 'DAGS_FOLDER/dag_id_1.py', '--cfg-path', '/tmp/tmpk4qq9tvv']
[2024-10-01T08:53:06.168+0000] {standard_task_runner.py:105} INFO - Job 155: Subtask log_database_connection
[2024-10-01T08:53:06.612+0000] {task_command.py:467} INFO - Running <TaskInstance: dag_id_1.log_database_connection manual__2024-10-01T08:52:58.828719+00:00 [running]> on host 7a112cbb4731
[2024-10-01T08:53:07.145+0000] {taskinstance.py:3131} INFO - Exporting env vars: AIRFLOW_CTX_DAG_OWNER='airflow' AIRFLOW_CTX_DAG_ID='dag_id_1' AIRFLOW_CTX_TASK_ID='log_database_connection' AIRFLOW_CTX_EXECUTION_DATE='2024-10-01T08:52:58.828719+00:00' AIRFLOW_CTX_TRY_NUMBER='1' AIRFLOW_CTX_DAG_RUN_ID='manual__2024-10-01T08:52:58.828719+00:00'
[2024-10-01T08:53:07.172+0000] {logging_mixin.py:190} INFO - Task instance is in running state
[2024-10-01T08:53:07.185+0000] {logging_mixin.py:190} INFO -  Previous state of the Task instance: queued
[2024-10-01T08:53:07.191+0000] {logging_mixin.py:190} INFO - Current task name:log_database_connection state:running start_date:2024-10-01 08:53:06.079206+00:00
[2024-10-01T08:53:07.198+0000] {logging_mixin.py:190} INFO - Dag name:dag_id_1 and current dag run status:running
[2024-10-01T08:53:07.200+0000] {taskinstance.py:731} INFO - ::endgroup::
[2024-10-01T08:53:07.211+0000] {jobs_dag.py:28} INFO - dag_id_1 started processing tables in database: airflow
[2024-10-01T08:53:07.225+0000] {python.py:240} INFO - Done. Returned value was: None
[2024-10-01T08:53:07.289+0000] {taskinstance.py:340} INFO - ::group::Post task execution logs
[2024-10-01T08:53:07.309+0000] {taskinstance.py:352} INFO - Marking task as SUCCESS. dag_id=dag_id_1, task_id=log_database_connection, run_id=manual__2024-10-01T08:52:58.828719+00:00, execution_date=20241001T085258, start_date=20241001T085306, end_date=20241001T085307
[2024-10-01T08:53:07.381+0000] {logging_mixin.py:190} INFO - Task instance in success state
[2024-10-01T08:53:07.389+0000] {logging_mixin.py:190} INFO -  Previous state of the Task instance: running
[2024-10-01T08:53:07.397+0000] {logging_mixin.py:190} INFO - Dag name:dag_id_1 queued_at:2024-10-01 08:52:59.024893+00:00
[2024-10-01T08:53:07.405+0000] {logging_mixin.py:190} INFO - Task hostname:7a112cbb4731 operator:PythonOperator
[2024-10-01T08:53:07.519+0000] {local_task_job_runner.py:266} INFO - Task exited with return code 0
[2024-10-01T08:53:07.821+0000] {taskinstance.py:3900} INFO - 1 downstream tasks scheduled from follow-on schedule check
[2024-10-01T08:53:07.843+0000] {local_task_job_runner.py:245} INFO - ::endgroup::
