[2024-10-01T08:06:33.176+0000] {local_task_job_runner.py:123} INFO - ::group::Pre task execution logs
[2024-10-01T08:06:33.215+0000] {taskinstance.py:2612} INFO - Dependencies all met for dep_context=non-requeueable deps ti=<TaskInstance: dag_id_1.branch_condition scheduled__2024-09-25T00:00:00+00:00 [queued]>
[2024-10-01T08:06:33.229+0000] {taskinstance.py:2612} INFO - Dependencies all met for dep_context=requeueable deps ti=<TaskInstance: dag_id_1.branch_condition scheduled__2024-09-25T00:00:00+00:00 [queued]>
[2024-10-01T08:06:33.230+0000] {taskinstance.py:2865} INFO - Starting attempt 1 of 1
[2024-10-01T08:06:33.260+0000] {taskinstance.py:2888} INFO - Executing <Task(BranchPythonOperator): branch_condition> on 2024-09-25 00:00:00+00:00
[2024-10-01T08:06:33.275+0000] {standard_task_runner.py:104} INFO - Running: ['airflow', 'tasks', 'run', 'dag_id_1', 'branch_condition', 'scheduled__2024-09-25T00:00:00+00:00', '--job-id', '70', '--raw', '--subdir', 'DAGS_FOLDER/dag_id_1.py', '--cfg-path', '/tmp/tmp1neitfqb']
[2024-10-01T08:06:33.276+0000] {warnings.py:112} WARNING - /home/airflow/.local/lib/python3.12/site-packages/airflow/task/task_runner/standard_task_runner.py:70: DeprecationWarning: This process (pid=479) is multi-threaded, use of fork() may lead to deadlocks in the child.
  pid = os.fork()

[2024-10-01T08:06:33.277+0000] {standard_task_runner.py:105} INFO - Job 70: Subtask branch_condition
[2024-10-01T08:06:33.279+0000] {standard_task_runner.py:72} INFO - Started process 503 to run task
[2024-10-01T08:06:33.485+0000] {task_command.py:467} INFO - Running <TaskInstance: dag_id_1.branch_condition scheduled__2024-09-25T00:00:00+00:00 [running]> on host 7a112cbb4731
[2024-10-01T08:06:33.748+0000] {taskinstance.py:3131} INFO - Exporting env vars: AIRFLOW_CTX_DAG_OWNER='airflow' AIRFLOW_CTX_DAG_ID='dag_id_1' AIRFLOW_CTX_TASK_ID='branch_condition' AIRFLOW_CTX_EXECUTION_DATE='2024-09-25T00:00:00+00:00' AIRFLOW_CTX_TRY_NUMBER='1' AIRFLOW_CTX_DAG_RUN_ID='scheduled__2024-09-25T00:00:00+00:00'
[2024-10-01T08:06:33.752+0000] {logging_mixin.py:190} INFO - Task instance is in running state
[2024-10-01T08:06:33.754+0000] {logging_mixin.py:190} INFO -  Previous state of the Task instance: queued
[2024-10-01T08:06:33.756+0000] {logging_mixin.py:190} INFO - Current task name:branch_condition state:running start_date:2024-10-01 08:06:33.219634+00:00
[2024-10-01T08:06:33.760+0000] {logging_mixin.py:190} INFO - Dag name:dag_id_1 and current dag run status:running
[2024-10-01T08:06:33.761+0000] {taskinstance.py:731} INFO - ::endgroup::
[2024-10-01T08:06:33.762+0000] {baseoperator.py:405} WARNING - BranchPythonOperator.execute cannot be called outside TaskInstance!
[2024-10-01T08:06:33.767+0000] {python.py:240} INFO - Done. Returned value was: create_table
[2024-10-01T08:06:33.767+0000] {branch.py:38} INFO - Branch into create_table
[2024-10-01T08:06:33.769+0000] {skipmixin.py:230} INFO - Following branch ('create_table',)
[2024-10-01T08:06:33.799+0000] {skipmixin.py:278} INFO - Skipping tasks [('insert_new_row', -1)]
[2024-10-01T08:06:33.883+0000] {taskinstance.py:340} INFO - ::group::Post task execution logs
[2024-10-01T08:06:33.885+0000] {taskinstance.py:352} INFO - Marking task as SUCCESS. dag_id=dag_id_1, task_id=branch_condition, run_id=scheduled__2024-09-25T00:00:00+00:00, execution_date=20240925T000000, start_date=20241001T080633, end_date=20241001T080633
[2024-10-01T08:06:33.904+0000] {logging_mixin.py:190} INFO - Task instance in success state
[2024-10-01T08:06:33.908+0000] {logging_mixin.py:190} INFO -  Previous state of the Task instance: running
[2024-10-01T08:06:33.909+0000] {logging_mixin.py:190} INFO - Dag name:dag_id_1 queued_at:2024-10-01 08:06:27.407918+00:00
[2024-10-01T08:06:33.911+0000] {logging_mixin.py:190} INFO - Task hostname:7a112cbb4731 operator:BranchPythonOperator
[2024-10-01T08:06:33.924+0000] {local_task_job_runner.py:266} INFO - Task exited with return code 0
[2024-10-01T08:06:33.964+0000] {taskinstance.py:3900} INFO - 0 downstream tasks scheduled from follow-on schedule check
[2024-10-01T08:06:33.969+0000] {local_task_job_runner.py:245} INFO - ::endgroup::
