[2024-10-01T08:06:20.299+0000] {local_task_job_runner.py:123} INFO - ::group::Pre task execution logs
[2024-10-01T08:06:20.374+0000] {taskinstance.py:2612} INFO - Dependencies all met for dep_context=non-requeueable deps ti=<TaskInstance: dag_id_1.branch_condition scheduled__2024-09-06T00:00:00+00:00 [queued]>
[2024-10-01T08:06:20.390+0000] {taskinstance.py:2612} INFO - Dependencies all met for dep_context=requeueable deps ti=<TaskInstance: dag_id_1.branch_condition scheduled__2024-09-06T00:00:00+00:00 [queued]>
[2024-10-01T08:06:20.398+0000] {taskinstance.py:2865} INFO - Starting attempt 1 of 1
[2024-10-01T08:06:20.428+0000] {taskinstance.py:2888} INFO - Executing <Task(BranchPythonOperator): branch_condition> on 2024-09-06 00:00:00+00:00
[2024-10-01T08:06:20.437+0000] {warnings.py:112} WARNING - /home/airflow/.local/lib/python3.12/site-packages/airflow/task/task_runner/standard_task_runner.py:70: DeprecationWarning: This process (pid=359) is multi-threaded, use of fork() may lead to deadlocks in the child.
  pid = os.fork()

[2024-10-01T08:06:20.440+0000] {standard_task_runner.py:72} INFO - Started process 397 to run task
[2024-10-01T08:06:20.439+0000] {standard_task_runner.py:104} INFO - Running: ['airflow', 'tasks', 'run', 'dag_id_1', 'branch_condition', 'scheduled__2024-09-06T00:00:00+00:00', '--job-id', '46', '--raw', '--subdir', 'DAGS_FOLDER/dag_id_1.py', '--cfg-path', '/tmp/tmp6rzg3izn']
[2024-10-01T08:06:20.443+0000] {standard_task_runner.py:105} INFO - Job 46: Subtask branch_condition
[2024-10-01T08:06:20.548+0000] {task_command.py:467} INFO - Running <TaskInstance: dag_id_1.branch_condition scheduled__2024-09-06T00:00:00+00:00 [running]> on host 7a112cbb4731
[2024-10-01T08:06:20.697+0000] {taskinstance.py:3131} INFO - Exporting env vars: AIRFLOW_CTX_DAG_OWNER='airflow' AIRFLOW_CTX_DAG_ID='dag_id_1' AIRFLOW_CTX_TASK_ID='branch_condition' AIRFLOW_CTX_EXECUTION_DATE='2024-09-06T00:00:00+00:00' AIRFLOW_CTX_TRY_NUMBER='1' AIRFLOW_CTX_DAG_RUN_ID='scheduled__2024-09-06T00:00:00+00:00'
[2024-10-01T08:06:20.698+0000] {logging_mixin.py:190} INFO - Task instance is in running state
[2024-10-01T08:06:20.699+0000] {logging_mixin.py:190} INFO -  Previous state of the Task instance: queued
[2024-10-01T08:06:20.701+0000] {logging_mixin.py:190} INFO - Current task name:branch_condition state:running start_date:2024-10-01 08:06:20.376933+00:00
[2024-10-01T08:06:20.702+0000] {logging_mixin.py:190} INFO - Dag name:dag_id_1 and current dag run status:running
[2024-10-01T08:06:20.703+0000] {taskinstance.py:731} INFO - ::endgroup::
[2024-10-01T08:06:20.703+0000] {baseoperator.py:405} WARNING - BranchPythonOperator.execute cannot be called outside TaskInstance!
[2024-10-01T08:06:20.706+0000] {python.py:240} INFO - Done. Returned value was: create_table
[2024-10-01T08:06:20.706+0000] {branch.py:38} INFO - Branch into create_table
[2024-10-01T08:06:20.707+0000] {skipmixin.py:230} INFO - Following branch ('create_table',)
[2024-10-01T08:06:20.753+0000] {skipmixin.py:278} INFO - Skipping tasks [('insert_new_row', -1)]
[2024-10-01T08:06:20.814+0000] {taskinstance.py:340} INFO - ::group::Post task execution logs
[2024-10-01T08:06:20.817+0000] {taskinstance.py:352} INFO - Marking task as SUCCESS. dag_id=dag_id_1, task_id=branch_condition, run_id=scheduled__2024-09-06T00:00:00+00:00, execution_date=20240906T000000, start_date=20241001T080620, end_date=20241001T080620
[2024-10-01T08:06:20.834+0000] {logging_mixin.py:190} INFO - Task instance in success state
[2024-10-01T08:06:20.835+0000] {logging_mixin.py:190} INFO -  Previous state of the Task instance: running
[2024-10-01T08:06:20.836+0000] {logging_mixin.py:190} INFO - Dag name:dag_id_1 queued_at:2024-10-01 08:06:10.892681+00:00
[2024-10-01T08:06:20.837+0000] {logging_mixin.py:190} INFO - Task hostname:7a112cbb4731 operator:BranchPythonOperator
[2024-10-01T08:06:20.876+0000] {local_task_job_runner.py:266} INFO - Task exited with return code 0
[2024-10-01T08:06:20.917+0000] {taskinstance.py:3900} INFO - 0 downstream tasks scheduled from follow-on schedule check
[2024-10-01T08:06:20.927+0000] {local_task_job_runner.py:245} INFO - ::endgroup::
