[2024-10-01T08:06:14.905+0000] {local_task_job_runner.py:123} INFO - ::group::Pre task execution logs
[2024-10-01T08:06:14.951+0000] {taskinstance.py:2612} INFO - Dependencies all met for dep_context=non-requeueable deps ti=<TaskInstance: dag_id_1.log_database_connection scheduled__2024-09-08T00:00:00+00:00 [queued]>
[2024-10-01T08:06:14.972+0000] {taskinstance.py:2612} INFO - Dependencies all met for dep_context=requeueable deps ti=<TaskInstance: dag_id_1.log_database_connection scheduled__2024-09-08T00:00:00+00:00 [queued]>
[2024-10-01T08:06:14.976+0000] {taskinstance.py:2865} INFO - Starting attempt 1 of 1
[2024-10-01T08:06:15.014+0000] {taskinstance.py:2888} INFO - Executing <Task(PythonOperator): log_database_connection> on 2024-09-08 00:00:00+00:00
[2024-10-01T08:06:15.023+0000] {warnings.py:112} WARNING - /home/airflow/.local/lib/python3.12/site-packages/airflow/task/task_runner/standard_task_runner.py:70: DeprecationWarning: This process (pid=296) is multi-threaded, use of fork() may lead to deadlocks in the child.
  pid = os.fork()

[2024-10-01T08:06:15.026+0000] {standard_task_runner.py:72} INFO - Started process 310 to run task
[2024-10-01T08:06:15.026+0000] {standard_task_runner.py:104} INFO - Running: ['airflow', 'tasks', 'run', 'dag_id_1', 'log_database_connection', 'scheduled__2024-09-08T00:00:00+00:00', '--job-id', '25', '--raw', '--subdir', 'DAGS_FOLDER/dag_id_1.py', '--cfg-path', '/tmp/tmpgnkga1jy']
[2024-10-01T08:06:15.040+0000] {standard_task_runner.py:105} INFO - Job 25: Subtask log_database_connection
[2024-10-01T08:06:15.294+0000] {task_command.py:467} INFO - Running <TaskInstance: dag_id_1.log_database_connection scheduled__2024-09-08T00:00:00+00:00 [running]> on host 7a112cbb4731
[2024-10-01T08:06:15.610+0000] {taskinstance.py:3131} INFO - Exporting env vars: AIRFLOW_CTX_DAG_OWNER='airflow' AIRFLOW_CTX_DAG_ID='dag_id_1' AIRFLOW_CTX_TASK_ID='log_database_connection' AIRFLOW_CTX_EXECUTION_DATE='2024-09-08T00:00:00+00:00' AIRFLOW_CTX_TRY_NUMBER='1' AIRFLOW_CTX_DAG_RUN_ID='scheduled__2024-09-08T00:00:00+00:00'
[2024-10-01T08:06:15.613+0000] {logging_mixin.py:190} INFO - Task instance is in running state
[2024-10-01T08:06:15.614+0000] {logging_mixin.py:190} INFO -  Previous state of the Task instance: queued
[2024-10-01T08:06:15.615+0000] {logging_mixin.py:190} INFO - Current task name:log_database_connection state:running start_date:2024-10-01 08:06:14.952843+00:00
[2024-10-01T08:06:15.618+0000] {logging_mixin.py:190} INFO - Dag name:dag_id_1 and current dag run status:running
[2024-10-01T08:06:15.619+0000] {taskinstance.py:731} INFO - ::endgroup::
[2024-10-01T08:06:15.621+0000] {jobs_dag.py:28} INFO - dag_id_1 started processing tables in database: airflow
[2024-10-01T08:06:15.624+0000] {python.py:240} INFO - Done. Returned value was: None
[2024-10-01T08:06:15.685+0000] {taskinstance.py:340} INFO - ::group::Post task execution logs
[2024-10-01T08:06:15.688+0000] {taskinstance.py:352} INFO - Marking task as SUCCESS. dag_id=dag_id_1, task_id=log_database_connection, run_id=scheduled__2024-09-08T00:00:00+00:00, execution_date=20240908T000000, start_date=20241001T080614, end_date=20241001T080615
[2024-10-01T08:06:15.735+0000] {logging_mixin.py:190} INFO - Task instance in success state
[2024-10-01T08:06:15.737+0000] {logging_mixin.py:190} INFO -  Previous state of the Task instance: running
[2024-10-01T08:06:15.738+0000] {logging_mixin.py:190} INFO - Dag name:dag_id_1 queued_at:2024-10-01 08:06:11.498929+00:00
[2024-10-01T08:06:15.740+0000] {logging_mixin.py:190} INFO - Task hostname:7a112cbb4731 operator:PythonOperator
[2024-10-01T08:06:15.767+0000] {local_task_job_runner.py:266} INFO - Task exited with return code 0
[2024-10-01T08:06:15.804+0000] {local_task_job_runner.py:245} INFO - ::endgroup::
