[2024-10-01T09:07:56.127+0000] {local_task_job_runner.py:123} INFO - ::group::Pre task execution logs
[2024-10-01T09:07:56.137+0000] {taskinstance.py:2612} INFO - Dependencies all met for dep_context=non-requeueable deps ti=<TaskInstance: trigger_dag.file_sensor manual__2024-10-01T09:07:54.214803+00:00 [queued]>
[2024-10-01T09:07:56.141+0000] {taskinstance.py:2612} INFO - Dependencies all met for dep_context=requeueable deps ti=<TaskInstance: trigger_dag.file_sensor manual__2024-10-01T09:07:54.214803+00:00 [queued]>
[2024-10-01T09:07:56.141+0000] {taskinstance.py:2865} INFO - Starting attempt 1 of 1
[2024-10-01T09:07:56.147+0000] {taskinstance.py:2888} INFO - Executing <Task(FileSensor): file_sensor> on 2024-10-01 09:07:54.214803+00:00
[2024-10-01T09:07:56.151+0000] {warnings.py:112} WARNING - /home/airflow/.local/lib/python3.12/site-packages/airflow/task/task_runner/standard_task_runner.py:70: DeprecationWarning: This process (pid=1916) is multi-threaded, use of fork() may lead to deadlocks in the child.
  pid = os.fork()

[2024-10-01T09:07:56.152+0000] {standard_task_runner.py:72} INFO - Started process 1918 to run task
[2024-10-01T09:07:56.153+0000] {standard_task_runner.py:104} INFO - Running: ['airflow', 'tasks', 'run', 'trigger_dag', 'file_sensor', 'manual__2024-10-01T09:07:54.214803+00:00', '--job-id', '215', '--raw', '--subdir', 'DAGS_FOLDER/trigger_dag.py', '--cfg-path', '/tmp/tmpqqk525iu']
[2024-10-01T09:07:56.153+0000] {standard_task_runner.py:105} INFO - Job 215: Subtask file_sensor
[2024-10-01T09:07:56.185+0000] {task_command.py:467} INFO - Running <TaskInstance: trigger_dag.file_sensor manual__2024-10-01T09:07:54.214803+00:00 [running]> on host 7a112cbb4731
[2024-10-01T09:07:56.236+0000] {taskinstance.py:3131} INFO - Exporting env vars: AIRFLOW_CTX_DAG_OWNER='airflow' AIRFLOW_CTX_DAG_ID='trigger_dag' AIRFLOW_CTX_TASK_ID='file_sensor' AIRFLOW_CTX_EXECUTION_DATE='2024-10-01T09:07:54.214803+00:00' AIRFLOW_CTX_TRY_NUMBER='1' AIRFLOW_CTX_DAG_RUN_ID='manual__2024-10-01T09:07:54.214803+00:00'
[2024-10-01T09:07:56.237+0000] {logging_mixin.py:190} INFO - Task instance is in running state
[2024-10-01T09:07:56.237+0000] {logging_mixin.py:190} INFO -  Previous state of the Task instance: queued
[2024-10-01T09:07:56.238+0000] {logging_mixin.py:190} INFO - Current task name:file_sensor state:running start_date:2024-10-01 09:07:56.138297+00:00
[2024-10-01T09:07:56.238+0000] {logging_mixin.py:190} INFO - Dag name:trigger_dag and current dag run status:running
[2024-10-01T09:07:56.238+0000] {taskinstance.py:731} INFO - ::endgroup::
[2024-10-01T09:07:56.238+0000] {baseoperator.py:405} WARNING - FileSensor.execute cannot be called outside TaskInstance!
[2024-10-01T09:07:56.244+0000] {base.py:84} INFO - Retrieving connection 'fs_default'
[2024-10-01T09:07:56.245+0000] {filesystem.py:109} INFO - Poking for file /opt/airflow/data/run
[2024-10-01T09:08:06.246+0000] {filesystem.py:109} INFO - Poking for file /opt/airflow/data/run
[2024-10-01T09:08:16.251+0000] {filesystem.py:109} INFO - Poking for file /opt/airflow/data/run
[2024-10-01T09:08:16.252+0000] {filesystem.py:113} INFO - Found File /opt/airflow/data/run last modified: 20241001090810
[2024-10-01T09:08:16.253+0000] {base.py:336} INFO - Success criteria met. Exiting.
[2024-10-01T09:08:16.253+0000] {filesystem.py:109} INFO - Poking for file /opt/airflow/data/run
[2024-10-01T09:08:16.253+0000] {filesystem.py:113} INFO - Found File /opt/airflow/data/run last modified: 20241001090810
[2024-10-01T09:08:16.278+0000] {taskinstance.py:340} INFO - ::group::Post task execution logs
[2024-10-01T09:08:16.279+0000] {taskinstance.py:352} INFO - Marking task as SUCCESS. dag_id=trigger_dag, task_id=file_sensor, run_id=manual__2024-10-01T09:07:54.214803+00:00, execution_date=20241001T090754, start_date=20241001T090756, end_date=20241001T090816
[2024-10-01T09:08:16.306+0000] {logging_mixin.py:190} INFO - Task instance in success state
[2024-10-01T09:08:16.307+0000] {logging_mixin.py:190} INFO -  Previous state of the Task instance: running
[2024-10-01T09:08:16.307+0000] {logging_mixin.py:190} INFO - Dag name:trigger_dag queued_at:2024-10-01 09:07:54.223599+00:00
[2024-10-01T09:08:16.307+0000] {logging_mixin.py:190} INFO - Task hostname:7a112cbb4731 operator:FileSensor
[2024-10-01T09:08:16.317+0000] {local_task_job_runner.py:266} INFO - Task exited with return code 0
[2024-10-01T09:08:16.362+0000] {taskinstance.py:3900} INFO - 1 downstream tasks scheduled from follow-on schedule check
[2024-10-01T09:08:16.364+0000] {local_task_job_runner.py:245} INFO - ::endgroup::
