[2024-10-04T09:46:54.906+0000] {processor.py:186} INFO - Started process (PID=62) to work on /home/airflow/.local/lib/python3.12/site-packages/airflow/example_dags/example_sla_dag.py
[2024-10-04T09:46:54.907+0000] {processor.py:914} INFO - Processing file /home/airflow/.local/lib/python3.12/site-packages/airflow/example_dags/example_sla_dag.py for tasks to queue
[2024-10-04T09:46:54.908+0000] {logging_mixin.py:190} INFO - [2024-10-04T09:46:54.908+0000] {dagbag.py:588} INFO - Filling up the DagBag from /home/airflow/.local/lib/python3.12/site-packages/airflow/example_dags/example_sla_dag.py
[2024-10-04T09:46:54.913+0000] {processor.py:925} INFO - DAG(s) 'example_sla_dag' retrieved from /home/airflow/.local/lib/python3.12/site-packages/airflow/example_dags/example_sla_dag.py
[2024-10-04T09:46:54.925+0000] {logging_mixin.py:190} INFO - [2024-10-04T09:46:54.925+0000] {dag.py:3239} INFO - Sync 1 DAGs
[2024-10-04T09:46:54.943+0000] {logging_mixin.py:190} INFO - [2024-10-04T09:46:54.943+0000] {dag.py:4180} INFO - Setting next_dagrun for example_sla_dag to 2024-10-04 09:44:00+00:00, run_after=2024-10-04 09:46:00+00:00
[2024-10-04T09:46:54.954+0000] {processor.py:208} INFO - Processing /home/airflow/.local/lib/python3.12/site-packages/airflow/example_dags/example_sla_dag.py took 0.050 seconds
[2024-10-04T09:47:25.642+0000] {processor.py:186} INFO - Started process (PID=138) to work on /home/airflow/.local/lib/python3.12/site-packages/airflow/example_dags/example_sla_dag.py
[2024-10-04T09:47:25.645+0000] {processor.py:914} INFO - Processing file /home/airflow/.local/lib/python3.12/site-packages/airflow/example_dags/example_sla_dag.py for tasks to queue
[2024-10-04T09:47:25.648+0000] {logging_mixin.py:190} INFO - [2024-10-04T09:47:25.647+0000] {dagbag.py:588} INFO - Filling up the DagBag from /home/airflow/.local/lib/python3.12/site-packages/airflow/example_dags/example_sla_dag.py
[2024-10-04T09:47:25.652+0000] {processor.py:925} INFO - DAG(s) 'example_sla_dag' retrieved from /home/airflow/.local/lib/python3.12/site-packages/airflow/example_dags/example_sla_dag.py
[2024-10-04T09:47:25.666+0000] {logging_mixin.py:190} INFO - [2024-10-04T09:47:25.666+0000] {dag.py:3239} INFO - Sync 1 DAGs
[2024-10-04T09:47:25.688+0000] {logging_mixin.py:190} INFO - [2024-10-04T09:47:25.688+0000] {dag.py:4180} INFO - Setting next_dagrun for example_sla_dag to 2024-10-04 09:44:00+00:00, run_after=2024-10-04 09:46:00+00:00
[2024-10-04T09:47:25.701+0000] {processor.py:208} INFO - Processing /home/airflow/.local/lib/python3.12/site-packages/airflow/example_dags/example_sla_dag.py took 0.062 seconds
[2024-10-04T09:47:56.470+0000] {processor.py:186} INFO - Started process (PID=205) to work on /home/airflow/.local/lib/python3.12/site-packages/airflow/example_dags/example_sla_dag.py
[2024-10-04T09:47:56.470+0000] {processor.py:914} INFO - Processing file /home/airflow/.local/lib/python3.12/site-packages/airflow/example_dags/example_sla_dag.py for tasks to queue
[2024-10-04T09:47:56.471+0000] {logging_mixin.py:190} INFO - [2024-10-04T09:47:56.471+0000] {dagbag.py:588} INFO - Filling up the DagBag from /home/airflow/.local/lib/python3.12/site-packages/airflow/example_dags/example_sla_dag.py
[2024-10-04T09:47:56.476+0000] {processor.py:925} INFO - DAG(s) 'example_sla_dag' retrieved from /home/airflow/.local/lib/python3.12/site-packages/airflow/example_dags/example_sla_dag.py
[2024-10-04T09:47:56.494+0000] {logging_mixin.py:190} INFO - [2024-10-04T09:47:56.494+0000] {dag.py:3239} INFO - Sync 1 DAGs
[2024-10-04T09:47:56.513+0000] {logging_mixin.py:190} INFO - [2024-10-04T09:47:56.513+0000] {dag.py:4180} INFO - Setting next_dagrun for example_sla_dag to 2024-10-04 09:44:00+00:00, run_after=2024-10-04 09:46:00+00:00
[2024-10-04T09:47:56.527+0000] {processor.py:208} INFO - Processing /home/airflow/.local/lib/python3.12/site-packages/airflow/example_dags/example_sla_dag.py took 0.060 seconds
[2024-10-04T09:48:27.144+0000] {processor.py:186} INFO - Started process (PID=272) to work on /home/airflow/.local/lib/python3.12/site-packages/airflow/example_dags/example_sla_dag.py
[2024-10-04T09:48:27.145+0000] {processor.py:914} INFO - Processing file /home/airflow/.local/lib/python3.12/site-packages/airflow/example_dags/example_sla_dag.py for tasks to queue
[2024-10-04T09:48:27.146+0000] {logging_mixin.py:190} INFO - [2024-10-04T09:48:27.146+0000] {dagbag.py:588} INFO - Filling up the DagBag from /home/airflow/.local/lib/python3.12/site-packages/airflow/example_dags/example_sla_dag.py
[2024-10-04T09:48:27.151+0000] {processor.py:925} INFO - DAG(s) 'example_sla_dag' retrieved from /home/airflow/.local/lib/python3.12/site-packages/airflow/example_dags/example_sla_dag.py
[2024-10-04T09:48:27.167+0000] {logging_mixin.py:190} INFO - [2024-10-04T09:48:27.166+0000] {dag.py:3239} INFO - Sync 1 DAGs
[2024-10-04T09:48:27.182+0000] {logging_mixin.py:190} INFO - [2024-10-04T09:48:27.182+0000] {dag.py:4180} INFO - Setting next_dagrun for example_sla_dag to 2024-10-04 09:46:00+00:00, run_after=2024-10-04 09:48:00+00:00
[2024-10-04T09:48:27.192+0000] {processor.py:208} INFO - Processing /home/airflow/.local/lib/python3.12/site-packages/airflow/example_dags/example_sla_dag.py took 0.051 seconds
[2024-10-04T09:48:57.661+0000] {processor.py:186} INFO - Started process (PID=345) to work on /home/airflow/.local/lib/python3.12/site-packages/airflow/example_dags/example_sla_dag.py
[2024-10-04T09:48:57.662+0000] {processor.py:914} INFO - Processing file /home/airflow/.local/lib/python3.12/site-packages/airflow/example_dags/example_sla_dag.py for tasks to queue
[2024-10-04T09:48:57.663+0000] {logging_mixin.py:190} INFO - [2024-10-04T09:48:57.663+0000] {dagbag.py:588} INFO - Filling up the DagBag from /home/airflow/.local/lib/python3.12/site-packages/airflow/example_dags/example_sla_dag.py
[2024-10-04T09:48:57.667+0000] {processor.py:925} INFO - DAG(s) 'example_sla_dag' retrieved from /home/airflow/.local/lib/python3.12/site-packages/airflow/example_dags/example_sla_dag.py
[2024-10-04T09:48:57.685+0000] {logging_mixin.py:190} INFO - [2024-10-04T09:48:57.685+0000] {dag.py:3239} INFO - Sync 1 DAGs
[2024-10-04T09:48:57.702+0000] {logging_mixin.py:190} INFO - [2024-10-04T09:48:57.702+0000] {dag.py:4180} INFO - Setting next_dagrun for example_sla_dag to 2024-10-04 09:46:00+00:00, run_after=2024-10-04 09:48:00+00:00
[2024-10-04T09:48:57.718+0000] {processor.py:208} INFO - Processing /home/airflow/.local/lib/python3.12/site-packages/airflow/example_dags/example_sla_dag.py took 0.060 seconds
[2024-10-04T09:49:28.237+0000] {processor.py:186} INFO - Started process (PID=412) to work on /home/airflow/.local/lib/python3.12/site-packages/airflow/example_dags/example_sla_dag.py
[2024-10-04T09:49:28.238+0000] {processor.py:914} INFO - Processing file /home/airflow/.local/lib/python3.12/site-packages/airflow/example_dags/example_sla_dag.py for tasks to queue
[2024-10-04T09:49:28.242+0000] {logging_mixin.py:190} INFO - [2024-10-04T09:49:28.242+0000] {dagbag.py:588} INFO - Filling up the DagBag from /home/airflow/.local/lib/python3.12/site-packages/airflow/example_dags/example_sla_dag.py
[2024-10-04T09:49:28.247+0000] {processor.py:925} INFO - DAG(s) 'example_sla_dag' retrieved from /home/airflow/.local/lib/python3.12/site-packages/airflow/example_dags/example_sla_dag.py
[2024-10-04T09:49:28.263+0000] {logging_mixin.py:190} INFO - [2024-10-04T09:49:28.263+0000] {dag.py:3239} INFO - Sync 1 DAGs
[2024-10-04T09:49:28.277+0000] {logging_mixin.py:190} INFO - [2024-10-04T09:49:28.277+0000] {dag.py:4180} INFO - Setting next_dagrun for example_sla_dag to 2024-10-04 09:46:00+00:00, run_after=2024-10-04 09:48:00+00:00
[2024-10-04T09:49:28.287+0000] {processor.py:208} INFO - Processing /home/airflow/.local/lib/python3.12/site-packages/airflow/example_dags/example_sla_dag.py took 0.053 seconds
[2024-10-04T09:49:58.665+0000] {processor.py:186} INFO - Started process (PID=479) to work on /home/airflow/.local/lib/python3.12/site-packages/airflow/example_dags/example_sla_dag.py
[2024-10-04T09:49:58.666+0000] {processor.py:914} INFO - Processing file /home/airflow/.local/lib/python3.12/site-packages/airflow/example_dags/example_sla_dag.py for tasks to queue
[2024-10-04T09:49:58.667+0000] {logging_mixin.py:190} INFO - [2024-10-04T09:49:58.667+0000] {dagbag.py:588} INFO - Filling up the DagBag from /home/airflow/.local/lib/python3.12/site-packages/airflow/example_dags/example_sla_dag.py
[2024-10-04T09:49:58.672+0000] {processor.py:925} INFO - DAG(s) 'example_sla_dag' retrieved from /home/airflow/.local/lib/python3.12/site-packages/airflow/example_dags/example_sla_dag.py
[2024-10-04T09:49:58.685+0000] {logging_mixin.py:190} INFO - [2024-10-04T09:49:58.685+0000] {dag.py:3239} INFO - Sync 1 DAGs
[2024-10-04T09:49:58.700+0000] {logging_mixin.py:190} INFO - [2024-10-04T09:49:58.700+0000] {dag.py:4180} INFO - Setting next_dagrun for example_sla_dag to 2024-10-04 09:46:00+00:00, run_after=2024-10-04 09:48:00+00:00
[2024-10-04T09:49:58.710+0000] {processor.py:208} INFO - Processing /home/airflow/.local/lib/python3.12/site-packages/airflow/example_dags/example_sla_dag.py took 0.048 seconds
[2024-10-04T09:50:29.024+0000] {processor.py:186} INFO - Started process (PID=546) to work on /home/airflow/.local/lib/python3.12/site-packages/airflow/example_dags/example_sla_dag.py
[2024-10-04T09:50:29.025+0000] {processor.py:914} INFO - Processing file /home/airflow/.local/lib/python3.12/site-packages/airflow/example_dags/example_sla_dag.py for tasks to queue
[2024-10-04T09:50:29.027+0000] {logging_mixin.py:190} INFO - [2024-10-04T09:50:29.026+0000] {dagbag.py:588} INFO - Filling up the DagBag from /home/airflow/.local/lib/python3.12/site-packages/airflow/example_dags/example_sla_dag.py
[2024-10-04T09:50:29.031+0000] {processor.py:925} INFO - DAG(s) 'example_sla_dag' retrieved from /home/airflow/.local/lib/python3.12/site-packages/airflow/example_dags/example_sla_dag.py
[2024-10-04T09:50:29.044+0000] {logging_mixin.py:190} INFO - [2024-10-04T09:50:29.044+0000] {dag.py:3239} INFO - Sync 1 DAGs
[2024-10-04T09:50:29.059+0000] {logging_mixin.py:190} INFO - [2024-10-04T09:50:29.059+0000] {dag.py:4180} INFO - Setting next_dagrun for example_sla_dag to 2024-10-04 09:48:00+00:00, run_after=2024-10-04 09:50:00+00:00
[2024-10-04T09:50:29.069+0000] {processor.py:208} INFO - Processing /home/airflow/.local/lib/python3.12/site-packages/airflow/example_dags/example_sla_dag.py took 0.048 seconds
[2024-10-04T09:50:59.565+0000] {processor.py:186} INFO - Started process (PID=613) to work on /home/airflow/.local/lib/python3.12/site-packages/airflow/example_dags/example_sla_dag.py
[2024-10-04T09:50:59.567+0000] {processor.py:914} INFO - Processing file /home/airflow/.local/lib/python3.12/site-packages/airflow/example_dags/example_sla_dag.py for tasks to queue
[2024-10-04T09:50:59.569+0000] {logging_mixin.py:190} INFO - [2024-10-04T09:50:59.569+0000] {dagbag.py:588} INFO - Filling up the DagBag from /home/airflow/.local/lib/python3.12/site-packages/airflow/example_dags/example_sla_dag.py
[2024-10-04T09:50:59.575+0000] {processor.py:925} INFO - DAG(s) 'example_sla_dag' retrieved from /home/airflow/.local/lib/python3.12/site-packages/airflow/example_dags/example_sla_dag.py
[2024-10-04T09:50:59.591+0000] {logging_mixin.py:190} INFO - [2024-10-04T09:50:59.591+0000] {dag.py:3239} INFO - Sync 1 DAGs
[2024-10-04T09:50:59.607+0000] {logging_mixin.py:190} INFO - [2024-10-04T09:50:59.607+0000] {dag.py:4180} INFO - Setting next_dagrun for example_sla_dag to 2024-10-04 09:48:00+00:00, run_after=2024-10-04 09:50:00+00:00
[2024-10-04T09:50:59.622+0000] {processor.py:208} INFO - Processing /home/airflow/.local/lib/python3.12/site-packages/airflow/example_dags/example_sla_dag.py took 0.060 seconds
[2024-10-04T09:51:30.217+0000] {processor.py:186} INFO - Started process (PID=680) to work on /home/airflow/.local/lib/python3.12/site-packages/airflow/example_dags/example_sla_dag.py
[2024-10-04T09:51:30.217+0000] {processor.py:914} INFO - Processing file /home/airflow/.local/lib/python3.12/site-packages/airflow/example_dags/example_sla_dag.py for tasks to queue
[2024-10-04T09:51:30.219+0000] {logging_mixin.py:190} INFO - [2024-10-04T09:51:30.218+0000] {dagbag.py:588} INFO - Filling up the DagBag from /home/airflow/.local/lib/python3.12/site-packages/airflow/example_dags/example_sla_dag.py
[2024-10-04T09:51:30.223+0000] {processor.py:925} INFO - DAG(s) 'example_sla_dag' retrieved from /home/airflow/.local/lib/python3.12/site-packages/airflow/example_dags/example_sla_dag.py
[2024-10-04T09:51:30.236+0000] {logging_mixin.py:190} INFO - [2024-10-04T09:51:30.236+0000] {dag.py:3239} INFO - Sync 1 DAGs
[2024-10-04T09:51:30.252+0000] {logging_mixin.py:190} INFO - [2024-10-04T09:51:30.251+0000] {dag.py:4180} INFO - Setting next_dagrun for example_sla_dag to 2024-10-04 09:48:00+00:00, run_after=2024-10-04 09:50:00+00:00
[2024-10-04T09:51:30.261+0000] {processor.py:208} INFO - Processing /home/airflow/.local/lib/python3.12/site-packages/airflow/example_dags/example_sla_dag.py took 0.048 seconds
[2024-10-04T09:52:00.683+0000] {processor.py:186} INFO - Started process (PID=747) to work on /home/airflow/.local/lib/python3.12/site-packages/airflow/example_dags/example_sla_dag.py
[2024-10-04T09:52:00.683+0000] {processor.py:914} INFO - Processing file /home/airflow/.local/lib/python3.12/site-packages/airflow/example_dags/example_sla_dag.py for tasks to queue
[2024-10-04T09:52:00.685+0000] {logging_mixin.py:190} INFO - [2024-10-04T09:52:00.684+0000] {dagbag.py:588} INFO - Filling up the DagBag from /home/airflow/.local/lib/python3.12/site-packages/airflow/example_dags/example_sla_dag.py
[2024-10-04T09:52:00.690+0000] {processor.py:925} INFO - DAG(s) 'example_sla_dag' retrieved from /home/airflow/.local/lib/python3.12/site-packages/airflow/example_dags/example_sla_dag.py
[2024-10-04T09:52:00.708+0000] {logging_mixin.py:190} INFO - [2024-10-04T09:52:00.708+0000] {dag.py:3239} INFO - Sync 1 DAGs
[2024-10-04T09:52:00.724+0000] {logging_mixin.py:190} INFO - [2024-10-04T09:52:00.724+0000] {dag.py:4180} INFO - Setting next_dagrun for example_sla_dag to 2024-10-04 09:50:00+00:00, run_after=2024-10-04 09:52:00+00:00
[2024-10-04T09:52:00.733+0000] {processor.py:208} INFO - Processing /home/airflow/.local/lib/python3.12/site-packages/airflow/example_dags/example_sla_dag.py took 0.054 seconds
[2024-10-04T09:56:12.672+0000] {processor.py:186} INFO - Started process (PID=61) to work on /home/airflow/.local/lib/python3.12/site-packages/airflow/example_dags/example_sla_dag.py
[2024-10-04T09:56:12.673+0000] {processor.py:914} INFO - Processing file /home/airflow/.local/lib/python3.12/site-packages/airflow/example_dags/example_sla_dag.py for tasks to queue
[2024-10-04T09:56:12.673+0000] {logging_mixin.py:190} INFO - [2024-10-04T09:56:12.673+0000] {dagbag.py:588} INFO - Filling up the DagBag from /home/airflow/.local/lib/python3.12/site-packages/airflow/example_dags/example_sla_dag.py
[2024-10-04T09:56:12.679+0000] {processor.py:925} INFO - DAG(s) 'example_sla_dag' retrieved from /home/airflow/.local/lib/python3.12/site-packages/airflow/example_dags/example_sla_dag.py
[2024-10-04T09:56:12.693+0000] {logging_mixin.py:190} INFO - [2024-10-04T09:56:12.693+0000] {dag.py:3239} INFO - Sync 1 DAGs
[2024-10-04T09:56:12.709+0000] {logging_mixin.py:190} INFO - [2024-10-04T09:56:12.709+0000] {dag.py:4180} INFO - Setting next_dagrun for example_sla_dag to 2024-10-04 09:54:00+00:00, run_after=2024-10-04 09:56:00+00:00
[2024-10-04T09:56:12.722+0000] {processor.py:208} INFO - Processing /home/airflow/.local/lib/python3.12/site-packages/airflow/example_dags/example_sla_dag.py took 0.053 seconds
[2024-10-04T09:56:43.686+0000] {processor.py:186} INFO - Started process (PID=128) to work on /home/airflow/.local/lib/python3.12/site-packages/airflow/example_dags/example_sla_dag.py
[2024-10-04T09:56:43.686+0000] {processor.py:914} INFO - Processing file /home/airflow/.local/lib/python3.12/site-packages/airflow/example_dags/example_sla_dag.py for tasks to queue
[2024-10-04T09:56:43.687+0000] {logging_mixin.py:190} INFO - [2024-10-04T09:56:43.687+0000] {dagbag.py:588} INFO - Filling up the DagBag from /home/airflow/.local/lib/python3.12/site-packages/airflow/example_dags/example_sla_dag.py
[2024-10-04T09:56:43.692+0000] {processor.py:925} INFO - DAG(s) 'example_sla_dag' retrieved from /home/airflow/.local/lib/python3.12/site-packages/airflow/example_dags/example_sla_dag.py
[2024-10-04T09:56:43.705+0000] {logging_mixin.py:190} INFO - [2024-10-04T09:56:43.705+0000] {dag.py:3239} INFO - Sync 1 DAGs
[2024-10-04T09:56:43.721+0000] {logging_mixin.py:190} INFO - [2024-10-04T09:56:43.721+0000] {dag.py:4180} INFO - Setting next_dagrun for example_sla_dag to 2024-10-04 09:54:00+00:00, run_after=2024-10-04 09:56:00+00:00
[2024-10-04T09:56:43.731+0000] {processor.py:208} INFO - Processing /home/airflow/.local/lib/python3.12/site-packages/airflow/example_dags/example_sla_dag.py took 0.048 seconds
[2024-10-04T09:57:14.372+0000] {processor.py:186} INFO - Started process (PID=195) to work on /home/airflow/.local/lib/python3.12/site-packages/airflow/example_dags/example_sla_dag.py
[2024-10-04T09:57:14.372+0000] {processor.py:914} INFO - Processing file /home/airflow/.local/lib/python3.12/site-packages/airflow/example_dags/example_sla_dag.py for tasks to queue
[2024-10-04T09:57:14.373+0000] {logging_mixin.py:190} INFO - [2024-10-04T09:57:14.372+0000] {dagbag.py:588} INFO - Filling up the DagBag from /home/airflow/.local/lib/python3.12/site-packages/airflow/example_dags/example_sla_dag.py
[2024-10-04T09:57:14.377+0000] {processor.py:925} INFO - DAG(s) 'example_sla_dag' retrieved from /home/airflow/.local/lib/python3.12/site-packages/airflow/example_dags/example_sla_dag.py
[2024-10-04T09:57:14.391+0000] {logging_mixin.py:190} INFO - [2024-10-04T09:57:14.391+0000] {dag.py:3239} INFO - Sync 1 DAGs
[2024-10-04T09:57:14.407+0000] {logging_mixin.py:190} INFO - [2024-10-04T09:57:14.407+0000] {dag.py:4180} INFO - Setting next_dagrun for example_sla_dag to 2024-10-04 09:54:00+00:00, run_after=2024-10-04 09:56:00+00:00
[2024-10-04T09:57:14.418+0000] {processor.py:208} INFO - Processing /home/airflow/.local/lib/python3.12/site-packages/airflow/example_dags/example_sla_dag.py took 0.049 seconds
[2024-10-04T09:57:44.776+0000] {processor.py:186} INFO - Started process (PID=262) to work on /home/airflow/.local/lib/python3.12/site-packages/airflow/example_dags/example_sla_dag.py
[2024-10-04T09:57:44.776+0000] {processor.py:914} INFO - Processing file /home/airflow/.local/lib/python3.12/site-packages/airflow/example_dags/example_sla_dag.py for tasks to queue
[2024-10-04T09:57:44.777+0000] {logging_mixin.py:190} INFO - [2024-10-04T09:57:44.777+0000] {dagbag.py:588} INFO - Filling up the DagBag from /home/airflow/.local/lib/python3.12/site-packages/airflow/example_dags/example_sla_dag.py
[2024-10-04T09:57:44.781+0000] {processor.py:925} INFO - DAG(s) 'example_sla_dag' retrieved from /home/airflow/.local/lib/python3.12/site-packages/airflow/example_dags/example_sla_dag.py
[2024-10-04T09:57:44.799+0000] {logging_mixin.py:190} INFO - [2024-10-04T09:57:44.799+0000] {dag.py:3239} INFO - Sync 1 DAGs
[2024-10-04T09:57:44.817+0000] {logging_mixin.py:190} INFO - [2024-10-04T09:57:44.816+0000] {dag.py:4180} INFO - Setting next_dagrun for example_sla_dag to 2024-10-04 09:54:00+00:00, run_after=2024-10-04 09:56:00+00:00
[2024-10-04T09:57:44.827+0000] {processor.py:208} INFO - Processing /home/airflow/.local/lib/python3.12/site-packages/airflow/example_dags/example_sla_dag.py took 0.055 seconds
[2024-10-04T09:58:15.319+0000] {processor.py:186} INFO - Started process (PID=335) to work on /home/airflow/.local/lib/python3.12/site-packages/airflow/example_dags/example_sla_dag.py
[2024-10-04T09:58:15.320+0000] {processor.py:914} INFO - Processing file /home/airflow/.local/lib/python3.12/site-packages/airflow/example_dags/example_sla_dag.py for tasks to queue
[2024-10-04T09:58:15.320+0000] {logging_mixin.py:190} INFO - [2024-10-04T09:58:15.320+0000] {dagbag.py:588} INFO - Filling up the DagBag from /home/airflow/.local/lib/python3.12/site-packages/airflow/example_dags/example_sla_dag.py
[2024-10-04T09:58:15.325+0000] {processor.py:925} INFO - DAG(s) 'example_sla_dag' retrieved from /home/airflow/.local/lib/python3.12/site-packages/airflow/example_dags/example_sla_dag.py
[2024-10-04T09:58:15.337+0000] {logging_mixin.py:190} INFO - [2024-10-04T09:58:15.337+0000] {dag.py:3239} INFO - Sync 1 DAGs
[2024-10-04T09:58:15.354+0000] {logging_mixin.py:190} INFO - [2024-10-04T09:58:15.354+0000] {dag.py:4180} INFO - Setting next_dagrun for example_sla_dag to 2024-10-04 09:56:00+00:00, run_after=2024-10-04 09:58:00+00:00
[2024-10-04T09:58:15.365+0000] {processor.py:208} INFO - Processing /home/airflow/.local/lib/python3.12/site-packages/airflow/example_dags/example_sla_dag.py took 0.048 seconds
