[2024-10-04T09:46:57.265+0000] {processor.py:186} INFO - Started process (PID=95) to work on /home/airflow/.local/lib/python3.12/site-packages/airflow/example_dags/example_branch_datetime_operator.py
[2024-10-04T09:46:57.266+0000] {processor.py:914} INFO - Processing file /home/airflow/.local/lib/python3.12/site-packages/airflow/example_dags/example_branch_datetime_operator.py for tasks to queue
[2024-10-04T09:46:57.268+0000] {logging_mixin.py:190} INFO - [2024-10-04T09:46:57.268+0000] {dagbag.py:588} INFO - Filling up the DagBag from /home/airflow/.local/lib/python3.12/site-packages/airflow/example_dags/example_branch_datetime_operator.py
[2024-10-04T09:46:57.279+0000] {processor.py:925} INFO - DAG(s) 'example_branch_datetime_operator', 'example_branch_datetime_operator_3', 'example_branch_datetime_operator_2' retrieved from /home/airflow/.local/lib/python3.12/site-packages/airflow/example_dags/example_branch_datetime_operator.py
[2024-10-04T09:46:57.323+0000] {logging_mixin.py:190} INFO - [2024-10-04T09:46:57.323+0000] {dag.py:3239} INFO - Sync 3 DAGs
[2024-10-04T09:46:57.421+0000] {logging_mixin.py:190} INFO - [2024-10-04T09:46:57.420+0000] {dag.py:4180} INFO - Setting next_dagrun for example_branch_datetime_operator to 2024-10-03 00:00:00+00:00, run_after=2024-10-04 00:00:00+00:00
[2024-10-04T09:46:57.427+0000] {logging_mixin.py:190} INFO - [2024-10-04T09:46:57.427+0000] {dag.py:4180} INFO - Setting next_dagrun for example_branch_datetime_operator_2 to 2024-10-03 00:00:00+00:00, run_after=2024-10-04 00:00:00+00:00
[2024-10-04T09:46:57.431+0000] {logging_mixin.py:190} INFO - [2024-10-04T09:46:57.431+0000] {dag.py:4180} INFO - Setting next_dagrun for example_branch_datetime_operator_3 to 2024-10-03 00:00:00+00:00, run_after=2024-10-04 00:00:00+00:00
[2024-10-04T09:46:57.459+0000] {processor.py:208} INFO - Processing /home/airflow/.local/lib/python3.12/site-packages/airflow/example_dags/example_branch_datetime_operator.py took 0.197 seconds
[2024-10-04T09:47:28.190+0000] {processor.py:186} INFO - Started process (PID=177) to work on /home/airflow/.local/lib/python3.12/site-packages/airflow/example_dags/example_branch_datetime_operator.py
[2024-10-04T09:47:28.191+0000] {processor.py:914} INFO - Processing file /home/airflow/.local/lib/python3.12/site-packages/airflow/example_dags/example_branch_datetime_operator.py for tasks to queue
[2024-10-04T09:47:28.192+0000] {logging_mixin.py:190} INFO - [2024-10-04T09:47:28.192+0000] {dagbag.py:588} INFO - Filling up the DagBag from /home/airflow/.local/lib/python3.12/site-packages/airflow/example_dags/example_branch_datetime_operator.py
[2024-10-04T09:47:28.197+0000] {processor.py:925} INFO - DAG(s) 'example_branch_datetime_operator', 'example_branch_datetime_operator_2', 'example_branch_datetime_operator_3' retrieved from /home/airflow/.local/lib/python3.12/site-packages/airflow/example_dags/example_branch_datetime_operator.py
[2024-10-04T09:47:28.214+0000] {logging_mixin.py:190} INFO - [2024-10-04T09:47:28.214+0000] {dag.py:3239} INFO - Sync 3 DAGs
[2024-10-04T09:47:28.233+0000] {logging_mixin.py:190} INFO - [2024-10-04T09:47:28.233+0000] {dag.py:4180} INFO - Setting next_dagrun for example_branch_datetime_operator to 2024-10-03 00:00:00+00:00, run_after=2024-10-04 00:00:00+00:00
[2024-10-04T09:47:28.237+0000] {logging_mixin.py:190} INFO - [2024-10-04T09:47:28.237+0000] {dag.py:4180} INFO - Setting next_dagrun for example_branch_datetime_operator_2 to 2024-10-03 00:00:00+00:00, run_after=2024-10-04 00:00:00+00:00
[2024-10-04T09:47:28.238+0000] {logging_mixin.py:190} INFO - [2024-10-04T09:47:28.238+0000] {dag.py:4180} INFO - Setting next_dagrun for example_branch_datetime_operator_3 to 2024-10-03 00:00:00+00:00, run_after=2024-10-04 00:00:00+00:00
[2024-10-04T09:47:28.247+0000] {processor.py:208} INFO - Processing /home/airflow/.local/lib/python3.12/site-packages/airflow/example_dags/example_branch_datetime_operator.py took 0.060 seconds
[2024-10-04T09:47:58.941+0000] {processor.py:186} INFO - Started process (PID=244) to work on /home/airflow/.local/lib/python3.12/site-packages/airflow/example_dags/example_branch_datetime_operator.py
[2024-10-04T09:47:58.942+0000] {processor.py:914} INFO - Processing file /home/airflow/.local/lib/python3.12/site-packages/airflow/example_dags/example_branch_datetime_operator.py for tasks to queue
[2024-10-04T09:47:58.943+0000] {logging_mixin.py:190} INFO - [2024-10-04T09:47:58.943+0000] {dagbag.py:588} INFO - Filling up the DagBag from /home/airflow/.local/lib/python3.12/site-packages/airflow/example_dags/example_branch_datetime_operator.py
[2024-10-04T09:47:58.948+0000] {processor.py:925} INFO - DAG(s) 'example_branch_datetime_operator', 'example_branch_datetime_operator_3', 'example_branch_datetime_operator_2' retrieved from /home/airflow/.local/lib/python3.12/site-packages/airflow/example_dags/example_branch_datetime_operator.py
[2024-10-04T09:47:58.965+0000] {logging_mixin.py:190} INFO - [2024-10-04T09:47:58.965+0000] {dag.py:3239} INFO - Sync 3 DAGs
[2024-10-04T09:47:58.982+0000] {logging_mixin.py:190} INFO - [2024-10-04T09:47:58.982+0000] {dag.py:4180} INFO - Setting next_dagrun for example_branch_datetime_operator to 2024-10-03 00:00:00+00:00, run_after=2024-10-04 00:00:00+00:00
[2024-10-04T09:47:58.988+0000] {logging_mixin.py:190} INFO - [2024-10-04T09:47:58.988+0000] {dag.py:4180} INFO - Setting next_dagrun for example_branch_datetime_operator_2 to 2024-10-03 00:00:00+00:00, run_after=2024-10-04 00:00:00+00:00
[2024-10-04T09:47:58.989+0000] {logging_mixin.py:190} INFO - [2024-10-04T09:47:58.989+0000] {dag.py:4180} INFO - Setting next_dagrun for example_branch_datetime_operator_3 to 2024-10-03 00:00:00+00:00, run_after=2024-10-04 00:00:00+00:00
[2024-10-04T09:47:58.999+0000] {processor.py:208} INFO - Processing /home/airflow/.local/lib/python3.12/site-packages/airflow/example_dags/example_branch_datetime_operator.py took 0.061 seconds
[2024-10-04T09:48:29.575+0000] {processor.py:186} INFO - Started process (PID=311) to work on /home/airflow/.local/lib/python3.12/site-packages/airflow/example_dags/example_branch_datetime_operator.py
[2024-10-04T09:48:29.575+0000] {processor.py:914} INFO - Processing file /home/airflow/.local/lib/python3.12/site-packages/airflow/example_dags/example_branch_datetime_operator.py for tasks to queue
[2024-10-04T09:48:29.577+0000] {logging_mixin.py:190} INFO - [2024-10-04T09:48:29.577+0000] {dagbag.py:588} INFO - Filling up the DagBag from /home/airflow/.local/lib/python3.12/site-packages/airflow/example_dags/example_branch_datetime_operator.py
[2024-10-04T09:48:29.582+0000] {processor.py:925} INFO - DAG(s) 'example_branch_datetime_operator_2', 'example_branch_datetime_operator_3', 'example_branch_datetime_operator' retrieved from /home/airflow/.local/lib/python3.12/site-packages/airflow/example_dags/example_branch_datetime_operator.py
[2024-10-04T09:48:29.599+0000] {logging_mixin.py:190} INFO - [2024-10-04T09:48:29.599+0000] {dag.py:3239} INFO - Sync 3 DAGs
[2024-10-04T09:48:29.617+0000] {logging_mixin.py:190} INFO - [2024-10-04T09:48:29.617+0000] {dag.py:4180} INFO - Setting next_dagrun for example_branch_datetime_operator to 2024-10-03 00:00:00+00:00, run_after=2024-10-04 00:00:00+00:00
[2024-10-04T09:48:29.619+0000] {logging_mixin.py:190} INFO - [2024-10-04T09:48:29.619+0000] {dag.py:4180} INFO - Setting next_dagrun for example_branch_datetime_operator_2 to 2024-10-03 00:00:00+00:00, run_after=2024-10-04 00:00:00+00:00
[2024-10-04T09:48:29.621+0000] {logging_mixin.py:190} INFO - [2024-10-04T09:48:29.621+0000] {dag.py:4180} INFO - Setting next_dagrun for example_branch_datetime_operator_3 to 2024-10-03 00:00:00+00:00, run_after=2024-10-04 00:00:00+00:00
[2024-10-04T09:48:29.629+0000] {processor.py:208} INFO - Processing /home/airflow/.local/lib/python3.12/site-packages/airflow/example_dags/example_branch_datetime_operator.py took 0.058 seconds
[2024-10-04T09:49:00.072+0000] {processor.py:186} INFO - Started process (PID=378) to work on /home/airflow/.local/lib/python3.12/site-packages/airflow/example_dags/example_branch_datetime_operator.py
[2024-10-04T09:49:00.073+0000] {processor.py:914} INFO - Processing file /home/airflow/.local/lib/python3.12/site-packages/airflow/example_dags/example_branch_datetime_operator.py for tasks to queue
[2024-10-04T09:49:00.074+0000] {logging_mixin.py:190} INFO - [2024-10-04T09:49:00.074+0000] {dagbag.py:588} INFO - Filling up the DagBag from /home/airflow/.local/lib/python3.12/site-packages/airflow/example_dags/example_branch_datetime_operator.py
[2024-10-04T09:49:00.079+0000] {processor.py:925} INFO - DAG(s) 'example_branch_datetime_operator_3', 'example_branch_datetime_operator', 'example_branch_datetime_operator_2' retrieved from /home/airflow/.local/lib/python3.12/site-packages/airflow/example_dags/example_branch_datetime_operator.py
[2024-10-04T09:49:00.095+0000] {logging_mixin.py:190} INFO - [2024-10-04T09:49:00.094+0000] {dag.py:3239} INFO - Sync 3 DAGs
[2024-10-04T09:49:00.114+0000] {logging_mixin.py:190} INFO - [2024-10-04T09:49:00.114+0000] {dag.py:4180} INFO - Setting next_dagrun for example_branch_datetime_operator to 2024-10-03 00:00:00+00:00, run_after=2024-10-04 00:00:00+00:00
[2024-10-04T09:49:00.117+0000] {logging_mixin.py:190} INFO - [2024-10-04T09:49:00.117+0000] {dag.py:4180} INFO - Setting next_dagrun for example_branch_datetime_operator_2 to 2024-10-03 00:00:00+00:00, run_after=2024-10-04 00:00:00+00:00
[2024-10-04T09:49:00.118+0000] {logging_mixin.py:190} INFO - [2024-10-04T09:49:00.118+0000] {dag.py:4180} INFO - Setting next_dagrun for example_branch_datetime_operator_3 to 2024-10-03 00:00:00+00:00, run_after=2024-10-04 00:00:00+00:00
[2024-10-04T09:49:00.131+0000] {processor.py:208} INFO - Processing /home/airflow/.local/lib/python3.12/site-packages/airflow/example_dags/example_branch_datetime_operator.py took 0.062 seconds
[2024-10-04T09:49:30.525+0000] {processor.py:186} INFO - Started process (PID=445) to work on /home/airflow/.local/lib/python3.12/site-packages/airflow/example_dags/example_branch_datetime_operator.py
[2024-10-04T09:49:30.526+0000] {processor.py:914} INFO - Processing file /home/airflow/.local/lib/python3.12/site-packages/airflow/example_dags/example_branch_datetime_operator.py for tasks to queue
[2024-10-04T09:49:30.528+0000] {logging_mixin.py:190} INFO - [2024-10-04T09:49:30.527+0000] {dagbag.py:588} INFO - Filling up the DagBag from /home/airflow/.local/lib/python3.12/site-packages/airflow/example_dags/example_branch_datetime_operator.py
[2024-10-04T09:49:30.532+0000] {processor.py:925} INFO - DAG(s) 'example_branch_datetime_operator_3', 'example_branch_datetime_operator_2', 'example_branch_datetime_operator' retrieved from /home/airflow/.local/lib/python3.12/site-packages/airflow/example_dags/example_branch_datetime_operator.py
[2024-10-04T09:49:30.549+0000] {logging_mixin.py:190} INFO - [2024-10-04T09:49:30.549+0000] {dag.py:3239} INFO - Sync 3 DAGs
[2024-10-04T09:49:30.566+0000] {logging_mixin.py:190} INFO - [2024-10-04T09:49:30.566+0000] {dag.py:4180} INFO - Setting next_dagrun for example_branch_datetime_operator to 2024-10-03 00:00:00+00:00, run_after=2024-10-04 00:00:00+00:00
[2024-10-04T09:49:30.569+0000] {logging_mixin.py:190} INFO - [2024-10-04T09:49:30.569+0000] {dag.py:4180} INFO - Setting next_dagrun for example_branch_datetime_operator_2 to 2024-10-03 00:00:00+00:00, run_after=2024-10-04 00:00:00+00:00
[2024-10-04T09:49:30.570+0000] {logging_mixin.py:190} INFO - [2024-10-04T09:49:30.570+0000] {dag.py:4180} INFO - Setting next_dagrun for example_branch_datetime_operator_3 to 2024-10-03 00:00:00+00:00, run_after=2024-10-04 00:00:00+00:00
[2024-10-04T09:49:30.579+0000] {processor.py:208} INFO - Processing /home/airflow/.local/lib/python3.12/site-packages/airflow/example_dags/example_branch_datetime_operator.py took 0.057 seconds
[2024-10-04T09:50:00.923+0000] {processor.py:186} INFO - Started process (PID=512) to work on /home/airflow/.local/lib/python3.12/site-packages/airflow/example_dags/example_branch_datetime_operator.py
[2024-10-04T09:50:00.923+0000] {processor.py:914} INFO - Processing file /home/airflow/.local/lib/python3.12/site-packages/airflow/example_dags/example_branch_datetime_operator.py for tasks to queue
[2024-10-04T09:50:00.925+0000] {logging_mixin.py:190} INFO - [2024-10-04T09:50:00.925+0000] {dagbag.py:588} INFO - Filling up the DagBag from /home/airflow/.local/lib/python3.12/site-packages/airflow/example_dags/example_branch_datetime_operator.py
[2024-10-04T09:50:00.930+0000] {processor.py:925} INFO - DAG(s) 'example_branch_datetime_operator', 'example_branch_datetime_operator_2', 'example_branch_datetime_operator_3' retrieved from /home/airflow/.local/lib/python3.12/site-packages/airflow/example_dags/example_branch_datetime_operator.py
[2024-10-04T09:50:00.947+0000] {logging_mixin.py:190} INFO - [2024-10-04T09:50:00.947+0000] {dag.py:3239} INFO - Sync 3 DAGs
[2024-10-04T09:50:00.962+0000] {logging_mixin.py:190} INFO - [2024-10-04T09:50:00.962+0000] {dag.py:4180} INFO - Setting next_dagrun for example_branch_datetime_operator to 2024-10-03 00:00:00+00:00, run_after=2024-10-04 00:00:00+00:00
[2024-10-04T09:50:00.965+0000] {logging_mixin.py:190} INFO - [2024-10-04T09:50:00.965+0000] {dag.py:4180} INFO - Setting next_dagrun for example_branch_datetime_operator_2 to 2024-10-03 00:00:00+00:00, run_after=2024-10-04 00:00:00+00:00
[2024-10-04T09:50:00.966+0000] {logging_mixin.py:190} INFO - [2024-10-04T09:50:00.966+0000] {dag.py:4180} INFO - Setting next_dagrun for example_branch_datetime_operator_3 to 2024-10-03 00:00:00+00:00, run_after=2024-10-04 00:00:00+00:00
[2024-10-04T09:50:00.975+0000] {processor.py:208} INFO - Processing /home/airflow/.local/lib/python3.12/site-packages/airflow/example_dags/example_branch_datetime_operator.py took 0.055 seconds
[2024-10-04T09:50:31.387+0000] {processor.py:186} INFO - Started process (PID=579) to work on /home/airflow/.local/lib/python3.12/site-packages/airflow/example_dags/example_branch_datetime_operator.py
[2024-10-04T09:50:31.388+0000] {processor.py:914} INFO - Processing file /home/airflow/.local/lib/python3.12/site-packages/airflow/example_dags/example_branch_datetime_operator.py for tasks to queue
[2024-10-04T09:50:31.389+0000] {logging_mixin.py:190} INFO - [2024-10-04T09:50:31.389+0000] {dagbag.py:588} INFO - Filling up the DagBag from /home/airflow/.local/lib/python3.12/site-packages/airflow/example_dags/example_branch_datetime_operator.py
[2024-10-04T09:50:31.394+0000] {processor.py:925} INFO - DAG(s) 'example_branch_datetime_operator_2', 'example_branch_datetime_operator', 'example_branch_datetime_operator_3' retrieved from /home/airflow/.local/lib/python3.12/site-packages/airflow/example_dags/example_branch_datetime_operator.py
[2024-10-04T09:50:31.410+0000] {logging_mixin.py:190} INFO - [2024-10-04T09:50:31.410+0000] {dag.py:3239} INFO - Sync 3 DAGs
[2024-10-04T09:50:31.426+0000] {logging_mixin.py:190} INFO - [2024-10-04T09:50:31.426+0000] {dag.py:4180} INFO - Setting next_dagrun for example_branch_datetime_operator to 2024-10-03 00:00:00+00:00, run_after=2024-10-04 00:00:00+00:00
[2024-10-04T09:50:31.428+0000] {logging_mixin.py:190} INFO - [2024-10-04T09:50:31.428+0000] {dag.py:4180} INFO - Setting next_dagrun for example_branch_datetime_operator_2 to 2024-10-03 00:00:00+00:00, run_after=2024-10-04 00:00:00+00:00
[2024-10-04T09:50:31.430+0000] {logging_mixin.py:190} INFO - [2024-10-04T09:50:31.430+0000] {dag.py:4180} INFO - Setting next_dagrun for example_branch_datetime_operator_3 to 2024-10-03 00:00:00+00:00, run_after=2024-10-04 00:00:00+00:00
[2024-10-04T09:50:31.439+0000] {processor.py:208} INFO - Processing /home/airflow/.local/lib/python3.12/site-packages/airflow/example_dags/example_branch_datetime_operator.py took 0.055 seconds
[2024-10-04T09:51:02.065+0000] {processor.py:186} INFO - Started process (PID=646) to work on /home/airflow/.local/lib/python3.12/site-packages/airflow/example_dags/example_branch_datetime_operator.py
[2024-10-04T09:51:02.066+0000] {processor.py:914} INFO - Processing file /home/airflow/.local/lib/python3.12/site-packages/airflow/example_dags/example_branch_datetime_operator.py for tasks to queue
[2024-10-04T09:51:02.069+0000] {logging_mixin.py:190} INFO - [2024-10-04T09:51:02.069+0000] {dagbag.py:588} INFO - Filling up the DagBag from /home/airflow/.local/lib/python3.12/site-packages/airflow/example_dags/example_branch_datetime_operator.py
[2024-10-04T09:51:02.076+0000] {processor.py:925} INFO - DAG(s) 'example_branch_datetime_operator', 'example_branch_datetime_operator_3', 'example_branch_datetime_operator_2' retrieved from /home/airflow/.local/lib/python3.12/site-packages/airflow/example_dags/example_branch_datetime_operator.py
[2024-10-04T09:51:02.095+0000] {logging_mixin.py:190} INFO - [2024-10-04T09:51:02.095+0000] {dag.py:3239} INFO - Sync 3 DAGs
[2024-10-04T09:51:02.112+0000] {logging_mixin.py:190} INFO - [2024-10-04T09:51:02.112+0000] {dag.py:4180} INFO - Setting next_dagrun for example_branch_datetime_operator to 2024-10-03 00:00:00+00:00, run_after=2024-10-04 00:00:00+00:00
[2024-10-04T09:51:02.119+0000] {logging_mixin.py:190} INFO - [2024-10-04T09:51:02.119+0000] {dag.py:4180} INFO - Setting next_dagrun for example_branch_datetime_operator_2 to 2024-10-03 00:00:00+00:00, run_after=2024-10-04 00:00:00+00:00
[2024-10-04T09:51:02.121+0000] {logging_mixin.py:190} INFO - [2024-10-04T09:51:02.121+0000] {dag.py:4180} INFO - Setting next_dagrun for example_branch_datetime_operator_3 to 2024-10-03 00:00:00+00:00, run_after=2024-10-04 00:00:00+00:00
[2024-10-04T09:51:02.131+0000] {processor.py:208} INFO - Processing /home/airflow/.local/lib/python3.12/site-packages/airflow/example_dags/example_branch_datetime_operator.py took 0.069 seconds
[2024-10-04T09:51:32.500+0000] {processor.py:186} INFO - Started process (PID=713) to work on /home/airflow/.local/lib/python3.12/site-packages/airflow/example_dags/example_branch_datetime_operator.py
[2024-10-04T09:51:32.501+0000] {processor.py:914} INFO - Processing file /home/airflow/.local/lib/python3.12/site-packages/airflow/example_dags/example_branch_datetime_operator.py for tasks to queue
[2024-10-04T09:51:32.502+0000] {logging_mixin.py:190} INFO - [2024-10-04T09:51:32.502+0000] {dagbag.py:588} INFO - Filling up the DagBag from /home/airflow/.local/lib/python3.12/site-packages/airflow/example_dags/example_branch_datetime_operator.py
[2024-10-04T09:51:32.507+0000] {processor.py:925} INFO - DAG(s) 'example_branch_datetime_operator_3', 'example_branch_datetime_operator', 'example_branch_datetime_operator_2' retrieved from /home/airflow/.local/lib/python3.12/site-packages/airflow/example_dags/example_branch_datetime_operator.py
[2024-10-04T09:51:32.523+0000] {logging_mixin.py:190} INFO - [2024-10-04T09:51:32.523+0000] {dag.py:3239} INFO - Sync 3 DAGs
[2024-10-04T09:51:32.540+0000] {logging_mixin.py:190} INFO - [2024-10-04T09:51:32.540+0000] {dag.py:4180} INFO - Setting next_dagrun for example_branch_datetime_operator to 2024-10-03 00:00:00+00:00, run_after=2024-10-04 00:00:00+00:00
[2024-10-04T09:51:32.543+0000] {logging_mixin.py:190} INFO - [2024-10-04T09:51:32.543+0000] {dag.py:4180} INFO - Setting next_dagrun for example_branch_datetime_operator_2 to 2024-10-03 00:00:00+00:00, run_after=2024-10-04 00:00:00+00:00
[2024-10-04T09:51:32.544+0000] {logging_mixin.py:190} INFO - [2024-10-04T09:51:32.544+0000] {dag.py:4180} INFO - Setting next_dagrun for example_branch_datetime_operator_3 to 2024-10-03 00:00:00+00:00, run_after=2024-10-04 00:00:00+00:00
[2024-10-04T09:51:32.553+0000] {processor.py:208} INFO - Processing /home/airflow/.local/lib/python3.12/site-packages/airflow/example_dags/example_branch_datetime_operator.py took 0.056 seconds
[2024-10-04T09:52:03.070+0000] {processor.py:186} INFO - Started process (PID=780) to work on /home/airflow/.local/lib/python3.12/site-packages/airflow/example_dags/example_branch_datetime_operator.py
[2024-10-04T09:52:03.071+0000] {processor.py:914} INFO - Processing file /home/airflow/.local/lib/python3.12/site-packages/airflow/example_dags/example_branch_datetime_operator.py for tasks to queue
[2024-10-04T09:52:03.073+0000] {logging_mixin.py:190} INFO - [2024-10-04T09:52:03.072+0000] {dagbag.py:588} INFO - Filling up the DagBag from /home/airflow/.local/lib/python3.12/site-packages/airflow/example_dags/example_branch_datetime_operator.py
[2024-10-04T09:52:03.078+0000] {processor.py:925} INFO - DAG(s) 'example_branch_datetime_operator_3', 'example_branch_datetime_operator', 'example_branch_datetime_operator_2' retrieved from /home/airflow/.local/lib/python3.12/site-packages/airflow/example_dags/example_branch_datetime_operator.py
[2024-10-04T09:52:03.095+0000] {logging_mixin.py:190} INFO - [2024-10-04T09:52:03.095+0000] {dag.py:3239} INFO - Sync 3 DAGs
[2024-10-04T09:52:03.113+0000] {logging_mixin.py:190} INFO - [2024-10-04T09:52:03.113+0000] {dag.py:4180} INFO - Setting next_dagrun for example_branch_datetime_operator to 2024-10-03 00:00:00+00:00, run_after=2024-10-04 00:00:00+00:00
[2024-10-04T09:52:03.115+0000] {logging_mixin.py:190} INFO - [2024-10-04T09:52:03.115+0000] {dag.py:4180} INFO - Setting next_dagrun for example_branch_datetime_operator_2 to 2024-10-03 00:00:00+00:00, run_after=2024-10-04 00:00:00+00:00
[2024-10-04T09:52:03.116+0000] {logging_mixin.py:190} INFO - [2024-10-04T09:52:03.116+0000] {dag.py:4180} INFO - Setting next_dagrun for example_branch_datetime_operator_3 to 2024-10-03 00:00:00+00:00, run_after=2024-10-04 00:00:00+00:00
[2024-10-04T09:52:03.125+0000] {processor.py:208} INFO - Processing /home/airflow/.local/lib/python3.12/site-packages/airflow/example_dags/example_branch_datetime_operator.py took 0.058 seconds
[2024-10-04T09:56:14.494+0000] {processor.py:186} INFO - Started process (PID=94) to work on /home/airflow/.local/lib/python3.12/site-packages/airflow/example_dags/example_branch_datetime_operator.py
[2024-10-04T09:56:14.495+0000] {processor.py:914} INFO - Processing file /home/airflow/.local/lib/python3.12/site-packages/airflow/example_dags/example_branch_datetime_operator.py for tasks to queue
[2024-10-04T09:56:14.496+0000] {logging_mixin.py:190} INFO - [2024-10-04T09:56:14.495+0000] {dagbag.py:588} INFO - Filling up the DagBag from /home/airflow/.local/lib/python3.12/site-packages/airflow/example_dags/example_branch_datetime_operator.py
[2024-10-04T09:56:14.501+0000] {processor.py:925} INFO - DAG(s) 'example_branch_datetime_operator_2', 'example_branch_datetime_operator', 'example_branch_datetime_operator_3' retrieved from /home/airflow/.local/lib/python3.12/site-packages/airflow/example_dags/example_branch_datetime_operator.py
[2024-10-04T09:56:14.519+0000] {logging_mixin.py:190} INFO - [2024-10-04T09:56:14.519+0000] {dag.py:3239} INFO - Sync 3 DAGs
[2024-10-04T09:56:14.536+0000] {logging_mixin.py:190} INFO - [2024-10-04T09:56:14.536+0000] {dag.py:4180} INFO - Setting next_dagrun for example_branch_datetime_operator to 2024-10-03 00:00:00+00:00, run_after=2024-10-04 00:00:00+00:00
[2024-10-04T09:56:14.539+0000] {logging_mixin.py:190} INFO - [2024-10-04T09:56:14.539+0000] {dag.py:4180} INFO - Setting next_dagrun for example_branch_datetime_operator_2 to 2024-10-03 00:00:00+00:00, run_after=2024-10-04 00:00:00+00:00
[2024-10-04T09:56:14.540+0000] {logging_mixin.py:190} INFO - [2024-10-04T09:56:14.540+0000] {dag.py:4180} INFO - Setting next_dagrun for example_branch_datetime_operator_3 to 2024-10-03 00:00:00+00:00, run_after=2024-10-04 00:00:00+00:00
[2024-10-04T09:56:14.550+0000] {processor.py:208} INFO - Processing /home/airflow/.local/lib/python3.12/site-packages/airflow/example_dags/example_branch_datetime_operator.py took 0.059 seconds
[2024-10-04T09:56:45.109+0000] {processor.py:186} INFO - Started process (PID=167) to work on /home/airflow/.local/lib/python3.12/site-packages/airflow/example_dags/example_branch_datetime_operator.py
[2024-10-04T09:56:45.110+0000] {processor.py:914} INFO - Processing file /home/airflow/.local/lib/python3.12/site-packages/airflow/example_dags/example_branch_datetime_operator.py for tasks to queue
[2024-10-04T09:56:45.110+0000] {logging_mixin.py:190} INFO - [2024-10-04T09:56:45.110+0000] {dagbag.py:588} INFO - Filling up the DagBag from /home/airflow/.local/lib/python3.12/site-packages/airflow/example_dags/example_branch_datetime_operator.py
[2024-10-04T09:56:45.116+0000] {processor.py:925} INFO - DAG(s) 'example_branch_datetime_operator_2', 'example_branch_datetime_operator', 'example_branch_datetime_operator_3' retrieved from /home/airflow/.local/lib/python3.12/site-packages/airflow/example_dags/example_branch_datetime_operator.py
[2024-10-04T09:56:45.134+0000] {logging_mixin.py:190} INFO - [2024-10-04T09:56:45.134+0000] {dag.py:3239} INFO - Sync 3 DAGs
[2024-10-04T09:56:45.153+0000] {logging_mixin.py:190} INFO - [2024-10-04T09:56:45.153+0000] {dag.py:4180} INFO - Setting next_dagrun for example_branch_datetime_operator to 2024-10-03 00:00:00+00:00, run_after=2024-10-04 00:00:00+00:00
[2024-10-04T09:56:45.156+0000] {logging_mixin.py:190} INFO - [2024-10-04T09:56:45.156+0000] {dag.py:4180} INFO - Setting next_dagrun for example_branch_datetime_operator_2 to 2024-10-03 00:00:00+00:00, run_after=2024-10-04 00:00:00+00:00
[2024-10-04T09:56:45.158+0000] {logging_mixin.py:190} INFO - [2024-10-04T09:56:45.158+0000] {dag.py:4180} INFO - Setting next_dagrun for example_branch_datetime_operator_3 to 2024-10-03 00:00:00+00:00, run_after=2024-10-04 00:00:00+00:00
[2024-10-04T09:56:45.167+0000] {processor.py:208} INFO - Processing /home/airflow/.local/lib/python3.12/site-packages/airflow/example_dags/example_branch_datetime_operator.py took 0.061 seconds
[2024-10-04T09:57:15.612+0000] {processor.py:186} INFO - Started process (PID=234) to work on /home/airflow/.local/lib/python3.12/site-packages/airflow/example_dags/example_branch_datetime_operator.py
[2024-10-04T09:57:15.613+0000] {processor.py:914} INFO - Processing file /home/airflow/.local/lib/python3.12/site-packages/airflow/example_dags/example_branch_datetime_operator.py for tasks to queue
[2024-10-04T09:57:15.613+0000] {logging_mixin.py:190} INFO - [2024-10-04T09:57:15.613+0000] {dagbag.py:588} INFO - Filling up the DagBag from /home/airflow/.local/lib/python3.12/site-packages/airflow/example_dags/example_branch_datetime_operator.py
[2024-10-04T09:57:15.618+0000] {processor.py:925} INFO - DAG(s) 'example_branch_datetime_operator_2', 'example_branch_datetime_operator_3', 'example_branch_datetime_operator' retrieved from /home/airflow/.local/lib/python3.12/site-packages/airflow/example_dags/example_branch_datetime_operator.py
[2024-10-04T09:57:15.635+0000] {logging_mixin.py:190} INFO - [2024-10-04T09:57:15.635+0000] {dag.py:3239} INFO - Sync 3 DAGs
[2024-10-04T09:57:15.652+0000] {logging_mixin.py:190} INFO - [2024-10-04T09:57:15.652+0000] {dag.py:4180} INFO - Setting next_dagrun for example_branch_datetime_operator to 2024-10-03 00:00:00+00:00, run_after=2024-10-04 00:00:00+00:00
[2024-10-04T09:57:15.654+0000] {logging_mixin.py:190} INFO - [2024-10-04T09:57:15.654+0000] {dag.py:4180} INFO - Setting next_dagrun for example_branch_datetime_operator_2 to 2024-10-03 00:00:00+00:00, run_after=2024-10-04 00:00:00+00:00
[2024-10-04T09:57:15.656+0000] {logging_mixin.py:190} INFO - [2024-10-04T09:57:15.656+0000] {dag.py:4180} INFO - Setting next_dagrun for example_branch_datetime_operator_3 to 2024-10-03 00:00:00+00:00, run_after=2024-10-04 00:00:00+00:00
[2024-10-04T09:57:15.665+0000] {processor.py:208} INFO - Processing /home/airflow/.local/lib/python3.12/site-packages/airflow/example_dags/example_branch_datetime_operator.py took 0.056 seconds
[2024-10-04T09:57:46.101+0000] {processor.py:186} INFO - Started process (PID=301) to work on /home/airflow/.local/lib/python3.12/site-packages/airflow/example_dags/example_branch_datetime_operator.py
[2024-10-04T09:57:46.102+0000] {processor.py:914} INFO - Processing file /home/airflow/.local/lib/python3.12/site-packages/airflow/example_dags/example_branch_datetime_operator.py for tasks to queue
[2024-10-04T09:57:46.103+0000] {logging_mixin.py:190} INFO - [2024-10-04T09:57:46.102+0000] {dagbag.py:588} INFO - Filling up the DagBag from /home/airflow/.local/lib/python3.12/site-packages/airflow/example_dags/example_branch_datetime_operator.py
[2024-10-04T09:57:46.107+0000] {processor.py:925} INFO - DAG(s) 'example_branch_datetime_operator', 'example_branch_datetime_operator_3', 'example_branch_datetime_operator_2' retrieved from /home/airflow/.local/lib/python3.12/site-packages/airflow/example_dags/example_branch_datetime_operator.py
[2024-10-04T09:57:46.124+0000] {logging_mixin.py:190} INFO - [2024-10-04T09:57:46.124+0000] {dag.py:3239} INFO - Sync 3 DAGs
[2024-10-04T09:57:46.140+0000] {logging_mixin.py:190} INFO - [2024-10-04T09:57:46.140+0000] {dag.py:4180} INFO - Setting next_dagrun for example_branch_datetime_operator to 2024-10-03 00:00:00+00:00, run_after=2024-10-04 00:00:00+00:00
[2024-10-04T09:57:46.143+0000] {logging_mixin.py:190} INFO - [2024-10-04T09:57:46.143+0000] {dag.py:4180} INFO - Setting next_dagrun for example_branch_datetime_operator_2 to 2024-10-03 00:00:00+00:00, run_after=2024-10-04 00:00:00+00:00
[2024-10-04T09:57:46.145+0000] {logging_mixin.py:190} INFO - [2024-10-04T09:57:46.144+0000] {dag.py:4180} INFO - Setting next_dagrun for example_branch_datetime_operator_3 to 2024-10-03 00:00:00+00:00, run_after=2024-10-04 00:00:00+00:00
[2024-10-04T09:57:46.155+0000] {processor.py:208} INFO - Processing /home/airflow/.local/lib/python3.12/site-packages/airflow/example_dags/example_branch_datetime_operator.py took 0.057 seconds
[2024-10-04T09:58:16.728+0000] {processor.py:186} INFO - Started process (PID=368) to work on /home/airflow/.local/lib/python3.12/site-packages/airflow/example_dags/example_branch_datetime_operator.py
[2024-10-04T09:58:16.728+0000] {processor.py:914} INFO - Processing file /home/airflow/.local/lib/python3.12/site-packages/airflow/example_dags/example_branch_datetime_operator.py for tasks to queue
[2024-10-04T09:58:16.729+0000] {logging_mixin.py:190} INFO - [2024-10-04T09:58:16.729+0000] {dagbag.py:588} INFO - Filling up the DagBag from /home/airflow/.local/lib/python3.12/site-packages/airflow/example_dags/example_branch_datetime_operator.py
[2024-10-04T09:58:16.734+0000] {processor.py:925} INFO - DAG(s) 'example_branch_datetime_operator_3', 'example_branch_datetime_operator', 'example_branch_datetime_operator_2' retrieved from /home/airflow/.local/lib/python3.12/site-packages/airflow/example_dags/example_branch_datetime_operator.py
[2024-10-04T09:58:16.750+0000] {logging_mixin.py:190} INFO - [2024-10-04T09:58:16.750+0000] {dag.py:3239} INFO - Sync 3 DAGs
[2024-10-04T09:58:16.767+0000] {logging_mixin.py:190} INFO - [2024-10-04T09:58:16.767+0000] {dag.py:4180} INFO - Setting next_dagrun for example_branch_datetime_operator to 2024-10-03 00:00:00+00:00, run_after=2024-10-04 00:00:00+00:00
[2024-10-04T09:58:16.769+0000] {logging_mixin.py:190} INFO - [2024-10-04T09:58:16.769+0000] {dag.py:4180} INFO - Setting next_dagrun for example_branch_datetime_operator_2 to 2024-10-03 00:00:00+00:00, run_after=2024-10-04 00:00:00+00:00
[2024-10-04T09:58:16.770+0000] {logging_mixin.py:190} INFO - [2024-10-04T09:58:16.770+0000] {dag.py:4180} INFO - Setting next_dagrun for example_branch_datetime_operator_3 to 2024-10-03 00:00:00+00:00, run_after=2024-10-04 00:00:00+00:00
[2024-10-04T09:58:16.778+0000] {processor.py:208} INFO - Processing /home/airflow/.local/lib/python3.12/site-packages/airflow/example_dags/example_branch_datetime_operator.py took 0.054 seconds
