[2024-10-04T09:46:54.848+0000] {processor.py:186} INFO - Started process (PID=60) to work on /home/airflow/.local/lib/python3.12/site-packages/airflow/example_dags/example_latest_only_with_trigger.py
[2024-10-04T09:46:54.849+0000] {processor.py:914} INFO - Processing file /home/airflow/.local/lib/python3.12/site-packages/airflow/example_dags/example_latest_only_with_trigger.py for tasks to queue
[2024-10-04T09:46:54.850+0000] {logging_mixin.py:190} INFO - [2024-10-04T09:46:54.850+0000] {dagbag.py:588} INFO - Filling up the DagBag from /home/airflow/.local/lib/python3.12/site-packages/airflow/example_dags/example_latest_only_with_trigger.py
[2024-10-04T09:46:54.854+0000] {processor.py:925} INFO - DAG(s) 'latest_only_with_trigger' retrieved from /home/airflow/.local/lib/python3.12/site-packages/airflow/example_dags/example_latest_only_with_trigger.py
[2024-10-04T09:46:54.867+0000] {logging_mixin.py:190} INFO - [2024-10-04T09:46:54.867+0000] {dag.py:3239} INFO - Sync 1 DAGs
[2024-10-04T09:46:54.881+0000] {logging_mixin.py:190} INFO - [2024-10-04T09:46:54.881+0000] {dag.py:4180} INFO - Setting next_dagrun for latest_only_with_trigger to 2024-10-04 04:00:00+00:00, run_after=2024-10-04 08:00:00+00:00
[2024-10-04T09:46:54.892+0000] {processor.py:208} INFO - Processing /home/airflow/.local/lib/python3.12/site-packages/airflow/example_dags/example_latest_only_with_trigger.py took 0.047 seconds
[2024-10-04T09:47:25.589+0000] {processor.py:186} INFO - Started process (PID=136) to work on /home/airflow/.local/lib/python3.12/site-packages/airflow/example_dags/example_latest_only_with_trigger.py
[2024-10-04T09:47:25.590+0000] {processor.py:914} INFO - Processing file /home/airflow/.local/lib/python3.12/site-packages/airflow/example_dags/example_latest_only_with_trigger.py for tasks to queue
[2024-10-04T09:47:25.591+0000] {logging_mixin.py:190} INFO - [2024-10-04T09:47:25.591+0000] {dagbag.py:588} INFO - Filling up the DagBag from /home/airflow/.local/lib/python3.12/site-packages/airflow/example_dags/example_latest_only_with_trigger.py
[2024-10-04T09:47:25.594+0000] {processor.py:925} INFO - DAG(s) 'latest_only_with_trigger' retrieved from /home/airflow/.local/lib/python3.12/site-packages/airflow/example_dags/example_latest_only_with_trigger.py
[2024-10-04T09:47:25.606+0000] {logging_mixin.py:190} INFO - [2024-10-04T09:47:25.606+0000] {dag.py:3239} INFO - Sync 1 DAGs
[2024-10-04T09:47:25.618+0000] {logging_mixin.py:190} INFO - [2024-10-04T09:47:25.618+0000] {dag.py:4180} INFO - Setting next_dagrun for latest_only_with_trigger to 2024-10-04 04:00:00+00:00, run_after=2024-10-04 08:00:00+00:00
[2024-10-04T09:47:25.627+0000] {processor.py:208} INFO - Processing /home/airflow/.local/lib/python3.12/site-packages/airflow/example_dags/example_latest_only_with_trigger.py took 0.040 seconds
[2024-10-04T09:47:56.397+0000] {processor.py:186} INFO - Started process (PID=203) to work on /home/airflow/.local/lib/python3.12/site-packages/airflow/example_dags/example_latest_only_with_trigger.py
[2024-10-04T09:47:56.398+0000] {processor.py:914} INFO - Processing file /home/airflow/.local/lib/python3.12/site-packages/airflow/example_dags/example_latest_only_with_trigger.py for tasks to queue
[2024-10-04T09:47:56.399+0000] {logging_mixin.py:190} INFO - [2024-10-04T09:47:56.399+0000] {dagbag.py:588} INFO - Filling up the DagBag from /home/airflow/.local/lib/python3.12/site-packages/airflow/example_dags/example_latest_only_with_trigger.py
[2024-10-04T09:47:56.402+0000] {processor.py:925} INFO - DAG(s) 'latest_only_with_trigger' retrieved from /home/airflow/.local/lib/python3.12/site-packages/airflow/example_dags/example_latest_only_with_trigger.py
[2024-10-04T09:47:56.420+0000] {logging_mixin.py:190} INFO - [2024-10-04T09:47:56.420+0000] {dag.py:3239} INFO - Sync 1 DAGs
[2024-10-04T09:47:56.436+0000] {logging_mixin.py:190} INFO - [2024-10-04T09:47:56.436+0000] {dag.py:4180} INFO - Setting next_dagrun for latest_only_with_trigger to 2024-10-04 04:00:00+00:00, run_after=2024-10-04 08:00:00+00:00
[2024-10-04T09:47:56.454+0000] {processor.py:208} INFO - Processing /home/airflow/.local/lib/python3.12/site-packages/airflow/example_dags/example_latest_only_with_trigger.py took 0.059 seconds
[2024-10-04T09:48:27.082+0000] {processor.py:186} INFO - Started process (PID=270) to work on /home/airflow/.local/lib/python3.12/site-packages/airflow/example_dags/example_latest_only_with_trigger.py
[2024-10-04T09:48:27.082+0000] {processor.py:914} INFO - Processing file /home/airflow/.local/lib/python3.12/site-packages/airflow/example_dags/example_latest_only_with_trigger.py for tasks to queue
[2024-10-04T09:48:27.084+0000] {logging_mixin.py:190} INFO - [2024-10-04T09:48:27.084+0000] {dagbag.py:588} INFO - Filling up the DagBag from /home/airflow/.local/lib/python3.12/site-packages/airflow/example_dags/example_latest_only_with_trigger.py
[2024-10-04T09:48:27.087+0000] {processor.py:925} INFO - DAG(s) 'latest_only_with_trigger' retrieved from /home/airflow/.local/lib/python3.12/site-packages/airflow/example_dags/example_latest_only_with_trigger.py
[2024-10-04T09:48:27.100+0000] {logging_mixin.py:190} INFO - [2024-10-04T09:48:27.100+0000] {dag.py:3239} INFO - Sync 1 DAGs
[2024-10-04T09:48:27.114+0000] {logging_mixin.py:190} INFO - [2024-10-04T09:48:27.114+0000] {dag.py:4180} INFO - Setting next_dagrun for latest_only_with_trigger to 2024-10-04 04:00:00+00:00, run_after=2024-10-04 08:00:00+00:00
[2024-10-04T09:48:27.129+0000] {processor.py:208} INFO - Processing /home/airflow/.local/lib/python3.12/site-packages/airflow/example_dags/example_latest_only_with_trigger.py took 0.051 seconds
[2024-10-04T09:48:57.581+0000] {processor.py:186} INFO - Started process (PID=343) to work on /home/airflow/.local/lib/python3.12/site-packages/airflow/example_dags/example_latest_only_with_trigger.py
[2024-10-04T09:48:57.582+0000] {processor.py:914} INFO - Processing file /home/airflow/.local/lib/python3.12/site-packages/airflow/example_dags/example_latest_only_with_trigger.py for tasks to queue
[2024-10-04T09:48:57.583+0000] {logging_mixin.py:190} INFO - [2024-10-04T09:48:57.583+0000] {dagbag.py:588} INFO - Filling up the DagBag from /home/airflow/.local/lib/python3.12/site-packages/airflow/example_dags/example_latest_only_with_trigger.py
[2024-10-04T09:48:57.587+0000] {processor.py:925} INFO - DAG(s) 'latest_only_with_trigger' retrieved from /home/airflow/.local/lib/python3.12/site-packages/airflow/example_dags/example_latest_only_with_trigger.py
[2024-10-04T09:48:57.603+0000] {logging_mixin.py:190} INFO - [2024-10-04T09:48:57.603+0000] {dag.py:3239} INFO - Sync 1 DAGs
[2024-10-04T09:48:57.627+0000] {logging_mixin.py:190} INFO - [2024-10-04T09:48:57.627+0000] {dag.py:4180} INFO - Setting next_dagrun for latest_only_with_trigger to 2024-10-04 04:00:00+00:00, run_after=2024-10-04 08:00:00+00:00
[2024-10-04T09:48:57.645+0000] {processor.py:208} INFO - Processing /home/airflow/.local/lib/python3.12/site-packages/airflow/example_dags/example_latest_only_with_trigger.py took 0.067 seconds
[2024-10-04T09:49:28.174+0000] {processor.py:186} INFO - Started process (PID=410) to work on /home/airflow/.local/lib/python3.12/site-packages/airflow/example_dags/example_latest_only_with_trigger.py
[2024-10-04T09:49:28.175+0000] {processor.py:914} INFO - Processing file /home/airflow/.local/lib/python3.12/site-packages/airflow/example_dags/example_latest_only_with_trigger.py for tasks to queue
[2024-10-04T09:49:28.176+0000] {logging_mixin.py:190} INFO - [2024-10-04T09:49:28.176+0000] {dagbag.py:588} INFO - Filling up the DagBag from /home/airflow/.local/lib/python3.12/site-packages/airflow/example_dags/example_latest_only_with_trigger.py
[2024-10-04T09:49:28.179+0000] {processor.py:925} INFO - DAG(s) 'latest_only_with_trigger' retrieved from /home/airflow/.local/lib/python3.12/site-packages/airflow/example_dags/example_latest_only_with_trigger.py
[2024-10-04T09:49:28.192+0000] {logging_mixin.py:190} INFO - [2024-10-04T09:49:28.192+0000] {dag.py:3239} INFO - Sync 1 DAGs
[2024-10-04T09:49:28.212+0000] {logging_mixin.py:190} INFO - [2024-10-04T09:49:28.212+0000] {dag.py:4180} INFO - Setting next_dagrun for latest_only_with_trigger to 2024-10-04 04:00:00+00:00, run_after=2024-10-04 08:00:00+00:00
[2024-10-04T09:49:28.222+0000] {processor.py:208} INFO - Processing /home/airflow/.local/lib/python3.12/site-packages/airflow/example_dags/example_latest_only_with_trigger.py took 0.052 seconds
[2024-10-04T09:49:58.605+0000] {processor.py:186} INFO - Started process (PID=477) to work on /home/airflow/.local/lib/python3.12/site-packages/airflow/example_dags/example_latest_only_with_trigger.py
[2024-10-04T09:49:58.605+0000] {processor.py:914} INFO - Processing file /home/airflow/.local/lib/python3.12/site-packages/airflow/example_dags/example_latest_only_with_trigger.py for tasks to queue
[2024-10-04T09:49:58.607+0000] {logging_mixin.py:190} INFO - [2024-10-04T09:49:58.607+0000] {dagbag.py:588} INFO - Filling up the DagBag from /home/airflow/.local/lib/python3.12/site-packages/airflow/example_dags/example_latest_only_with_trigger.py
[2024-10-04T09:49:58.610+0000] {processor.py:925} INFO - DAG(s) 'latest_only_with_trigger' retrieved from /home/airflow/.local/lib/python3.12/site-packages/airflow/example_dags/example_latest_only_with_trigger.py
[2024-10-04T09:49:58.623+0000] {logging_mixin.py:190} INFO - [2024-10-04T09:49:58.623+0000] {dag.py:3239} INFO - Sync 1 DAGs
[2024-10-04T09:49:58.640+0000] {logging_mixin.py:190} INFO - [2024-10-04T09:49:58.640+0000] {dag.py:4180} INFO - Setting next_dagrun for latest_only_with_trigger to 2024-10-04 04:00:00+00:00, run_after=2024-10-04 08:00:00+00:00
[2024-10-04T09:49:58.651+0000] {processor.py:208} INFO - Processing /home/airflow/.local/lib/python3.12/site-packages/airflow/example_dags/example_latest_only_with_trigger.py took 0.050 seconds
[2024-10-04T09:50:28.967+0000] {processor.py:186} INFO - Started process (PID=544) to work on /home/airflow/.local/lib/python3.12/site-packages/airflow/example_dags/example_latest_only_with_trigger.py
[2024-10-04T09:50:28.968+0000] {processor.py:914} INFO - Processing file /home/airflow/.local/lib/python3.12/site-packages/airflow/example_dags/example_latest_only_with_trigger.py for tasks to queue
[2024-10-04T09:50:28.969+0000] {logging_mixin.py:190} INFO - [2024-10-04T09:50:28.969+0000] {dagbag.py:588} INFO - Filling up the DagBag from /home/airflow/.local/lib/python3.12/site-packages/airflow/example_dags/example_latest_only_with_trigger.py
[2024-10-04T09:50:28.973+0000] {processor.py:925} INFO - DAG(s) 'latest_only_with_trigger' retrieved from /home/airflow/.local/lib/python3.12/site-packages/airflow/example_dags/example_latest_only_with_trigger.py
[2024-10-04T09:50:28.987+0000] {logging_mixin.py:190} INFO - [2024-10-04T09:50:28.987+0000] {dag.py:3239} INFO - Sync 1 DAGs
[2024-10-04T09:50:29.001+0000] {logging_mixin.py:190} INFO - [2024-10-04T09:50:29.001+0000] {dag.py:4180} INFO - Setting next_dagrun for latest_only_with_trigger to 2024-10-04 04:00:00+00:00, run_after=2024-10-04 08:00:00+00:00
[2024-10-04T09:50:29.011+0000] {processor.py:208} INFO - Processing /home/airflow/.local/lib/python3.12/site-packages/airflow/example_dags/example_latest_only_with_trigger.py took 0.047 seconds
[2024-10-04T09:50:59.509+0000] {processor.py:186} INFO - Started process (PID=611) to work on /home/airflow/.local/lib/python3.12/site-packages/airflow/example_dags/example_latest_only_with_trigger.py
[2024-10-04T09:50:59.510+0000] {processor.py:914} INFO - Processing file /home/airflow/.local/lib/python3.12/site-packages/airflow/example_dags/example_latest_only_with_trigger.py for tasks to queue
[2024-10-04T09:50:59.511+0000] {logging_mixin.py:190} INFO - [2024-10-04T09:50:59.511+0000] {dagbag.py:588} INFO - Filling up the DagBag from /home/airflow/.local/lib/python3.12/site-packages/airflow/example_dags/example_latest_only_with_trigger.py
[2024-10-04T09:50:59.514+0000] {processor.py:925} INFO - DAG(s) 'latest_only_with_trigger' retrieved from /home/airflow/.local/lib/python3.12/site-packages/airflow/example_dags/example_latest_only_with_trigger.py
[2024-10-04T09:50:59.527+0000] {logging_mixin.py:190} INFO - [2024-10-04T09:50:59.526+0000] {dag.py:3239} INFO - Sync 1 DAGs
[2024-10-04T09:50:59.540+0000] {logging_mixin.py:190} INFO - [2024-10-04T09:50:59.540+0000] {dag.py:4180} INFO - Setting next_dagrun for latest_only_with_trigger to 2024-10-04 04:00:00+00:00, run_after=2024-10-04 08:00:00+00:00
[2024-10-04T09:50:59.549+0000] {processor.py:208} INFO - Processing /home/airflow/.local/lib/python3.12/site-packages/airflow/example_dags/example_latest_only_with_trigger.py took 0.043 seconds
[2024-10-04T09:51:30.161+0000] {processor.py:186} INFO - Started process (PID=678) to work on /home/airflow/.local/lib/python3.12/site-packages/airflow/example_dags/example_latest_only_with_trigger.py
[2024-10-04T09:51:30.162+0000] {processor.py:914} INFO - Processing file /home/airflow/.local/lib/python3.12/site-packages/airflow/example_dags/example_latest_only_with_trigger.py for tasks to queue
[2024-10-04T09:51:30.163+0000] {logging_mixin.py:190} INFO - [2024-10-04T09:51:30.163+0000] {dagbag.py:588} INFO - Filling up the DagBag from /home/airflow/.local/lib/python3.12/site-packages/airflow/example_dags/example_latest_only_with_trigger.py
[2024-10-04T09:51:30.166+0000] {processor.py:925} INFO - DAG(s) 'latest_only_with_trigger' retrieved from /home/airflow/.local/lib/python3.12/site-packages/airflow/example_dags/example_latest_only_with_trigger.py
[2024-10-04T09:51:30.179+0000] {logging_mixin.py:190} INFO - [2024-10-04T09:51:30.179+0000] {dag.py:3239} INFO - Sync 1 DAGs
[2024-10-04T09:51:30.194+0000] {logging_mixin.py:190} INFO - [2024-10-04T09:51:30.194+0000] {dag.py:4180} INFO - Setting next_dagrun for latest_only_with_trigger to 2024-10-04 04:00:00+00:00, run_after=2024-10-04 08:00:00+00:00
[2024-10-04T09:51:30.204+0000] {processor.py:208} INFO - Processing /home/airflow/.local/lib/python3.12/site-packages/airflow/example_dags/example_latest_only_with_trigger.py took 0.046 seconds
[2024-10-04T09:52:00.621+0000] {processor.py:186} INFO - Started process (PID=745) to work on /home/airflow/.local/lib/python3.12/site-packages/airflow/example_dags/example_latest_only_with_trigger.py
[2024-10-04T09:52:00.622+0000] {processor.py:914} INFO - Processing file /home/airflow/.local/lib/python3.12/site-packages/airflow/example_dags/example_latest_only_with_trigger.py for tasks to queue
[2024-10-04T09:52:00.623+0000] {logging_mixin.py:190} INFO - [2024-10-04T09:52:00.623+0000] {dagbag.py:588} INFO - Filling up the DagBag from /home/airflow/.local/lib/python3.12/site-packages/airflow/example_dags/example_latest_only_with_trigger.py
[2024-10-04T09:52:00.626+0000] {processor.py:925} INFO - DAG(s) 'latest_only_with_trigger' retrieved from /home/airflow/.local/lib/python3.12/site-packages/airflow/example_dags/example_latest_only_with_trigger.py
[2024-10-04T09:52:00.643+0000] {logging_mixin.py:190} INFO - [2024-10-04T09:52:00.643+0000] {dag.py:3239} INFO - Sync 1 DAGs
[2024-10-04T09:52:00.659+0000] {logging_mixin.py:190} INFO - [2024-10-04T09:52:00.659+0000] {dag.py:4180} INFO - Setting next_dagrun for latest_only_with_trigger to 2024-10-04 04:00:00+00:00, run_after=2024-10-04 08:00:00+00:00
[2024-10-04T09:52:00.669+0000] {processor.py:208} INFO - Processing /home/airflow/.local/lib/python3.12/site-packages/airflow/example_dags/example_latest_only_with_trigger.py took 0.051 seconds
[2024-10-04T09:56:12.609+0000] {processor.py:186} INFO - Started process (PID=59) to work on /home/airflow/.local/lib/python3.12/site-packages/airflow/example_dags/example_latest_only_with_trigger.py
[2024-10-04T09:56:12.610+0000] {processor.py:914} INFO - Processing file /home/airflow/.local/lib/python3.12/site-packages/airflow/example_dags/example_latest_only_with_trigger.py for tasks to queue
[2024-10-04T09:56:12.611+0000] {logging_mixin.py:190} INFO - [2024-10-04T09:56:12.611+0000] {dagbag.py:588} INFO - Filling up the DagBag from /home/airflow/.local/lib/python3.12/site-packages/airflow/example_dags/example_latest_only_with_trigger.py
[2024-10-04T09:56:12.615+0000] {processor.py:925} INFO - DAG(s) 'latest_only_with_trigger' retrieved from /home/airflow/.local/lib/python3.12/site-packages/airflow/example_dags/example_latest_only_with_trigger.py
[2024-10-04T09:56:12.631+0000] {logging_mixin.py:190} INFO - [2024-10-04T09:56:12.631+0000] {dag.py:3239} INFO - Sync 1 DAGs
[2024-10-04T09:56:12.647+0000] {logging_mixin.py:190} INFO - [2024-10-04T09:56:12.647+0000] {dag.py:4180} INFO - Setting next_dagrun for latest_only_with_trigger to 2024-10-04 04:00:00+00:00, run_after=2024-10-04 08:00:00+00:00
[2024-10-04T09:56:12.659+0000] {processor.py:208} INFO - Processing /home/airflow/.local/lib/python3.12/site-packages/airflow/example_dags/example_latest_only_with_trigger.py took 0.053 seconds
[2024-10-04T09:56:43.627+0000] {processor.py:186} INFO - Started process (PID=126) to work on /home/airflow/.local/lib/python3.12/site-packages/airflow/example_dags/example_latest_only_with_trigger.py
[2024-10-04T09:56:43.628+0000] {processor.py:914} INFO - Processing file /home/airflow/.local/lib/python3.12/site-packages/airflow/example_dags/example_latest_only_with_trigger.py for tasks to queue
[2024-10-04T09:56:43.629+0000] {logging_mixin.py:190} INFO - [2024-10-04T09:56:43.628+0000] {dagbag.py:588} INFO - Filling up the DagBag from /home/airflow/.local/lib/python3.12/site-packages/airflow/example_dags/example_latest_only_with_trigger.py
[2024-10-04T09:56:43.632+0000] {processor.py:925} INFO - DAG(s) 'latest_only_with_trigger' retrieved from /home/airflow/.local/lib/python3.12/site-packages/airflow/example_dags/example_latest_only_with_trigger.py
[2024-10-04T09:56:43.646+0000] {logging_mixin.py:190} INFO - [2024-10-04T09:56:43.646+0000] {dag.py:3239} INFO - Sync 1 DAGs
[2024-10-04T09:56:43.662+0000] {logging_mixin.py:190} INFO - [2024-10-04T09:56:43.662+0000] {dag.py:4180} INFO - Setting next_dagrun for latest_only_with_trigger to 2024-10-04 04:00:00+00:00, run_after=2024-10-04 08:00:00+00:00
[2024-10-04T09:56:43.673+0000] {processor.py:208} INFO - Processing /home/airflow/.local/lib/python3.12/site-packages/airflow/example_dags/example_latest_only_with_trigger.py took 0.048 seconds
[2024-10-04T09:57:14.313+0000] {processor.py:186} INFO - Started process (PID=193) to work on /home/airflow/.local/lib/python3.12/site-packages/airflow/example_dags/example_latest_only_with_trigger.py
[2024-10-04T09:57:14.314+0000] {processor.py:914} INFO - Processing file /home/airflow/.local/lib/python3.12/site-packages/airflow/example_dags/example_latest_only_with_trigger.py for tasks to queue
[2024-10-04T09:57:14.314+0000] {logging_mixin.py:190} INFO - [2024-10-04T09:57:14.314+0000] {dagbag.py:588} INFO - Filling up the DagBag from /home/airflow/.local/lib/python3.12/site-packages/airflow/example_dags/example_latest_only_with_trigger.py
[2024-10-04T09:57:14.318+0000] {processor.py:925} INFO - DAG(s) 'latest_only_with_trigger' retrieved from /home/airflow/.local/lib/python3.12/site-packages/airflow/example_dags/example_latest_only_with_trigger.py
[2024-10-04T09:57:14.332+0000] {logging_mixin.py:190} INFO - [2024-10-04T09:57:14.332+0000] {dag.py:3239} INFO - Sync 1 DAGs
[2024-10-04T09:57:14.346+0000] {logging_mixin.py:190} INFO - [2024-10-04T09:57:14.346+0000] {dag.py:4180} INFO - Setting next_dagrun for latest_only_with_trigger to 2024-10-04 04:00:00+00:00, run_after=2024-10-04 08:00:00+00:00
[2024-10-04T09:57:14.357+0000] {processor.py:208} INFO - Processing /home/airflow/.local/lib/python3.12/site-packages/airflow/example_dags/example_latest_only_with_trigger.py took 0.047 seconds
[2024-10-04T09:57:44.709+0000] {processor.py:186} INFO - Started process (PID=260) to work on /home/airflow/.local/lib/python3.12/site-packages/airflow/example_dags/example_latest_only_with_trigger.py
[2024-10-04T09:57:44.710+0000] {processor.py:914} INFO - Processing file /home/airflow/.local/lib/python3.12/site-packages/airflow/example_dags/example_latest_only_with_trigger.py for tasks to queue
[2024-10-04T09:57:44.710+0000] {logging_mixin.py:190} INFO - [2024-10-04T09:57:44.710+0000] {dagbag.py:588} INFO - Filling up the DagBag from /home/airflow/.local/lib/python3.12/site-packages/airflow/example_dags/example_latest_only_with_trigger.py
[2024-10-04T09:57:44.714+0000] {processor.py:925} INFO - DAG(s) 'latest_only_with_trigger' retrieved from /home/airflow/.local/lib/python3.12/site-packages/airflow/example_dags/example_latest_only_with_trigger.py
[2024-10-04T09:57:44.729+0000] {logging_mixin.py:190} INFO - [2024-10-04T09:57:44.729+0000] {dag.py:3239} INFO - Sync 1 DAGs
[2024-10-04T09:57:44.746+0000] {logging_mixin.py:190} INFO - [2024-10-04T09:57:44.746+0000] {dag.py:4180} INFO - Setting next_dagrun for latest_only_with_trigger to 2024-10-04 04:00:00+00:00, run_after=2024-10-04 08:00:00+00:00
[2024-10-04T09:57:44.760+0000] {processor.py:208} INFO - Processing /home/airflow/.local/lib/python3.12/site-packages/airflow/example_dags/example_latest_only_with_trigger.py took 0.053 seconds
[2024-10-04T09:58:15.258+0000] {processor.py:186} INFO - Started process (PID=333) to work on /home/airflow/.local/lib/python3.12/site-packages/airflow/example_dags/example_latest_only_with_trigger.py
[2024-10-04T09:58:15.259+0000] {processor.py:914} INFO - Processing file /home/airflow/.local/lib/python3.12/site-packages/airflow/example_dags/example_latest_only_with_trigger.py for tasks to queue
[2024-10-04T09:58:15.260+0000] {logging_mixin.py:190} INFO - [2024-10-04T09:58:15.260+0000] {dagbag.py:588} INFO - Filling up the DagBag from /home/airflow/.local/lib/python3.12/site-packages/airflow/example_dags/example_latest_only_with_trigger.py
[2024-10-04T09:58:15.263+0000] {processor.py:925} INFO - DAG(s) 'latest_only_with_trigger' retrieved from /home/airflow/.local/lib/python3.12/site-packages/airflow/example_dags/example_latest_only_with_trigger.py
[2024-10-04T09:58:15.277+0000] {logging_mixin.py:190} INFO - [2024-10-04T09:58:15.277+0000] {dag.py:3239} INFO - Sync 1 DAGs
[2024-10-04T09:58:15.292+0000] {logging_mixin.py:190} INFO - [2024-10-04T09:58:15.292+0000] {dag.py:4180} INFO - Setting next_dagrun for latest_only_with_trigger to 2024-10-04 04:00:00+00:00, run_after=2024-10-04 08:00:00+00:00
[2024-10-04T09:58:15.306+0000] {processor.py:208} INFO - Processing /home/airflow/.local/lib/python3.12/site-packages/airflow/example_dags/example_latest_only_with_trigger.py took 0.051 seconds
