[2024-10-04T09:46:54.454+0000] {processor.py:186} INFO - Started process (PID=52) to work on /home/airflow/.local/lib/python3.12/site-packages/airflow/example_dags/tutorial.py
[2024-10-04T09:46:54.454+0000] {processor.py:914} INFO - Processing file /home/airflow/.local/lib/python3.12/site-packages/airflow/example_dags/tutorial.py for tasks to queue
[2024-10-04T09:46:54.456+0000] {logging_mixin.py:190} INFO - [2024-10-04T09:46:54.456+0000] {dagbag.py:588} INFO - Filling up the DagBag from /home/airflow/.local/lib/python3.12/site-packages/airflow/example_dags/tutorial.py
[2024-10-04T09:46:54.460+0000] {processor.py:925} INFO - DAG(s) 'tutorial' retrieved from /home/airflow/.local/lib/python3.12/site-packages/airflow/example_dags/tutorial.py
[2024-10-04T09:46:54.476+0000] {logging_mixin.py:190} INFO - [2024-10-04T09:46:54.476+0000] {dag.py:3239} INFO - Sync 1 DAGs
[2024-10-04T09:46:54.496+0000] {logging_mixin.py:190} INFO - [2024-10-04T09:46:54.496+0000] {dag.py:4180} INFO - Setting next_dagrun for tutorial to 2024-10-03 00:00:00+00:00, run_after=2024-10-04 00:00:00+00:00
[2024-10-04T09:46:54.511+0000] {processor.py:208} INFO - Processing /home/airflow/.local/lib/python3.12/site-packages/airflow/example_dags/tutorial.py took 0.061 seconds
[2024-10-04T09:47:25.280+0000] {processor.py:186} INFO - Started process (PID=128) to work on /home/airflow/.local/lib/python3.12/site-packages/airflow/example_dags/tutorial.py
[2024-10-04T09:47:25.280+0000] {processor.py:914} INFO - Processing file /home/airflow/.local/lib/python3.12/site-packages/airflow/example_dags/tutorial.py for tasks to queue
[2024-10-04T09:47:25.282+0000] {logging_mixin.py:190} INFO - [2024-10-04T09:47:25.281+0000] {dagbag.py:588} INFO - Filling up the DagBag from /home/airflow/.local/lib/python3.12/site-packages/airflow/example_dags/tutorial.py
[2024-10-04T09:47:25.284+0000] {processor.py:925} INFO - DAG(s) 'tutorial' retrieved from /home/airflow/.local/lib/python3.12/site-packages/airflow/example_dags/tutorial.py
[2024-10-04T09:47:25.298+0000] {logging_mixin.py:190} INFO - [2024-10-04T09:47:25.297+0000] {dag.py:3239} INFO - Sync 1 DAGs
[2024-10-04T09:47:25.313+0000] {logging_mixin.py:190} INFO - [2024-10-04T09:47:25.313+0000] {dag.py:4180} INFO - Setting next_dagrun for tutorial to 2024-10-03 00:00:00+00:00, run_after=2024-10-04 00:00:00+00:00
[2024-10-04T09:47:25.327+0000] {processor.py:208} INFO - Processing /home/airflow/.local/lib/python3.12/site-packages/airflow/example_dags/tutorial.py took 0.051 seconds
[2024-10-04T09:47:56.101+0000] {processor.py:186} INFO - Started process (PID=195) to work on /home/airflow/.local/lib/python3.12/site-packages/airflow/example_dags/tutorial.py
[2024-10-04T09:47:56.101+0000] {processor.py:914} INFO - Processing file /home/airflow/.local/lib/python3.12/site-packages/airflow/example_dags/tutorial.py for tasks to queue
[2024-10-04T09:47:56.102+0000] {logging_mixin.py:190} INFO - [2024-10-04T09:47:56.102+0000] {dagbag.py:588} INFO - Filling up the DagBag from /home/airflow/.local/lib/python3.12/site-packages/airflow/example_dags/tutorial.py
[2024-10-04T09:47:56.105+0000] {processor.py:925} INFO - DAG(s) 'tutorial' retrieved from /home/airflow/.local/lib/python3.12/site-packages/airflow/example_dags/tutorial.py
[2024-10-04T09:47:56.126+0000] {logging_mixin.py:190} INFO - [2024-10-04T09:47:56.126+0000] {dag.py:3239} INFO - Sync 1 DAGs
[2024-10-04T09:47:56.144+0000] {logging_mixin.py:190} INFO - [2024-10-04T09:47:56.144+0000] {dag.py:4180} INFO - Setting next_dagrun for tutorial to 2024-10-03 00:00:00+00:00, run_after=2024-10-04 00:00:00+00:00
[2024-10-04T09:47:56.155+0000] {processor.py:208} INFO - Processing /home/airflow/.local/lib/python3.12/site-packages/airflow/example_dags/tutorial.py took 0.057 seconds
[2024-10-04T09:48:26.791+0000] {processor.py:186} INFO - Started process (PID=262) to work on /home/airflow/.local/lib/python3.12/site-packages/airflow/example_dags/tutorial.py
[2024-10-04T09:48:26.792+0000] {processor.py:914} INFO - Processing file /home/airflow/.local/lib/python3.12/site-packages/airflow/example_dags/tutorial.py for tasks to queue
[2024-10-04T09:48:26.793+0000] {logging_mixin.py:190} INFO - [2024-10-04T09:48:26.793+0000] {dagbag.py:588} INFO - Filling up the DagBag from /home/airflow/.local/lib/python3.12/site-packages/airflow/example_dags/tutorial.py
[2024-10-04T09:48:26.796+0000] {processor.py:925} INFO - DAG(s) 'tutorial' retrieved from /home/airflow/.local/lib/python3.12/site-packages/airflow/example_dags/tutorial.py
[2024-10-04T09:48:26.808+0000] {logging_mixin.py:190} INFO - [2024-10-04T09:48:26.808+0000] {dag.py:3239} INFO - Sync 1 DAGs
[2024-10-04T09:48:26.822+0000] {logging_mixin.py:190} INFO - [2024-10-04T09:48:26.822+0000] {dag.py:4180} INFO - Setting next_dagrun for tutorial to 2024-10-03 00:00:00+00:00, run_after=2024-10-04 00:00:00+00:00
[2024-10-04T09:48:26.834+0000] {processor.py:208} INFO - Processing /home/airflow/.local/lib/python3.12/site-packages/airflow/example_dags/tutorial.py took 0.046 seconds
[2024-10-04T09:48:57.296+0000] {processor.py:186} INFO - Started process (PID=329) to work on /home/airflow/.local/lib/python3.12/site-packages/airflow/example_dags/tutorial.py
[2024-10-04T09:48:57.297+0000] {processor.py:914} INFO - Processing file /home/airflow/.local/lib/python3.12/site-packages/airflow/example_dags/tutorial.py for tasks to queue
[2024-10-04T09:48:57.298+0000] {logging_mixin.py:190} INFO - [2024-10-04T09:48:57.298+0000] {dagbag.py:588} INFO - Filling up the DagBag from /home/airflow/.local/lib/python3.12/site-packages/airflow/example_dags/tutorial.py
[2024-10-04T09:48:57.301+0000] {processor.py:925} INFO - DAG(s) 'tutorial' retrieved from /home/airflow/.local/lib/python3.12/site-packages/airflow/example_dags/tutorial.py
[2024-10-04T09:48:57.314+0000] {logging_mixin.py:190} INFO - [2024-10-04T09:48:57.314+0000] {dag.py:3239} INFO - Sync 1 DAGs
[2024-10-04T09:48:57.334+0000] {logging_mixin.py:190} INFO - [2024-10-04T09:48:57.334+0000] {dag.py:4180} INFO - Setting next_dagrun for tutorial to 2024-10-03 00:00:00+00:00, run_after=2024-10-04 00:00:00+00:00
[2024-10-04T09:48:57.345+0000] {processor.py:208} INFO - Processing /home/airflow/.local/lib/python3.12/site-packages/airflow/example_dags/tutorial.py took 0.052 seconds
[2024-10-04T09:49:27.868+0000] {processor.py:186} INFO - Started process (PID=402) to work on /home/airflow/.local/lib/python3.12/site-packages/airflow/example_dags/tutorial.py
[2024-10-04T09:49:27.871+0000] {processor.py:914} INFO - Processing file /home/airflow/.local/lib/python3.12/site-packages/airflow/example_dags/tutorial.py for tasks to queue
[2024-10-04T09:49:27.872+0000] {logging_mixin.py:190} INFO - [2024-10-04T09:49:27.872+0000] {dagbag.py:588} INFO - Filling up the DagBag from /home/airflow/.local/lib/python3.12/site-packages/airflow/example_dags/tutorial.py
[2024-10-04T09:49:27.877+0000] {processor.py:925} INFO - DAG(s) 'tutorial' retrieved from /home/airflow/.local/lib/python3.12/site-packages/airflow/example_dags/tutorial.py
[2024-10-04T09:49:27.888+0000] {logging_mixin.py:190} INFO - [2024-10-04T09:49:27.888+0000] {dag.py:3239} INFO - Sync 1 DAGs
[2024-10-04T09:49:27.902+0000] {logging_mixin.py:190} INFO - [2024-10-04T09:49:27.902+0000] {dag.py:4180} INFO - Setting next_dagrun for tutorial to 2024-10-03 00:00:00+00:00, run_after=2024-10-04 00:00:00+00:00
[2024-10-04T09:49:27.913+0000] {processor.py:208} INFO - Processing /home/airflow/.local/lib/python3.12/site-packages/airflow/example_dags/tutorial.py took 0.048 seconds
[2024-10-04T09:49:58.342+0000] {processor.py:186} INFO - Started process (PID=469) to work on /home/airflow/.local/lib/python3.12/site-packages/airflow/example_dags/tutorial.py
[2024-10-04T09:49:58.343+0000] {processor.py:914} INFO - Processing file /home/airflow/.local/lib/python3.12/site-packages/airflow/example_dags/tutorial.py for tasks to queue
[2024-10-04T09:49:58.344+0000] {logging_mixin.py:190} INFO - [2024-10-04T09:49:58.344+0000] {dagbag.py:588} INFO - Filling up the DagBag from /home/airflow/.local/lib/python3.12/site-packages/airflow/example_dags/tutorial.py
[2024-10-04T09:49:58.348+0000] {processor.py:925} INFO - DAG(s) 'tutorial' retrieved from /home/airflow/.local/lib/python3.12/site-packages/airflow/example_dags/tutorial.py
[2024-10-04T09:49:58.361+0000] {logging_mixin.py:190} INFO - [2024-10-04T09:49:58.361+0000] {dag.py:3239} INFO - Sync 1 DAGs
[2024-10-04T09:49:58.374+0000] {logging_mixin.py:190} INFO - [2024-10-04T09:49:58.374+0000] {dag.py:4180} INFO - Setting next_dagrun for tutorial to 2024-10-03 00:00:00+00:00, run_after=2024-10-04 00:00:00+00:00
[2024-10-04T09:49:58.384+0000] {processor.py:208} INFO - Processing /home/airflow/.local/lib/python3.12/site-packages/airflow/example_dags/tutorial.py took 0.045 seconds
[2024-10-04T09:50:28.737+0000] {processor.py:186} INFO - Started process (PID=536) to work on /home/airflow/.local/lib/python3.12/site-packages/airflow/example_dags/tutorial.py
[2024-10-04T09:50:28.737+0000] {processor.py:914} INFO - Processing file /home/airflow/.local/lib/python3.12/site-packages/airflow/example_dags/tutorial.py for tasks to queue
[2024-10-04T09:50:28.739+0000] {logging_mixin.py:190} INFO - [2024-10-04T09:50:28.739+0000] {dagbag.py:588} INFO - Filling up the DagBag from /home/airflow/.local/lib/python3.12/site-packages/airflow/example_dags/tutorial.py
[2024-10-04T09:50:28.742+0000] {processor.py:925} INFO - DAG(s) 'tutorial' retrieved from /home/airflow/.local/lib/python3.12/site-packages/airflow/example_dags/tutorial.py
[2024-10-04T09:50:28.758+0000] {logging_mixin.py:190} INFO - [2024-10-04T09:50:28.758+0000] {dag.py:3239} INFO - Sync 1 DAGs
[2024-10-04T09:50:28.779+0000] {logging_mixin.py:190} INFO - [2024-10-04T09:50:28.778+0000] {dag.py:4180} INFO - Setting next_dagrun for tutorial to 2024-10-03 00:00:00+00:00, run_after=2024-10-04 00:00:00+00:00
[2024-10-04T09:50:28.793+0000] {processor.py:208} INFO - Processing /home/airflow/.local/lib/python3.12/site-packages/airflow/example_dags/tutorial.py took 0.059 seconds
[2024-10-04T09:50:59.193+0000] {processor.py:186} INFO - Started process (PID=603) to work on /home/airflow/.local/lib/python3.12/site-packages/airflow/example_dags/tutorial.py
[2024-10-04T09:50:59.193+0000] {processor.py:914} INFO - Processing file /home/airflow/.local/lib/python3.12/site-packages/airflow/example_dags/tutorial.py for tasks to queue
[2024-10-04T09:50:59.195+0000] {logging_mixin.py:190} INFO - [2024-10-04T09:50:59.194+0000] {dagbag.py:588} INFO - Filling up the DagBag from /home/airflow/.local/lib/python3.12/site-packages/airflow/example_dags/tutorial.py
[2024-10-04T09:50:59.198+0000] {processor.py:925} INFO - DAG(s) 'tutorial' retrieved from /home/airflow/.local/lib/python3.12/site-packages/airflow/example_dags/tutorial.py
[2024-10-04T09:50:59.214+0000] {logging_mixin.py:190} INFO - [2024-10-04T09:50:59.214+0000] {dag.py:3239} INFO - Sync 1 DAGs
[2024-10-04T09:50:59.230+0000] {logging_mixin.py:190} INFO - [2024-10-04T09:50:59.230+0000] {dag.py:4180} INFO - Setting next_dagrun for tutorial to 2024-10-03 00:00:00+00:00, run_after=2024-10-04 00:00:00+00:00
[2024-10-04T09:50:59.248+0000] {processor.py:208} INFO - Processing /home/airflow/.local/lib/python3.12/site-packages/airflow/example_dags/tutorial.py took 0.059 seconds
[2024-10-04T09:51:29.933+0000] {processor.py:186} INFO - Started process (PID=670) to work on /home/airflow/.local/lib/python3.12/site-packages/airflow/example_dags/tutorial.py
[2024-10-04T09:51:29.934+0000] {processor.py:914} INFO - Processing file /home/airflow/.local/lib/python3.12/site-packages/airflow/example_dags/tutorial.py for tasks to queue
[2024-10-04T09:51:29.935+0000] {logging_mixin.py:190} INFO - [2024-10-04T09:51:29.935+0000] {dagbag.py:588} INFO - Filling up the DagBag from /home/airflow/.local/lib/python3.12/site-packages/airflow/example_dags/tutorial.py
[2024-10-04T09:51:29.939+0000] {processor.py:925} INFO - DAG(s) 'tutorial' retrieved from /home/airflow/.local/lib/python3.12/site-packages/airflow/example_dags/tutorial.py
[2024-10-04T09:51:29.952+0000] {logging_mixin.py:190} INFO - [2024-10-04T09:51:29.952+0000] {dag.py:3239} INFO - Sync 1 DAGs
[2024-10-04T09:51:29.967+0000] {logging_mixin.py:190} INFO - [2024-10-04T09:51:29.967+0000] {dag.py:4180} INFO - Setting next_dagrun for tutorial to 2024-10-03 00:00:00+00:00, run_after=2024-10-04 00:00:00+00:00
[2024-10-04T09:51:29.977+0000] {processor.py:208} INFO - Processing /home/airflow/.local/lib/python3.12/site-packages/airflow/example_dags/tutorial.py took 0.047 seconds
[2024-10-04T09:52:00.349+0000] {processor.py:186} INFO - Started process (PID=737) to work on /home/airflow/.local/lib/python3.12/site-packages/airflow/example_dags/tutorial.py
[2024-10-04T09:52:00.350+0000] {processor.py:914} INFO - Processing file /home/airflow/.local/lib/python3.12/site-packages/airflow/example_dags/tutorial.py for tasks to queue
[2024-10-04T09:52:00.351+0000] {logging_mixin.py:190} INFO - [2024-10-04T09:52:00.351+0000] {dagbag.py:588} INFO - Filling up the DagBag from /home/airflow/.local/lib/python3.12/site-packages/airflow/example_dags/tutorial.py
[2024-10-04T09:52:00.355+0000] {processor.py:925} INFO - DAG(s) 'tutorial' retrieved from /home/airflow/.local/lib/python3.12/site-packages/airflow/example_dags/tutorial.py
[2024-10-04T09:52:00.368+0000] {logging_mixin.py:190} INFO - [2024-10-04T09:52:00.368+0000] {dag.py:3239} INFO - Sync 1 DAGs
[2024-10-04T09:52:00.385+0000] {logging_mixin.py:190} INFO - [2024-10-04T09:52:00.385+0000] {dag.py:4180} INFO - Setting next_dagrun for tutorial to 2024-10-03 00:00:00+00:00, run_after=2024-10-04 00:00:00+00:00
[2024-10-04T09:52:00.400+0000] {processor.py:208} INFO - Processing /home/airflow/.local/lib/python3.12/site-packages/airflow/example_dags/tutorial.py took 0.054 seconds
[2024-10-04T09:56:12.224+0000] {processor.py:186} INFO - Started process (PID=51) to work on /home/airflow/.local/lib/python3.12/site-packages/airflow/example_dags/tutorial.py
[2024-10-04T09:56:12.224+0000] {processor.py:914} INFO - Processing file /home/airflow/.local/lib/python3.12/site-packages/airflow/example_dags/tutorial.py for tasks to queue
[2024-10-04T09:56:12.225+0000] {logging_mixin.py:190} INFO - [2024-10-04T09:56:12.225+0000] {dagbag.py:588} INFO - Filling up the DagBag from /home/airflow/.local/lib/python3.12/site-packages/airflow/example_dags/tutorial.py
[2024-10-04T09:56:12.229+0000] {processor.py:925} INFO - DAG(s) 'tutorial' retrieved from /home/airflow/.local/lib/python3.12/site-packages/airflow/example_dags/tutorial.py
[2024-10-04T09:56:12.245+0000] {logging_mixin.py:190} INFO - [2024-10-04T09:56:12.245+0000] {dag.py:3239} INFO - Sync 1 DAGs
[2024-10-04T09:56:12.265+0000] {logging_mixin.py:190} INFO - [2024-10-04T09:56:12.264+0000] {dag.py:4180} INFO - Setting next_dagrun for tutorial to 2024-10-03 00:00:00+00:00, run_after=2024-10-04 00:00:00+00:00
[2024-10-04T09:56:12.278+0000] {processor.py:208} INFO - Processing /home/airflow/.local/lib/python3.12/site-packages/airflow/example_dags/tutorial.py took 0.057 seconds
[2024-10-04T09:56:42.353+0000] {processor.py:186} INFO - Started process (PID=118) to work on /home/airflow/.local/lib/python3.12/site-packages/airflow/example_dags/tutorial.py
[2024-10-04T09:56:42.353+0000] {processor.py:914} INFO - Processing file /home/airflow/.local/lib/python3.12/site-packages/airflow/example_dags/tutorial.py for tasks to queue
[2024-10-04T09:56:42.354+0000] {logging_mixin.py:190} INFO - [2024-10-04T09:56:42.354+0000] {dagbag.py:588} INFO - Filling up the DagBag from /home/airflow/.local/lib/python3.12/site-packages/airflow/example_dags/tutorial.py
[2024-10-04T09:56:42.357+0000] {processor.py:925} INFO - DAG(s) 'tutorial' retrieved from /home/airflow/.local/lib/python3.12/site-packages/airflow/example_dags/tutorial.py
[2024-10-04T09:56:42.371+0000] {logging_mixin.py:190} INFO - [2024-10-04T09:56:42.370+0000] {dag.py:3239} INFO - Sync 1 DAGs
[2024-10-04T09:56:42.385+0000] {logging_mixin.py:190} INFO - [2024-10-04T09:56:42.385+0000] {dag.py:4180} INFO - Setting next_dagrun for tutorial to 2024-10-03 00:00:00+00:00, run_after=2024-10-04 00:00:00+00:00
[2024-10-04T09:56:42.396+0000] {processor.py:208} INFO - Processing /home/airflow/.local/lib/python3.12/site-packages/airflow/example_dags/tutorial.py took 0.046 seconds
[2024-10-04T09:57:13.033+0000] {processor.py:186} INFO - Started process (PID=185) to work on /home/airflow/.local/lib/python3.12/site-packages/airflow/example_dags/tutorial.py
[2024-10-04T09:57:13.033+0000] {processor.py:914} INFO - Processing file /home/airflow/.local/lib/python3.12/site-packages/airflow/example_dags/tutorial.py for tasks to queue
[2024-10-04T09:57:13.034+0000] {logging_mixin.py:190} INFO - [2024-10-04T09:57:13.034+0000] {dagbag.py:588} INFO - Filling up the DagBag from /home/airflow/.local/lib/python3.12/site-packages/airflow/example_dags/tutorial.py
[2024-10-04T09:57:13.038+0000] {processor.py:925} INFO - DAG(s) 'tutorial' retrieved from /home/airflow/.local/lib/python3.12/site-packages/airflow/example_dags/tutorial.py
[2024-10-04T09:57:13.051+0000] {logging_mixin.py:190} INFO - [2024-10-04T09:57:13.051+0000] {dag.py:3239} INFO - Sync 1 DAGs
[2024-10-04T09:57:13.066+0000] {logging_mixin.py:190} INFO - [2024-10-04T09:57:13.066+0000] {dag.py:4180} INFO - Setting next_dagrun for tutorial to 2024-10-03 00:00:00+00:00, run_after=2024-10-04 00:00:00+00:00
[2024-10-04T09:57:13.077+0000] {processor.py:208} INFO - Processing /home/airflow/.local/lib/python3.12/site-packages/airflow/example_dags/tutorial.py took 0.047 seconds
[2024-10-04T09:57:43.406+0000] {processor.py:186} INFO - Started process (PID=252) to work on /home/airflow/.local/lib/python3.12/site-packages/airflow/example_dags/tutorial.py
[2024-10-04T09:57:43.407+0000] {processor.py:914} INFO - Processing file /home/airflow/.local/lib/python3.12/site-packages/airflow/example_dags/tutorial.py for tasks to queue
[2024-10-04T09:57:43.408+0000] {logging_mixin.py:190} INFO - [2024-10-04T09:57:43.408+0000] {dagbag.py:588} INFO - Filling up the DagBag from /home/airflow/.local/lib/python3.12/site-packages/airflow/example_dags/tutorial.py
[2024-10-04T09:57:43.412+0000] {processor.py:925} INFO - DAG(s) 'tutorial' retrieved from /home/airflow/.local/lib/python3.12/site-packages/airflow/example_dags/tutorial.py
[2024-10-04T09:57:43.426+0000] {logging_mixin.py:190} INFO - [2024-10-04T09:57:43.426+0000] {dag.py:3239} INFO - Sync 1 DAGs
[2024-10-04T09:57:43.442+0000] {logging_mixin.py:190} INFO - [2024-10-04T09:57:43.441+0000] {dag.py:4180} INFO - Setting next_dagrun for tutorial to 2024-10-03 00:00:00+00:00, run_after=2024-10-04 00:00:00+00:00
[2024-10-04T09:57:43.454+0000] {processor.py:208} INFO - Processing /home/airflow/.local/lib/python3.12/site-packages/airflow/example_dags/tutorial.py took 0.051 seconds
[2024-10-04T09:58:13.997+0000] {processor.py:186} INFO - Started process (PID=319) to work on /home/airflow/.local/lib/python3.12/site-packages/airflow/example_dags/tutorial.py
[2024-10-04T09:58:13.997+0000] {processor.py:914} INFO - Processing file /home/airflow/.local/lib/python3.12/site-packages/airflow/example_dags/tutorial.py for tasks to queue
[2024-10-04T09:58:13.998+0000] {logging_mixin.py:190} INFO - [2024-10-04T09:58:13.998+0000] {dagbag.py:588} INFO - Filling up the DagBag from /home/airflow/.local/lib/python3.12/site-packages/airflow/example_dags/tutorial.py
[2024-10-04T09:58:14.002+0000] {processor.py:925} INFO - DAG(s) 'tutorial' retrieved from /home/airflow/.local/lib/python3.12/site-packages/airflow/example_dags/tutorial.py
[2024-10-04T09:58:14.016+0000] {logging_mixin.py:190} INFO - [2024-10-04T09:58:14.016+0000] {dag.py:3239} INFO - Sync 1 DAGs
[2024-10-04T09:58:14.033+0000] {logging_mixin.py:190} INFO - [2024-10-04T09:58:14.033+0000] {dag.py:4180} INFO - Setting next_dagrun for tutorial to 2024-10-03 00:00:00+00:00, run_after=2024-10-04 00:00:00+00:00
[2024-10-04T09:58:14.044+0000] {processor.py:208} INFO - Processing /home/airflow/.local/lib/python3.12/site-packages/airflow/example_dags/tutorial.py took 0.050 seconds
