[2024-10-01T08:53:11.655+0000] {local_task_job_runner.py:123} INFO - ::group::Pre task execution logs
[2024-10-01T08:53:11.891+0000] {taskinstance.py:2612} INFO - Dependencies all met for dep_context=non-requeueable deps ti=<TaskInstance: dag_id_1.get_current_user manual__2024-10-01T08:52:51.733395+00:00 [queued]>
[2024-10-01T08:53:11.942+0000] {taskinstance.py:2612} INFO - Dependencies all met for dep_context=requeueable deps ti=<TaskInstance: dag_id_1.get_current_user manual__2024-10-01T08:52:51.733395+00:00 [queued]>
[2024-10-01T08:53:11.948+0000] {taskinstance.py:2865} INFO - Starting attempt 1 of 1
[2024-10-01T08:53:11.993+0000] {taskinstance.py:2888} INFO - Executing <Task(BashOperator): get_current_user> on 2024-10-01 08:52:51.733395+00:00
[2024-10-01T08:53:12.033+0000] {standard_task_runner.py:104} INFO - Running: ['airflow', 'tasks', 'run', 'dag_id_1', 'get_current_user', 'manual__2024-10-01T08:52:51.733395+00:00', '--job-id', '164', '--raw', '--subdir', 'DAGS_FOLDER/dag_id_1.py', '--cfg-path', '/tmp/tmp24tgucxk']
[2024-10-01T08:53:12.043+0000] {standard_task_runner.py:105} INFO - Job 164: Subtask get_current_user
[2024-10-01T08:53:12.031+0000] {warnings.py:112} WARNING - /home/airflow/.local/lib/python3.12/site-packages/airflow/task/task_runner/standard_task_runner.py:70: DeprecationWarning: This process (pid=1496) is multi-threaded, use of fork() may lead to deadlocks in the child.
  pid = os.fork()

[2024-10-01T08:53:12.047+0000] {standard_task_runner.py:72} INFO - Started process 1524 to run task
[2024-10-01T08:53:12.597+0000] {task_command.py:467} INFO - Running <TaskInstance: dag_id_1.get_current_user manual__2024-10-01T08:52:51.733395+00:00 [running]> on host 7a112cbb4731
[2024-10-01T08:53:12.978+0000] {taskinstance.py:3131} INFO - Exporting env vars: AIRFLOW_CTX_DAG_OWNER='airflow' AIRFLOW_CTX_DAG_ID='dag_id_1' AIRFLOW_CTX_TASK_ID='get_current_user' AIRFLOW_CTX_EXECUTION_DATE='2024-10-01T08:52:51.733395+00:00' AIRFLOW_CTX_TRY_NUMBER='1' AIRFLOW_CTX_DAG_RUN_ID='manual__2024-10-01T08:52:51.733395+00:00'
[2024-10-01T08:53:12.980+0000] {logging_mixin.py:190} INFO - Task instance is in running state
[2024-10-01T08:53:12.980+0000] {logging_mixin.py:190} INFO -  Previous state of the Task instance: queued
[2024-10-01T08:53:12.981+0000] {logging_mixin.py:190} INFO - Current task name:get_current_user state:running start_date:2024-10-01 08:53:11.896126+00:00
[2024-10-01T08:53:12.982+0000] {logging_mixin.py:190} INFO - Dag name:dag_id_1 and current dag run status:running
[2024-10-01T08:53:12.983+0000] {taskinstance.py:731} INFO - ::endgroup::
[2024-10-01T08:53:12.985+0000] {subprocess.py:63} INFO - Tmp dir root location: /tmp
[2024-10-01T08:53:12.993+0000] {subprocess.py:75} INFO - Running command: ['/usr/bin/bash', '-c', 'whoami']
[2024-10-01T08:53:13.047+0000] {subprocess.py:86} INFO - Output:
[2024-10-01T08:53:13.065+0000] {subprocess.py:93} INFO - default
[2024-10-01T08:53:13.070+0000] {subprocess.py:97} INFO - Command exited with return code 0
[2024-10-01T08:53:13.236+0000] {taskinstance.py:340} INFO - ::group::Post task execution logs
[2024-10-01T08:53:13.238+0000] {taskinstance.py:352} INFO - Marking task as SUCCESS. dag_id=dag_id_1, task_id=get_current_user, run_id=manual__2024-10-01T08:52:51.733395+00:00, execution_date=20241001T085251, start_date=20241001T085311, end_date=20241001T085313
[2024-10-01T08:53:13.277+0000] {logging_mixin.py:190} INFO - Task instance in success state
[2024-10-01T08:53:13.287+0000] {logging_mixin.py:190} INFO -  Previous state of the Task instance: running
[2024-10-01T08:53:13.294+0000] {logging_mixin.py:190} INFO - Dag name:dag_id_1 queued_at:2024-10-01 08:52:51.888807+00:00
[2024-10-01T08:53:13.299+0000] {logging_mixin.py:190} INFO - Task hostname:7a112cbb4731 operator:BashOperator
[2024-10-01T08:53:13.334+0000] {local_task_job_runner.py:266} INFO - Task exited with return code 0
[2024-10-01T08:53:13.430+0000] {taskinstance.py:3900} INFO - 1 downstream tasks scheduled from follow-on schedule check
[2024-10-01T08:53:13.441+0000] {local_task_job_runner.py:245} INFO - ::endgroup::
