[2024-10-01T08:06:28.743+0000] {local_task_job_runner.py:123} INFO - ::group::Pre task execution logs
[2024-10-01T08:06:28.786+0000] {taskinstance.py:2612} INFO - Dependencies all met for dep_context=non-requeueable deps ti=<TaskInstance: dag_id_1.log_database_connection scheduled__2024-09-23T00:00:00+00:00 [queued]>
[2024-10-01T08:06:28.799+0000] {taskinstance.py:2612} INFO - Dependencies all met for dep_context=requeueable deps ti=<TaskInstance: dag_id_1.log_database_connection scheduled__2024-09-23T00:00:00+00:00 [queued]>
[2024-10-01T08:06:28.800+0000] {taskinstance.py:2865} INFO - Starting attempt 1 of 1
[2024-10-01T08:06:28.812+0000] {taskinstance.py:2888} INFO - Executing <Task(PythonOperator): log_database_connection> on 2024-09-23 00:00:00+00:00
[2024-10-01T08:06:28.820+0000] {warnings.py:112} WARNING - /home/airflow/.local/lib/python3.12/site-packages/airflow/task/task_runner/standard_task_runner.py:70: DeprecationWarning: This process (pid=422) is multi-threaded, use of fork() may lead to deadlocks in the child.
  pid = os.fork()

[2024-10-01T08:06:28.824+0000] {standard_task_runner.py:72} INFO - Started process 444 to run task
[2024-10-01T08:06:28.827+0000] {standard_task_runner.py:104} INFO - Running: ['airflow', 'tasks', 'run', 'dag_id_1', 'log_database_connection', 'scheduled__2024-09-23T00:00:00+00:00', '--job-id', '56', '--raw', '--subdir', 'DAGS_FOLDER/dag_id_1.py', '--cfg-path', '/tmp/tmp3dkpebwd']
[2024-10-01T08:06:28.829+0000] {standard_task_runner.py:105} INFO - Job 56: Subtask log_database_connection
[2024-10-01T08:06:28.954+0000] {task_command.py:467} INFO - Running <TaskInstance: dag_id_1.log_database_connection scheduled__2024-09-23T00:00:00+00:00 [running]> on host 7a112cbb4731
[2024-10-01T08:06:29.143+0000] {taskinstance.py:3131} INFO - Exporting env vars: AIRFLOW_CTX_DAG_OWNER='airflow' AIRFLOW_CTX_DAG_ID='dag_id_1' AIRFLOW_CTX_TASK_ID='log_database_connection' AIRFLOW_CTX_EXECUTION_DATE='2024-09-23T00:00:00+00:00' AIRFLOW_CTX_TRY_NUMBER='1' AIRFLOW_CTX_DAG_RUN_ID='scheduled__2024-09-23T00:00:00+00:00'
[2024-10-01T08:06:29.149+0000] {logging_mixin.py:190} INFO - Task instance is in running state
[2024-10-01T08:06:29.151+0000] {logging_mixin.py:190} INFO -  Previous state of the Task instance: queued
[2024-10-01T08:06:29.155+0000] {logging_mixin.py:190} INFO - Current task name:log_database_connection state:running start_date:2024-10-01 08:06:28.788205+00:00
[2024-10-01T08:06:29.156+0000] {logging_mixin.py:190} INFO - Dag name:dag_id_1 and current dag run status:running
[2024-10-01T08:06:29.157+0000] {taskinstance.py:731} INFO - ::endgroup::
[2024-10-01T08:06:29.158+0000] {jobs_dag.py:28} INFO - dag_id_1 started processing tables in database: airflow
[2024-10-01T08:06:29.159+0000] {python.py:240} INFO - Done. Returned value was: None
[2024-10-01T08:06:29.204+0000] {taskinstance.py:340} INFO - ::group::Post task execution logs
[2024-10-01T08:06:29.209+0000] {taskinstance.py:352} INFO - Marking task as SUCCESS. dag_id=dag_id_1, task_id=log_database_connection, run_id=scheduled__2024-09-23T00:00:00+00:00, execution_date=20240923T000000, start_date=20241001T080628, end_date=20241001T080629
[2024-10-01T08:06:29.255+0000] {logging_mixin.py:190} INFO - Task instance in success state
[2024-10-01T08:06:29.257+0000] {logging_mixin.py:190} INFO -  Previous state of the Task instance: running
[2024-10-01T08:06:29.260+0000] {logging_mixin.py:190} INFO - Dag name:dag_id_1 queued_at:2024-10-01 08:06:26.687622+00:00
[2024-10-01T08:06:29.266+0000] {logging_mixin.py:190} INFO - Task hostname:7a112cbb4731 operator:PythonOperator
[2024-10-01T08:06:29.313+0000] {local_task_job_runner.py:266} INFO - Task exited with return code 0
[2024-10-01T08:06:29.380+0000] {taskinstance.py:3900} INFO - 1 downstream tasks scheduled from follow-on schedule check
[2024-10-01T08:06:29.390+0000] {local_task_job_runner.py:245} INFO - ::endgroup::
