[2024-10-01T08:52:50.020+0000] {local_task_job_runner.py:123} INFO - ::group::Pre task execution logs
[2024-10-01T08:52:50.143+0000] {taskinstance.py:2612} INFO - Dependencies all met for dep_context=non-requeueable deps ti=<TaskInstance: trigger_dag.trigger_dag scheduled__2024-09-10T00:00:00+00:00 [queued]>
[2024-10-01T08:52:50.164+0000] {taskinstance.py:2612} INFO - Dependencies all met for dep_context=requeueable deps ti=<TaskInstance: trigger_dag.trigger_dag scheduled__2024-09-10T00:00:00+00:00 [queued]>
[2024-10-01T08:52:50.165+0000] {taskinstance.py:2865} INFO - Starting attempt 1 of 1
[2024-10-01T08:52:50.240+0000] {taskinstance.py:2888} INFO - Executing <Task(TriggerDagRunOperator): trigger_dag> on 2024-09-10 00:00:00+00:00
[2024-10-01T08:52:50.252+0000] {warnings.py:112} WARNING - /home/airflow/.local/lib/python3.12/site-packages/airflow/task/task_runner/standard_task_runner.py:70: DeprecationWarning: This process (pid=1323) is multi-threaded, use of fork() may lead to deadlocks in the child.
  pid = os.fork()

[2024-10-01T08:52:50.260+0000] {standard_task_runner.py:72} INFO - Started process 1355 to run task
[2024-10-01T08:52:50.276+0000] {standard_task_runner.py:104} INFO - Running: ['airflow', 'tasks', 'run', 'trigger_dag', 'trigger_dag', 'scheduled__2024-09-10T00:00:00+00:00', '--job-id', '124', '--raw', '--subdir', 'DAGS_FOLDER/trigger_dag.py', '--cfg-path', '/tmp/tmpde5u7iva']
[2024-10-01T08:52:50.282+0000] {standard_task_runner.py:105} INFO - Job 124: Subtask trigger_dag
[2024-10-01T08:52:50.641+0000] {task_command.py:467} INFO - Running <TaskInstance: trigger_dag.trigger_dag scheduled__2024-09-10T00:00:00+00:00 [running]> on host 7a112cbb4731
[2024-10-01T08:52:51.263+0000] {taskinstance.py:3131} INFO - Exporting env vars: AIRFLOW_CTX_DAG_OWNER='airflow' AIRFLOW_CTX_DAG_ID='trigger_dag' AIRFLOW_CTX_TASK_ID='trigger_dag' AIRFLOW_CTX_EXECUTION_DATE='2024-09-10T00:00:00+00:00' AIRFLOW_CTX_TRY_NUMBER='1' AIRFLOW_CTX_DAG_RUN_ID='scheduled__2024-09-10T00:00:00+00:00'
[2024-10-01T08:52:51.279+0000] {logging_mixin.py:190} INFO - Task instance is in running state
[2024-10-01T08:52:51.288+0000] {logging_mixin.py:190} INFO -  Previous state of the Task instance: queued
[2024-10-01T08:52:51.291+0000] {logging_mixin.py:190} INFO - Current task name:trigger_dag state:running start_date:2024-10-01 08:52:50.150590+00:00
[2024-10-01T08:52:51.292+0000] {logging_mixin.py:190} INFO - Dag name:trigger_dag and current dag run status:running
[2024-10-01T08:52:51.293+0000] {taskinstance.py:731} INFO - ::endgroup::
[2024-10-01T08:52:51.928+0000] {taskinstance.py:340} INFO - ::group::Post task execution logs
[2024-10-01T08:52:51.932+0000] {taskinstance.py:352} INFO - Marking task as SUCCESS. dag_id=trigger_dag, task_id=trigger_dag, run_id=scheduled__2024-09-10T00:00:00+00:00, execution_date=20240910T000000, start_date=20241001T085250, end_date=20241001T085251
[2024-10-01T08:52:51.968+0000] {logging_mixin.py:190} INFO - Task instance in success state
[2024-10-01T08:52:51.969+0000] {logging_mixin.py:190} INFO -  Previous state of the Task instance: running
[2024-10-01T08:52:51.974+0000] {logging_mixin.py:190} INFO - Dag name:trigger_dag queued_at:2024-10-01 08:52:45.611969+00:00
[2024-10-01T08:52:51.976+0000] {logging_mixin.py:190} INFO - Task hostname:7a112cbb4731 operator:TriggerDagRunOperator
[2024-10-01T08:52:52.043+0000] {local_task_job_runner.py:266} INFO - Task exited with return code 0
[2024-10-01T08:52:52.138+0000] {taskinstance.py:3900} INFO - 0 downstream tasks scheduled from follow-on schedule check
[2024-10-01T08:52:52.153+0000] {local_task_job_runner.py:245} INFO - ::endgroup::
