[2024-10-01T08:52:59.091+0000] {local_task_job_runner.py:123} INFO - ::group::Pre task execution logs
[2024-10-01T08:52:59.192+0000] {taskinstance.py:2612} INFO - Dependencies all met for dep_context=non-requeueable deps ti=<TaskInstance: trigger_dag.trigger_dag scheduled__2024-09-14T00:00:00+00:00 [queued]>
[2024-10-01T08:52:59.206+0000] {taskinstance.py:2612} INFO - Dependencies all met for dep_context=requeueable deps ti=<TaskInstance: trigger_dag.trigger_dag scheduled__2024-09-14T00:00:00+00:00 [queued]>
[2024-10-01T08:52:59.210+0000] {taskinstance.py:2865} INFO - Starting attempt 1 of 1
[2024-10-01T08:52:59.258+0000] {taskinstance.py:2888} INFO - Executing <Task(TriggerDagRunOperator): trigger_dag> on 2024-09-14 00:00:00+00:00
[2024-10-01T08:52:59.505+0000] {standard_task_runner.py:104} INFO - Running: ['airflow', 'tasks', 'run', 'trigger_dag', 'trigger_dag', 'scheduled__2024-09-14T00:00:00+00:00', '--job-id', '145', '--raw', '--subdir', 'DAGS_FOLDER/trigger_dag.py', '--cfg-path', '/tmp/tmprbuj84m2']
[2024-10-01T08:52:59.509+0000] {standard_task_runner.py:105} INFO - Job 145: Subtask trigger_dag
[2024-10-01T08:52:59.511+0000] {warnings.py:112} WARNING - /home/airflow/.local/lib/python3.12/site-packages/airflow/task/task_runner/standard_task_runner.py:70: DeprecationWarning: This process (pid=1401) is multi-threaded, use of fork() may lead to deadlocks in the child.
  pid = os.fork()

[2024-10-01T08:52:59.513+0000] {standard_task_runner.py:72} INFO - Started process 1444 to run task
[2024-10-01T08:53:00.044+0000] {task_command.py:467} INFO - Running <TaskInstance: trigger_dag.trigger_dag scheduled__2024-09-14T00:00:00+00:00 [running]> on host 7a112cbb4731
[2024-10-01T08:53:00.627+0000] {taskinstance.py:3131} INFO - Exporting env vars: AIRFLOW_CTX_DAG_OWNER='airflow' AIRFLOW_CTX_DAG_ID='trigger_dag' AIRFLOW_CTX_TASK_ID='trigger_dag' AIRFLOW_CTX_EXECUTION_DATE='2024-09-14T00:00:00+00:00' AIRFLOW_CTX_TRY_NUMBER='1' AIRFLOW_CTX_DAG_RUN_ID='scheduled__2024-09-14T00:00:00+00:00'
[2024-10-01T08:53:00.640+0000] {logging_mixin.py:190} INFO - Task instance is in running state
[2024-10-01T08:53:00.650+0000] {logging_mixin.py:190} INFO -  Previous state of the Task instance: queued
[2024-10-01T08:53:00.669+0000] {logging_mixin.py:190} INFO - Current task name:trigger_dag state:running start_date:2024-10-01 08:52:59.195198+00:00
[2024-10-01T08:53:00.673+0000] {logging_mixin.py:190} INFO - Dag name:trigger_dag and current dag run status:running
[2024-10-01T08:53:00.675+0000] {taskinstance.py:731} INFO - ::endgroup::
[2024-10-01T08:53:02.025+0000] {taskinstance.py:340} INFO - ::group::Post task execution logs
[2024-10-01T08:53:02.080+0000] {taskinstance.py:352} INFO - Marking task as SUCCESS. dag_id=trigger_dag, task_id=trigger_dag, run_id=scheduled__2024-09-14T00:00:00+00:00, execution_date=20240914T000000, start_date=20241001T085259, end_date=20241001T085302
[2024-10-01T08:53:02.288+0000] {logging_mixin.py:190} INFO - Task instance in success state
[2024-10-01T08:53:02.292+0000] {logging_mixin.py:190} INFO -  Previous state of the Task instance: running
[2024-10-01T08:53:02.294+0000] {logging_mixin.py:190} INFO - Dag name:trigger_dag queued_at:2024-10-01 08:52:49.124291+00:00
[2024-10-01T08:53:02.299+0000] {logging_mixin.py:190} INFO - Task hostname:7a112cbb4731 operator:TriggerDagRunOperator
[2024-10-01T08:53:02.419+0000] {local_task_job_runner.py:266} INFO - Task exited with return code 0
[2024-10-01T08:53:02.894+0000] {taskinstance.py:3900} INFO - 0 downstream tasks scheduled from follow-on schedule check
[2024-10-01T08:53:02.927+0000] {local_task_job_runner.py:245} INFO - ::endgroup::
