[2024-10-01T09:02:06.274+0000] {local_task_job_runner.py:123} INFO - ::group::Pre task execution logs
[2024-10-01T09:02:06.469+0000] {taskinstance.py:2612} INFO - Dependencies all met for dep_context=non-requeueable deps ti=<TaskInstance: trigger_dag.remove_file manual__2024-10-01T09:02:01.591617+00:00 [queued]>
[2024-10-01T09:02:06.491+0000] {taskinstance.py:2612} INFO - Dependencies all met for dep_context=requeueable deps ti=<TaskInstance: trigger_dag.remove_file manual__2024-10-01T09:02:01.591617+00:00 [queued]>
[2024-10-01T09:02:06.492+0000] {taskinstance.py:2865} INFO - Starting attempt 1 of 1
[2024-10-01T09:02:06.516+0000] {taskinstance.py:2888} INFO - Executing <Task(BashOperator): remove_file> on 2024-10-01 09:02:01.591617+00:00
[2024-10-01T09:02:06.538+0000] {warnings.py:112} WARNING - /home/airflow/.local/lib/python3.12/site-packages/airflow/task/task_runner/standard_task_runner.py:70: DeprecationWarning: This process (pid=1815) is multi-threaded, use of fork() may lead to deadlocks in the child.
  pid = os.fork()

[2024-10-01T09:02:06.540+0000] {standard_task_runner.py:104} INFO - Running: ['airflow', 'tasks', 'run', 'trigger_dag', 'remove_file', 'manual__2024-10-01T09:02:01.591617+00:00', '--job-id', '211', '--raw', '--subdir', 'DAGS_FOLDER/trigger_dag.py', '--cfg-path', '/tmp/tmp3g_1wk09']
[2024-10-01T09:02:06.542+0000] {standard_task_runner.py:105} INFO - Job 211: Subtask remove_file
[2024-10-01T09:02:06.541+0000] {standard_task_runner.py:72} INFO - Started process 1825 to run task
[2024-10-01T09:02:06.661+0000] {task_command.py:467} INFO - Running <TaskInstance: trigger_dag.remove_file manual__2024-10-01T09:02:01.591617+00:00 [running]> on host 7a112cbb4731
[2024-10-01T09:02:06.827+0000] {taskinstance.py:3131} INFO - Exporting env vars: AIRFLOW_CTX_DAG_OWNER='airflow' AIRFLOW_CTX_DAG_ID='trigger_dag' AIRFLOW_CTX_TASK_ID='remove_file' AIRFLOW_CTX_EXECUTION_DATE='2024-10-01T09:02:01.591617+00:00' AIRFLOW_CTX_TRY_NUMBER='1' AIRFLOW_CTX_DAG_RUN_ID='manual__2024-10-01T09:02:01.591617+00:00'
[2024-10-01T09:02:06.831+0000] {logging_mixin.py:190} INFO - Task instance is in running state
[2024-10-01T09:02:06.832+0000] {logging_mixin.py:190} INFO -  Previous state of the Task instance: queued
[2024-10-01T09:02:06.833+0000] {logging_mixin.py:190} INFO - Current task name:remove_file state:running start_date:2024-10-01 09:02:06.478259+00:00
[2024-10-01T09:02:06.833+0000] {logging_mixin.py:190} INFO - Dag name:trigger_dag and current dag run status:running
[2024-10-01T09:02:06.834+0000] {taskinstance.py:731} INFO - ::endgroup::
[2024-10-01T09:02:06.835+0000] {subprocess.py:63} INFO - Tmp dir root location: /tmp
[2024-10-01T09:02:06.835+0000] {subprocess.py:75} INFO - Running command: ['/usr/bin/bash', '-c', 'rm /opt/airflow/data/run']
[2024-10-01T09:02:06.844+0000] {subprocess.py:86} INFO - Output:
[2024-10-01T09:02:06.847+0000] {subprocess.py:97} INFO - Command exited with return code 0
[2024-10-01T09:02:06.882+0000] {taskinstance.py:340} INFO - ::group::Post task execution logs
[2024-10-01T09:02:06.883+0000] {taskinstance.py:352} INFO - Marking task as SUCCESS. dag_id=trigger_dag, task_id=remove_file, run_id=manual__2024-10-01T09:02:01.591617+00:00, execution_date=20241001T090201, start_date=20241001T090206, end_date=20241001T090206
[2024-10-01T09:02:06.901+0000] {logging_mixin.py:190} INFO - Task instance in success state
[2024-10-01T09:02:06.902+0000] {logging_mixin.py:190} INFO -  Previous state of the Task instance: running
[2024-10-01T09:02:06.902+0000] {logging_mixin.py:190} INFO - Dag name:trigger_dag queued_at:2024-10-01 09:02:01.610238+00:00
[2024-10-01T09:02:06.902+0000] {logging_mixin.py:190} INFO - Task hostname:7a112cbb4731 operator:BashOperator
[2024-10-01T09:02:06.935+0000] {local_task_job_runner.py:266} INFO - Task exited with return code 0
[2024-10-01T09:02:06.954+0000] {taskinstance.py:3900} INFO - 0 downstream tasks scheduled from follow-on schedule check
[2024-10-01T09:02:06.955+0000] {local_task_job_runner.py:245} INFO - ::endgroup::
