[2024-10-01T08:53:15.138+0000] {local_task_job_runner.py:123} INFO - ::group::Pre task execution logs
[2024-10-01T08:53:15.235+0000] {taskinstance.py:2612} INFO - Dependencies all met for dep_context=non-requeueable deps ti=<TaskInstance: dag_id_1.get_current_user manual__2024-10-01T08:53:00.678798+00:00 [queued]>
[2024-10-01T08:53:15.248+0000] {taskinstance.py:2612} INFO - Dependencies all met for dep_context=requeueable deps ti=<TaskInstance: dag_id_1.get_current_user manual__2024-10-01T08:53:00.678798+00:00 [queued]>
[2024-10-01T08:53:15.249+0000] {taskinstance.py:2865} INFO - Starting attempt 1 of 1
[2024-10-01T08:53:15.293+0000] {taskinstance.py:2888} INFO - Executing <Task(BashOperator): get_current_user> on 2024-10-01 08:53:00.678798+00:00
[2024-10-01T08:53:15.300+0000] {warnings.py:112} WARNING - /home/airflow/.local/lib/python3.12/site-packages/airflow/task/task_runner/standard_task_runner.py:70: DeprecationWarning: This process (pid=1533) is multi-threaded, use of fork() may lead to deadlocks in the child.
  pid = os.fork()

[2024-10-01T08:53:15.302+0000] {standard_task_runner.py:72} INFO - Started process 1565 to run task
[2024-10-01T08:53:15.304+0000] {standard_task_runner.py:104} INFO - Running: ['airflow', 'tasks', 'run', 'dag_id_1', 'get_current_user', 'manual__2024-10-01T08:53:00.678798+00:00', '--job-id', '173', '--raw', '--subdir', 'DAGS_FOLDER/dag_id_1.py', '--cfg-path', '/tmp/tmp4q864yz4']
[2024-10-01T08:53:15.305+0000] {standard_task_runner.py:105} INFO - Job 173: Subtask get_current_user
[2024-10-01T08:53:15.496+0000] {task_command.py:467} INFO - Running <TaskInstance: dag_id_1.get_current_user manual__2024-10-01T08:53:00.678798+00:00 [running]> on host 7a112cbb4731
[2024-10-01T08:53:15.749+0000] {taskinstance.py:3131} INFO - Exporting env vars: AIRFLOW_CTX_DAG_OWNER='airflow' AIRFLOW_CTX_DAG_ID='dag_id_1' AIRFLOW_CTX_TASK_ID='get_current_user' AIRFLOW_CTX_EXECUTION_DATE='2024-10-01T08:53:00.678798+00:00' AIRFLOW_CTX_TRY_NUMBER='1' AIRFLOW_CTX_DAG_RUN_ID='manual__2024-10-01T08:53:00.678798+00:00'
[2024-10-01T08:53:15.752+0000] {logging_mixin.py:190} INFO - Task instance is in running state
[2024-10-01T08:53:15.754+0000] {logging_mixin.py:190} INFO -  Previous state of the Task instance: queued
[2024-10-01T08:53:15.756+0000] {logging_mixin.py:190} INFO - Current task name:get_current_user state:running start_date:2024-10-01 08:53:15.236378+00:00
[2024-10-01T08:53:15.756+0000] {logging_mixin.py:190} INFO - Dag name:dag_id_1 and current dag run status:running
[2024-10-01T08:53:15.757+0000] {taskinstance.py:731} INFO - ::endgroup::
[2024-10-01T08:53:15.758+0000] {subprocess.py:63} INFO - Tmp dir root location: /tmp
[2024-10-01T08:53:15.762+0000] {subprocess.py:75} INFO - Running command: ['/usr/bin/bash', '-c', 'whoami']
[2024-10-01T08:53:15.773+0000] {subprocess.py:86} INFO - Output:
[2024-10-01T08:53:15.775+0000] {subprocess.py:93} INFO - default
[2024-10-01T08:53:15.776+0000] {subprocess.py:97} INFO - Command exited with return code 0
[2024-10-01T08:53:15.865+0000] {taskinstance.py:340} INFO - ::group::Post task execution logs
[2024-10-01T08:53:15.866+0000] {taskinstance.py:352} INFO - Marking task as SUCCESS. dag_id=dag_id_1, task_id=get_current_user, run_id=manual__2024-10-01T08:53:00.678798+00:00, execution_date=20241001T085300, start_date=20241001T085315, end_date=20241001T085315
[2024-10-01T08:53:15.907+0000] {logging_mixin.py:190} INFO - Task instance in success state
[2024-10-01T08:53:15.909+0000] {logging_mixin.py:190} INFO -  Previous state of the Task instance: running
[2024-10-01T08:53:15.914+0000] {logging_mixin.py:190} INFO - Dag name:dag_id_1 queued_at:2024-10-01 08:53:01.039066+00:00
[2024-10-01T08:53:15.917+0000] {logging_mixin.py:190} INFO - Task hostname:7a112cbb4731 operator:BashOperator
[2024-10-01T08:53:15.954+0000] {local_task_job_runner.py:266} INFO - Task exited with return code 0
[2024-10-01T08:53:16.003+0000] {taskinstance.py:3900} INFO - 1 downstream tasks scheduled from follow-on schedule check
[2024-10-01T08:53:16.009+0000] {local_task_job_runner.py:245} INFO - ::endgroup::
