[2024-10-01T08:53:13.404+0000] {local_task_job_runner.py:123} INFO - ::group::Pre task execution logs
[2024-10-01T08:53:13.489+0000] {taskinstance.py:2612} INFO - Dependencies all met for dep_context=non-requeueable deps ti=<TaskInstance: dag_id_1.branch_condition manual__2024-10-01T08:52:46.413210+00:00 [queued]>
[2024-10-01T08:53:13.513+0000] {taskinstance.py:2612} INFO - Dependencies all met for dep_context=requeueable deps ti=<TaskInstance: dag_id_1.branch_condition manual__2024-10-01T08:52:46.413210+00:00 [queued]>
[2024-10-01T08:53:13.514+0000] {taskinstance.py:2865} INFO - Starting attempt 1 of 1
[2024-10-01T08:53:13.571+0000] {taskinstance.py:2888} INFO - Executing <Task(BranchPythonOperator): branch_condition> on 2024-10-01 08:52:46.413210+00:00
[2024-10-01T08:53:13.604+0000] {warnings.py:112} WARNING - /home/airflow/.local/lib/python3.12/site-packages/airflow/task/task_runner/standard_task_runner.py:70: DeprecationWarning: This process (pid=1509) is multi-threaded, use of fork() may lead to deadlocks in the child.
  pid = os.fork()

[2024-10-01T08:53:13.609+0000] {standard_task_runner.py:72} INFO - Started process 1545 to run task
[2024-10-01T08:53:13.610+0000] {standard_task_runner.py:104} INFO - Running: ['airflow', 'tasks', 'run', 'dag_id_1', 'branch_condition', 'manual__2024-10-01T08:52:46.413210+00:00', '--job-id', '171', '--raw', '--subdir', 'DAGS_FOLDER/dag_id_1.py', '--cfg-path', '/tmp/tmp3vq4weff']
[2024-10-01T08:53:13.615+0000] {standard_task_runner.py:105} INFO - Job 171: Subtask branch_condition
[2024-10-01T08:53:13.930+0000] {task_command.py:467} INFO - Running <TaskInstance: dag_id_1.branch_condition manual__2024-10-01T08:52:46.413210+00:00 [running]> on host 7a112cbb4731
[2024-10-01T08:53:14.352+0000] {taskinstance.py:3131} INFO - Exporting env vars: AIRFLOW_CTX_DAG_OWNER='airflow' AIRFLOW_CTX_DAG_ID='dag_id_1' AIRFLOW_CTX_TASK_ID='branch_condition' AIRFLOW_CTX_EXECUTION_DATE='2024-10-01T08:52:46.413210+00:00' AIRFLOW_CTX_TRY_NUMBER='1' AIRFLOW_CTX_DAG_RUN_ID='manual__2024-10-01T08:52:46.413210+00:00'
[2024-10-01T08:53:14.374+0000] {logging_mixin.py:190} INFO - Task instance is in running state
[2024-10-01T08:53:14.378+0000] {logging_mixin.py:190} INFO -  Previous state of the Task instance: queued
[2024-10-01T08:53:14.382+0000] {logging_mixin.py:190} INFO - Current task name:branch_condition state:running start_date:2024-10-01 08:53:13.491892+00:00
[2024-10-01T08:53:14.387+0000] {logging_mixin.py:190} INFO - Dag name:dag_id_1 and current dag run status:running
[2024-10-01T08:53:14.393+0000] {taskinstance.py:731} INFO - ::endgroup::
[2024-10-01T08:53:14.398+0000] {baseoperator.py:405} WARNING - BranchPythonOperator.execute cannot be called outside TaskInstance!
[2024-10-01T08:53:14.399+0000] {python.py:240} INFO - Done. Returned value was: insert_new_row
[2024-10-01T08:53:14.403+0000] {branch.py:38} INFO - Branch into insert_new_row
[2024-10-01T08:53:14.423+0000] {skipmixin.py:230} INFO - Following branch ('insert_new_row',)
[2024-10-01T08:53:14.522+0000] {skipmixin.py:278} INFO - Skipping tasks [('create_table', -1)]
[2024-10-01T08:53:14.709+0000] {taskinstance.py:340} INFO - ::group::Post task execution logs
[2024-10-01T08:53:14.710+0000] {taskinstance.py:352} INFO - Marking task as SUCCESS. dag_id=dag_id_1, task_id=branch_condition, run_id=manual__2024-10-01T08:52:46.413210+00:00, execution_date=20241001T085246, start_date=20241001T085313, end_date=20241001T085314
[2024-10-01T08:53:14.740+0000] {logging_mixin.py:190} INFO - Task instance in success state
[2024-10-01T08:53:14.743+0000] {logging_mixin.py:190} INFO -  Previous state of the Task instance: running
[2024-10-01T08:53:14.744+0000] {logging_mixin.py:190} INFO - Dag name:dag_id_1 queued_at:2024-10-01 08:52:46.531565+00:00
[2024-10-01T08:53:14.746+0000] {logging_mixin.py:190} INFO - Task hostname:7a112cbb4731 operator:BranchPythonOperator
[2024-10-01T08:53:14.780+0000] {local_task_job_runner.py:266} INFO - Task exited with return code 0
[2024-10-01T08:53:14.924+0000] {taskinstance.py:3900} INFO - 0 downstream tasks scheduled from follow-on schedule check
[2024-10-01T08:53:14.946+0000] {local_task_job_runner.py:245} INFO - ::endgroup::
