[2024-10-01T08:52:53.805+0000] {local_task_job_runner.py:123} INFO - ::group::Pre task execution logs
[2024-10-01T08:52:53.906+0000] {taskinstance.py:2612} INFO - Dependencies all met for dep_context=non-requeueable deps ti=<TaskInstance: trigger_dag.trigger_dag scheduled__2024-09-11T00:00:00+00:00 [queued]>
[2024-10-01T08:52:53.920+0000] {taskinstance.py:2612} INFO - Dependencies all met for dep_context=requeueable deps ti=<TaskInstance: trigger_dag.trigger_dag scheduled__2024-09-11T00:00:00+00:00 [queued]>
[2024-10-01T08:52:53.922+0000] {taskinstance.py:2865} INFO - Starting attempt 1 of 1
[2024-10-01T08:52:54.002+0000] {taskinstance.py:2888} INFO - Executing <Task(TriggerDagRunOperator): trigger_dag> on 2024-09-11 00:00:00+00:00
[2024-10-01T08:52:54.015+0000] {warnings.py:112} WARNING - /home/airflow/.local/lib/python3.12/site-packages/airflow/task/task_runner/standard_task_runner.py:70: DeprecationWarning: This process (pid=1347) is multi-threaded, use of fork() may lead to deadlocks in the child.
  pid = os.fork()

[2024-10-01T08:52:54.019+0000] {standard_task_runner.py:72} INFO - Started process 1392 to run task
[2024-10-01T08:52:54.024+0000] {standard_task_runner.py:104} INFO - Running: ['airflow', 'tasks', 'run', 'trigger_dag', 'trigger_dag', 'scheduled__2024-09-11T00:00:00+00:00', '--job-id', '133', '--raw', '--subdir', 'DAGS_FOLDER/trigger_dag.py', '--cfg-path', '/tmp/tmp_m9kidkt']
[2024-10-01T08:52:54.029+0000] {standard_task_runner.py:105} INFO - Job 133: Subtask trigger_dag
[2024-10-01T08:52:54.681+0000] {task_command.py:467} INFO - Running <TaskInstance: trigger_dag.trigger_dag scheduled__2024-09-11T00:00:00+00:00 [running]> on host 7a112cbb4731
[2024-10-01T08:52:55.786+0000] {taskinstance.py:3131} INFO - Exporting env vars: AIRFLOW_CTX_DAG_OWNER='airflow' AIRFLOW_CTX_DAG_ID='trigger_dag' AIRFLOW_CTX_TASK_ID='trigger_dag' AIRFLOW_CTX_EXECUTION_DATE='2024-09-11T00:00:00+00:00' AIRFLOW_CTX_TRY_NUMBER='1' AIRFLOW_CTX_DAG_RUN_ID='scheduled__2024-09-11T00:00:00+00:00'
[2024-10-01T08:52:55.809+0000] {logging_mixin.py:190} INFO - Task instance is in running state
[2024-10-01T08:52:55.820+0000] {logging_mixin.py:190} INFO -  Previous state of the Task instance: queued
[2024-10-01T08:52:55.823+0000] {logging_mixin.py:190} INFO - Current task name:trigger_dag state:running start_date:2024-10-01 08:52:53.908723+00:00
[2024-10-01T08:52:55.826+0000] {logging_mixin.py:190} INFO - Dag name:trigger_dag and current dag run status:running
[2024-10-01T08:52:55.846+0000] {taskinstance.py:731} INFO - ::endgroup::
[2024-10-01T08:52:56.953+0000] {taskinstance.py:340} INFO - ::group::Post task execution logs
[2024-10-01T08:52:56.974+0000] {taskinstance.py:352} INFO - Marking task as SUCCESS. dag_id=trigger_dag, task_id=trigger_dag, run_id=scheduled__2024-09-11T00:00:00+00:00, execution_date=20240911T000000, start_date=20241001T085253, end_date=20241001T085256
[2024-10-01T08:52:57.083+0000] {logging_mixin.py:190} INFO - Task instance in success state
[2024-10-01T08:52:57.084+0000] {logging_mixin.py:190} INFO -  Previous state of the Task instance: running
[2024-10-01T08:52:57.086+0000] {logging_mixin.py:190} INFO - Dag name:trigger_dag queued_at:2024-10-01 08:52:46.216521+00:00
[2024-10-01T08:52:57.088+0000] {logging_mixin.py:190} INFO - Task hostname:7a112cbb4731 operator:TriggerDagRunOperator
[2024-10-01T08:52:57.175+0000] {local_task_job_runner.py:266} INFO - Task exited with return code 0
[2024-10-01T08:52:57.344+0000] {local_task_job_runner.py:245} INFO - ::endgroup::
