[2024-10-04T09:46:57.545+0000] {local_task_job_runner.py:123} INFO - ::group::Pre task execution logs
[2024-10-04T09:46:57.569+0000] {taskinstance.py:2612} INFO - Dependencies all met for dep_context=non-requeueable deps ti=<TaskInstance: dag_id_1.log_database_connection scheduled__2024-10-01T00:00:00+00:00 [queued]>
[2024-10-04T09:46:57.575+0000] {taskinstance.py:2612} INFO - Dependencies all met for dep_context=requeueable deps ti=<TaskInstance: dag_id_1.log_database_connection scheduled__2024-10-01T00:00:00+00:00 [queued]>
[2024-10-04T09:46:57.576+0000] {taskinstance.py:2865} INFO - Starting attempt 1 of 1
[2024-10-04T09:46:57.586+0000] {taskinstance.py:2888} INFO - Executing <Task(PythonOperator): log_database_connection> on 2024-10-01 00:00:00+00:00
[2024-10-04T09:46:57.592+0000] {standard_task_runner.py:104} INFO - Running: ['airflow', 'tasks', 'run', 'dag_id_1', 'log_database_connection', 'scheduled__2024-10-01T00:00:00+00:00', '--job-id', '225', '--raw', '--subdir', 'DAGS_FOLDER/dag_id_1.py', '--cfg-path', '/tmp/tmput8nwkoo']
[2024-10-04T09:46:57.593+0000] {standard_task_runner.py:105} INFO - Job 225: Subtask log_database_connection
[2024-10-04T09:46:57.591+0000] {warnings.py:112} WARNING - /home/airflow/.local/lib/python3.12/site-packages/airflow/task/task_runner/standard_task_runner.py:70: DeprecationWarning: This process (pid=58) is multi-threaded, use of fork() may lead to deadlocks in the child.
  pid = os.fork()

[2024-10-04T09:46:57.595+0000] {standard_task_runner.py:72} INFO - Started process 64 to run task
[2024-10-04T09:46:57.658+0000] {task_command.py:467} INFO - Running <TaskInstance: dag_id_1.log_database_connection scheduled__2024-10-01T00:00:00+00:00 [running]> on host 182a665cfaf5
[2024-10-04T09:46:57.733+0000] {taskinstance.py:3131} INFO - Exporting env vars: AIRFLOW_CTX_DAG_OWNER='airflow' AIRFLOW_CTX_DAG_ID='dag_id_1' AIRFLOW_CTX_TASK_ID='log_database_connection' AIRFLOW_CTX_EXECUTION_DATE='2024-10-01T00:00:00+00:00' AIRFLOW_CTX_TRY_NUMBER='1' AIRFLOW_CTX_DAG_RUN_ID='scheduled__2024-10-01T00:00:00+00:00'
[2024-10-04T09:46:57.734+0000] {logging_mixin.py:190} INFO - Task instance is in running state
[2024-10-04T09:46:57.735+0000] {logging_mixin.py:190} INFO -  Previous state of the Task instance: queued
[2024-10-04T09:46:57.735+0000] {logging_mixin.py:190} INFO - Current task name:log_database_connection state:running start_date:2024-10-04 09:46:57.569532+00:00
[2024-10-04T09:46:57.736+0000] {logging_mixin.py:190} INFO - Dag name:dag_id_1 and current dag run status:running
[2024-10-04T09:46:57.736+0000] {taskinstance.py:731} INFO - ::endgroup::
[2024-10-04T09:46:57.737+0000] {jobs_dag.py:28} INFO - dag_id_1 started processing tables in database: airflow
[2024-10-04T09:46:57.737+0000] {python.py:240} INFO - Done. Returned value was: None
[2024-10-04T09:46:57.751+0000] {taskinstance.py:340} INFO - ::group::Post task execution logs
[2024-10-04T09:46:57.751+0000] {taskinstance.py:352} INFO - Marking task as SUCCESS. dag_id=dag_id_1, task_id=log_database_connection, run_id=scheduled__2024-10-01T00:00:00+00:00, execution_date=20241001T000000, start_date=20241004T094657, end_date=20241004T094657
[2024-10-04T09:46:57.764+0000] {logging_mixin.py:190} INFO - Task instance in success state
[2024-10-04T09:46:57.766+0000] {logging_mixin.py:190} INFO -  Previous state of the Task instance: running
[2024-10-04T09:46:57.768+0000] {logging_mixin.py:190} INFO - Dag name:dag_id_1 queued_at:2024-10-04 09:46:53.999047+00:00
[2024-10-04T09:46:57.768+0000] {logging_mixin.py:190} INFO - Task hostname:182a665cfaf5 operator:PythonOperator
[2024-10-04T09:46:57.776+0000] {local_task_job_runner.py:266} INFO - Task exited with return code 0
[2024-10-04T09:46:57.799+0000] {taskinstance.py:3900} INFO - 1 downstream tasks scheduled from follow-on schedule check
[2024-10-04T09:46:57.800+0000] {local_task_job_runner.py:245} INFO - ::endgroup::
